{"numFailedTestSuites":0,"numFailedTests":0,"numPassedTestSuites":106,"numPassedTests":403,"numPendingTestSuites":0,"numPendingTests":0,"numRuntimeErrorTestSuites":0,"numTodoTests":0,"numTotalTestSuites":106,"numTotalTests":403,"openHandles":[],"snapshot":{"added":0,"didUpdate":true,"failure":false,"filesAdded":0,"filesRemoved":0,"filesRemovedList":[],"filesUnmatched":0,"filesUpdated":0,"matched":1,"total":1,"unchecked":0,"uncheckedKeysByFile":[],"unmatched":0,"updated":0},"startTime":1623842322799,"success":true,"testResults":[{"assertionResults":[{"ancestorTitles":["StripeCreditCard component"],"failureMessages":[],"fullName":"StripeCreditCard component renders StripeCreditCard correctly","location":null,"status":"passed","title":"renders StripeCreditCard correctly"},{"ancestorTitles":["StripeCreditCard component"],"failureMessages":[],"fullName":"StripeCreditCard component renders StripeCreditCard order prop succeded","location":null,"status":"passed","title":"renders StripeCreditCard order prop succeded"},{"ancestorTitles":["StripeCreditCard component"],"failureMessages":[],"fullName":"StripeCreditCard component calls handleChange","location":null,"status":"passed","title":"calls handleChange"},{"ancestorTitles":["StripeCreditCard component"],"failureMessages":[],"fullName":"StripeCreditCard component calls submit","location":null,"status":"passed","title":"calls submit"},{"ancestorTitles":["StripeCreditCard component"],"failureMessages":[],"fullName":"StripeCreditCard component calls submitStripePayment","location":null,"status":"passed","title":"calls submitStripePayment"},{"ancestorTitles":["StripeCreditCard component"],"failureMessages":[],"fullName":"StripeCreditCard component calls submitStripePayment","location":null,"status":"passed","title":"calls submitStripePayment"},{"ancestorTitles":["StripeCreditCard component"],"failureMessages":[],"fullName":"StripeCreditCard component calls updateState","location":null,"status":"passed","title":"calls updateState"}],"endTime":1623842360539,"message":"","name":"C:\\Projects\\toolkit\\src\\components\\stripe\\__tests__\\StripeCreditCard.test.js","startTime":1623842347097,"status":"passed","summary":""},{"assertionResults":[{"ancestorTitles":["ProjectDetailThumb component"],"failureMessages":[],"fullName":"ProjectDetailThumb component renders ProjectDetailThumb correctly","location":null,"status":"passed","title":"renders ProjectDetailThumb correctly"},{"ancestorTitles":["ProjectDetailThumb component"],"failureMessages":[],"fullName":"ProjectDetailThumb component should hide admin buttons","location":null,"status":"passed","title":"should hide admin buttons"},{"ancestorTitles":["ProjectDetailThumb component"],"failureMessages":[],"fullName":"ProjectDetailThumb component should show change status SelectField","location":null,"status":"passed","title":"should show change status SelectField"},{"ancestorTitles":["ProjectDetailThumb component"],"failureMessages":[],"fullName":"ProjectDetailThumb component should show request info button if status === IN_REVIEW","location":null,"status":"passed","title":"should show request info button if status === IN_REVIEW"},{"ancestorTitles":["ProjectDetailThumb component"],"failureMessages":[],"fullName":"ProjectDetailThumb component should not show request info button if status !== IN_REVIEW","location":null,"status":"passed","title":"should not show request info button if status !== IN_REVIEW"},{"ancestorTitles":["ProjectDetailThumb component"],"failureMessages":[],"fullName":"ProjectDetailThumb component should show 2 ods images","location":null,"status":"passed","title":"should show 2 ods images"},{"ancestorTitles":["ProjectDetailThumb component"],"failureMessages":[],"fullName":"ProjectDetailThumb component should render rating component if \"showReview\" is true","location":null,"status":"passed","title":"should render rating component if \"showReview\" is true"},{"ancestorTitles":["ProjectDetailThumb component"],"failureMessages":[],"fullName":"ProjectDetailThumb component should not render rating component if \"showReview\" is false","location":null,"status":"passed","title":"should not render rating component if \"showReview\" is false"}],"endTime":1623842363308,"message":"","name":"C:\\Projects\\toolkit\\src\\components\\projectDetailThumb\\__tests__\\ProjectDetailThumb.test.js","startTime":1623842347096,"status":"passed","summary":""},{"assertionResults":[{"ancestorTitles":[],"failureMessages":[],"fullName":"should exist title of auction","location":null,"status":"passed","title":"should exist title of auction"},{"ancestorTitles":[],"failureMessages":[],"fullName":"should exist section new bid and insert value equal or higher last bid and not open Modal","location":null,"status":"passed","title":"should exist section new bid and insert value equal or higher last bid and not open Modal"},{"ancestorTitles":[],"failureMessages":[],"fullName":"Insert value equal or higher last bid and open Modal","location":null,"status":"passed","title":"Insert value equal or higher last bid and open Modal"},{"ancestorTitles":[],"failureMessages":[],"fullName":"Insert value higher bid max interval ","location":null,"status":"passed","title":"Insert value higher bid max interval "},{"ancestorTitles":[],"failureMessages":[],"fullName":"simulate auction ended","location":null,"status":"passed","title":"simulate auction ended"},{"ancestorTitles":[],"failureMessages":[],"fullName":"should exist section supported with thumb and name","location":null,"status":"passed","title":"should exist section supported with thumb and name"},{"ancestorTitles":[],"failureMessages":[],"fullName":"should exist value last bid","location":null,"status":"passed","title":"should exist value last bid"}],"endTime":1623842368643,"message":"","name":"C:\\Projects\\toolkit\\src\\components\\auctionDetail\\__tests__\\AuctionDetailRigth.test.js","startTime":1623842347096,"status":"passed","summary":""},{"assertionResults":[{"ancestorTitles":[],"failureMessages":[],"fullName":"simulate bank account","location":null,"status":"passed","title":"simulate bank account"},{"ancestorTitles":[],"failureMessages":[],"fullName":"Verify fields Brasil bank account","location":null,"status":"passed","title":"Verify fields Brasil bank account"},{"ancestorTitles":[],"failureMessages":[],"fullName":"Verify fields National bank account","location":null,"status":"passed","title":"Verify fields National bank account"},{"ancestorTitles":[],"failureMessages":[],"fullName":"simulate add international bank account","location":null,"status":"passed","title":"simulate add international bank account"},{"ancestorTitles":[],"failureMessages":[],"fullName":"simulate add national bank account","location":null,"status":"passed","title":"simulate add national bank account"},{"ancestorTitles":[],"failureMessages":[],"fullName":"simulate add national bank account without data","location":null,"status":"passed","title":"simulate add national bank account without data"},{"ancestorTitles":[],"failureMessages":[],"fullName":"simulate delete international bank account show modal","location":null,"status":"passed","title":"simulate delete international bank account show modal"},{"ancestorTitles":[],"failureMessages":[],"fullName":"simulate delete natoinal bank account show modal","location":null,"status":"passed","title":"simulate delete natoinal bank account show modal"}],"endTime":1623842371915,"message":"","name":"C:\\Projects\\toolkit\\src\\components\\bankAccounts\\__tests__\\BankAccount.test.js","startTime":1623842368795,"status":"passed","summary":""},{"assertionResults":[{"ancestorTitles":["Reviews component"],"failureMessages":[],"fullName":"Reviews component renders Reviews correctly","location":null,"status":"passed","title":"renders Reviews correctly"},{"ancestorTitles":["Reviews component"],"failureMessages":[],"fullName":"Reviews component does not render average review box if there are no reviews","location":null,"status":"passed","title":"does not render average review box if there are no reviews"},{"ancestorTitles":["Reviews component"],"failureMessages":[],"fullName":"Reviews component renders edit review form if \"showEditReviewForm\" is true","location":null,"status":"passed","title":"renders edit review form if \"showEditReviewForm\" is true"},{"ancestorTitles":["Reviews component"],"failureMessages":[],"fullName":"Reviews component renders \"no reviews\" text if \"otherReviewsList\" is empty","location":null,"status":"passed","title":"renders \"no reviews\" text if \"otherReviewsList\" is empty"}],"endTime":1623842374031,"message":"","name":"C:\\Projects\\toolkit\\src\\components\\reviews\\__tests__\\Reviews.test.js","startTime":1623842372147,"status":"passed","summary":""},{"assertionResults":[{"ancestorTitles":[],"failureMessages":[],"fullName":"All validations pass","location":null,"status":"passed","title":"All validations pass"},{"ancestorTitles":[],"failureMessages":[],"fullName":"Youtube field error","location":null,"status":"passed","title":"Youtube field error"},{"ancestorTitles":[],"failureMessages":[],"fullName":"Date Start and Date limit field error","location":null,"status":"passed","title":"Date Start and Date limit field error"},{"ancestorTitles":[],"failureMessages":[],"fullName":"Date Start and Date limit field error","location":null,"status":"passed","title":"Date Start and Date limit field error"},{"ancestorTitles":[],"failureMessages":[],"fullName":"Private code empty field error","location":null,"status":"passed","title":"Private code empty field error"},{"ancestorTitles":[],"failureMessages":[],"fullName":"Private code field error","location":null,"status":"passed","title":"Private code field error"},{"ancestorTitles":[],"failureMessages":[],"fullName":"Private code field error","location":null,"status":"passed","title":"Private code field error"},{"ancestorTitles":[],"failureMessages":[],"fullName":"Without Projects field error","location":null,"status":"passed","title":"Without Projects field error"},{"ancestorTitles":[],"failureMessages":[],"fullName":"Show required fields","location":null,"status":"passed","title":"Show required fields"},{"ancestorTitles":[],"failureMessages":[],"fullName":"Show required field beneficiary","location":null,"status":"passed","title":"Show required field beneficiary"}],"endTime":1623842375666,"message":"","name":"C:\\Projects\\toolkit\\src\\components\\auctionAddForm\\__tests__\\validations.test.js","startTime":1623842363466,"status":"passed","summary":""},{"assertionResults":[{"ancestorTitles":[],"failureMessages":[],"fullName":"simulate add auction form","location":null,"status":"passed","title":"simulate add auction form"},{"ancestorTitles":[],"failureMessages":[],"fullName":"simulate edit auction form","location":null,"status":"passed","title":"simulate edit auction form"}],"endTime":1623842378484,"message":"","name":"C:\\Projects\\toolkit\\src\\components\\auctionAddForm\\__tests__\\AuctionAddForm.test.js","startTime":1623842360760,"status":"passed","summary":""},{"assertionResults":[{"ancestorTitles":["AuctionThumb"],"failureMessages":[],"fullName":"AuctionThumb renders without crashing","location":null,"status":"passed","title":"renders without crashing"},{"ancestorTitles":["AuctionThumb"],"failureMessages":[],"fullName":"AuctionThumb should exist background image","location":null,"status":"passed","title":"should exist background image"},{"ancestorTitles":["AuctionThumb"],"failureMessages":[],"fullName":"AuctionThumb should exist countdown","location":null,"status":"passed","title":"should exist countdown"},{"ancestorTitles":["AuctionThumb"],"failureMessages":[],"fullName":"AuctionThumb should appear title in english","location":null,"status":"passed","title":"should appear title in english"},{"ancestorTitles":["AuctionThumb"],"failureMessages":[],"fullName":"AuctionThumb should appear title in portuguese","location":null,"status":"passed","title":"should appear title in portuguese"},{"ancestorTitles":["AuctionThumb"],"failureMessages":[],"fullName":"AuctionThumb should last bid auction","location":null,"status":"passed","title":"should last bid auction"},{"ancestorTitles":["AuctionThumb"],"failureMessages":[],"fullName":"AuctionThumb should starting bid auction","location":null,"status":"passed","title":"should starting bid auction"},{"ancestorTitles":["AuctionThumb"],"failureMessages":[],"fullName":"AuctionThumb should raised auction","location":null,"status":"passed","title":"should raised auction"}],"endTime":1623842378911,"message":"","name":"C:\\Projects\\toolkit\\src\\components\\auctionThumb\\__tests__\\AuctionThumb.test.js","startTime":1623842374196,"status":"passed","summary":""},{"assertionResults":[{"ancestorTitles":["component DropZoneBox"],"failureMessages":[],"fullName":"component DropZoneBox renders component dropzone","location":null,"status":"passed","title":"renders component dropzone"},{"ancestorTitles":["useDropzone() hook","behavior"],"failureMessages":[],"fullName":"useDropzone() hook behavior renders the root and input nodes with the necessary props","location":null,"status":"passed","title":"renders the root and input nodes with the necessary props"},{"ancestorTitles":["useDropzone() hook","behavior"],"failureMessages":[],"fullName":"useDropzone() hook behavior sets {accept} prop on the <input>","location":null,"status":"passed","title":"sets {accept} prop on the <input>"},{"ancestorTitles":["useDropzone() hook","behavior"],"failureMessages":[],"fullName":"useDropzone() hook behavior updates {multiple} prop on the <input> when it changes","location":null,"status":"passed","title":"updates {multiple} prop on the <input> when it changes"},{"ancestorTitles":["useDropzone() hook"],"failureMessages":[],"fullName":"useDropzone() hook updates {multiple} prop on the <input> when it changes","location":null,"status":"passed","title":"updates {multiple} prop on the <input> when it changes"},{"ancestorTitles":["useDropzone() hook"],"failureMessages":[],"fullName":"useDropzone() hook terminates drags and drops on elements outside our dropzone","location":null,"status":"passed","title":"terminates drags and drops on elements outside our dropzone"},{"ancestorTitles":["useDropzone() hook"],"failureMessages":[],"fullName":"useDropzone() hook permits drags and drops on elements inside our dropzone","location":null,"status":"passed","title":"permits drags and drops on elements inside our dropzone"},{"ancestorTitles":["useDropzone() hook"],"failureMessages":[],"fullName":"useDropzone() hook should proxy the click event to the input","location":null,"status":"passed","title":"should proxy the click event to the input"},{"ancestorTitles":["useDropzone() hook"],"failureMessages":[],"fullName":"useDropzone() hook invokes callbacks for the appropriate events","location":null,"status":"passed","title":"invokes callbacks for the appropriate events"},{"ancestorTitles":["useDropzone() hook"],"failureMessages":[],"fullName":"useDropzone() hook filters files according to {maxSize}","location":null,"status":"passed","title":"filters files according to {maxSize}"},{"ancestorTitles":["useDropzone() hook"],"failureMessages":[],"fullName":"useDropzone() hook onDropRejected callback is invoked if some files are rejected","location":null,"status":"passed","title":"onDropRejected callback is invoked if some files are rejected"}],"endTime":1623842381089,"message":"","name":"C:\\Projects\\toolkit\\src\\elements\\dropZoneBox\\__test__\\DropZoneBox.test.js","startTime":1623842379107,"status":"passed","summary":""},{"assertionResults":[{"ancestorTitles":["RequestDetailThumb component"],"failureMessages":[],"fullName":"RequestDetailThumb component renders RequestDetailThumb correctly","location":null,"status":"passed","title":"renders RequestDetailThumb correctly"}],"endTime":1623842381314,"message":"","name":"C:\\Projects\\toolkit\\src\\components\\requestDetail\\requestDetailThumb\\__tests__\\RequestDetailThumb.test.js","startTime":1623842378812,"status":"passed","summary":""},{"assertionResults":[{"ancestorTitles":["TicketsForm component"],"failureMessages":[],"fullName":"TicketsForm component renders TicketsForm correctly","location":null,"status":"passed","title":"renders TicketsForm correctly"},{"ancestorTitles":["TicketsForm component"],"failureMessages":[],"fullName":"TicketsForm component renders with add Files Button","location":null,"status":"passed","title":"renders with add Files Button"},{"ancestorTitles":["TicketsForm component"],"failureMessages":[],"fullName":"TicketsForm component renders TicketsForm with uploadedFiles","location":null,"status":"passed","title":"renders TicketsForm with uploadedFiles"},{"ancestorTitles":["TicketsForm component"],"failureMessages":[],"fullName":"TicketsForm component renders TicketsForm with Features Options","location":null,"status":"passed","title":"renders TicketsForm with Features Options"},{"ancestorTitles":["TicketsForm component"],"failureMessages":[],"fullName":"TicketsForm component renders TicketsForm with Feature Auctions","location":null,"status":"passed","title":"renders TicketsForm with Feature Auctions"},{"ancestorTitles":["TicketsForm component"],"failureMessages":[],"fullName":"TicketsForm component renders TicketsForm with Feature Crowdfunding","location":null,"status":"passed","title":"renders TicketsForm with Feature Crowdfunding"},{"ancestorTitles":["TicketsForm component"],"failureMessages":[],"fullName":"TicketsForm component renders TicketsForm with assignedDefault","location":null,"status":"passed","title":"renders TicketsForm with assignedDefault"}],"endTime":1623842384788,"message":"","name":"C:\\Projects\\toolkit\\src\\components\\ticketsForm\\__tests__\\TicketsForm.test.js","startTime":1623842381462,"status":"passed","summary":""},{"assertionResults":[{"ancestorTitles":["Footer component"],"failureMessages":[],"fullName":"Footer component renders Footer correctly","location":null,"status":"passed","title":"renders Footer correctly"},{"ancestorTitles":["Footer component"],"failureMessages":[],"fullName":"Footer component renders Footer correctly with 3 items in Main Menu with lang PT","location":null,"status":"passed","title":"renders Footer correctly with 3 items in Main Menu with lang PT"},{"ancestorTitles":["Footer component"],"failureMessages":[],"fullName":"Footer component renders Footer correctly with 3 items in Main Menu with lang EN","location":null,"status":"passed","title":"renders Footer correctly with 3 items in Main Menu with lang EN"},{"ancestorTitles":["Footer component"],"failureMessages":[],"fullName":"Footer component renders Footer correctly with 4 items in Second Menu","location":null,"status":"passed","title":"renders Footer correctly with 4 items in Second Menu"},{"ancestorTitles":["Footer component"],"failureMessages":[],"fullName":"Footer component renders Footer correctly with 2 items in Bottom Menu","location":null,"status":"passed","title":"renders Footer correctly with 2 items in Bottom Menu"},{"ancestorTitles":["Footer component"],"failureMessages":[],"fullName":"Footer component renders Footer correctly with Social Icons","location":null,"status":"passed","title":"renders Footer correctly with Social Icons"},{"ancestorTitles":["Footer component"],"failureMessages":[],"fullName":"Footer component renders Footer correctly with showCurrency","location":null,"status":"passed","title":"renders Footer correctly with showCurrency"},{"ancestorTitles":["Footer component"],"failureMessages":[],"fullName":"Footer component renders Footer correctly with showCurrency","location":null,"status":"passed","title":"renders Footer correctly with showCurrency"}],"endTime":1623842385256,"message":"","name":"C:\\Projects\\toolkit\\src\\components\\footer\\__tests__\\Footer.test.js","startTime":1623842381290,"status":"passed","summary":""},{"assertionResults":[{"ancestorTitles":[],"failureMessages":[],"fullName":"renders NotificationsBell Business","location":null,"status":"passed","title":"renders NotificationsBell Business"},{"ancestorTitles":[],"failureMessages":[],"fullName":"renders NotificationsBell Community","location":null,"status":"passed","title":"renders NotificationsBell Community"},{"ancestorTitles":[],"failureMessages":[],"fullName":"renders NotificationsBell NoUnreadNotifications","location":null,"status":"passed","title":"renders NotificationsBell NoUnreadNotifications"}],"endTime":1623842387058,"message":"","name":"C:\\Projects\\toolkit\\src\\components\\noticationsBell\\__tests__\\NotificationsBell.test.js","startTime":1623842376030,"status":"passed","summary":""},{"assertionResults":[{"ancestorTitles":["CrowdfundingHeader"],"failureMessages":[],"fullName":"CrowdfundingHeader renders without crashing","location":null,"status":"passed","title":"renders without crashing"},{"ancestorTitles":["CrowdfundingHeader"],"failureMessages":[],"fullName":"CrowdfundingHeader should exist a title","location":null,"status":"passed","title":"should exist a title"},{"ancestorTitles":["CrowdfundingHeader"],"failureMessages":[],"fullName":"CrowdfundingHeader should exist a number of donations","location":null,"status":"passed","title":"should exist a number of donations"}],"endTime":1623842387862,"message":"","name":"C:\\Projects\\toolkit\\src\\components\\crowdfundingHeader\\__tests__\\CrowdfundingHeaderRigth.test.js","startTime":1623842385418,"status":"passed","summary":""},{"assertionResults":[{"ancestorTitles":[],"failureMessages":[],"fullName":"renders the correct elements in first load","location":null,"status":"passed","title":"renders the correct elements in first load"},{"ancestorTitles":[],"failureMessages":[],"fullName":"renders dropdown menu when button is clicked","location":null,"status":"passed","title":"renders dropdown menu when button is clicked"}],"endTime":1623842389036,"message":"","name":"C:\\Projects\\toolkit\\src\\components\\userMenu\\__tests__\\UserMenu.test.tsx","startTime":1623842385013,"status":"passed","summary":""},{"assertionResults":[{"ancestorTitles":["ProjectDetailInfo component"],"failureMessages":[],"fullName":"ProjectDetailInfo component renders ProjectDetailInfo correctly","location":null,"status":"passed","title":"renders ProjectDetailInfo correctly"},{"ancestorTitles":["ProjectDetailInfo component"],"failureMessages":[],"fullName":"ProjectDetailInfo component should show the correct amount of Question component","location":null,"status":"passed","title":"should show the correct amount of Question component"},{"ancestorTitles":["ProjectDetailInfo component"],"failureMessages":[],"fullName":"ProjectDetailInfo component should show private icon one time","location":null,"status":"passed","title":"should show private icon one time"},{"ancestorTitles":["ProjectDetailInfo component"],"failureMessages":[],"fullName":"ProjectDetailInfo component should show checkboxField if showRequestInfoView === true","location":null,"status":"passed","title":"should show checkboxField if showRequestInfoView === true"},{"ancestorTitles":["ProjectDetailInfo component"],"failureMessages":[],"fullName":"ProjectDetailInfo component should show TextareaField if question is selected","location":null,"status":"passed","title":"should show TextareaField if question is selected"}],"endTime":1623842390831,"message":"","name":"C:\\Projects\\toolkit\\src\\components\\projectDetailInfo\\__tests__\\ProjectDetailInfo.test.js","startTime":1623842387302,"status":"passed","summary":""},{"assertionResults":[{"ancestorTitles":["Header component"],"failureMessages":[],"fullName":"Header component renders Header correctly","location":null,"status":"passed","title":"renders Header correctly"},{"ancestorTitles":["Header component"],"failureMessages":[],"fullName":"Header component renders Header logged out user on eSolidar","location":null,"status":"passed","title":"renders Header logged out user on eSolidar"},{"ancestorTitles":["Header component"],"failureMessages":[],"fullName":"Header component renders Header logged company user on eSolidar","location":null,"status":"passed","title":"renders Header logged company user on eSolidar"},{"ancestorTitles":["Header component"],"failureMessages":[],"fullName":"Header component renders Header logged npo user on eSolidar","location":null,"status":"passed","title":"renders Header logged npo user on eSolidar"}],"endTime":1623842391750,"message":"","name":"C:\\Projects\\toolkit\\src\\components\\header\\__tests__\\Header.test.js","startTime":1623842389174,"status":"passed","summary":""},{"assertionResults":[{"ancestorTitles":[],"failureMessages":[],"fullName":"simulate private auction","location":null,"status":"passed","title":"simulate private auction"},{"ancestorTitles":[],"failureMessages":[],"fullName":"should exist auction support","location":null,"status":"passed","title":"should exist auction support"},{"ancestorTitles":[],"failureMessages":[],"fullName":"should exist countdown with time","location":null,"status":"passed","title":"should exist countdown with time"},{"ancestorTitles":[],"failureMessages":[],"fullName":"should exist slide image","location":null,"status":"passed","title":"should exist slide image"},{"ancestorTitles":[],"failureMessages":[],"fullName":"should open modal bid","location":null,"status":"passed","title":"should open modal bid"},{"ancestorTitles":[],"failureMessages":[],"fullName":"should render component AuctionDetail and verify checkboxs","location":null,"status":"passed","title":"should render component AuctionDetail and verify checkboxs"},{"ancestorTitles":[],"failureMessages":[],"fullName":"should exist buttons share social media","location":null,"status":"passed","title":"should exist buttons share social media"},{"ancestorTitles":[],"failureMessages":[],"fullName":"should exist description, shipping and payment","location":null,"status":"passed","title":"should exist description, shipping and payment"},{"ancestorTitles":[],"failureMessages":[],"fullName":"should exist comment box","location":null,"status":"passed","title":"should exist comment box"},{"ancestorTitles":[],"failureMessages":[],"fullName":"should exist 2 auction thumbs in auction list","location":null,"status":"passed","title":"should exist 2 auction thumbs in auction list"},{"ancestorTitles":[],"failureMessages":[],"fullName":"should exist one project thumb","location":null,"status":"passed","title":"should exist one project thumb"}],"endTime":1623842392444,"message":"","name":"C:\\Projects\\toolkit\\src\\components\\auctionDetail\\__tests__\\AuctionDetail.test.js","startTime":1623842347097,"status":"passed","summary":""},{"assertionResults":[{"ancestorTitles":["FeaturesMenu page"],"failureMessages":[],"fullName":"FeaturesMenu page renders the FeaturesMenu component","location":null,"status":"passed","title":"renders the FeaturesMenu component"},{"ancestorTitles":["FeaturesMenu page"],"failureMessages":[],"fullName":"FeaturesMenu page expect 4 items","location":null,"status":"passed","title":"expect 4 items"},{"ancestorTitles":["FeaturesMenu page"],"failureMessages":[],"fullName":"FeaturesMenu page expect 1 extra links","location":null,"status":"passed","title":"expect 1 extra links"}],"endTime":1623842392944,"message":"","name":"C:\\Projects\\toolkit\\src\\components\\featuresMenu\\__tests__\\FeaturesMenu.test.js","startTime":1623842392009,"status":"passed","summary":""},{"assertionResults":[{"ancestorTitles":[],"failureMessages":[],"fullName":"should exist value last bid","location":null,"status":"passed","title":"should exist value last bid"},{"ancestorTitles":[],"failureMessages":[],"fullName":"should exist section new bid and insert value equal or higher last bid","location":null,"status":"passed","title":"should exist section new bid and insert value equal or higher last bid"}],"endTime":1623842393096,"message":"","name":"C:\\Projects\\toolkit\\src\\components\\auctionDetail\\__tests__\\AuctionLastBid.test.js","startTime":1623842391183,"status":"passed","summary":""},{"assertionResults":[{"ancestorTitles":["FeaturesMenu page"],"failureMessages":[],"fullName":"FeaturesMenu page renders the FeaturesMenu component","location":null,"status":"passed","title":"renders the FeaturesMenu component"},{"ancestorTitles":["FeaturesMenu page"],"failureMessages":[],"fullName":"FeaturesMenu page expect return 30-11-2020 in ending date","location":null,"status":"passed","title":"expect return 30-11-2020 in ending date"},{"ancestorTitles":["FeaturesMenu page"],"failureMessages":[],"fullName":"FeaturesMenu page expect return running class","location":null,"status":"passed","title":"expect return running class"},{"ancestorTitles":["FeaturesMenu page"],"failureMessages":[],"fullName":"FeaturesMenu page expect return soon class","location":null,"status":"passed","title":"expect return soon class"},{"ancestorTitles":["FeaturesMenu page"],"failureMessages":[],"fullName":"FeaturesMenu page expect return ended class","location":null,"status":"passed","title":"expect return ended class"},{"ancestorTitles":["FeaturesMenu page"],"failureMessages":[],"fullName":"FeaturesMenu page expect return raised value 12.00€","location":null,"status":"passed","title":"expect return raised value 12.00€"}],"endTime":1623842394102,"message":"","name":"C:\\Projects\\toolkit\\src\\components\\crowdfundingThumb\\__tests__\\CrowdfundingThumb.test.js","startTime":1623842393094,"status":"passed","summary":""},{"assertionResults":[{"ancestorTitles":[],"failureMessages":[],"fullName":"renders ProgressBar default","location":null,"status":"passed","title":"renders ProgressBar default"},{"ancestorTitles":[],"failureMessages":[],"fullName":"renders ProgressBar Label","location":null,"status":"passed","title":"renders ProgressBar Label"},{"ancestorTitles":[],"failureMessages":[],"fullName":"renders ProgressBar Minimal","location":null,"status":"passed","title":"renders ProgressBar Minimal"},{"ancestorTitles":[],"failureMessages":[],"fullName":"renders ProgressBar Percent","location":null,"status":"passed","title":"renders ProgressBar Percent"}],"endTime":1623842394726,"message":"","name":"C:\\Projects\\toolkit\\src\\elements\\progressBar\\__tests__\\ProgressBar.test.tsx","startTime":1623842393219,"status":"passed","summary":""},{"assertionResults":[{"ancestorTitles":["Post component"],"failureMessages":[],"fullName":"Post component renders Post correctly","location":null,"status":"passed","title":"renders Post correctly"}],"endTime":1623842395531,"message":"","name":"C:\\Projects\\toolkit\\src\\components\\post\\__tests__\\Post.test.js","startTime":1623842392809,"status":"passed","summary":""},{"assertionResults":[{"ancestorTitles":["ProjectAddForm component"],"failureMessages":[],"fullName":"ProjectAddForm component renders ProjectAddForm correctly","location":null,"status":"passed","title":"renders ProjectAddForm correctly"},{"ancestorTitles":["ProjectAddForm component"],"failureMessages":[],"fullName":"ProjectAddForm component renders CheckboxField","location":null,"status":"passed","title":"renders CheckboxField"},{"ancestorTitles":["ProjectAddForm component"],"failureMessages":[],"fullName":"ProjectAddForm component renders CheckboxField","location":null,"status":"passed","title":"renders CheckboxField"}],"endTime":1623842395985,"message":"","name":"C:\\Projects\\toolkit\\src\\components\\projectAddForm\\__tests__\\projectAddForm.test.js","startTime":1623842394237,"status":"passed","summary":""},{"assertionResults":[{"ancestorTitles":[],"failureMessages":[],"fullName":"render elements correctly","location":null,"status":"passed","title":"render elements correctly"}],"endTime":1623842396344,"message":"","name":"C:\\Projects\\toolkit\\src\\components\\supportBox\\__tests__\\SupportBox.test.tsx","startTime":1623842394932,"status":"passed","summary":""},{"assertionResults":[{"ancestorTitles":[],"failureMessages":[],"fullName":"HtmlEditor contains mui class if prop is true","location":null,"status":"passed","title":"HtmlEditor contains mui class if prop is true"},{"ancestorTitles":[],"failureMessages":[],"fullName":"HtmlEditor contains error class if prop is true","location":null,"status":"passed","title":"HtmlEditor contains error class if prop is true"},{"ancestorTitles":[],"failureMessages":[],"fullName":"HtmlEditor contains columns button if prop is true","location":null,"status":"passed","title":"HtmlEditor contains columns button if prop is true"},{"ancestorTitles":[],"failureMessages":[],"fullName":"HtmlEditor contains helper text if prop is defined","location":null,"status":"passed","title":"HtmlEditor contains helper text if prop is defined"}],"endTime":1623842397098,"message":"","name":"C:\\Projects\\toolkit\\src\\components\\htmlEditor\\__tests__\\HtmlEditor.test.js","startTime":1623842388112,"status":"passed","summary":""},{"assertionResults":[{"ancestorTitles":["CrowdfundingItem component"],"failureMessages":[],"fullName":"CrowdfundingItem component renders CrowdfundingItem correctly","location":null,"status":"passed","title":"renders CrowdfundingItem correctly"},{"ancestorTitles":["CrowdfundingItem component"],"failureMessages":[],"fullName":"CrowdfundingItem component renders CrowdfundingItem correctly without institution","location":null,"status":"passed","title":"renders CrowdfundingItem correctly without institution"},{"ancestorTitles":["CrowdfundingItem component"],"failureMessages":[],"fullName":"CrowdfundingItem component render image from cdn","location":null,"status":"passed","title":"render image from cdn"},{"ancestorTitles":["CrowdfundingItem component"],"failureMessages":[],"fullName":"CrowdfundingItem component render image from aws","location":null,"status":"passed","title":"render image from aws"},{"ancestorTitles":["CrowdfundingItem component"],"failureMessages":[],"fullName":"CrowdfundingItem component render contribute value correctly","location":null,"status":"passed","title":"render contribute value correctly"},{"ancestorTitles":["CrowdfundingItem component"],"failureMessages":[],"fullName":"CrowdfundingItem component render message correctly","location":null,"status":"passed","title":"render message correctly"},{"ancestorTitles":["CrowdfundingItem component"],"failureMessages":[],"fullName":"CrowdfundingItem component render anonymous donation checked","location":null,"status":"passed","title":"render anonymous donation checked"}],"endTime":1623842398040,"message":"","name":"C:\\Projects\\toolkit\\src\\components\\checkout\\products\\__tests__\\CrowdfundingItem.test.js","startTime":1623842396505,"status":"passed","summary":""},{"assertionResults":[{"ancestorTitles":["ChangeProfileUserImage component"],"failureMessages":[],"fullName":"ChangeProfileUserImage component renders \"ChangeProfileUserImage\" correctly","location":null,"status":"passed","title":"renders \"ChangeProfileUserImage\" correctly"},{"ancestorTitles":["ChangeProfileUserImage component"],"failureMessages":[],"fullName":"ChangeProfileUserImage component should exist title","location":null,"status":"passed","title":"should exist title"},{"ancestorTitles":["ChangeProfileUserImage component"],"failureMessages":[],"fullName":"ChangeProfileUserImage component should exist image","location":null,"status":"passed","title":"should exist image"},{"ancestorTitles":["ChangeProfileUserImage component"],"failureMessages":[],"fullName":"ChangeProfileUserImage component should appear no image","location":null,"status":"passed","title":"should appear no image"},{"ancestorTitles":["ChangeProfileUserImage component"],"failureMessages":[],"fullName":"ChangeProfileUserImage component should exist button","location":null,"status":"passed","title":"should exist button"}],"endTime":1623842398201,"message":"","name":"C:\\Projects\\toolkit\\src\\components\\changeProfileUserImage\\__test__\\ChangeProfileUserImage.test.js","startTime":1623842396120,"status":"passed","summary":""},{"assertionResults":[{"ancestorTitles":["SliderImagesLightbox page"],"failureMessages":[],"fullName":"SliderImagesLightbox page renders SliderImagesLightbox correctly","location":null,"status":"passed","title":"renders SliderImagesLightbox correctly"},{"ancestorTitles":["SliderImagesLightbox page"],"failureMessages":[],"fullName":"SliderImagesLightbox page renders SliderImagesLightbox with video","location":null,"status":"passed","title":"renders SliderImagesLightbox with video"},{"ancestorTitles":["SliderImagesLightbox page"],"failureMessages":[],"fullName":"SliderImagesLightbox page renders SliderImagesLightbox with no video and one image","location":null,"status":"passed","title":"renders SliderImagesLightbox with no video and one image"},{"ancestorTitles":["SliderImagesLightbox page"],"failureMessages":[],"fullName":"SliderImagesLightbox page renders SliderImagesLightbox with one image","location":null,"status":"passed","title":"renders SliderImagesLightbox with one image"},{"ancestorTitles":["SliderImagesLightbox page"],"failureMessages":[],"fullName":"SliderImagesLightbox page renders SliderImagesLightbox with no images and no video","location":null,"status":"passed","title":"renders SliderImagesLightbox with no images and no video"}],"endTime":1623842399227,"message":"","name":"C:\\Projects\\toolkit\\src\\components\\sliderImagesLightbox\\__tests__\\SliderImagesLightbox.test.js","startTime":1623842397237,"status":"passed","summary":""},{"assertionResults":[{"ancestorTitles":["CreditCardList component"],"failureMessages":[],"fullName":"CreditCardList component renders CreditCardList correctly","location":null,"status":"passed","title":"renders CreditCardList correctly"},{"ancestorTitles":["CreditCardList component"],"failureMessages":[],"fullName":"CreditCardList component renders Dropdown correctly","location":null,"status":"passed","title":"renders Dropdown correctly"}],"endTime":1623842399914,"message":"","name":"C:\\Projects\\toolkit\\src\\components\\creditCardList\\__tests__\\CreditCardList.test.js","startTime":1623842398199,"status":"passed","summary":""},{"assertionResults":[{"ancestorTitles":[],"failureMessages":[],"fullName":"renders every elements of the component","location":null,"status":"passed","title":"renders every elements of the component"},{"ancestorTitles":[],"failureMessages":[],"fullName":"renders every tab text in the screen","location":null,"status":"passed","title":"renders every tab text in the screen"},{"ancestorTitles":[],"failureMessages":[],"fullName":"renders active tab on first load","location":null,"status":"passed","title":"renders active tab on first load"},{"ancestorTitles":[],"failureMessages":[],"fullName":"changes active tab on click","location":null,"status":"passed","title":"changes active tab on click"},{"ancestorTitles":[],"failureMessages":[],"fullName":"renders disabled tab","location":null,"status":"passed","title":"renders disabled tab"}],"endTime":1623842400682,"message":"","name":"C:\\Projects\\toolkit\\src\\elements\\tabs\\__tests__\\Tabs.test.js","startTime":1623842398404,"status":"passed","summary":""},{"assertionResults":[{"ancestorTitles":["ProjectThumb component"],"failureMessages":[],"fullName":"ProjectThumb component renders ProjectThumb correctly","location":null,"status":"passed","title":"renders ProjectThumb correctly"},{"ancestorTitles":["ProjectThumb component"],"failureMessages":[],"fullName":"ProjectThumb component renders ProjectThumb ods with 2 images","location":null,"status":"passed","title":"renders ProjectThumb ods with 2 images"},{"ancestorTitles":["ProjectThumb component"],"failureMessages":[],"fullName":"ProjectThumb component renders ProjectThumb ods with more images","location":null,"status":"passed","title":"renders ProjectThumb ods with more images"},{"ancestorTitles":["ProjectThumb component"],"failureMessages":[],"fullName":"ProjectThumb component renders ProjectThumb edit button with PENDING stuts","location":null,"status":"passed","title":"renders ProjectThumb edit button with PENDING stuts"}],"endTime":1623842401113,"message":"","name":"C:\\Projects\\toolkit\\src\\components\\projectThumb\\__tests__\\ProjectThumb.test.js","startTime":1623842400148,"status":"passed","summary":""},{"assertionResults":[{"ancestorTitles":["test utils functions"],"failureMessages":[],"fullName":"test utils functions should return getEmployeeName","location":null,"status":"passed","title":"should return getEmployeeName"},{"ancestorTitles":["test utils functions"],"failureMessages":[],"fullName":"test utils functions call addUrlParam to add url parameter","location":null,"status":"passed","title":"call addUrlParam to add url parameter"},{"ancestorTitles":["test utils functions"],"failureMessages":[],"fullName":"test utils functions call removeUrlParam to remove url parameter","location":null,"status":"passed","title":"call removeUrlParam to remove url parameter"},{"ancestorTitles":["test utils functions"],"failureMessages":[],"fullName":"test utils functions should return addUrlParam","location":null,"status":"passed","title":"should return addUrlParam"},{"ancestorTitles":["test utils functions"],"failureMessages":[],"fullName":"test utils functions should return array without duplicate keys","location":null,"status":"passed","title":"should return array without duplicate keys"},{"ancestorTitles":["test utils functions"],"failureMessages":[],"fullName":"test utils functions convertToMyCurrency should return value without my currency","location":null,"status":"passed","title":"convertToMyCurrency should return value without my currency"},{"ancestorTitles":["test utils functions"],"failureMessages":[],"fullName":"test utils functions convertToMyCurrency should return value with my currency","location":null,"status":"passed","title":"convertToMyCurrency should return value with my currency"},{"ancestorTitles":["test utils functions"],"failureMessages":[],"fullName":"test utils functions convertToMyCurrency should return value with my currency equal to localstorage","location":null,"status":"passed","title":"convertToMyCurrency should return value with my currency equal to localstorage"},{"ancestorTitles":["test utils functions"],"failureMessages":[],"fullName":"test utils functions getLocalStorageAuctionPrivateCode","location":null,"status":"passed","title":"getLocalStorageAuctionPrivateCode"},{"ancestorTitles":["test utils functions"],"failureMessages":[],"fullName":"test utils functions should return isCompanyAdmin","location":null,"status":"passed","title":"should return isCompanyAdmin"},{"ancestorTitles":["test utils functions"],"failureMessages":[],"fullName":"test utils functions should return if url is valid","location":null,"status":"passed","title":"should return if url is valid"},{"ancestorTitles":["test utils functions"],"failureMessages":[],"fullName":"test utils functions return object empty true or false","location":null,"status":"passed","title":"return object empty true or false"},{"ancestorTitles":["test utils functions"],"failureMessages":[],"fullName":"test utils functions should have class blink and then remove class blink","location":null,"status":"passed","title":"should have class blink and then remove class blink"},{"ancestorTitles":["test utils functions"],"failureMessages":[],"fullName":"test utils functions should return slugify url","location":null,"status":"passed","title":"should return slugify url"},{"ancestorTitles":["test utils functions"],"failureMessages":[],"fullName":"test utils functions should return slugify url with replace arg","location":null,"status":"passed","title":"should return slugify url with replace arg"},{"ancestorTitles":["test utils functions"],"failureMessages":[],"fullName":"test utils functions should return slugify url with replace arg \"x\"","location":null,"status":"passed","title":"should return slugify url with replace arg \"x\""},{"ancestorTitles":["test utils functions"],"failureMessages":[],"fullName":"test utils functions should return slugify url with correct casing","location":null,"status":"passed","title":"should return slugify url with correct casing"},{"ancestorTitles":["test utils functions"],"failureMessages":[],"fullName":"test utils functions should return url without params","location":null,"status":"passed","title":"should return url without params"},{"ancestorTitles":["test utils functions"],"failureMessages":[],"fullName":"test utils functions isObject function","location":null,"status":"passed","title":"isObject function"},{"ancestorTitles":["test utils functions"],"failureMessages":[],"fullName":"test utils functions isArray function","location":null,"status":"passed","title":"isArray function"},{"ancestorTitles":["test utils functions"],"failureMessages":[],"fullName":"test utils functions getLocalStorage function","location":null,"status":"passed","title":"getLocalStorage function"},{"ancestorTitles":["test utils functions"],"failureMessages":[],"fullName":"test utils functions removeAllButLast function","location":null,"status":"passed","title":"removeAllButLast function"},{"ancestorTitles":["test utils functions"],"failureMessages":[],"fullName":"test utils functions verify regex","location":null,"status":"passed","title":"verify regex"},{"ancestorTitles":["test utils functions"],"failureMessages":[],"fullName":"test utils functions convert to utc winter timezone","location":null,"status":"passed","title":"convert to utc winter timezone"},{"ancestorTitles":["test utils functions"],"failureMessages":[],"fullName":"test utils functions convert to utc summer timezone","location":null,"status":"passed","title":"convert to utc summer timezone"}],"endTime":1623842401501,"message":"","name":"C:\\Projects\\toolkit\\src\\utils\\__tests__\\index.test.js","startTime":1623842399419,"status":"passed","summary":""},{"assertionResults":[{"ancestorTitles":["GoogleMapsView component"],"failureMessages":[],"fullName":"GoogleMapsView component renders GoogleMapsView correctly","location":null,"status":"passed","title":"renders GoogleMapsView correctly"}],"endTime":1623842402081,"message":"","name":"C:\\Projects\\toolkit\\src\\components\\googleMapsView\\__tests__\\GoogleMapsView.test.js","startTime":1623842395684,"status":"passed","summary":""},{"assertionResults":[{"ancestorTitles":["InvoicingData component"],"failureMessages":[],"fullName":"InvoicingData component renders InvoicingData correctly","location":null,"status":"passed","title":"renders InvoicingData correctly"}],"endTime":1623842402486,"message":"","name":"C:\\Projects\\toolkit\\src\\components\\checkout\\invoicing\\__tests__\\InvoicingData.test.js","startTime":1623842401236,"status":"passed","summary":""},{"assertionResults":[{"ancestorTitles":["Step2 component"],"failureMessages":[],"fullName":"Step2 component renders Step2 correctly","location":null,"status":"passed","title":"renders Step2 correctly"},{"ancestorTitles":["Step2 component"],"failureMessages":[],"fullName":"Step2 component renders Step2 loading","location":null,"status":"passed","title":"renders Step2 loading"}],"endTime":1623842402962,"message":"","name":"C:\\Projects\\toolkit\\src\\components\\checkout\\step2\\__tests__\\Step2.test.js","startTime":1623842401703,"status":"passed","summary":""},{"assertionResults":[{"ancestorTitles":["InstitutionListSelect component"],"failureMessages":[],"fullName":"InstitutionListSelect component renders InstitutionListSelect correctly","location":null,"status":"passed","title":"renders InstitutionListSelect correctly"}],"endTime":1623842403620,"message":"","name":"C:\\Projects\\toolkit\\src\\components\\institutionListSelect\\__tests__\\InstitutionListSelect.test.js","startTime":1623842402604,"status":"passed","summary":""},{"assertionResults":[{"ancestorTitles":["Step1 component"],"failureMessages":[],"fullName":"Step1 component renders Step1 correctly","location":null,"status":"passed","title":"renders Step1 correctly"},{"ancestorTitles":["Step1 component"],"failureMessages":[],"fullName":"Step1 component renders Step1 cart empty","location":null,"status":"passed","title":"renders Step1 cart empty"}],"endTime":1623842403692,"message":"","name":"C:\\Projects\\toolkit\\src\\components\\checkout\\step1\\__tests__\\Step1.test.js","startTime":1623842402196,"status":"passed","summary":""},{"assertionResults":[{"ancestorTitles":["CrowdfundingDescription component"],"failureMessages":[],"fullName":"CrowdfundingDescription component renders CommentContent correctly","location":null,"status":"passed","title":"renders CommentContent correctly"},{"ancestorTitles":["CrowdfundingDescription component"],"failureMessages":[],"fullName":"CrowdfundingDescription component renders ods","location":null,"status":"passed","title":"renders ods"},{"ancestorTitles":["CrowdfundingDescription component"],"failureMessages":[],"fullName":"CrowdfundingDescription component renders headers","location":null,"status":"passed","title":"renders headers"},{"ancestorTitles":["CrowdfundingDescription component"],"failureMessages":[],"fullName":"CrowdfundingDescription component renders with no ods","location":null,"status":"passed","title":"renders with no ods"}],"endTime":1623842404523,"message":"","name":"C:\\Projects\\toolkit\\src\\components\\crowdfundingDescription\\__tests__\\CrowdfundingDescription.test.js","startTime":1623842403732,"status":"passed","summary":""},{"assertionResults":[{"ancestorTitles":["Survey component"],"failureMessages":[],"fullName":"Survey component renders Survey correctly","location":null,"status":"passed","title":"renders Survey correctly"}],"endTime":1623842404633,"message":"","name":"C:\\Projects\\toolkit\\src\\components\\survey\\__tests__\\Survey.test.js","startTime":1623842400831,"status":"passed","summary":""},{"assertionResults":[{"ancestorTitles":["ProjectDetail component"],"failureMessages":[],"fullName":"ProjectDetail component renders ProjectDetail correctly","location":null,"status":"passed","title":"renders ProjectDetail correctly"}],"endTime":1623842404724,"message":"","name":"C:\\Projects\\toolkit\\src\\components\\projectDetail\\__tests__\\ProjectDetail.test.js","startTime":1623842403091,"status":"passed","summary":""},{"assertionResults":[{"ancestorTitles":[],"failureMessages":[],"fullName":"should exist section supported with thumb, name, description and button","location":null,"status":"passed","title":"should exist section supported with thumb, name, description and button"}],"endTime":1623842405442,"message":"","name":"C:\\Projects\\toolkit\\src\\components\\auctionDetail\\__tests__\\AuctionSupport.test.js","startTime":1623842403847,"status":"passed","summary":""},{"assertionResults":[{"ancestorTitles":["TicketsComments component"],"failureMessages":[],"fullName":"TicketsComments component renders TicketsComments correctly","location":null,"status":"passed","title":"renders TicketsComments correctly"}],"endTime":1623842405851,"message":"","name":"C:\\Projects\\toolkit\\src\\components\\ticketsComments\\__tests__\\TicketsComments.test.js","startTime":1623842404953,"status":"passed","summary":""},{"assertionResults":[{"ancestorTitles":["Countdown"],"failureMessages":[],"fullName":"Countdown renders Countdown correctly","location":null,"status":"passed","title":"renders Countdown correctly"},{"ancestorTitles":["Countdown"],"failureMessages":[],"fullName":"Countdown calls componentWillUnmount","location":null,"status":"passed","title":"calls componentWillUnmount"},{"ancestorTitles":["Countdown"],"failureMessages":[],"fullName":"Countdown calls addLeadingZeros to add \"0\" if less than 10","location":null,"status":"passed","title":"calls addLeadingZeros to add \"0\" if less than 10"},{"ancestorTitles":["Test calculate countdown"],"failureMessages":[],"fullName":"Test calculate countdown calls calculateCountdown to ended","location":null,"status":"passed","title":"calls calculateCountdown to ended"},{"ancestorTitles":["Test calculate countdown"],"failureMessages":[],"fullName":"Test calculate countdown calls calculateCountdown to end in 1 minute","location":null,"status":"passed","title":"calls calculateCountdown to end in 1 minute"},{"ancestorTitles":["Test calculate countdown"],"failureMessages":[],"fullName":"Test calculate countdown calls calculateCountdown to end in 1 year","location":null,"status":"passed","title":"calls calculateCountdown to end in 1 year"}],"endTime":1623842406087,"message":"","name":"C:\\Projects\\toolkit\\src\\components\\countdown\\__tests__\\Countdown.test.js","startTime":1623842404634,"status":"passed","summary":""},{"assertionResults":[{"ancestorTitles":["CommentPost component"],"failureMessages":[],"fullName":"CommentPost component renders CommentPost correctly","location":null,"status":"passed","title":"renders CommentPost correctly"}],"endTime":1623842406739,"message":"","name":"C:\\Projects\\toolkit\\src\\components\\commentPost\\__tests__\\CommentPost.test.js","startTime":1623842405544,"status":"passed","summary":""},{"assertionResults":[{"ancestorTitles":["render TextFieldCurrency"],"failureMessages":[],"fullName":"render TextFieldCurrency component renders","location":null,"status":"passed","title":"component renders"},{"ancestorTitles":["render TextFieldCurrency"],"failureMessages":[],"fullName":"render TextFieldCurrency component verify states and return value EUR formatted","location":null,"status":"passed","title":"component verify states and return value EUR formatted"},{"ancestorTitles":["render TextFieldCurrency"],"failureMessages":[],"fullName":"render TextFieldCurrency component verify states and return value USD formatted","location":null,"status":"passed","title":"component verify states and return value USD formatted"}],"endTime":1623842406866,"message":"","name":"C:\\Projects\\toolkit\\src\\elements\\textFieldCurrency\\__tests__\\TextFieldCurrency.test.js","startTime":1623842406234,"status":"passed","summary":""},{"assertionResults":[{"ancestorTitles":[],"failureMessages":[],"fullName":"Error Boundary","location":null,"status":"passed","title":"Error Boundary"}],"endTime":1623842406924,"message":"","name":"C:\\Projects\\toolkit\\src\\components\\errorBoundary\\__tests__\\ErrorBoundary.test.js","startTime":1623842405950,"status":"passed","summary":""},{"assertionResults":[{"ancestorTitles":["AuctionsList component"],"failureMessages":[],"fullName":"AuctionsList component render AuctionsList correctly","location":null,"status":"passed","title":"render AuctionsList correctly"},{"ancestorTitles":["AuctionsList component"],"failureMessages":[],"fullName":"AuctionsList component exist title","location":null,"status":"passed","title":"exist title"},{"ancestorTitles":["AuctionsList component"],"failureMessages":[],"fullName":"AuctionsList component exist one auction thumb","location":null,"status":"passed","title":"exist one auction thumb"},{"ancestorTitles":["AuctionsList component"],"failureMessages":[],"fullName":"AuctionsList component exist button see all","location":null,"status":"passed","title":"exist button see all"}],"endTime":1623842407015,"message":"","name":"C:\\Projects\\toolkit\\src\\components\\auctionDetail\\auctionsList\\__tests__\\AuctionsList.test.js","startTime":1623842404821,"status":"passed","summary":""},{"assertionResults":[{"ancestorTitles":["NotificationsBell component"],"failureMessages":[],"fullName":"NotificationsBell component renders NotificationsBell correctly","location":null,"status":"passed","title":"renders NotificationsBell correctly"},{"ancestorTitles":["NotificationsBell component"],"failureMessages":[],"fullName":"NotificationsBell component should show one row","location":null,"status":"passed","title":"should show one row"},{"ancestorTitles":["NotificationsBell component"],"failureMessages":[],"fullName":"NotificationsBell component should show one undeaded","location":null,"status":"passed","title":"should show one undeaded"}],"endTime":1623842407654,"message":"","name":"C:\\Projects\\toolkit\\src\\components\\noticationsMobile\\__tests__\\NotificationsMobile.test.js","startTime":1623842407044,"status":"passed","summary":""},{"assertionResults":[{"ancestorTitles":["RequestDetailInfo component"],"failureMessages":[],"fullName":"RequestDetailInfo component renders RequestDetailInfo correctly","location":null,"status":"passed","title":"renders RequestDetailInfo correctly"}],"endTime":1623842407815,"message":"","name":"C:\\Projects\\toolkit\\src\\components\\requestDetail\\requestDetailInfo\\__tests__\\RequestDetailInfo.test.js","startTime":1623842407184,"status":"passed","summary":""},{"assertionResults":[{"ancestorTitles":[],"failureMessages":[],"fullName":"should render component ValidateTelephone and verify if exist input","location":null,"status":"passed","title":"should render component ValidateTelephone and verify if exist input"},{"ancestorTitles":[],"failureMessages":[],"fullName":"Should exist Validate button, insert phone number and appear box confirm code","location":null,"status":"passed","title":"Should exist Validate button, insert phone number and appear box confirm code"}],"endTime":1623842408275,"message":"","name":"C:\\Projects\\toolkit\\src\\components\\validateTelephone\\__tests__\\ValidateTelephone.test.js","startTime":1623842406981,"status":"passed","summary":""},{"assertionResults":[{"ancestorTitles":["FeaturesMenu page"],"failureMessages":[],"fullName":"FeaturesMenu page renders the FeaturesMenu component","location":null,"status":"passed","title":"renders the FeaturesMenu component"},{"ancestorTitles":["FeaturesMenu page"],"failureMessages":[],"fullName":"FeaturesMenu page expect return 30-04-2020 in ending date","location":null,"status":"passed","title":"expect return 30-04-2020 in ending date"},{"ancestorTitles":["FeaturesMenu page"],"failureMessages":[],"fullName":"FeaturesMenu page expect return running class","location":null,"status":"passed","title":"expect return running class"},{"ancestorTitles":["FeaturesMenu page"],"failureMessages":[],"fullName":"FeaturesMenu page expect return soon class","location":null,"status":"passed","title":"expect return soon class"},{"ancestorTitles":["FeaturesMenu page"],"failureMessages":[],"fullName":"FeaturesMenu page expect return ended class","location":null,"status":"passed","title":"expect return ended class"},{"ancestorTitles":["FeaturesMenu page"],"failureMessages":[],"fullName":"FeaturesMenu page expect return raised value 12.00€","location":null,"status":"passed","title":"expect return raised value 12.00€"}],"endTime":1623842408637,"message":"","name":"C:\\Projects\\toolkit\\src\\components\\crowdfundingPrivateThumb\\__tests__\\CrowdfundingPrivateThumb.test.js","startTime":1623842407782,"status":"passed","summary":""},{"assertionResults":[{"ancestorTitles":["TextFieldNumber component"],"failureMessages":[],"fullName":"TextFieldNumber component renders TextFieldNumber correctly","location":null,"status":"passed","title":"renders TextFieldNumber correctly"},{"ancestorTitles":["TextFieldNumber component"],"failureMessages":[],"fullName":"TextFieldNumber component renders TextFieldNumber with label and exist component NumberFormat","location":null,"status":"passed","title":"renders TextFieldNumber with label and exist component NumberFormat"}],"endTime":1623842409182,"message":"","name":"C:\\Projects\\toolkit\\src\\elements\\textFieldNumber\\__tests__\\TextFieldNumber.test.js","startTime":1623842408398,"status":"passed","summary":""},{"assertionResults":[{"ancestorTitles":[],"failureMessages":[],"fullName":"renders children button properly","location":null,"status":"passed","title":"renders children button properly"},{"ancestorTitles":[],"failureMessages":[],"fullName":"renders without children button properly","location":null,"status":"passed","title":"renders without children button properly"},{"ancestorTitles":[],"failureMessages":[],"fullName":"simulate click on button","location":null,"status":"passed","title":"simulate click on button"}],"endTime":1623842409242,"message":"","name":"C:\\Projects\\toolkit\\src\\elements\\confirmModal\\__tests__\\ConfirmModal.test.js","startTime":1623842407921,"status":"passed","summary":""},{"assertionResults":[{"ancestorTitles":["ReadMoreText component"],"failureMessages":[],"fullName":"ReadMoreText component renders ReadMoreText correctly","location":null,"status":"passed","title":"renders ReadMoreText correctly"}],"endTime":1623842409825,"message":"","name":"C:\\Projects\\toolkit\\src\\components\\readMoreText\\__tests__\\ReadMoreText.test.js","startTime":1623842409314,"status":"passed","summary":""},{"assertionResults":[{"ancestorTitles":["Documents component"],"failureMessages":[],"fullName":"Documents component renders Documents correctly","location":null,"status":"passed","title":"renders Documents correctly"}],"endTime":1623842409937,"message":"","name":"C:\\Projects\\toolkit\\src\\components\\documents\\__tests__\\Documents.test.js","startTime":1623842406850,"status":"passed","summary":""},{"assertionResults":[{"ancestorTitles":["Comments component"],"failureMessages":[],"fullName":"Comments component renders Comments correctly","location":null,"status":"passed","title":"renders Comments correctly"},{"ancestorTitles":["Comments component"],"failureMessages":[],"fullName":"Comments component show readmore comments button","location":null,"status":"passed","title":"show readmore comments button"},{"ancestorTitles":["Comments component"],"failureMessages":[],"fullName":"Comments component show CommentHeader","location":null,"status":"passed","title":"show CommentHeader"},{"ancestorTitles":["Comments component"],"failureMessages":[],"fullName":"Comments component show CommentContent","location":null,"status":"passed","title":"show CommentContent"}],"endTime":1623842410776,"message":"","name":"C:\\Projects\\toolkit\\src\\components\\comments\\__tests__\\Comments.test.js","startTime":1623842409366,"status":"passed","summary":""},{"assertionResults":[{"ancestorTitles":["CrowdfundingHeader"],"failureMessages":[],"fullName":"CrowdfundingHeader renders without crashing","location":null,"status":"passed","title":"renders without crashing"},{"ancestorTitles":["CrowdfundingHeader"],"failureMessages":[],"fullName":"CrowdfundingHeader should exist input donation","location":null,"status":"passed","title":"should exist input donation"},{"ancestorTitles":["CrowdfundingHeader"],"failureMessages":[],"fullName":"CrowdfundingHeader should input and button disable - soon","location":null,"status":"passed","title":"should input and button disable - soon"},{"ancestorTitles":["CrowdfundingHeader"],"failureMessages":[],"fullName":"CrowdfundingHeader should input and button disable - running","location":null,"status":"passed","title":"should input and button disable - running"},{"ancestorTitles":["CrowdfundingHeader"],"failureMessages":[],"fullName":"CrowdfundingHeader should input and button disable - ended","location":null,"status":"passed","title":"should input and button disable - ended"},{"ancestorTitles":["CrowdfundingHeader"],"failureMessages":[],"fullName":"CrowdfundingHeader should exist button donate","location":null,"status":"passed","title":"should exist button donate"}],"endTime":1623842410907,"message":"","name":"C:\\Projects\\toolkit\\src\\components\\crowdfundingContributeBtn\\__tests__\\CrowdfundingContributeBtn.test.js","startTime":1623842409929,"status":"passed","summary":""},{"assertionResults":[{"ancestorTitles":["InviteLink component"],"failureMessages":[],"fullName":"InviteLink component renders InviteLink correctly","location":null,"status":"passed","title":"renders InviteLink correctly"}],"endTime":1623842410961,"message":"","name":"C:\\Projects\\toolkit\\src\\components\\inviteLink\\__tests__\\InviteLink.test.js","startTime":1623842410059,"status":"passed","summary":""},{"assertionResults":[{"ancestorTitles":["Faqs page"],"failureMessages":[],"fullName":"Faqs page renders the Faqs component","location":null,"status":"passed","title":"renders the Faqs component"},{"ancestorTitles":["Faqs page"],"failureMessages":[],"fullName":"Faqs page render FaqsTabs and FaqsItems component","location":null,"status":"passed","title":"render FaqsTabs and FaqsItems component"},{"ancestorTitles":["Faqs page"],"failureMessages":[],"fullName":"Faqs page test faq loading","location":null,"status":"passed","title":"test faq loading"},{"ancestorTitles":["Faqs page"],"failureMessages":[],"fullName":"Faqs page test faq with empty array faqs","location":null,"status":"passed","title":"test faq with empty array faqs"}],"endTime":1623842411750,"message":"","name":"C:\\Projects\\toolkit\\src\\components\\faqs\\__tests__\\Faqs.test.js","startTime":1623842410926,"status":"passed","summary":""},{"assertionResults":[{"ancestorTitles":["Giftcards component"],"failureMessages":[],"fullName":"Giftcards component renders Giftcards correctly","location":null,"status":"passed","title":"renders Giftcards correctly"}],"endTime":1623842411978,"message":"","name":"C:\\Projects\\toolkit\\src\\components\\giftcards\\__tests__\\Giftcards.test.js","startTime":1623842408773,"status":"passed","summary":""},{"assertionResults":[{"ancestorTitles":["SliderImagesLanding"],"failureMessages":[],"fullName":"SliderImagesLanding renders SliderImagesLanding correctly","location":null,"status":"passed","title":"renders SliderImagesLanding correctly"},{"ancestorTitles":["SliderImagesLanding"],"failureMessages":[],"fullName":"SliderImagesLanding renders one slider component correctly","location":null,"status":"passed","title":"renders one slider component correctly"},{"ancestorTitles":["SliderImagesLanding"],"failureMessages":[],"fullName":"SliderImagesLanding renders as many images as received in props","location":null,"status":"passed","title":"renders as many images as received in props"}],"endTime":1623842412004,"message":"","name":"C:\\Projects\\toolkit\\src\\components\\sliderImagesLanding\\__tests__\\SliderImagesLanding.test.js","startTime":1623842411075,"status":"passed","summary":""},{"assertionResults":[{"ancestorTitles":[],"failureMessages":[],"fullName":"should loading component, exist text 404 and link go back homepage ","location":null,"status":"passed","title":"should loading component, exist text 404 and link go back homepage "}],"endTime":1623842412006,"message":"","name":"C:\\Projects\\toolkit\\src\\components\\noMatch\\__tests__\\NoMatch.test.js","startTime":1623842411059,"status":"passed","summary":""},{"assertionResults":[{"ancestorTitles":["FileInput component"],"failureMessages":[],"fullName":"FileInput component renders FileInput correctly","location":null,"status":"passed","title":"renders FileInput correctly"},{"ancestorTitles":["FileInput component"],"failureMessages":[],"fullName":"FileInput component FileInput render logo","location":null,"status":"passed","title":"FileInput render logo"},{"ancestorTitles":["FileInput component"],"failureMessages":[],"fullName":"FileInput component FileInput render cover","location":null,"status":"passed","title":"FileInput render cover"},{"ancestorTitles":["FileInput component"],"failureMessages":[],"fullName":"FileInput component FileInput render cover without background image","location":null,"status":"passed","title":"FileInput render cover without background image"},{"ancestorTitles":["FileInput component"],"failureMessages":[],"fullName":"FileInput component FileInput render cover disabled","location":null,"status":"passed","title":"FileInput render cover disabled"},{"ancestorTitles":["FileInput component"],"failureMessages":[],"fullName":"FileInput component FileInput call usestate","location":null,"status":"passed","title":"FileInput call usestate"},{"ancestorTitles":["FileInput component"],"failureMessages":[],"fullName":"FileInput component FileInput expect value hook","location":null,"status":"passed","title":"FileInput expect value hook"}],"endTime":1623842412909,"message":"","name":"C:\\Projects\\toolkit\\src\\elements\\fileInput\\__tests__\\fileInput.test.js","startTime":1623842412154,"status":"passed","summary":""},{"assertionResults":[{"ancestorTitles":["ProjectFilters component"],"failureMessages":[],"fullName":"ProjectFilters component renders ProjectFilters correctly","location":null,"status":"passed","title":"renders ProjectFilters correctly"}],"endTime":1623842412970,"message":"","name":"C:\\Projects\\toolkit\\src\\components\\projectFilters\\__tests__\\ProjectFilters.test.js","startTime":1623842412117,"status":"passed","summary":""},{"assertionResults":[{"ancestorTitles":["SupportedSection"],"failureMessages":[],"fullName":"SupportedSection renders without crashing","location":null,"status":"passed","title":"renders without crashing"}],"endTime":1623842413107,"message":"","name":"C:\\Projects\\toolkit\\src\\components\\supportedSection\\__tests__\\SupportedSection.js","startTime":1623842412127,"status":"passed","summary":""},{"assertionResults":[{"ancestorTitles":["SupportedSection"],"failureMessages":[],"fullName":"SupportedSection renders without crashing","location":null,"status":"passed","title":"renders without crashing"}],"endTime":1623842413166,"message":"","name":"C:\\Projects\\toolkit\\build\\components\\supportedSection\\__tests__\\SupportedSection.js","startTime":1623842411935,"status":"passed","summary":""},{"assertionResults":[{"ancestorTitles":["FaqItem"],"failureMessages":[],"fullName":"FaqItem renders the FaqItem component","location":null,"status":"passed","title":"renders the FaqItem component"},{"ancestorTitles":["FaqItem"],"failureMessages":[],"fullName":"FaqItem expect one item with title and description","location":null,"status":"passed","title":"expect one item with title and description"},{"ancestorTitles":["FaqItem"],"failureMessages":[],"fullName":"FaqItem the first element is closed and click open","location":null,"status":"passed","title":"the first element is closed and click open"},{"ancestorTitles":["FaqItem"],"failureMessages":[],"fullName":"FaqItem the first element is already open and click closes","location":null,"status":"passed","title":"the first element is already open and click closes"}],"endTime":1623842413688,"message":"","name":"C:\\Projects\\toolkit\\src\\components\\faqs\\__tests__\\FaqsItem.test.js","startTime":1623842413110,"status":"passed","summary":""},{"assertionResults":[{"ancestorTitles":["CookiesMessage component"],"failureMessages":[],"fullName":"CookiesMessage component renders CookiesMessage correctly","location":null,"status":"passed","title":"renders CookiesMessage correctly"}],"endTime":1623842413889,"message":"","name":"C:\\Projects\\toolkit\\src\\components\\cookiesMessage\\__tests__\\CookiesMessage.test.js","startTime":1623842413230,"status":"passed","summary":""},{"assertionResults":[{"ancestorTitles":["Survey component"],"failureMessages":[],"fullName":"Survey component renders Survey correctly","location":null,"status":"passed","title":"renders Survey correctly"}],"endTime":1623842414174,"message":"","name":"C:\\Projects\\toolkit\\src\\components\\formQuestionsGenerator\\__tests__\\FormQuestionsGenerator.test.js","startTime":1623842413042,"status":"passed","summary":""},{"assertionResults":[{"ancestorTitles":["Excel data values "],"failureMessages":[],"fullName":"Excel data values  Comparison of values ​​sent and received","location":null,"status":"passed","title":"Comparison of values ​​sent and received"}],"endTime":1623842414251,"message":"","name":"C:\\Projects\\toolkit\\src\\utils\\__tests__\\downloadExcel.test.js","startTime":1623842413296,"status":"passed","summary":""},{"assertionResults":[{"ancestorTitles":["HeartSeparator component"],"failureMessages":[],"fullName":"HeartSeparator component renders HeartSeparator correctly","location":null,"status":"passed","title":"renders HeartSeparator correctly"}],"endTime":1623842414617,"message":"","name":"C:\\Projects\\toolkit\\src\\components\\heartSeparator\\__tests__\\HeartSeparator.test.js","startTime":1623842413986,"status":"passed","summary":""},{"assertionResults":[{"ancestorTitles":["ShareNetwork component"],"failureMessages":[],"fullName":"ShareNetwork component render ShareNetwork correctly","location":null,"status":"passed","title":"render ShareNetwork correctly"}],"endTime":1623842414709,"message":"","name":"C:\\Projects\\toolkit\\src\\components\\shareNetwork\\__tests__\\ShareNetwork.test.js","startTime":1623842413810,"status":"passed","summary":""},{"assertionResults":[{"ancestorTitles":["GiftCardThumb component"],"failureMessages":[],"fullName":"GiftCardThumb component renders v correctly","location":null,"status":"passed","title":"renders v correctly"}],"endTime":1623842414981,"message":"","name":"C:\\Projects\\toolkit\\src\\components\\giftCardThumb\\__tests__\\GiftCardThumb.test.js","startTime":1623842414379,"status":"passed","summary":""},{"assertionResults":[{"ancestorTitles":["SelectPerPage component"],"failureMessages":[],"fullName":"SelectPerPage component renders SelectPerPage correctly","location":null,"status":"passed","title":"renders SelectPerPage correctly"},{"ancestorTitles":["SelectPerPage component"],"failureMessages":[],"fullName":"SelectPerPage component renders the correct number of options if prop is used","location":null,"status":"passed","title":"renders the correct number of options if prop is used"}],"endTime":1623842415003,"message":"","name":"C:\\Projects\\toolkit\\src\\elements\\selectPerPage\\__tests__\\SelectPerPage.test.js","startTime":1623842414310,"status":"passed","summary":""},{"assertionResults":[{"ancestorTitles":["ContributesListBox"],"failureMessages":[],"fullName":"ContributesListBox renders the CrowdfundingContributesListBox component","location":null,"status":"passed","title":"renders the CrowdfundingContributesListBox component"},{"ancestorTitles":["ContributesListBox"],"failureMessages":[],"fullName":"ContributesListBox should show loading","location":null,"status":"passed","title":"should show loading"},{"ancestorTitles":["ContributesListBox"],"failureMessages":[],"fullName":"ContributesListBox should render ContributesList","location":null,"status":"passed","title":"should render ContributesList"}],"endTime":1623842415480,"message":"","name":"C:\\Projects\\toolkit\\src\\components\\contributesListBox\\__tests__\\ContributesListBox.test.js","startTime":1623842414823,"status":"passed","summary":""},{"assertionResults":[{"ancestorTitles":["InputLabel component"],"failureMessages":[],"fullName":"InputLabel component renders InputLabel correctly","location":null,"status":"passed","title":"renders InputLabel correctly"},{"ancestorTitles":["InputLabel component"],"failureMessages":[],"fullName":"InputLabel component renders showOptionalLabel correctly","location":null,"status":"passed","title":"renders showOptionalLabel correctly"},{"ancestorTitles":["InputLabel component"],"failureMessages":[],"fullName":"InputLabel component renders cssClass correctly","location":null,"status":"passed","title":"renders cssClass correctly"}],"endTime":1623842415635,"message":"","name":"C:\\Projects\\toolkit\\src\\elements\\inputLabel\\__tests__\\inputLabel.test.js","startTime":1623842415128,"status":"passed","summary":""},{"assertionResults":[{"ancestorTitles":["TextareaField component"],"failureMessages":[],"fullName":"TextareaField component renders TextareaField correctly","location":null,"status":"passed","title":"renders TextareaField correctly"},{"ancestorTitles":["TextareaField component"],"failureMessages":[],"fullName":"TextareaField component renders TextareaField with all string props","location":null,"status":"passed","title":"renders TextareaField with all string props"},{"ancestorTitles":["TextareaField component"],"failureMessages":[],"fullName":"TextareaField component renders TextareaField with value number","location":null,"status":"passed","title":"renders TextareaField with value number"},{"ancestorTitles":["TextareaField component"],"failureMessages":[],"fullName":"TextareaField component renders TextareaField with string error","location":null,"status":"passed","title":"renders TextareaField with string error"},{"ancestorTitles":["TextareaField component"],"failureMessages":[],"fullName":"TextareaField component renders TextareaField with message","location":null,"status":"passed","title":"renders TextareaField with message"},{"ancestorTitles":["TextareaField component"],"failureMessages":[],"fullName":"TextareaField component renders TextareaField disabled","location":null,"status":"passed","title":"renders TextareaField disabled"}],"endTime":1623842415852,"message":"","name":"C:\\Projects\\toolkit\\src\\elements\\textareaField\\__tests__\\TextareaField.test.js","startTime":1623842414734,"status":"passed","summary":""},{"assertionResults":[{"ancestorTitles":["Button component"],"failureMessages":[],"fullName":"Button component renders Button correctly","location":null,"status":"passed","title":"renders Button correctly"},{"ancestorTitles":["Button component"],"failureMessages":[],"fullName":"Button component renders Button with prop extraClass","location":null,"status":"passed","title":"renders Button with prop extraClass"},{"ancestorTitles":["Button component"],"failureMessages":[],"fullName":"Button component renders Button with prop onClick","location":null,"status":"passed","title":"renders Button with prop onClick"},{"ancestorTitles":["Button component"],"failureMessages":[],"fullName":"Button component renders Button with prop href","location":null,"status":"passed","title":"renders Button with prop href"},{"ancestorTitles":["Button component"],"failureMessages":[],"fullName":"Button component renders Button with prop link","location":null,"status":"passed","title":"renders Button with prop link"},{"ancestorTitles":["Button component"],"failureMessages":[],"fullName":"Button component renders Button classes from className prop","location":null,"status":"passed","title":"renders Button classes from className prop"},{"ancestorTitles":["Button component"],"failureMessages":[],"fullName":"Button component renders Button icon prop","location":null,"status":"passed","title":"renders Button icon prop"},{"ancestorTitles":["Button component"],"failureMessages":[],"fullName":"Button component renders Button classes from rounded prop","location":null,"status":"passed","title":"renders Button classes from rounded prop"},{"ancestorTitles":["Button component"],"failureMessages":[],"fullName":"Button component renders Button classes from fullWidth prop","location":null,"status":"passed","title":"renders Button classes from fullWidth prop"},{"ancestorTitles":["Button component"],"failureMessages":[],"fullName":"Button component renders Button classes from disabled prop","location":null,"status":"passed","title":"renders Button classes from disabled prop"},{"ancestorTitles":["Button component"],"failureMessages":[],"fullName":"Button component renders Button classes from size prop","location":null,"status":"passed","title":"renders Button classes from size prop"}],"endTime":1623842415887,"message":"","name":"C:\\Projects\\toolkit\\src\\elements\\button\\__tests__\\Button.test.js","startTime":1623842415156,"status":"passed","summary":""},{"assertionResults":[{"ancestorTitles":["StatisticsBox component"],"failureMessages":[],"fullName":"StatisticsBox component renders StatisticsBoxv correctly","location":null,"status":"passed","title":"renders StatisticsBoxv correctly"},{"ancestorTitles":["StatisticsBox component"],"failureMessages":[],"fullName":"StatisticsBox component StatisticsBox component with 3 features","location":null,"status":"passed","title":"StatisticsBox component with 3 features"},{"ancestorTitles":["StatisticsBox component"],"failureMessages":[],"fullName":"StatisticsBox component StatisticsBox component without footer","location":null,"status":"passed","title":"StatisticsBox component without footer"},{"ancestorTitles":["StatisticsBox component"],"failureMessages":[],"fullName":"StatisticsBox component StatisticsBox component with 3 footer lines","location":null,"status":"passed","title":"StatisticsBox component with 3 footer lines"},{"ancestorTitles":
[...]
,"f":{},"b":{},"_coverageSchema":"1a1c01bbd47fc00a2c39e90264f33305004495a9","hash":"bb37be5d35bd39cab0197b175ad22a1b988ef9ba"},"C:\\Projects\\toolkit\\src\\components\\giftcards\\Giftcards.jsx":{"path":"C:\\Projects\\toolkit\\src\\components\\giftcards\\Giftcards.jsx","statementMap":{"0":{"start":{"line":10,"column":18},"end":{"line":122,"column":1}},"1":{"start":{"line":35,"column":21},"end":{"line":50,"column":3}},"2":{"start":{"line":36,"column":4},"end":{"line":44,"column":5}},"3":{"start":{"line":37,"column":6},"end":{"line":43,"column":8}},"4":{"start":{"line":45,"column":4},"end":{"line":49,"column":6}},"5":{"start":{"line":52,"column":2},"end":{"line":121,"column":4}},"6":{"start":{"line":126,"column":0},"end":{"line":150,"column":2}}},"fnMap":{"0":{"name":"(anonymous_0)","decl":{"start":{"line":10,"column":18},"end":{"line":10,"column":19}},"loc":{"start":{"line":34,"column":6},"end":{"line":122,"column":1}},"line":34},"1":{"name":"(anonymous_1)","decl":{"start":{"line":35,"column":21},"end":{"line":35,"column":22}},"loc":{"start":{"line":35,"column":36},"end":{"line":50,"column":3}},"line":35}},"branchMap":{"0":{"loc":{"start":{"line":36,"column":4},"end":{"line":44,"column":5}},"type":"if","locations":[{"start":{"line":36,"column":4},"end":{"line":44,"column":5}},{"start":{"line":36,"column":4},"end":{"line":44,"column":5}}],"line":36},"1":{"loc":{"start":{"line":54,"column":7},"end":{"line":66,"column":7}},"type":"binary-expr","locations":[{"start":{"line":54,"column":7},"end":{"line":54,"column":31}},{"start":{"line":55,"column":8},"end":{"line":65,"column":14}}],"line":54},"2":{"loc":{"start":{"line":81,"column":9},"end":{"line":85,"column":9}},"type":"binary-expr","locations":[{"start":{"line":81,"column":9},"end":{"line":81,"column":16}},{"start":{"line":82,"column":10},"end":{"line":84,"column":16}}],"line":81}},"s":{"0":1,"1":1,"2":0,"3":0,"4":0,"5":1,"6":1},"f":{"0":1,"1":0},"b":{"0":[0,0],"1":[1,1],"2":[1,0]},"_coverageSchema":"1a1c01bbd47fc00a2c39e90264f33305004495a9","hash":"6cc8e67c5d35744471afbd1e8ed7bf5e7c8aa94f"},"C:\\Projects\\toolkit\\src\\components\\giftcards\\index.js":{"path":"C:\\Projects\\toolkit\\src\\components\\giftcards\\index.js","statementMap":{},"fnMap":{},"branchMap":{},"s":{},"f":{},"b":{},"_coverageSchema":"1a1c01bbd47fc00a2c39e90264f33305004495a9","hash":"4ad51895bb2e2cdf68775da924e42431777b77b8"},"C:\\Projects\\toolkit\\src\\components\\sliderImagesLanding\\SliderImagesLanding.jsx":{"path":"C:\\Projects\\toolkit\\src\\components\\sliderImagesLanding\\SliderImagesLanding.jsx","statementMap":{"0":{"start":{"line":9,"column":28},"end":{"line":50,"column":1}},"1":{"start":{"line":10,"column":19},"end":{"line":19,"column":3}},"2":{"start":{"line":21,"column":2},"end":{"line":49,"column":4}},"3":{"start":{"line":33,"column":16},"end":{"line":42,"column":22}},"4":{"start":{"line":52,"column":0},"end":{"line":58,"column":2}},"5":{"start":{"line":60,"column":0},"end":{"line":65,"column":2}}},"fnMap":{"0":{"name":"(anonymous_0)","decl":{"start":{"line":9,"column":28},"end":{"line":9,"column":29}},"loc":{"start":{"line":9,"column":83},"end":{"line":50,"column":1}},"line":9},"1":{"name":"(anonymous_1)","decl":{"start":{"line":32,"column":27},"end":{"line":32,"column":28}},"loc":{"start":{"line":33,"column":16},"end":{"line":42,"column":22}},"line":33}},"branchMap":{},"s":{"0":1,"1":3,"2":3,"3":18,"4":1,"5":1},"f":{"0":3,"1":18},"b":{},"_coverageSchema":"1a1c01bbd47fc00a2c39e90264f33305004495a9","hash":"d5e5333604c31b3e764498a26ac29b129add08ef"},"C:\\Projects\\toolkit\\src\\components\\sliderImagesLanding\\index.js":{"path":"C:\\Projects\\toolkit\\src\\components\\sliderImagesLanding\\index.js","statementMap":{},"fnMap":{},"branchMap":{},"s":{},"f":{},"b":{},"_coverageSchema":"1a1c01bbd47fc00a2c39e90264f33305004495a9","hash":"9176e4feea3cc30dce7e6b17b4f7088711c4fcb7"},"C:\\Projects\\toolkit\\src\\elements\\fileInput\\FileInput.jsx":{"path":"C:\\Projects\\toolkit\\src\\elements\\fileInput\\FileInput.jsx","statementMap":{"0":{"start":{"line":6,"column":18},"end":{"line":53,"column":1}},"1":{"start":{"line":7,"column":28},"end":{"line":7,"column":40}},"2":{"start":{"line":9,"column":25},"end":{"line":13,"column":3}},"3":{"start":{"line":10,"column":4},"end":{"line":10,"column":53}},"4":{"start":{"line":12,"column":4},"end":{"line":12,"column":30}},"5":{"start":{"line":12,"column":18},"end":{"line":12,"column":30}},"6":{"start":{"line":15,"column":2},"end":{"line":52,"column":4}},"7":{"start":{"line":55,"column":0},"end":{"line":62,"column":2}}},"fnMap":{"0":{"name":"(anonymous_0)","decl":{"start":{"line":6,"column":18},"end":{"line":6,"column":19}},"loc":{"start":{"line":6,"column":84},"end":{"line":53,"column":1}},"line":6},"1":{"name":"(anonymous_1)","decl":{"start":{"line":9,"column":25},"end":{"line":9,"column":26}},"loc":{"start":{"line":9,"column":30},"end":{"line":13,"column":3}},"line":9},"2":{"name":"(anonymous_2)","decl":{"start":{"line":44,"column":22},"end":{"line":44,"column":23}},"loc":{"start":{"line":44,"column":28},"end":{"line":44,"column":30}},"line":44}},"branchMap":{"0":{"loc":{"start":{"line":12,"column":4},"end":{"line":12,"column":30}},"type":"if","locations":[{"start":{"line":12,"column":4},"end":{"line":12,"column":30}},{"start":{"line":12,"column":4},"end":{"line":12,"column":30}}],"line":12},"1":{"loc":{"start":{"line":16,"column":20},"end":{"line":16,"column":88}},"type":"cond-expr","locations":[{"start":{"line":16,"column":44},"end":{"line":16,"column":64}},{"start":{"line":16,"column":67},"end":{"line":16,"column":88}}],"line":16},"2":{"loc":{"start":{"line":17,"column":40},"end":{"line":17,"column":94}},"type":"cond-expr","locations":[{"start":{"line":17,"column":64},"end":{"line":17,"column":70}},{"start":{"line":17,"column":73},"end":{"line":17,"column":94}}],"line":17}},"s":{"0":1,"1":7,"2":7,"3":2,"4":2,"5":2,"6":7,"7":1},"f":{"0":7,"1":2,"2":0},"b":{"0":[2,0],"1":[3,4],"2":[3,4]},"_coverageSchema":"1a1c01bbd47fc00a2c39e90264f33305004495a9","hash":"7030a0c2c0f58c876e6d8b7dd162c2c805739e8d"},"C:\\Projects\\toolkit\\src\\elements\\fileInput\\index.js":{"path":"C:\\Projects\\toolkit\\src\\elements\\fileInput\\index.js","statementMap":{},"fnMap":{},"branchMap":{},"s":{},"f":{},"b":{},"_coverageSchema":"1a1c01bbd47fc00a2c39e90264f33305004495a9","hash":"c438c9ce073aedc501387a13750d891c6ebeff13"},"C:\\Projects\\toolkit\\src\\components\\projectFilters\\ProjectFilters.jsx":{"path":"C:\\Projects\\toolkit\\src\\components\\projectFilters\\ProjectFilters.jsx","statementMap":{"0":{"start":{"line":11,"column":23},"end":{"line":117,"column":1}},"1":{"start":{"line":33,"column":40},"end":{"line":33,"column":64}},"2":{"start":{"line":34,"column":2},"end":{"line":116,"column":4}},"3":{"start":{"line":55,"column":27},"end":{"line":55,"column":55}},"4":{"start":{"line":75,"column":14},"end":{"line":85,"column":20}},"5":{"start":{"line":79,"column":33},"end":{"line":79,"column":52}},"6":{"start":{"line":118,"column":0},"end":{"line":139,"column":2}},"7":{"start":{"line":141,"column":0},"end":{"line":143,"column":2}}},"fnMap":{"0":{"name":"(anonymous_0)","decl":{"start":{"line":11,"column":23},"end":{"line":11,"column":24}},"loc":{"start":{"line":32,"column":6},"end":{"line":117,"column":1}},"line":32},"1":{"name":"(anonymous_1)","decl":{"start":{"line":55,"column":21},"end":{"line":55,"column":22}},"loc":{"start":{"line":55,"column":27},"end":{"line":55,"column":55}},"line":55},"2":{"name":"(anonymous_2)","decl":{"start":{"line":74,"column":21},"end":{"line":74,"column":22}},"loc":{"start":{"line":75,"column":14},"end":{"line":85,"column":20}},"line":75},"3":{"name":"(anonymous_3)","decl":{"start":{"line":79,"column":28},"end":{"line":79,"column":29}},"loc":{"start":{"line":79,"column":33},"end":{"line":79,"column":52}},"line":79}},"branchMap":{"0":{"loc":{"start":{"line":66,"column":7},"end":{"line":114,"column":7}},"type":"binary-expr","locations":[{"start":{"line":66,"column":7},"end":{"line":66,"column":18}},{"start":{"line":67,"column":8},"end":{"line":113,"column":14}}],"line":66}},"s":{"0":1,"1":1,"2":1,"3":0,"4":0,"5":0,"6":1,"7":1},"f":{"0":1,"1":0,"2":0,"3":0},"b":{"0":[1,0]},"_coverageSchema":"1a1c01bbd47fc00a2c39e90264f33305004495a9","hash":"92b324d989b0a521db35bec1b53ab963e09be674"},"C:\\Projects\\toolkit\\src\\components\\projectFilters\\index.js":{"path":"C:\\Projects\\toolkit\\src\\components\\projectFilters\\index.js","statementMap":{},"fnMap":{},"branchMap":{},"s":{},"f":{},"b":{},"_coverageSchema":"1a1c01bbd47fc00a2c39e90264f33305004495a9","hash":"dfbf9f4a777990c148e2430fb2cfdacfb1a206c3"},"C:\\Projects\\toolkit\\src\\components\\cookiesMessage\\CookiesMessage.jsx":{"path":"C:\\Projects\\toolkit\\src\\components\\cookiesMessage\\CookiesMessage.jsx","statementMap":{"0":{"start":{"line":6,"column":23},"end":{"line":19,"column":1}},"1":{"start":{"line":7,"column":2},"end":{"line":18,"column":8}},"2":{"start":{"line":21,"column":0},"end":{"line":25,"column":2}}},"fnMap":{"0":{"name":"(anonymous_0)","decl":{"start":{"line":6,"column":23},"end":{"line":6,"column":24}},"loc":{"start":{"line":7,"column":2},"end":{"line":18,"column":8}},"line":7}},"branchMap":{},"s":{"0":1,"1":1,"2":1},"f":{"0":1},"b":{},"_coverageSchema":"1a1c01bbd47fc00a2c39e90264f33305004495a9","hash":"0ca8d0fbbab37ae0c701cf67ef356e8737b86fe6"},"C:\\Projects\\toolkit\\src\\components\\cookiesMessage\\index.js":{"path":"C:\\Projects\\toolkit\\src\\components\\cookiesMessage\\index.js","statementMap":{},"fnMap":{},"branchMap":{},"s":{},"f":{},"b":{},"_coverageSchema":"1a1c01bbd47fc00a2c39e90264f33305004495a9","hash":"bc23ddf97d5b5506338bb3bf9340f53ac672d989"},"C:\\Projects\\toolkit\\src\\components\\heartSeparator\\HeartSeparator.jsx":{"path":"C:\\Projects\\toolkit\\src\\components\\heartSeparator\\HeartSeparator.jsx","statementMap":{"0":{"start":{"line":5,"column":23},"end":{"line":13,"column":1}},"1":{"start":{"line":6,"column":2},"end":{"line":12,"column":8}}},"fnMap":{"0":{"name":"(anonymous_0)","decl":{"start":{"line":5,"column":23},"end":{"line":5,"column":24}},"loc":{"start":{"line":6,"column":2},"end":{"line":12,"column":8}},"line":6}},"branchMap":{},"s":{"0":1,"1":1},"f":{"0":1},"b":{},"_coverageSchema":"1a1c01bbd47fc00a2c39e90264f33305004495a9","hash":"52aa6ae0a26e20965579a216aa8d539f93ea9b95"},"C:\\Projects\\toolkit\\src\\components\\heartSeparator\\index.js":{"path":"C:\\Projects\\toolkit\\src\\components\\heartSeparator\\index.js","statementMap":{},"fnMap":{},"branchMap":{},"s":{},"f":{},"b":{},"_coverageSchema":"1a1c01bbd47fc00a2c39e90264f33305004495a9","hash":"e9a8c73b2a5c48e4a8a1c7645c333278e476f733"},"C:\\Projects\\toolkit\\src\\components\\giftCardThumb\\GiftCardThumb.jsx":{"path":"C:\\Projects\\toolkit\\src\\components\\giftCardThumb\\GiftCardThumb.jsx","statementMap":{"0":{"start":{"line":5,"column":22},"end":{"line":49,"column":1}},"1":{"start":{"line":17,"column":2},"end":{"line":48,"column":6}},"2":{"start":{"line":53,"column":0},"end":{"line":64,"column":2}}},"fnMap":{"0":{"name":"(anonymous_0)","decl":{"start":{"line":5,"column":22},"end":{"line":5,"column":23}},"loc":{"start":{"line":17,"column":2},"end":{"line":48,"column":6}},"line":17}},"branchMap":{"0":{"loc":{"start":{"line":21,"column":9},"end":{"line":21,"column":65}},"type":"binary-expr","locations":[{"start":{"line":21,"column":9},"end":{"line":21,"column":51}},{"start":{"line":21,"column":55},"end":{"line":21,"column":65}}],"line":21},"1":{"loc":{"start":{"line":22,"column":9},"end":{"line":22,"column":63}},"type":"binary-expr","locations":[{"start":{"line":22,"column":9},"end":{"line":22,"column":49}},{"start":{"line":22,"column":53},"end":{"line":22,"column":63}}],"line":22},"2":{"loc":{"start":{"line":36,"column":13},"end":{"line":36,"column":65}},"type":"binary-expr","locations":[{"start":{"line":36,"column":13},"end":{"line":36,"column":55}},{"start":{"line":36,"column":59},"end":{"line":36,"column":65}}],"line":36},"3":{"loc":{"start":{"line":37,"column":13},"end":{"line":37,"column":64}},"type":"binary-expr","locations":[{"start":{"line":37,"column":13},"end":{"line":37,"column":53}},{"start":{"line":37,"column":57},"end":{"line":37,"column":64}}],"line":37}},"s":{"0":1,"1":1,"2":1},"f":{"0":1},"b":{"0":[1,1],"1":[1,0],"2":[1,1],"3":[1,0]},"_coverageSchema":"1a1c01bbd47fc00a2c39e90264f33305004495a9","hash":"9046e9972d58014ec0c3406843990b23261fb54c"},"C:\\Projects\\toolkit\\src\\components\\giftCardThumb\\index.js":{"path":"C:\\Projects\\toolkit\\src\\components\\giftCardThumb\\index.js","statementMap":{},"fnMap":{},"branchMap":{},"s":{},"f":{},"b":{},"_coverageSchema":"1a1c01bbd47fc00a2c39e90264f33305004495a9","hash":"a375751a03c17ba510a35959cf87bc13be523e8a"},"C:\\Projects\\toolkit\\src\\elements\\selectPerPage\\SelectPerPage.jsx":{"path":"C:\\Projects\\toolkit\\src\\elements\\selectPerPage\\SelectPerPage.jsx","statementMap":{"0":{"start":{"line":6,"column":22},"end":{"line":24,"column":4}},"1":{"start":{"line":7,"column":2},"end":{"line":24,"column":4}},"2":{"start":{"line":8,"column":4},"end":{"line":23,"column":10}},"3":{"start":{"line":18,"column":10},"end":{"line":20,"column":19}},"4":{"start":{"line":28,"column":0},"end":{"line":32,"column":2}},"5":{"start":{"line":34,"column":0},"end":{"line":36,"column":2}}},"fnMap":{"0":{"name":"(anonymous_0)","decl":{"start":{"line":6,"column":22},"end":{"line":6,"column":23}},"loc":{"start":{"line":7,"column":2},"end":{"line":24,"column":4}},"line":7},"1":{"name":"(anonymous_1)","decl":{"start":{"line":7,"column":10},"end":{"line":7,"column":11}},"loc":{"start":{"line":8,"column":4},"end":{"line":23,"column":10}},"line":8},"2":{"name":"(anonymous_2)","decl":{"start":{"line":17,"column":21},"end":{"line":17,"column":22}},"loc":{"start":{"line":18,"column":10},"end":{"line":20,"column":19}},"line":18}},"branchMap":{},"s":{"0":1,"1":2,"2":2,"3":6,"4":1,"5":1},"f":{"0":2,"1":2,"2":6},"b":{},"_coverageSchema":"1a1c01bbd47fc00a2c39e90264f33305004495a9","hash":"ed488a59a395e9d9c33af652c1d49390cb7b37fc"},"C:\\Projects\\toolkit\\src\\elements\\selectPerPage\\index.js":{"path":"C:\\Projects\\toolkit\\src\\elements\\selectPerPage\\index.js","statementMap":{},"fnMap":{},"branchMap":{},"s":{},"f":{},"b":{},"_coverageSchema":"1a1c01bbd47fc00a2c39e90264f33305004495a9","hash":"af2a6507cc9bedf5308ac091c84e7fe16b185770"},"C:\\Projects\\toolkit\\src\\components\\statisticsBox\\StatisticsBox.jsx":{"path":"C:\\Projects\\toolkit\\src\\components\\statisticsBox\\StatisticsBox.jsx","statementMap":{"0":{"start":{"line":7,"column":22},"end":{"line":40,"column":1}},"1":{"start":{"line":8,"column":21},"end":{"line":17,"column":6}},"2":{"start":{"line":9,"column":4},"end":{"line":17,"column":6}},"3":{"start":{"line":10,"column":6},"end":{"line":16,"column":12}},"4":{"start":{"line":18,"column":21},"end":{"line":28,"column":6}},"5":{"start":{"line":19,"column":4},"end":{"line":28,"column":6}},"6":{"start":{"line":20,"column":6},"end":{"line":27,"column":12}},"7":{"start":{"line":30,"column":2},"end":{"line":39,"column":4}},"8":{"start":{"line":41,"column":0},"end":{"line":57,"column":2}}},"fnMap":{"0":{"name":"(anonymous_0)","decl":{"start":{"line":7,"column":22},"end":{"line":7,"column":23}},"loc":{"start":{"line":7,"column":48},"end":{"line":40,"column":1}},"line":7},"1":{"name":"(anonymous_1)","decl":{"start":{"line":8,"column":21},"end":{"line":8,"column":22}},"loc":{"start":{"line":9,"column":4},"end":{"line":17,"column":6}},"line":9},"2":{"name":"(anonymous_2)","decl":{"start":{"line":9,"column":14},"end":{"line":9,"column":15}},"loc":{"start":{"line":10,"column":6},"end":{"line":16,"column":12}},"line":10},"3":{"name":"(anonymous_3)","decl":{"start":{"line":18,"column":21},"end":{"line":18,"column":22}},"loc":{"start":{"line":19,"column":4},"end":{"line":28,"column":6}},"line":19},"4":{"name":"(anonymous_4)","decl":{"start":{"line":19,"column":14},"end":{"line":19,"column":15}},"loc":{"start":{"line":20,"column":6},"end":{"line":27,"column":12}},"line":20}},"branchMap":{"0":{"loc":{"start":{"line":22,"column":11},"end":{"line":22,"column":64}},"type":"binary-expr","locations":[{"start":{"line":22,"column":11},"end":{"line":22,"column":25}},{"start":{"line":22,"column":29},"end":{"line":22,"column":64}}],"line":22},"1":{"loc":{"start":{"line":35,"column":11},"end":{"line":35,"column":77}},"type":"binary-expr","locations":[{"start":{"line":35,"column":11},"end":{"line":35,"column":17}},{"start":{"line":35,"column":21},"end":{"line":35,"column":77}}],"line":35}},"s":{"0":1,"1":5,"2":5,"3":15,"4":5,"5":2,"6":6,"7":5,"8":1},"f":{"0":5,"1":5,"2":15,"3":2,"4":6},"b":{"0":[6,4],"1":[5,2]},"_coverageSchema":"1a1c01bbd47fc00a2c39e90264f33305004495a9","hash":"d0a0ecb0e1ff3a6778f66b6ff28cb683f6a1a2e5"},"C:\\Projects\\toolkit\\src\\components\\statisticsBox\\index.js":{"path":"C:\\Projects\\toolkit\\src\\components\\statisticsBox\\index.js","statementMap":{},"fnMap":{},"branchMap":{},"s":{},"f":{},"b":{},"_coverageSchema":"1a1c01bbd47fc00a2c39e90264f33305004495a9","hash":"ecb4e355fad0d607a0648fbc2aeeb0d6bac4dd60"},"C:\\Projects\\toolkit\\src\\elements\\buttonGroup\\ButtonGroup.jsx":{"path":"C:\\Projects\\toolkit\\src\\elements\\buttonGroup\\ButtonGroup.jsx","statementMap":{"0":{"start":{"line":5,"column":20},"end":{"line":19,"column":1}},"1":{"start":{"line":6,"column":2},"end":{"line":18,"column":18}},"2":{"start":{"line":8,"column":6},"end":{"line":16,"column":15}},"3":{"start":{"line":23,"column":0},"end":{"line":34,"column":2}},"4":{"start":{"line":36,"column":0},"end":{"line":39,"column":2}}},"fnMap":{"0":{"name":"(anonymous_0)","decl":{"start":{"line":5,"column":20},"end":{"line":5,"column":21}},"loc":{"start":{"line":6,"column":2},"end":{"line":18,"column":18}},"line":6},"1":{"name":"(anonymous_1)","decl":{"start":{"line":7,"column":20},"end":{"line":7,"column":21}},"loc":{"start":{"line":8,"column":6},"end":{"line":16,"column":15}},"line":8}},"branchMap":{"0":{"loc":{"start":{"line":11,"column":39},"end":{"line":11,"column":67}},"type":"cond-expr","locations":[{"start":{"line":11,"column":54},"end":{"line":11,"column":62}},{"start":{"line":11,"column":65},"end":{"line":11,"column":67}}],"line":11}},"s":{"0":1,"1":4,"2":8,"3":1,"4":1},"f":{"0":4,"1":8},"b":{"0":[4,4]},"_coverageSchema":"1a1c01bbd47fc00a2c39e90264f33305004495a9","hash":"e9a9383c2677e60927e8a2c27d77b1535df7a9f1"},"C:\\Projects\\toolkit\\src\\elements\\buttonGroup\\index.js":{"path":"C:\\Projects\\toolkit\\src\\elements\\buttonGroup\\index.js","statementMap":{},"fnMap":{},"branchMap":{},"s":{},"f":{},"b":{},"_coverageSchema":"1a1c01bbd47fc00a2c39e90264f33305004495a9","hash":"308c3c799c33c94b9b6e2b35a1e99bafecfb1987"},"C:\\Projects\\toolkit\\src\\components\\boxInfo\\BoxInfo.jsx":{"path":"C:\\Projects\\toolkit\\src\\components\\boxInfo\\BoxInfo.jsx","statementMap":{"0":{"start":{"line":5,"column":16},"end":{"line":10,"column":1}},"1":{"start":{"line":6,"column":2},"end":{"line":9,"column":8}},"2":{"start":{"line":12,"column":0},"end":{"line":17,"column":2}},"3":{"start":{"line":19,"column":0},"end":{"line":21,"column":2}}},"fnMap":{"0":{"name":"(anonymous_0)","decl":{"start":{"line":5,"column":16},"end":{"line":5,"column":17}},"loc":{"start":{"line":6,"column":2},"end":{"line":9,"column":8}},"line":6}},"branchMap":{"0":{"loc":{"start":{"line":7,"column":26},"end":{"line":7,"column":58}},"type":"cond-expr","locations":[{"start":{"line":7,"column":46},"end":{"line":7,"column":53}},{"start":{"line":7,"column":56},"end":{"line":7,"column":58}}],"line":7}},"s":{"0":1,"1":1,"2":1,"3":1},"f":{"0":1},"b":{"0":[0,1]},"_coverageSchema":"1a1c01bbd47fc00a2c39e90264f33305004495a9","hash":"6bc78d4ff86a3c2e1ccbdf9e987f470e870f0230"},"C:\\Projects\\toolkit\\src\\components\\boxInfo\\index.js":{"path":"C:\\Projects\\toolkit\\src\\components\\boxInfo\\index.js","statementMap":{},"fnMap":{},"branchMap":{},"s":{},"f":{},"b":{},"_coverageSchema":"1a1c01bbd47fc00a2c39e90264f33305004495a9","hash":"8b4d650c5dfc663e39e80a5c6f3ed38da0fa18f2"}}}