{"numFailedTestSuites":1,"numFailedTests":1,"numPassedTestSuites":97,"numPassedTests":361,"numPendingTestSuites":0,"numPendingTests":0,"numRuntimeErrorTestSuites":0,"numTodoTests":0,"numTotalTestSuites":98,"numTotalTests":362,"openHandles":[],"snapshot":{"added":0,"didUpdate":true,"failure":false,"filesAdded":0,"filesRemoved":0,"filesRemovedList":[],"filesUnmatched":0,"filesUpdated":0,"matched":1,"total":1,"unchecked":0,"uncheckedKeysByFile":[],"unmatched":0,"updated":0},"startTime":1618355051313,"success":false,"testResults":[{"assertionResults":[{"ancestorTitles":["RequestDetailThumb component"],"failureMessages":[],"fullName":"RequestDetailThumb component renders RequestDetailThumb correctly","location":null,"status":"passed","title":"renders RequestDetailThumb correctly"}],"endTime":1618355063741,"message":"","name":"/Users/pedroguia/Projects/toolkit/src/components/requestDetail/requestDetailThumb/__tests__/RequestDetailThumb.test.js","startTime":1618355052963,"status":"passed","summary":""},{"assertionResults":[{"ancestorTitles":["ProjectDetailThumb component"],"failureMessages":[],"fullName":"ProjectDetailThumb component renders ProjectDetailThumb correctly","location":null,"status":"passed","title":"renders ProjectDetailThumb correctly"},{"ancestorTitles":["ProjectDetailThumb component"],"failureMessages":[],"fullName":"ProjectDetailThumb component should hide admin buttons","location":null,"status":"passed","title":"should hide admin buttons"},{"ancestorTitles":["ProjectDetailThumb component"],"failureMessages":[],"fullName":"ProjectDetailThumb component should show change status SelectField","location":null,"status":"passed","title":"should show change status SelectField"},{"ancestorTitles":["ProjectDetailThumb component"],"failureMessages":[],"fullName":"ProjectDetailThumb component should show request info button if status === IN_REVIEW","location":null,"status":"passed","title":"should show request info button if status === IN_REVIEW"},{"ancestorTitles":["ProjectDetailThumb component"],"failureMessages":[],"fullName":"ProjectDetailThumb component should not show request info button if status !== IN_REVIEW","location":null,"status":"passed","title":"should not show request info button if status !== IN_REVIEW"},{"ancestorTitles":["ProjectDetailThumb component"],"failureMessages":[],"fullName":"ProjectDetailThumb component should show 2 ods images","location":null,"status":"passed","title":"should show 2 ods images"},{"ancestorTitles":["ProjectDetailThumb component"],"failureMessages":[],"fullName":"ProjectDetailThumb component should render rating component if \"showReview\" is true","location":null,"status":"passed","title":"should render rating component if \"showReview\" is true"},{"ancestorTitles":["ProjectDetailThumb component"],"failureMessages":[],"fullName":"ProjectDetailThumb component should not render rating component if \"showReview\" is false","location":null,"status":"passed","title":"should not render rating component if \"showReview\" is false"}],"endTime":1618355064019,"message":"","name":"/Users/pedroguia/Projects/toolkit/src/components/projectDetailThumb/__tests__/ProjectDetailThumb.test.js","startTime":1618355052997,"status":"passed","summary":""},{"assertionResults":[{"ancestorTitles":["StripeCreditCard component"],"failureMessages":[],"fullName":"StripeCreditCard component renders StripeCreditCard correctly","location":null,"status":"passed","title":"renders StripeCreditCard correctly"},{"ancestorTitles":["StripeCreditCard component"],"failureMessages":[],"fullName":"StripeCreditCard component renders StripeCreditCard order prop succeded","location":null,"status":"passed","title":"renders StripeCreditCard order prop succeded"},{"ancestorTitles":["StripeCreditCard component"],"failureMessages":[],"fullName":"StripeCreditCard component calls handleChange","location":null,"status":"passed","title":"calls handleChange"},{"ancestorTitles":["StripeCreditCard component"],"failureMessages":[],"fullName":"StripeCreditCard component calls submit","location":null,"status":"passed","title":"calls submit"},{"ancestorTitles":["StripeCreditCard component"],"failureMessages":[],"fullName":"StripeCreditCard component calls submitStripePayment","location":null,"status":"passed","title":"calls submitStripePayment"},{"ancestorTitles":["StripeCreditCard component"],"failureMessages":[],"fullName":"StripeCreditCard component calls submitStripePayment","location":null,"status":"passed","title":"calls submitStripePayment"},{"ancestorTitles":["StripeCreditCard component"],"failureMessages":[],"fullName":"StripeCreditCard component calls updateState","location":null,"status":"passed","title":"calls updateState"}],"endTime":1618355064128,"message":"","name":"/Users/pedroguia/Projects/toolkit/src/components/stripe/__tests__/StripeCreditCard.test.js","startTime":1618355052964,"status":"passed","summary":""},{"assertionResults":[{"ancestorTitles":["Reviews component"],"failureMessages":[],"fullName":"Reviews component renders Reviews correctly","location":null,"status":"passed","title":"renders Reviews correctly"},{"ancestorTitles":["Reviews component"],"failureMessages":[],"fullName":"Reviews component does not render average review box if there are no reviews","location":null,"status":"passed","title":"does not render average review box if there are no reviews"},{"ancestorTitles":["Reviews component"],"failureMessages":[],"fullName":"Reviews component renders edit review form if \"showEditReviewForm\" is true","location":null,"status":"passed","title":"renders edit review form if \"showEditReviewForm\" is true"},{"ancestorTitles":["Reviews component"],"failureMessages":[],"fullName":"Reviews component renders \"no reviews\" text if \"otherReviewsList\" is empty","location":null,"status":"passed","title":"renders \"no reviews\" text if \"otherReviewsList\" is empty"}],"endTime":1618355064673,"message":"","name":"/Users/pedroguia/Projects/toolkit/src/components/reviews/__tests__/Reviews.test.js","startTime":1618355052879,"status":"passed","summary":""},{"assertionResults":[{"ancestorTitles":["RequestDetailInfo component"],"failureMessages":[],"fullName":"RequestDetailInfo component renders RequestDetailInfo correctly","location":null,"status":"passed","title":"renders RequestDetailInfo correctly"}],"endTime":1618355064932,"message":"","name":"/Users/pedroguia/Projects/toolkit/src/components/requestDetail/requestDetailInfo/__tests__/RequestDetailInfo.test.js","startTime":1618355063788,"status":"passed","summary":""},{"assertionResults":[{"ancestorTitles":["Excel data values "],"failureMessages":[],"fullName":"Excel data values  Comparison of values ​​sent and received","location":null,"status":"passed","title":"Comparison of values ​​sent and received"}],"endTime":1618355065457,"message":"","name":"/Users/pedroguia/Projects/toolkit/src/utils/__tests__/downloadExcel.test.js","startTime":1618355064209,"status":"passed","summary":""},{"assertionResults":[{"ancestorTitles":["ChangeProfileUserImage component"],"failureMessages":["Error: \u001b[2mexpect(\u001b[22m\u001b[31mreceived\u001b[39m\u001b[2m).\u001b[22mtoBe\u001b[2m(\u001b[22m\u001b[32mexpected\u001b[39m\u001b[2m) // Object.is equality\u001b[22m\n\nExpected: \u001b[32m1\u001b[39m\nReceived: \u001b[31m0\u001b[39m\n    at Object.<anonymous> (/Users/pedroguia/Projects/toolkit/src/components/changeProfileUserImage/__test__/ChangeProfileUserImage.test.js:37:86)\n    at Object.asyncJestTest (/Users/pedroguia/Projects/toolkit/node_modules/jest-jasmine2/build/jasmineAsyncInstall.js:106:37)\n    at /Users/pedroguia/Projects/toolkit/node_modules/jest-jasmine2/build/queueRunner.js:45:12\n    at new Promise (<anonymous>)\n    at mapper (/Users/pedroguia/Projects/toolkit/node_modules/jest-jasmine2/build/queueRunner.js:28:19)\n    at /Users/pedroguia/Projects/toolkit/node_modules/jest-jasmine2/build/queueRunner.js:75:41\n    at processTicksAndRejections (internal/process/task_queues.js:93:5)"],"fullName":"ChangeProfileUserImage component renders \"ChangeProfileUserImage\" correctly","location":null,"status":"failed","title":"renders \"ChangeProfileUserImage\" correctly"},{"ancestorTitles":["ChangeProfileUserImage component"],"failureMessages":[],"fullName":"ChangeProfileUserImage component should exist title","location":null,"status":"passed","title":"should exist title"},{"ancestorTitles":["ChangeProfileUserImage component"],"failureMessages":[],"fullName":"ChangeProfileUserImage component should exist image","location":null,"status":"passed","title":"should exist image"},{"ancestorTitles":["ChangeProfileUserImage component"],"failureMessages":[],"fullName":"ChangeProfileUserImage component should appear no image","location":null,"status":"passed","title":"should appear no image"},{"ancestorTitles":["ChangeProfileUserImage component"],"failureMessages":[],"fullName":"ChangeProfileUserImage component should exist button","location":null,"status":"passed","title":"should exist button"}],"endTime":1618355065605,"message":"\u001b[1m\u001b[31m  \u001b[1m● \u001b[22m\u001b[1mChangeProfileUserImage component › renders \"ChangeProfileUserImage\" correctly\u001b[39m\u001b[22m\n\n    \u001b[2mexpect(\u001b[22m\u001b[31mreceived\u001b[39m\u001b[2m).\u001b[22mtoBe\u001b[2m(\u001b[22m\u001b[32mexpected\u001b[39m\u001b[2m) // Object.is equality\u001b[22m\n\n    Expected: \u001b[32m1\u001b[39m\n    Received: \u001b[31m0\u001b[39m\n\u001b[2m\u001b[22m\n\u001b[2m    \u001b[0m \u001b[90m 35 | \u001b[39m    \u001b[36mconst\u001b[39m component \u001b[33m=\u001b[39m shallow(\u001b[33m<\u001b[39m\u001b[33mChangeProfileUserImage\u001b[39m {\u001b[33m...\u001b[39mprops} \u001b[33m/\u001b[39m\u001b[33m>\u001b[39m)\u001b[33m;\u001b[39m\u001b[0m\u001b[22m\n\u001b[2m    \u001b[0m \u001b[90m 36 | \u001b[39m\u001b[0m\u001b[22m\n\u001b[2m    \u001b[0m\u001b[31m\u001b[1m>\u001b[22m\u001b[2m\u001b[39m\u001b[90m 37 | \u001b[39m    expect(component\u001b[33m.\u001b[39mfind(\u001b[32m'[data-testid=\"title-change-profile-user-image\"]'\u001b[39m)\u001b[33m.\u001b[39mlength)\u001b[33m.\u001b[39mtoBe(\u001b[35m1\u001b[39m)\u001b[33m;\u001b[39m\u001b[0m\u001b[22m\n\u001b[2m    \u001b[0m \u001b[90m    | \u001b[39m                                                                                     \u001b[31m\u001b[1m^\u001b[22m\u001b[2m\u001b[39m\u001b[0m\u001b[22m\n\u001b[2m    \u001b[0m \u001b[90m 38 | \u001b[39m    expect(component\u001b[33m.\u001b[39mfind(\u001b[32m'[data-testid=\"thumb-change-profile-user-image\"]'\u001b[39m)\u001b[33m.\u001b[39mlength)\u001b[33m.\u001b[39mtoBe(\u001b[35m1\u001b[39m)\u001b[33m;\u001b[39m\u001b[0m\u001b[22m\n\u001b[2m    \u001b[0m \u001b[90m 39 | \u001b[39m  })\u001b[33m;\u001b[39m\u001b[0m\u001b[22m\n\u001b[2m    \u001b[0m \u001b[90m 40 | \u001b[39m\u001b[0m\u001b[22m\n\u001b[2m\u001b[22m\n\u001b[2m      \u001b[2mat Object.<anonymous> (\u001b[22m\u001b[2m\u001b[0m\u001b[36msrc/components/changeProfileUserImage/__test__/ChangeProfileUserImage.test.js\u001b[39m\u001b[0m\u001b[2m:37:86)\u001b[22m\u001b[2m\u001b[22m\n","name":"/Users/pedroguia/Projects/toolkit/src/components/changeProfileUserImage/__test__/ChangeProfileUserImage.test.js","startTime":1618355052879,"status":"failed","summary":""},{"assertionResults":[{"ancestorTitles":[],"failureMessages":[],"fullName":"should exist title of auction","location":null,"status":"passed","title":"should exist title of auction"},{"ancestorTitles":[],"failureMessages":[],"fullName":"should exist section new bid and insert value equal or higher last bid and not open Modal","location":null,"status":"passed","title":"should exist section new bid and insert value equal or higher last bid and not open Modal"},{"ancestorTitles":[],"failureMessages":[],"fullName":"Insert value equal or higher last bid and open Modal","location":null,"status":"passed","title":"Insert value equal or higher last bid and open Modal"},{"ancestorTitles":[],"failureMessages":[],"fullName":"Insert value higher bid max interval ","location":null,"status":"passed","title":"Insert value higher bid max interval "},{"ancestorTitles":[],"failureMessages":[],"fullName":"simulate auction ended","location":null,"status":"passed","title":"simulate auction ended"},{"ancestorTitles":[],"failureMessages":[],"fullName":"should exist section supported with thumb and name","location":null,"status":"passed","title":"should exist section supported with thumb and name"},{"ancestorTitles":[],"failureMessages":[],"fullName":"should exist value last bid","location":null,"status":"passed","title":"should exist value last bid"}],"endTime":1618355065604,"message":"","name":"/Users/pedroguia/Projects/toolkit/src/components/auctionDetail/__tests__/AuctionDetailRigth.test.js","startTime":1618355052879,"status":"passed","summary":""},{"assertionResults":[{"ancestorTitles":["test utils functions"],"failureMessages":[],"fullName":"test utils functions should return getEmployeeName","location":null,"status":"passed","title":"should return getEmployeeName"},{"ancestorTitles":["test utils functions"],"failureMessages":[],"fullName":"test utils functions call addUrlParam to add url parameter","location":null,"status":"passed","title":"call addUrlParam to add url parameter"},{"ancestorTitles":["test utils functions"],"failureMessages":[],"fullName":"test utils functions call removeUrlParam to remove url parameter","location":null,"status":"passed","title":"call removeUrlParam to remove url parameter"},{"ancestorTitles":["test utils functions"],"failureMessages":[],"fullName":"test utils functions should return addUrlParam","location":null,"status":"passed","title":"should return addUrlParam"},{"ancestorTitles":["test utils functions"],"failureMessages":[],"fullName":"test utils functions should return array without duplicate keys","location":null,"status":"passed","title":"should return array without duplicate keys"},{"ancestorTitles":["test utils functions"],"failureMessages":[],"fullName":"test utils functions convertToMyCurrency should return value without my currency","location":null,"status":"passed","title":"convertToMyCurrency should return value without my currency"},{"ancestorTitles":["test utils functions"],"failureMessages":[],"fullName":"test utils functions convertToMyCurrency should return value with my currency","location":null,"status":"passed","title":"convertToMyCurrency should return value with my currency"},{"ancestorTitles":["test utils functions"],"failureMessages":[],"fullName":"test utils functions convertToMyCurrency should return value with my currency equal to localstorage","location":null,"status":"passed","title":"convertToMyCurrency should return value with my currency equal to localstorage"},{"ancestorTitles":["test utils functions"],"failureMessages":[],"fullName":"test utils functions getLocalStorageAuctionPrivateCode","location":null,"status":"passed","title":"getLocalStorageAuctionPrivateCode"},{"ancestorTitles":["test utils functions"],"failureMessages":[],"fullName":"test utils functions should return isCompanyAdmin","location":null,"status":"passed","title":"should return isCompanyAdmin"},{"ancestorTitles":["test utils functions"],"failureMessages":[],"fullName":"test utils functions should return if url is valid","location":null,"status":"passed","title":"should return if url is valid"},{"ancestorTitles":["test utils functions"],"failureMessages":[],"fullName":"test utils functions return object empty true or false","location":null,"status":"passed","title":"return object empty true or false"},{"ancestorTitles":["test utils functions"],"failureMessages":[],"fullName":"test utils functions should have class blink and then remove class blink","location":null,"status":"passed","title":"should have class blink and then remove class blink"},{"ancestorTitles":["test utils functions"],"failureMessages":[],"fullName":"test utils functions should return slugify url","location":null,"status":"passed","title":"should return slugify url"},{"ancestorTitles":["test utils functions"],"failureMessages":[],"fullName":"test utils functions should return url without params","location":null,"status":"passed","title":"should return url without params"},{"ancestorTitles":["test utils functions"],"failureMessages":[],"fullName":"test utils functions isObject function","location":null,"status":"passed","title":"isObject function"},{"ancestorTitles":["test utils functions"],"failureMessages":[],"fullName":"test utils functions isArray function","location":null,"status":"passed","title":"isArray function"},{"ancestorTitles":["test utils functions"],"failureMessages":[],"fullName":"test utils functions getLocalStorage function","location":null,"status":"passed","title":"getLocalStorage function"},{"ancestorTitles":["test utils functions"],"failureMessages":[],"fullName":"test utils functions removeAllButLast function","location":null,"status":"passed","title":"removeAllButLast function"}],"endTime":1618355066826,"message":"","name":"/Users/pedroguia/Projects/toolkit/src/utils/__tests__/index.test.js","startTime":1618355064804,"status":"passed","summary":""},{"assertionResults":[{"ancestorTitles":[],"failureMessages":[],"fullName":"should exist value last bid","location":null,"status":"passed","title":"should exist value last bid"},{"ancestorTitles":[],"failureMessages":[],"fullName":"should exist section new bid and insert value equal or higher last bid","location":null,"status":"passed","title":"should exist section new bid and insert value equal or higher last bid"}],"endTime":1618355067124,"message":"","name":"/Users/pedroguia/Projects/toolkit/src/components/auctionDetail/__tests__/AuctionLastBid.test.js","startTime":1618355065685,"status":"passed","summary":""},{"assertionResults":[{"ancestorTitles":["TicketsForm component"],"failureMessages":[],"fullName":"TicketsForm component renders TicketsForm correctly","location":null,"status":"passed","title":"renders TicketsForm correctly"},{"ancestorTitles":["TicketsForm component"],"failureMessages":[],"fullName":"TicketsForm component renders with add Files Button","location":null,"status":"passed","title":"renders with add Files Button"},{"ancestorTitles":["TicketsForm component"],"failureMessages":[],"fullName":"TicketsForm component renders TicketsForm with uploadedFiles","location":null,"status":"passed","title":"renders TicketsForm with uploadedFiles"},{"ancestorTitles":["TicketsForm component"],"failureMessages":[],"fullName":"TicketsForm component renders TicketsForm with Features Options","location":null,"status":"passed","title":"renders TicketsForm with Features Options"},{"ancestorTitles":["TicketsForm component"],"failureMessages":[],"fullName":"TicketsForm component renders TicketsForm with Feature Auctions","location":null,"status":"passed","title":"renders TicketsForm with Feature Auctions"},{"ancestorTitles":["TicketsForm component"],"failureMessages":[],"fullName":"TicketsForm component renders TicketsForm with Feature Crowdfunding","location":null,"status":"passed","title":"renders TicketsForm with Feature Crowdfunding"},{"ancestorTitles":["TicketsForm component"],"failureMessages":[],"fullName":"TicketsForm component renders TicketsForm with assignedDefault","location":null,"status":"passed","title":"renders TicketsForm with assignedDefault"}],"endTime":1618355068223,"message":"","name":"/Users/pedroguia/Projects/toolkit/src/components/ticketsForm/__tests__/TicketsForm.test.js","startTime":1618355065660,"status":"passed","summary":""},{"assertionResults":[{"ancestorTitles":["component DropZoneBox"],"failureMessages":[],"fullName":"component DropZoneBox renders component dropzone","location":null,"status":"passed","title":"renders component dropzone"},{"ancestorTitles":["useDropzone() hook","behavior"],"failureMessages":[],"fullName":"useDropzone() hook behavior renders the root and input nodes with the necessary props","location":null,"status":"passed","title":"renders the root and input nodes with the necessary props"},{"ancestorTitles":["useDropzone() hook","behavior"],"failureMessages":[],"fullName":"useDropzone() hook behavior sets {accept} prop on the <input>","location":null,"status":"passed","title":"sets {accept} prop on the <input>"},{"ancestorTitles":["useDropzone() hook","behavior"],"failureMessages":[],"fullName":"useDropzone() hook behavior updates {multiple} prop on the <input> when it changes","location":null,"status":"passed","title":"updates {multiple} prop on the <input> when it changes"},{"ancestorTitles":["useDropzone() hook"],"failureMessages":[],"fullName":"useDropzone() hook updates {multiple} prop on the <input> when it changes","location":null,"status":"passed","title":"updates {multiple} prop on the <input> when it changes"},{"ancestorTitles":["useDropzone() hook"],"failureMessages":[],"fullName":"useDropzone() hook terminates drags and drops on elements outside our dropzone","location":null,"status":"passed","title":"terminates drags and drops on elements outside our dropzone"},{"ancestorTitles":["useDropzone() hook"],"failureMessages":[],"fullName":"useDropzone() hook permits drags and drops on elements inside our dropzone","location":null,"status":"passed","title":"permits drags and drops on elements inside our dropzone"},{"ancestorTitles":["useDropzone() hook"],"failureMessages":[],"fullName":"useDropzone() hook should proxy the click event to the input","location":null,"status":"passed","title":"should proxy the click event to the input"},{"ancestorTitles":["useDropzone() hook"],"failureMessages":[],"fullName":"useDropzone() hook invokes callbacks for the appropriate events","location":null,"status":"passed","title":"invokes callbacks for the appropriate events"},{"ancestorTitles":["useDropzone() hook"],"failureMessages":[],"fullName":"useDropzone() hook filters files according to {maxSize}","location":null,"status":"passed","title":"filters files according to {maxSize}"},{"ancestorTitles":["useDropzone() hook"],"failureMessages":[],"fullName":"useDropzone() hook onDropRejected callback is invoked if some files are rejected","location":null,"status":"passed","title":"onDropRejected callback is invoked if some files are rejected"}],"endTime":1618355068414,"message":"","name":"/Users/pedroguia/Projects/toolkit/src/elements/dropZoneBox/__test__/DropZoneBox.test.js","startTime":1618355064981,"status":"passed","summary":""},{"assertionResults":[{"ancestorTitles":[],"failureMessages":[],"fullName":"HtmlEditor contains mui class if prop is true","location":null,"status":"passed","title":"HtmlEditor contains mui class if prop is true"},{"ancestorTitles":[],"failureMessages":[],"fullName":"HtmlEditor contains error class if prop is true","location":null,"status":"passed","title":"HtmlEditor contains error class if prop is true"},{"ancestorTitles":[],"failureMessages":[],"fullName":"HtmlEditor contains columns button if prop is true","location":null,"status":"passed","title":"HtmlEditor contains columns button if prop is true"},{"ancestorTitles":[],"failureMessages":[],"fullName":"HtmlEditor contains helper text if prop is defined","location":null,"status":"passed","title":"HtmlEditor contains helper text if prop is defined"}],"endTime":1618355069499,"message":"","name":"/Users/pedroguia/Projects/toolkit/src/components/htmlEditor/__tests__/HtmlEditor.test.js","startTime":1618355066939,"status":"passed","summary":""},{"assertionResults":[{"ancestorTitles":["CrowdfundingHeader"],"failureMessages":[],"fullName":"CrowdfundingHeader renders without crashing","location":null,"status":"passed","title":"renders without crashing"},{"ancestorTitles":["CrowdfundingHeader"],"failureMessages":[],"fullName":"CrowdfundingHeader should exist a title","location":null,"status":"passed","title":"should exist a title"},{"ancestorTitles":["CrowdfundingHeader"],"failureMessages":[],"fullName":"CrowdfundingHeader should value of crowdfunding is €60.00","location":null,"status":"passed","title":"should value of crowdfunding is €60.00"},{"ancestorTitles":["CrowdfundingHeader"],"failureMessages":[],"fullName":"CrowdfundingHeader should value of crowdfunding is €10,000.00","location":null,"status":"passed","title":"should value of crowdfunding is €10,000.00"},{"ancestorTitles":["CrowdfundingHeader"],"failureMessages":[],"fullName":"CrowdfundingHeader should exist a number of donations","location":null,"status":"passed","title":"should exist a number of donations"}],"endTime":1618355069549,"message":"","name":"/Users/pedroguia/Projects/toolkit/src/components/crowdfundingHeader/__tests__/CrowdfundingHeaderRigth.test.js","startTime":1618355067169,"status":"passed","summary":""},{"assertionResults":[{"ancestorTitles":["ProjectDetailInfo component"],"failureMessages":[],"fullName":"ProjectDetailInfo component renders ProjectDetailInfo correctly","location":null,"status":"passed","title":"renders ProjectDetailInfo correctly"},{"ancestorTitles":["ProjectDetailInfo component"],"failureMessages":[],"fullName":"ProjectDetailInfo component should show the correct amount of Question component","location":null,"status":"passed","title":"should show the correct amount of Question component"},{"ancestorTitles":["ProjectDetailInfo component"],"failureMessages":[],"fullName":"ProjectDetailInfo component should show private icon one time","location":null,"status":"passed","title":"should show private icon one time"},{"ancestorTitles":["ProjectDetailInfo component"],"failureMessages":[],"fullName":"ProjectDetailInfo component should show checkboxField if showRequestInfoView === true","location":null,"status":"passed","title":"should show checkboxField if showRequestInfoView === true"},{"ancestorTitles":["ProjectDetailInfo component"],"failureMessages":[],"fullName":"ProjectDetailInfo component should show TextareaField if question is selected","location":null,"status":"passed","title":"should show TextareaField if question is selected"}],"endTime":1618355070097,"message":"","name":"/Users/pedroguia/Projects/toolkit/src/components/projectDetailInfo/__tests__/ProjectDetailInfo.test.js","startTime":1618355068258,"status":"passed","summary":""},{"assertionResults":[{"ancestorTitles":[],"failureMessages":[],"fullName":"simulate bank account","location":null,"status":"passed","title":"simulate bank account"},{"ancestorTitles":[],"failureMessages":[],"fullName":"simulate add international bank account","location":null,"status":"passed","title":"simulate add international bank account"},{"ancestorTitles":[],"failureMessages":[],"fullName":"simulate add national bank account","location":null,"status":"passed","title":"simulate add national bank account"},{"ancestorTitles":[],"failureMessages":[],"fullName":"simulate delete international bank account show modal","location":null,"status":"passed","title":"simulate delete international bank account show modal"},{"ancestorTitles":[],"failureMessages":[],"fullName":"simulate delete natoinal bank account show modal","location":null,"status":"passed","title":"simulate delete natoinal bank account show modal"}],"endTime":1618355070278,"message":"","name":"/Users/pedroguia/Projects/toolkit/src/components/bankAccounts/__tests__/BankAccount.test.js","startTime":1618355065504,"status":"passed","summary":""},{"assertionResults":[{"ancestorTitles":["AuctionThumb"],"failureMessages":[],"fullName":"AuctionThumb renders without crashing","location":null,"status":"passed","title":"renders without crashing"},{"ancestorTitles":["AuctionThumb"],"failureMessages":[],"fullName":"AuctionThumb should exist background image","location":null,"status":"passed","title":"should exist background image"},{"ancestorTitles":["AuctionThumb"],"failureMessages":[],"fullName":"AuctionThumb should exist countdown","location":null,"status":"passed","title":"should exist countdown"},{"ancestorTitles":["AuctionThumb"],"failureMessages":[],"fullName":"AuctionThumb should appear title in english","location":null,"status":"passed","title":"should appear title in english"},{"ancestorTitles":["AuctionThumb"],"failureMessages":[],"fullName":"AuctionThumb should appear title in portuguese","location":null,"status":"passed","title":"should appear title in portuguese"},{"ancestorTitles":["AuctionThumb"],"failureMessages":[],"fullName":"AuctionThumb should last bid auction","location":null,"status":"passed","title":"should last bid auction"},{"ancestorTitles":["AuctionThumb"],"failureMessages":[],"fullName":"AuctionThumb should starting bid auction","location":null,"status":"passed","title":"should starting bid auction"},{"ancestorTitles":["AuctionThumb"],"failureMessages":[],"fullName":"AuctionThumb should raised auction","location":null,"status":"passed","title":"should raised auction"}],"endTime":1618355070362,"message":"","name":"/Users/pedroguia/Projects/toolkit/src/components/auctionThumb/__tests__/AuctionThumb.test.js","startTime":1618355068435,"status":"passed","summary":""},{"assertionResults":[{"ancestorTitles":["Giftcards component"],"failureMessages":[],"fullName":"Giftcards component renders Giftcards correctly","location":null,"status":"passed","title":"renders Giftcards correctly"}],"endTime":1618355071008,"message":"","name":"/Users/pedroguia/Projects/toolkit/src/components/giftcards/__tests__/Giftcards.test.js","startTime":1618355069549,"status":"passed","summary":""},{"assertionResults":[{"ancestorTitles":["Footer component"],"failureMessages":[],"fullName":"Footer component renders Footer correctly","location":null,"status":"passed","title":"renders Footer correctly"},{"ancestorTitles":["Footer component"],"failureMessages":[],"fullName":"Footer component renders Footer correctly with 3 items in Main Menu with lang PT","location":null,"status":"passed","title":"renders Footer correctly with 3 items in Main Menu with lang PT"},{"ancestorTitles":["Footer component"],"failureMessages":[],"fullName":"Footer component renders Footer correctly with 3 items in Main Menu with lang EN","location":null,"status":"passed","title":"renders Footer correctly with 3 items in Main Menu with lang EN"},{"ancestorTitles":["Footer component"],"failureMessages":[],"fullName":"Footer component renders Footer correctly with 4 items in Second Menu","location":null,"status":"passed","title":"renders Footer correctly with 4 items in Second Menu"},{"ancestorTitles":["Footer component"],"failureMessages":[],"fullName":"Footer component renders Footer correctly with 2 items in Bottom Menu","location":null,"status":"passed","title":"renders Footer correctly with 2 items in Bottom Menu"},{"ancestorTitles":["Footer component"],"failureMessages":[],"fullName":"Footer component renders Footer correctly with Social Icons","location":null,"status":"passed","title":"renders Footer correctly with Social Icons"},{"ancestorTitles":["Footer component"],"failureMessages":[],"fullName":"Footer component renders Footer correctly with showCurrency","location":null,"status":"passed","title":"renders Footer correctly with showCurrency"},{"ancestorTitles":["Footer component"],"failureMessages":[],"fullName":"Footer component renders Footer correctly with showCurrency","location":null,"status":"passed","title":"renders Footer correctly with showCurrency"}],"endTime":1618355071673,"message":"","name":"/Users/pedroguia/Projects/toolkit/src/components/footer/__tests__/Footer.test.js","startTime":1618355069604,"status":"passed","summary":""},{"assertionResults":[{"ancestorTitles":["AuctionsList component"],"failureMessages":[],"fullName":"AuctionsList component render AuctionsList correctly","location":null,"status":"passed","title":"render AuctionsList correctly"},{"ancestorTitles":["AuctionsList component"],"failureMessages":[],"fullName":"AuctionsList component exist title","location":null,"status":"passed","title":"exist title"},{"ancestorTitles":["AuctionsList component"],"failureMessages":[],"fullName":"AuctionsList component exist one auction thumb","location":null,"status":"passed","title":"exist one auction thumb"},{"ancestorTitles":["AuctionsList component"],"failureMessages":[],"fullName":"AuctionsList component exist button see all","location":null,"status":"passed","title":"exist button see all"}],"endTime":1618355072238,"message":"","name":"/Users/pedroguia/Projects/toolkit/src/components/auctionDetail/auctionsList/__tests__/AuctionsList.test.js","startTime":1618355070310,"status":"passed","summary":""},{"assertionResults":[{"ancestorTitles":["ProjectAddForm component"],"failureMessages":[],"fullName":"ProjectAddForm component renders ProjectAddForm correctly","location":null,"status":"passed","title":"renders ProjectAddForm correctly"},{"ancestorTitles":["ProjectAddForm component"],"failureMessages":[],"fullName":"ProjectAddForm component renders CheckboxField","location":null,"status":"passed","title":"renders CheckboxField"},{"ancestorTitles":["ProjectAddForm component"],"failureMessages":[],"fullName":"ProjectAddForm component renders CheckboxField","location":null,"status":"passed","title":"renders CheckboxField"}],"endTime":1618355072503,"message":"","name":"/Users/pedroguia/Projects/toolkit/src/components/projectAddForm/__tests__/projectAddForm.test.js","startTime":1618355070121,"status":"passed","summary":""},{"assertionResults":[{"ancestorTitles":["Post component"],"failureMessages":[],"fullName":"Post component renders Post correctly","location":null,"status":"passed","title":"renders Post correctly"}],"endTime":1618355072818,"message":"","name":"/Users/pedroguia/Projects/toolkit/src/components/post/__tests__/Post.test.js","startTime":1618355070385,"status":"passed","summary":""},{"assertionResults":[{"ancestorTitles":[],"failureMessages":[],"fullName":"simulate add auction form","location":null,"status":"passed","title":"simulate add auction form"},{"ancestorTitles":[],"failureMessages":[],"fullName":"simulate edit auction form","location":null,"status":"passed","title":"simulate edit auction form"}],"endTime":1618355072871,"message":"","name":"/Users/pedroguia/Projects/toolkit/src/components/auctionAddForm/__tests__/AuctionAddForm.test.js","startTime":1618355064043,"status":"passed","summary":""},{"assertionResults":[{"ancestorTitles":["ContributeRow"],"failureMessages":[],"fullName":"ContributeRow renders the ContributeRow component","location":null,"status":"passed","title":"renders the ContributeRow component"},{"ancestorTitles":["ContributeRow"],"failureMessages":[],"fullName":"ContributeRow With anonymous image","location":null,"status":"passed","title":"With anonymous image"},{"ancestorTitles":["ContributeRow"],"failureMessages":[],"fullName":"ContributeRow With user image","location":null,"status":"passed","title":"With user image"}],"endTime":1618355073277,"message":"","name":"/Users/pedroguia/Projects/toolkit/src/components/contributesListBox/__tests__/ContributeRow.test.js","startTime":1618355072290,"status":"passed","summary":""},{"assertionResults":[{"ancestorTitles":["ProjectDetail component"],"failureMessages":[],"fullName":"ProjectDetail component renders ProjectDetail correctly","location":null,"status":"passed","title":"renders ProjectDetail correctly"}],"endTime":1618355073319,"message":"","name":"/Users/pedroguia/Projects/toolkit/src/components/projectDetail/__tests__/ProjectDetail.test.js","startTime":1618355071030,"status":"passed","summary":""},{"assertionResults":[{"ancestorTitles":[],"failureMessages":[],"fullName":"renders children button properly","location":null,"status":"passed","title":"renders children button properly"},{"ancestorTitles":[],"failureMessages":[],"fullName":"renders without children button properly","location":null,"status":"passed","title":"renders without children button properly"},{"ancestorTitles":[],"failureMessages":[],"fullName":"simulate click on button","location":null,"status":"passed","title":"simulate click on button"}],"endTime":1618355073576,"message":"","name":"/Users/pedroguia/Projects/toolkit/src/elements/confirmModal/__tests__/ConfirmModal.test.js","startTime":1618355071781,"status":"passed","summary":""},{"assertionResults":[{"ancestorTitles":["CrowdfundingHeader"],"failureMessages":[],"fullName":"CrowdfundingHeader renders without crashing","location":null,"status":"passed","title":"renders without crashing"},{"ancestorTitles":["CrowdfundingHeader"],"failureMessages":[],"fullName":"CrowdfundingHeader should exist input donation","location":null,"status":"passed","title":"should exist input donation"},{"ancestorTitles":["CrowdfundingHeader"],"failureMessages":[],"fullName":"CrowdfundingHeader should input and button disable - soon","location":null,"status":"passed","title":"should input and button disable - soon"},{"ancestorTitles":["CrowdfundingHeader"],"failureMessages":[],"fullName":"CrowdfundingHeader should input and button disable - running","location":null,"status":"passed","title":"should input and button disable - running"},{"ancestorTitles":["CrowdfundingHeader"],"failureMessages":[],"fullName":"CrowdfundingHeader should input and button disable - ended","location":null,"status":"passed","title":"should input and button disable - ended"},{"ancestorTitles":["CrowdfundingHeader"],"failureMessages":[],"fullName":"CrowdfundingHeader should exist button donate","location":null,"status":"passed","title":"should exist button donate"}],"endTime":1618355073772,"message":"","name":"/Users/pedroguia/Projects/toolkit/src/components/crowdfundingContributeBtn/__tests__/CrowdfundingContributeBtn.test.js","startTime":1618355072583,"status":"passed","summary":""},{"assertionResults":[{"ancestorTitles":["ContributesList"],"failureMessages":[],"fullName":"ContributesList renders the ContributesList component","location":null,"status":"passed","title":"renders the ContributesList component"},{"ancestorTitles":["ContributesList"],"failureMessages":[],"fullName":"ContributesList renders the ContributesList component","location":null,"status":"passed","title":"renders the ContributesList component"},{"ancestorTitles":["ContributesList"],"failureMessages":[],"fullName":"ContributesList show link see more","location":null,"status":"passed","title":"show link see more"}],"endTime":1618355073890,"message":"","name":"/Users/pedroguia/Projects/toolkit/src/components/contributesListBox/__tests__/ContributesList.test.js","startTime":1618355073294,"status":"passed","summary":""},{"assertionResults":[{"ancestorTitles":["Comments component"],"failureMessages":[],"fullName":"Comments component renders Comments correctly","location":null,"status":"passed","title":"renders Comments correctly"},{"ancestorTitles":["Comments component"],"failureMessages":[],"fullName":"Comments component show readmore comments button","location":null,"status":"passed","title":"show readmore comments button"},{"ancestorTitles":["Comments component"],"failureMessages":[],"fullName":"Comments component show CommentHeader","location":null,"status":"passed","title":"show CommentHeader"},{"ancestorTitles":["Comments component"],"failureMessages":[],"fullName":"Comments component show CommentContent","location":null,"status":"passed","title":"show CommentContent"}],"endTime":1618355074565,"message":"","name":"/Users/pedroguia/Projects/toolkit/src/components/comments/__tests__/Comments.test.js","startTime":1618355072837,"status":"passed","summary":""},{"assertionResults":[{"ancestorTitles":[],"failureMessages":[],"fullName":"should render component ValidateTelephone and verify if exist input","location":null,"status":"passed","title":"should render component ValidateTelephone and verify if exist input"},{"ancestorTitles":[],"failureMessages":[],"fullName":"Should exist Validate button, insert phone number and appear box confirm code","location":null,"status":"passed","title":"Should exist Validate button, insert phone number and appear box confirm code"}],"endTime":1618355074587,"message":"","name":"/Users/pedroguia/Projects/toolkit/src/components/validateTelephone/__tests__/ValidateTelephone.test.js","startTime":1618355072893,"status":"passed","summary":""},{"assertionResults":[{"ancestorTitles":["CrowdfundingDescription component"],"failureMessages":[],"fullName":"CrowdfundingDescription component renders CommentContent correctly","location":null,"status":"passed","title":"renders CommentContent correctly"},{"ancestorTitles":["CrowdfundingDescription component"],"failureMessages":[],"fullName":"CrowdfundingDescription component renders ods","location":null,"status":"passed","title":"renders ods"},{"ancestorTitles":["CrowdfundingDescription component"],"failureMessages":[],"fullName":"CrowdfundingDescription component renders headers","location":null,"status":"passed","title":"renders headers"},{"ancestorTitles":["CrowdfundingDescription component"],"failureMessages":[],"fullName":"CrowdfundingDescription component renders with no ods","location":null,"status":"passed","title":"renders with no ods"}],"endTime":1618355075172,"message":"","name":"/Users/pedroguia/Projects/toolkit/src/components/crowdfundingDescription/__tests__/CrowdfundingDescription.test.js","startTime":1618355073806,"status":"passed","summary":""},{"assertionResults":[{"ancestorTitles":["DatePicker component"],"failureMessages":[],"fullName":"DatePicker component renders DatePicker correctly","location":null,"status":"passed","title":"renders DatePicker correctly"},{"ancestorTitles":["DatePicker component"],"failureMessages":[],"fullName":"DatePicker component renders DatePicker correctly with props","location":null,"status":"passed","title":"renders DatePicker correctly with props"},{"ancestorTitles":["DatePicker component"],"failureMessages":[],"fullName":"DatePicker component renders DatePicker without label","location":null,"status":"passed","title":"renders DatePicker without label"},{"ancestorTitles":["DatePicker component"],"failureMessages":[],"fullName":"DatePicker component renders DatePicker with label","location":null,"status":"passed","title":"renders DatePicker with label"},{"ancestorTitles":["DatePicker component"],"failureMessages":[],"fullName":"DatePicker component renders DatePicker with error","location":null,"status":"passed","title":"renders DatePicker with error"}],"endTime":1618355075201,"message":"","name":"/Users/pedroguia/Projects/toolkit/src/elements/datePicker/__tests__/datePicker.test.js","startTime":1618355073804,"status":"passed","summary":""},{"assertionResults":[{"ancestorTitles":["SliderImagesLanding"],"failureMessages":[],"fullName":"SliderImagesLanding renders SliderImagesLanding correctly","location":null,"status":"passed","title":"renders SliderImagesLanding correctly"},{"ancestorTitles":["SliderImagesLanding"],"failureMessages":[],"fullName":"SliderImagesLanding renders one slider component correctly","location":null,"status":"passed","title":"renders one slider component correctly"},{"ancestorTitles":["SliderImagesLanding"],"failureMessages":[],"fullName":"SliderImagesLanding renders as many images as received in props","location":null,"status":"passed","title":"renders as many images as received in props"}],"endTime":1618355075222,"message":"","name":"/Users/pedroguia/Projects/toolkit/src/components/sliderImagesLanding/__tests__/SliderImagesLanding.test.js","startTime":1618355073930,"status":"passed","summary":""},{"assertionResults":[{"ancestorTitles":["SliderImagesLightbox page"],"failureMessages":[],"fullName":"SliderImagesLightbox page renders SliderImagesLightbox correctly","location":null,"status":"passed","title":"renders SliderImagesLightbox correctly"},{"ancestorTitles":["SliderImagesLightbox page"],"failureMessages":[],"fullName":"SliderImagesLightbox page renders SliderImagesLightbox with video","location":null,"status":"passed","title":"renders SliderImagesLightbox with video"},{"ancestorTitles":["SliderImagesLightbox page"],"failureMessages":[],"fullName":"SliderImagesLightbox page renders SliderImagesLightbox with no video and one image","location":null,"status":"passed","title":"renders SliderImagesLightbox with no video and one image"},{"ancestorTitles":["SliderImagesLightbox page"],"failureMessages":[],"fullName":"SliderImagesLightbox page renders SliderImagesLightbox with one image","location":null,"status":"passed","title":"renders SliderImagesLightbox with one image"},{"ancestorTitles":["SliderImagesLightbox page"],"failureMessages":[],"fullName":"SliderImagesLightbox page renders SliderImagesLightbox with no images and no video","location":null,"status":"passed","title":"renders SliderImagesLightbox with no images and no video"}],"endTime":1618355075516,"message":"","name":"/Users/pedroguia/Projects/toolkit/src/components/sliderImagesLightbox/__tests__/SliderImagesLightbox.test.js","startTime":1618355074027,"status":"passed","summary":""},{"assertionResults":[{"ancestorTitles":["Documents component"],"failureMessages":[],"fullName":"Documents component renders Documents correctly","location":null,"status":"passed","title":"renders Documents correctly"}],"endTime":1618355075837,"message":"","name":"/Users/pedroguia/Projects/toolkit/src/components/documents/__tests__/Documents.test.js","startTime":1618355074654,"status":"passed","summary":""},{"assertionResults":[{"ancestorTitles":["CreditCardList component"],"failureMessages":[],"fullName":"CreditCardList component renders CreditCardList correctly","location":null,"status":"passed","title":"renders CreditCardList correctly"},{"ancestorTitles":["CreditCardList component"],"failureMessages":[],"fullName":"CreditCardList component renders Dropdown correctly","location":null,"status":"passed","title":"renders Dropdown correctly"}],"endTime":1618355076191,"message":"","name":"/Users/pedroguia/Projects/toolkit/src/components/creditCardList/__tests__/CreditCardList.test.js","startTime":1618355074659,"status":"passed","summary":""},{"assertionResults":[{"ancestorTitles":["Step1 component"],"failureMessages":[],"fullName":"Step1 component renders Step1 correctly","location":null,"status":"passed","title":"renders Step1 correctly"},{"ancestorTitles":["Step1 component"],"failureMessages":[],"fullName":"Step1 component renders Step1 cart empty","location":null,"status":"passed","title":"renders Step1 cart empty"}],"endTime":1618355076452,"message":"","name":"/Users/pedroguia/Projects/toolkit/src/components/checkout/step1/__tests__/Step1.test.js","startTime":1618355075276,"status":"passed","summary":""},{"assertionResults":[{"ancestorTitles":["CrowdfundingItem component"],"failureMessages":[],"fullName":"CrowdfundingItem component renders CrowdfundingItem correctly","location":null,"status":"passed","title":"renders CrowdfundingItem correctly"},{"ancestorTitles":["CrowdfundingItem component"],"failureMessages":[],"fullName":"CrowdfundingItem component renders CrowdfundingItem correctly without institution","location":null,"status":"passed","title":"renders CrowdfundingItem correctly without institution"}],"endTime":1618355076456,"message":"","name":"/Users/pedroguia/Projects/toolkit/src/components/checkout/products/__tests__/CrowdfundingItem.test.js","startTime":1618355075241,"status":"passed","summary":""},{"assertionResults":[{"ancestorTitles":["FeaturesMenu page"],"failureMessages":[],"fullName":"FeaturesMenu page renders the FeaturesMenu component","location":null,"status":"passed","title":"renders the FeaturesMenu component"},{"ancestorTitles":["FeaturesMenu page"],"failureMessages":[],"fullName":"FeaturesMenu page expect return 30-04-2020 in ending date","location":null,"status":"passed","title":"expect return 30-04-2020 in ending date"},{"ancestorTitles":["FeaturesMenu page"],"failureMessages":[],"fullName":"FeaturesMenu page expect return running class","location":null,"status":"passed","title":"expect return running class"},{"ancestorTitles":["FeaturesMenu page"],"failureMessages":[],"fullName":"FeaturesMenu page expect return soon class","location":null,"status":"passed","title":"expect return soon class"},{"ancestorTitles":["FeaturesMenu page"],"failureMessages":[],"fullName":"FeaturesMenu page expect return ended class","location":null,"status":"passed","title":"expect return ended class"},{"ancestorTitles":["FeaturesMenu page"],"failureMessages":[],"fullName":"FeaturesMenu page expect return raised value 12.00€","location":null,"status":"passed","title":"expect return raised value 12.00€"}],"endTime":1618355076665,"message":"","name":"/Users/pedroguia/Projects/toolkit/src/components/crowdfundingPrivateThumb/__tests__/CrowdfundingPrivateThumb.test.js","startTime":1618355075323,"status":"passed","summary":""},{"assertionResults":[{"ancestorTitles":["ProjectThumb component"],"failureMessages":[],"fullName":"ProjectThumb component renders ProjectThumb correctly","location":null,"status":"passed","title":"renders ProjectThumb correctly"},{"ancestorTitles":["ProjectThumb component"],"failureMessages":[],"fullName":"ProjectThumb component renders ProjectThumb ods with 2 images","location":null,"status":"passed","title":"renders ProjectThumb ods with 2 images"},{"ancestorTitles":["ProjectThumb component"],"failureMessages":[],"fullName":"ProjectThumb component renders ProjectThumb ods with more images","location":null,"status":"passed","title":"renders ProjectThumb ods with more images"},{"ancestorTitles":["ProjectThumb component"],"failureMessages":[],"fullName":"ProjectThumb component renders ProjectThumb edit button with PENDING stuts","location":null,"status":"passed","title":"renders ProjectThumb edit button with PENDING stuts"}],"endTime":1618355076982,"message":"","name":"/Users/pedroguia/Projects/toolkit/src/components/projectThumb/__tests__/ProjectThumb.test.js","startTime":1618355075862,"status":"passed","summary":""},{"assertionResults":[{"ancestorTitles":["FeaturesMenu page"],"failureMessages":[],"fullName":"FeaturesMenu page renders the FeaturesMenu component","location":null,"status":"passed","title":"renders the FeaturesMenu component"},{"ancestorTitles":["FeaturesMenu page"],"failureMessages":[],"fullName":"FeaturesMenu page expect return 30-11-2020 in ending date","location":null,"status":"passed","title":"expect return 30-11-2020 in ending date"},{"ancestorTitles":["FeaturesMenu page"],"failureMessages":[],"fullName":"FeaturesMenu page expect return running class","location":null,"status":"passed","title":"expect return running class"},{"ancestorTitles":["FeaturesMenu page"],"failureMessages":[],"fullName":"FeaturesMenu page expect return soon class","location":null,"status":"passed","title":"expect return soon class"},{"ancestorTitles":["FeaturesMenu page"],"failureMessages":[],"fullName":"FeaturesMenu page expect return ended class","location":null,"status":"passed","title":"expect return ended class"},{"ancestorTitles":["FeaturesMenu page"],"failureMessages":[],"fullName":"FeaturesMenu page expect return raised value 12.00€","location":null,"status":"passed","title":"expect return raised value 12.00€"}],"endTime":1618355077028,"message":"","name":"/Users/pedroguia/Projects/toolkit/src/components/crowdfundingThumb/__tests__/CrowdfundingThumb.test.js","startTime":1618355075569,"status":"passed","summary":""},{"assertionResults":[{"ancestorTitles":["FeaturesMenu page"],"failureMessages":[],"fullName":"FeaturesMenu page renders the FeaturesMenu component","location":null,"status":"passed","title":"renders the FeaturesMenu component"},{"ancestorTitles":["FeaturesMenu page"],"failureMessages":[],"fullName":"FeaturesMenu page expect 4 items","location":null,"status":"passed","title":"expect 4 items"}],"endTime":1618355077711,"message":"","name":"/Users/pedroguia/Projects/toolkit/src/components/featuresMenu/__tests__/FeaturesMenu.test.js","startTime":1618355076471,"status":"passed","summary":""},{"assertionResults":[{"ancestorTitles":[],"failureMessages":[],"fullName":"Error Boundary","location":null,"status":"passed","title":"Error Boundary"}],"endTime":1618355077689,"message":"","name":"/Users/pedroguia/Projects/toolkit/src/components/errorBoundary/__tests__/ErrorBoundary.test.js","startTime":1618355076240,"status":"passed","summary":""},{"assertionResults":[{"ancestorTitles":["NotificationsBell component"],"failureMessages":[],"fullName":"NotificationsBell component renders NotificationsBell correctly","location":null,"status":"passed","title":"renders NotificationsBell correctly"},{"ancestorTitles":["NotificationsBell component"],"failureMessages":[],"fullName":"NotificationsBell component should show one row","location":null,"status":"passed","title":"should show one row"},{"ancestorTitles":["NotificationsBell component"],"failureMessages":[],"fullName":"NotificationsBell component should show one undeaded","location":null,"status":"passed","title":"should show one undeaded"}],"endTime":1618355077763,"message":"","name":"/Users/pedroguia/Projects/toolkit/src/components/noticationsPage/__tests__/NotificationsMobile.test.js","startTime":1618355076851,"status":"passed","summary":""},{"assertionResults":[{"ancestorTitles":["render TextFieldCurrency"],"failureMessages":[],"fullName":"render TextFieldCurrency component renders","location":null,"status":"passed","title":"component renders"},{"ancestorTitles":["render TextFieldCurrency"],"failureMessages":[],"fullName":"render TextFieldCurrency component verify states and return value EUR formatted","location":null,"status":"passed","title":"component verify states and return value EUR formatted"},{"ancestorTitles":["render TextFieldCurrency"],"failureMessages":[],"fullName":"render TextFieldCurrency component verify states and return value USD formatted","location":null,"status":"passed","title":"component verify states and return value USD formatted"}],"endTime":1618355077784,"message":"","name":"/Users/pedroguia/Projects/toolkit/src/elements/textFieldCurrency/__tests__/TextFieldCurrency.test.js","startTime":1618355076483,"status":"passed","summary":""},{"assertionResults":[{"ancestorTitles":[],"failureMessages":[],"fullName":"simulate private auction","location":null,"status":"passed","title":"simulate private auction"},{"ancestorTitles":[],"failureMessages":[],"fullName":"should exist auction support","location":null,"status":"passed","title":"should exist auction support"},{"ancestorTitles":[],"failureMessages":[],"fullName":"should exist countdown with time","location":null,"status":"passed","title":"should exist countdown with time"},{"ancestorTitles":[],"failureMessages":[],"fullName":"should exist slide image","location":null,"status":"passed","title":"should exist slide image"},{"ancestorTitles":[],"failureMessages":[],"fullName":"should open modal bid","location":null,"status":"passed","title":"should open modal bid"},{"ancestorTitles":[],"failureMessages":[],"fullName":"should render component AuctionDetail and verify checkboxs","location":null,"status":"passed","title":"should render component AuctionDetail and verify checkboxs"},{"ancestorTitles":[],"failureMessages":[],"fullName":"should exist buttons share social media","location":null,"status":"passed","title":"should exist buttons share social media"},{"ancestorTitles":[],"failureMessages":[],"fullName":"should exist description, shipping and payment","location":null,"status":"passed","title":"should exist description, shipping and payment"},{"ancestorTitles":[],"failureMessages":[],"fullName":"should exist comment box","location":null,"status":"passed","title":"should exist comment box"},{"ancestorTitles":[],"failureMessages":[],"fullName":"should exist 2 auction thumbs in auction list","location":null,"status":"passed","title":"should exist 2 auction thumbs in auction list"},{"ancestorTitles":[],"failureMessages":[],"fullName":"should exist one project thumb","location":null,"status":"passed","title":"should exist one project thumb"}],"endTime":1618355078102,"message":"","name":"/Users/pedroguia/Projects/toolkit/src/components/auctionDetail/__tests__/AuctionDetail.test.js","startTime":1618355052879,"status":"passed","summary":""},{"assertionResults":[{"ancestorTitles":["TicketsComments component"],"failureMessages":[],"fullName":"TicketsComments component renders TicketsComments correctly","location":null,"status":"passed","title":"renders TicketsComments correctly"}],"endTime":1618355078227,"message":"","name":"/Users/pedroguia/Projects/toolkit/src/components/ticketsComments/__tests__/TicketsComments.test.js","startTime":1618355077125,"status":"passed","summary":""},{"assertionResults":[{"ancestorTitles":["Survey component"],"failureMessages":[],"fullName":"Survey component renders Survey correctly","location":null,"status":"passed","title":"renders Survey correctly"}],"endTime":1618355078259,"message":"","name":"/Users/pedroguia/Projects/toolkit/src/components/survey/__tests__/Survey.test.js","startTime":1618355077024,"status":"passed","summary":""},{"assertionResults":[{"ancestorTitles":["ChangeCurrency component"],"failureMessages":[],"fullName":"ChangeCurrency component renders ChangeCurrency correctly","location":null,"status":"passed","title":"renders ChangeCurrency correctly"},{"ancestorTitles":["ChangeCurrency component"],"failureMessages":[],"fullName":"ChangeCurrency component renders ChangeCurrency and simulates click events","location":null,"status":"passed","title":"renders ChangeCurrency and simulates click events"}],"endTime":1618355078519,"message":"","name":"/Users/pedroguia/Projects/toolkit/src/components/changeCurrency/__tests__/ChangeCurrency.test.js","startTime":1618355077757,"status":"passed","summary":""},{"assertionResults":[{"ancestorTitles":["CrowdfundingHeader"],"failureMessages":[],"fullName":"CrowdfundingHeader renders without crashing","location":null,"status":"passed","title":"renders without crashing"},{"ancestorTitles":["CrowdfundingHeader"],"failureMessages":[],"fullName":"CrowdfundingHeader renders image utrust","location":null,"status":"passed","title":"renders image utrust"},{"ancestorTitles":["CrowdfundingHeader"],"failureMessages":[],"fullName":"CrowdfundingHeader renders image utrust","location":null,"status":"passed","title":"renders image utrust"}],"endTime":1618355078644,"message":"","name":"/Users/pedroguia/Projects/toolkit/src/components/crowdfundingPaymentMethod/__tests__/CrowdfundingPaymentMethod.test.js","startTime":1618355077808,"status":"passed","summary":""},{"assertionResults":[{"ancestorTitles":["NotificationsBell component"],"failureMessages":[],"fullName":"NotificationsBell component renders NotificationsBell correctly","location":null,"status":"passed","title":"renders NotificationsBell correctly"}],"endTime":1618355078904,"message":"","name":"/Users/pedroguia/Projects/toolkit/src/components/noticationsBell/__tests__/NotificationsBell.test.js","startTime":1618355077726,"status":"passed","summary":""},{"assertionResults":[{"ancestorTitles":["Step2 component"],"failureMessages":[],"fullName":"Step2 component renders Step2 correctly","location":null,"status":"passed","title":"renders Step2 correctly"},{"ancestorTitles":["Step2 component"],"failureMessages":[],"fullName":"Step2 component renders Step2 loading","location":null,"status":"passed","title":"renders Step2 loading"}],"endTime":1618355079068,"message":"","name":"/Users/pedroguia/Projects/toolkit/src/components/checkout/step2/__tests__/Step2.test.js","startTime":1618355077780,"status":"passed","summary":""},{"assertionResults":[{"ancestorTitles":["FileInput component"],"failureMessages":[],"fullName":"FileInput component renders FileInput correctly","location":null,"status":"passed","title":"renders FileInput correctly"},{"ancestorTitles":["FileInput component"],"failureMessages":[],"fullName":"FileInput component FileInput render logo","location":null,"status":"passed","title":"FileInput render logo"},{"ancestorTitles":["FileInput component"],"failureMessages":[],"fullName":"FileInput component FileInput render cover","location":null,"status":"passed","title":"FileInput render cover"},{"ancestorTitles":["FileInput component"],"failureMessages":[],"fullName":"FileInput component FileInput render cover without background image","location":null,"status":"passed","title":"FileInput render cover without background image"},{"ancestorTitles":["FileInput component"],"failureMessages":[],"fullName":"FileInput component FileInput render cover disabled","location":null,"status":"passed","title":"FileInput render cover disabled"},{"ancestorTitles":["FileInput component"],"failureMessages":[],"fullName":"FileInput component FileInput call usestate","location":null,"status":"passed","title":"FileInput call usestate"},{"ancestorTitles":["FileInput component"],"failureMessages":[],"fullName":"FileInput component FileInput expect value hook","location":null,"status":"passed","title":"FileInput expect value hook"}],"endTime":1618355079596,"message":"","name":"/Users/pedroguia/Projects/toolkit/src/elements/fileInput/__tests__/fileInput.test.js","startTime":1618355078304,"status":"passed","summary":""},{"assertionResults":[{"ancestorTitles":["CommentPost component"],"failureMessages":[],"fullName":"CommentPost component renders CommentPost correctly","location":null,"status":"passed","title":"renders CommentPost correctly"}],"endTime":1618355079690,"message":"","name":"/Users/pedroguia/Projects/toolkit/src/components/commentPost/__tests__/CommentPost.test.js","startTime":1618355078543,"status":"passed","summary":""},{"assertionResults":[{"ancestorTitles":["Countdown"],"failureMessages":[],"fullName":"Countdown renders Countdown correctly","location":null,"status":"passed","title":"renders Countdown correctly"},{"ancestorTitles":["Countdown"],"failureMessages":[],"fullName":"Countdown calls componentWillUnmount","location":null,"status":"passed","title":"calls componentWillUnmount"},{"ancestorTitles":["Countdown"],"failureMessages":[],"fullName":"Countdown calls addLeadingZeros to add \"0\" if less than 10","location":null,"status":"passed","title":"calls addLeadingZeros to add \"0\" if less than 10"},{"ancestorTitles":["Test calculate countdown"],"failureMessages":[],"fullName":"Test calculate countdown calls calculateCountdown to ended","location":null,"status":"passed","title":"calls calculateCountdown to ended"},{"ancestorTitles":["Test calculate countdown"],"failureMessages":[],"fullName":"Test calculate countdown calls calculateCountdown to end in 1 minute","location":null,"status":"passed","title":"calls calculateCountdown to end in 1 minute"},{"ancestorTitles":["Test calculate countdown"],"failureMessages":[],"fullName":"Test calculate countdown calls calculateCountdown to end in 1 year","location":null,"status":"passed","title":"calls calculateCountdown to end in 1 year"}],"endTime":1618355079827,"message":"","name":"/Users/pedroguia/Projects/toolkit/src/components/countdown/__tests__/Countdown.test.js","startTime":1618355078136,"status":"passed","summary":""},{"assertionResults":[{"ancestorTitles":[],"failureMessages":[],"fullName":"should exist section supported with thumb, name, description and button","location":null,"status":"passed","title":"should exist section supported with thumb, name, description and button"}],"endTime":1618355079862,"message":"","name":"/Users/pedroguia/Projects/toolkit/src/components/auctionDetail/__tests__/AuctionSupport.test.js","startTime":1618355078276,"status":"passed","summary":""},{"assertionResults":[{"ancestorTitles":["ProjectFilters component"],"failureMessages":[],"fullName":"ProjectFilters component renders ProjectFilters correctly","location":null,"status":"passed","title":"renders ProjectFilters correctly"}],"endTime":1618355080297,"message":"","name":"/Users/pedroguia/Projects/toolkit/src/components/projectFilters/__tests__/ProjectFilters.test.js","startTime":1618355078928,"status":"passed","summary":""},{"assertionResults":[{"ancestorTitles":[],"failureMessages":[],"fullName":"should loading component, exist text 404 and link go back homepage ","location":null,"status":"passed","title":"should loading component, exist text 404 and link go back homepage "}],"endTime":1618355080344,"message":"","name":"/Users/pedroguia/Projects/toolkit/src/components/noMatch/__tests__/NoMatch.test.js","startTime":1618355078792,"status":"passed","summary":""},{"assertionResults":[{"ancestorTitles":["Faqs page"],"failureMessages":[],"fullName":"Faqs page renders the Faqs component","location":null,"status":"passed","title":"renders the Faqs component"},{"ancestorTitles":["Faqs page"],"failureMessages":[],"fullName":"Faqs page render FaqsTabs and FaqsItems component","location":null,"status":"passed","title":"render FaqsTabs and FaqsItems component"},{"ancestorTitles":["Faqs page"],"failureMessages":[],"fullName":"Faqs page test faq loading","location":null,"status":"passed","title":"test faq loading"},{"ancestorTitles":["Faqs page"],"failureMessages":[],"fullName":"Faqs page test faq with empty array faqs","location":null,"status":"passed","title":"test faq with empty array faqs"}],"endTime":1618355080779,"message":"","name":"/Users/pedroguia/Projects/toolkit/src/components/faqs/__tests__/Faqs.test.js","startTime":1618355079150,"status":"passed","summary":""},{"assertionResults":[{"ancestorTitles":["StatisticsBox component"],"failureMessages":[],"fullName":"StatisticsBox component renders StatisticsBoxv correctly","location":null,"status":"passed","title":"renders StatisticsBoxv correctly"},{"ancestorTitles":["StatisticsBox component"],"failureMessages":[],"fullName":"StatisticsBox component StatisticsBox component with 3 features","location":null,"status":"passed","title":"StatisticsBox component with 3 features"},{"ancestorTitles":["StatisticsBox component"],"failureMessages":[],"fullName":"StatisticsBox component StatisticsBox component without footer","location":null,"status":"passed","title":"StatisticsBox component without footer"},{"ancestorTitles":["StatisticsBox component"],"failureMessages":[],"fullName":"StatisticsBox component StatisticsBox component with 3 footer lines","location":null,"status":"passed","title":"StatisticsBox component with 3 footer lines"},{"ancestorTitles":["StatisticsBox component"],"failureMessages":[],"fullName":"StatisticsBox component StatisticsBox component with 3 footer lines and 2 Icons","location":null,"status":"passed","title":"StatisticsBox component with 3 footer lines and 2 Icons"}],"endTime":1618355081004,"message":"","name":"/Users/pedroguia/Projects/toolkit/src/components/statisticsBox/__tests__/StatisticsBox.test.js","startTime":1618355079655,"status":"passed","summary":""},{"assertionResults":[{"ancestorTitles":["ButtonGroup component"],"failureMessages":[],"fullName":"ButtonGroup component renders ButtonGroup correctly","location":null,"status":"passed","title":"renders ButtonGroup correctly"},{"ancestorTitles":["ButtonGroup component"],"failureMessages":[],"fullName":"ButtonGroup component renders the correct number of buttons","location":null,"status":"passed","title":"renders the correct number of buttons"},{"ancestorTitles":["ButtonGroup component"],"failureMessages":[],"fullName":"ButtonGroup component renders Button classes from className prop","location":null,"status":"passed","title":"renders Button classes from className prop"},{"ancestorTitles":["ButtonGroup component"],"failureMessages":[],"fullName":"ButtonGroup component renders Button classes from size prop","location":null,"status":"passed","title":"renders Button classes from size prop"}],"endTime":1618355081094,"message":"","name":"/Users/pedroguia/Projects/toolkit/src/elements/buttonGroup/__tests__/ButtonGroup.test.js","startTime":1618355080105,"status":"passed","summary":""},{"assertionResults":[{"ancestorTitles":["InstitutionListSelect component"],"failureMessages":[],"fullName":"InstitutionListSelect component renders InstitutionListSelect correctly","location":null,"status":"passed","title":"renders InstitutionListSelect correctly"}],"endTime":1618355081157,"message":"","name":"/Users/pedroguia/Projects/toolkit/src/components/institutionListSelect/__tests__/InstitutionListSelect.test.js","startTime":1618355079755,"status":"passed","summary":""},{"assertionResults":[{"ancestorTitles":["TextFieldNumber component"],"failureMessages":[],"fullName":"TextFieldNumber component renders TextFieldNumber correctly","location":null,"status":"passed","title":"renders TextFieldNumber correctly"},{"ancestorTitles":["TextFieldNumber component"],"failureMessages":[],"fullName":"TextFieldNumber component renders TextFieldNumber with label and exist component NumberFormat","location":null,"status":"passed","title":"renders TextFieldNumber with label and exist component NumberFormat"}],"endTime":1618355081264,"message":"","name":"/Users/pedroguia/Projects/toolkit/src/elements/textFieldNumber/__tests__/TextFieldNumber.test.js","startTime":1618355080391,"status":"passed","summary":""},{"assertionResults":[{"ancestorTitles":["GoogleMapsView component"],"failureMessages":[],"fullName":"GoogleMapsView component renders GoogleMapsView correctly","location":null,"status":"passed","title":"renders GoogleMapsView correctly"}],"endTime":1618355081295,"message":"","name":"/Users/pedroguia/Projects/toolkit/src/components/googleMapsView/__tests__/GoogleMapsView.test.js","startTime":1618355079850,"status":"passed","summary":""},{"assertionResults":[{"ancestorTitles":["FaqItem"],"failureMessages":[],"fullName":"FaqItem renders the FaqItem component","location":null,"status":"passed","title":"renders the FaqItem component"},{"ancestorTitles":["FaqItem"],"failureMessages":[],"fullName":"FaqItem expect one item with title and description","location":null,"status":"passed","title":"expect one item with title and description"},{"ancestorTitles":["FaqItem"],"failureMessages":[],"fullName":"FaqItem the first element is closed and click open","location":null,"status":"passed","title":"the first element is closed and click open"},{"ancestorTitles":["FaqItem"],"failureMessages":[],"fullName":"FaqItem the first element is already open and click closes","location":null,"status":"passed","title":"the first element is already open and click closes"}],"endTime":1618355081432,"message":"","name":"/Users/pedroguia/Projects/toolkit/src/components/faqs/__tests__/FaqsItem.test.js","startTime":1618355080377,"status":"passed","summary":""},{"assertionResults":[{"ancestorTitles":["TextFieldGroup component"],"failureMessages":[],"fullName":"TextFieldGroup component renders TextFieldGroup correctly","location":null,"status":"passed","title":"renders TextFieldGroup correctly"},{"ancestorTitles":["TextFieldGroup component"],"failureMessages":[],"fullName":"TextFieldGroup component renders TextFieldGroup with all string props","location":null,"status":"passed","title":"renders TextFieldGroup with all string props"},{"ancestorTitles":["TextFieldGroup component"],"failureMessages":[],"fullName":"TextFieldGroup component renders TextFieldGroup with value number","location":null,"status":"passed","title":"renders TextFieldGroup with value number"},{"ancestorTitles":["TextFieldGroup component"],"failureMessages":[],"fullName":"TextFieldGroup component renders TextFieldGroup with string error","location":null,"status":"passed","title":"renders TextFieldGroup with string error"},{"ancestorTitles":["TextFieldGroup component"],"failureMessages":[],"fullName":"TextFieldGroup component renders TextFieldGroup with message","location":null,"status":"passed","title":"renders TextFieldGroup with message"},{"ancestorTitles":["TextFieldGroup component"],"failureMessages":[],"fullName":"TextFieldGroup component renders TextFieldGroup disabled","location":null,"status":"passed","title":"renders TextFieldGroup disabled"}],"endTime":1618355081930,"message":"","name":"/Users/pedroguia/Projects/toolkit/src/elements/textFieldGroup/__tests__/TextFieldGroup.test.js","startTime":1618355080797,"status":"passed","summary":""},{"assertionResults":[{"ancestorTitles":["StripeCheckoutFormSca component"],"failureMessages":[],"fullName":"StripeCheckoutFormSca component renders StripeCheckoutFormSca correctly","location":null,"status":"passed","title":"renders StripeCheckoutFormSca correctly"}],"endTime":1618355082150,"message":"","name":"/Users/pedroguia/Projects/toolkit/src/components/stripe/__tests__/StripeCheckoutFormSca.test.js","startTime":1618355081021,"status":"passed","summary":""},{"assertionResults":[{"ancestorTitles":["Survey component"],"failureMessages":[],"fullName":"Survey component renders Survey correctly","location":null,"status":"passed","title":"renders Survey correctly"}],"endTime":1618355082200,"message":"","name":"/Users/pedroguia/Projects/toolkit/src/components/formQuestionsGenerator/__tests__/FormQuestionsGenerator.test.js","startTime":1618355081284,"status":"passed","summary":""},{"assertionResults":[{"ancestorTitles":["CustomModal component"],"failureMessages":[],"fullName":"CustomModal component renders \"CustomModal\" correctly","location":null,"status":"passed","title":"renders \"CustomModal\" correctly"},{"ancestorTitles":["CustomModal component"],"failureMessages":[],"fullName":"CustomModal component renders subtitle if prop \"subtitle\" is defined","location":null,"status":"passed","title":"renders subtitle if prop \"subtitle\" is defined"},{"ancestorTitles":["CustomModal component"],"failureMessages":[],"fullName":"CustomModal component renders footer if prop \"actionsChildren\" is defined","location":null,"status":"passed","title":"renders footer if prop \"actionsChildren\" is defined"},{"ancestorTitles":["CustomModal component"],"failureMessages":[],"fullName":"CustomModal component sets backdrop if prop \"backdrop\" is defined","location":null,"status":"passed","title":"sets backdrop if prop \"backdrop\" is defined"},{"ancestorTitles":["CustomModal component"],"failureMessages":[],"fullName":"CustomModal component sets size if prop \"size\" is defined","location":null,"status":"passed","title":"sets size if prop \"size\" is defined"},{"ancestorTitles":["CustomModal component"],"failureMessages":[],"fullName":"CustomModal component sets scrollable if prop \"scrollable\" is defined","location":null,"status":"passed","title":"sets scrollable if prop \"scrollable\" is defined"},{"ancestorTitles":["CustomModal component"],"failureMessages":[],"fullName":"CustomModal component sets show if prop \"show\" is defined","location":null,"status":"passed","title":"sets show if prop \"show\" is defined"},{"ancestorTitles":["CustomModal component"],"failureMessages":[],"fullName":"CustomModal component renders closeButton if prop \"onHide\" is defined","location":null,"status":"passed","title":"renders closeButton if prop \"onHide\" is defined"}],"endTime":1618355082282,"message":"","name":"/Users/pedroguia/Projects/toolkit/src/elements/customModal/__tests__/CustomModal.test.js","startTime":1618355081202,"status":"passed","summary":""},{"assertionResults":[{"ancestorTitles":["ShareNetwork component"],"failureMessages":[],"fullName":"ShareNetwork component render ShareNetwork correctly","location":null,"status":"passed","title":"render ShareNetwork correctly"}],"endTime":1618355082328,"message":"","name":"/Users/pedroguia/Projects/toolkit/src/components/shareNetwork/__tests__/ShareNetwork.test.js","startTime":1618355081157,"status":"passed","summary":""},{"assertionResults":[{"ancestorTitles":["TextField component"],"failureMessages":[],"fullName":"TextField component renders TextField correctly","location":null,"status":"passed","title":"renders TextField correctly"},{"ancestorTitles":["TextField component"],"failureMessages":[],"fullName":"TextField component renders TextField with field label","location":null,"status":"passed","title":"renders TextField with field label"},{"ancestorTitles":["TextField component"],"failureMessages":[],"fullName":"TextField component renders TextField with string error","location":null,"status":"passed","title":"renders TextField with string error"},{"ancestorTitles":["TextField component"],"failureMessages":[],"fullName":"TextField component renders TextField with object error","location":null,"status":"passed","title":"renders TextField with object error"},{"ancestorTitles":["TextField component"],"failureMessages":[],"fullName":"TextField component renders TextField with message","location":null,"status":"passed","title":"renders TextField with message"},{"ancestorTitles":["TextField component"],"failureMessages":[],"fullName":"TextField component renders TextField disabled","location":null,"status":"passed","title":"renders TextField disabled"},{"ancestorTitles":["TextField component"],"failureMessages":[],"fullName":"TextField component renders TextField classes from className prop","location":null,"status":"passed","title":"renders TextField classes from className prop"}],"endTime":1618355082417,"message":"","name":"/Users/pedroguia/Projects/toolkit/src/elements/textField/__tests__/TextField.test.js","startTime":1618355081321,"status":"passed","summary":""},{"assertionResults":[{"ancestorTitles":["GiftCardThumb component"],"failureMessages":[],"fullName":"GiftCardThumb component renders v correctly","location":null,"status":"passed","title":"renders v correctly"}],"endTime":1618355082778,"message":"","name":"/Users/pedroguia/Projects/toolkit/src/components/giftCardThumb/__tests__/GiftCardThumb.test.js","startTime":1618355081589,"status":"passed","summary":""},{"assertionResults":[{"ancestorTitles":["TextareaField component"],"failureMessages":[],"fullName":"TextareaField component renders TextareaField correctly","location":null,"status":"passed","title":"renders TextareaField correctly"},{"ancestorTitles":["TextareaField component"],"failureMessages":[],"fullName":"TextareaField component renders TextareaField with all string props","location":null,"status":"passed","title":"renders TextareaField with all string props"},{"ancestorTitles":["TextareaField component"],"failureMessages":[],"fullName":"TextareaField component renders TextareaField with value number","location":null,"status":"passed","title":"renders TextareaField with value number"},{"ancestorTitles":["TextareaField component"],"failureMessages":[],"fullName":"TextareaField component renders TextareaField with string error","location":null,"status":"passed","title":"renders TextareaField with string error"},{"ancestorTitles":["TextareaField component"],"failureMessages":[],"fullName":"TextareaField component renders TextareaField with message","location":null,"status":"passed","title":"renders TextareaField with message"},{"ancestorTitles":["TextareaField component"],"failureMessages":[],"fullName":"TextareaField component renders TextareaField disabled","location":null,"status":"passed","title":"renders TextareaField disabled"}],"endTime":1618355082966,"message":"","name":"/Users/pedroguia/Projects/toolkit/src/elements/textareaField/__tests__/TextareaField.test.js","startTime":1618355081967,"status":"passed","summary":""},{"assertionResults":[{"ancestorTitles":["DescriptionDetail component"],"failureMessages":[],"fullName":"DescriptionDetail component render DescriptionDetail correctly","location":null,"status":"passed","title":"render DescriptionDetail correctly"},{"ancestorTitles":["DescriptionDetail component"],"failureMessages":[],"fullName":"DescriptionDetail component exist title","location":null,"status":"passed","title":"exist title"},{"ancestorTitles":["DescriptionDetail component"],"failureMessages":[],"fullName":"DescriptionDetail component exist description","location":null,"status":"passed","title":"exist description"},{"ancestorTitles":["DescriptionDetail component"],"failureMessages":[],"fullName":"DescriptionDetail component exist button show more","location":null,"status":"passed","title":"exist button show more"}],"endTime":1618355083137,"message":"","name":"/Users/pedroguia/Projects/toolkit/src/components/descriptionDetail/__tests__/DescriptionDetail.test.js","startTime":1618355082162,"status":"passed","summary":""},{"assertionResults":[{"ancestorTitles":["CommentHeader component"],"failureMessages":[],"fullName":"CommentHeader component renders CommentCoCommentHeaderntent correctly","loc
[...]
"CheckboxField component"],"failureMessages":[],"fullName":"CheckboxField component renders CheckboxField with input not checked","location":null,"status":"passed","title":"renders CheckboxField with input not checked"},{"ancestorTitles":["CheckboxField component"],"failureMessages":[],"fullName":"CheckboxField component renders CheckboxField with string error","location":null,"status":"passed","title":"renders CheckboxField with string error"},{"ancestorTitles":["CheckboxField component"],"failureMessages":[],"fullName":"CheckboxField component renders TextField disabled","location":null,"status":"passed","title":"renders TextField disabled"}],"endTime":1618355083441,"message":"","name":"/Users/pedroguia/Projects/toolkit/src/elements/checkboxField/__tests__/CheckboxField.test.js","startTime":1618355082796,"status":"passed","summary":""},{"assertionResults":[{"ancestorTitles":["SelectPerPage component"],"failureMessages":[],"fullName":"SelectPerPage component renders SelectPerPage correctly","location":null,"status":"passed","title":"renders SelectPerPage correctly"},{"ancestorTitles":["SelectPerPage component"],"failureMessages":[],"fullName":"SelectPerPage component renders the correct number of options if prop is used","location":null,"status":"passed","title":"renders the correct number of options if prop is used"}],"endTime":1618355083466,"message":"","name":"/Users/pedroguia/Projects/toolkit/src/elements/selectPerPage/__tests__/SelectPerPage.test.js","startTime":1618355082460,"status":"passed","summary":""},{"assertionResults":[{"ancestorTitles":["Button component"],"failureMessages":[],"fullName":"Button component renders Button correctly","location":null,"status":"passed","title":"renders Button correctly"},{"ancestorTitles":["Button component"],"failureMessages":[],"fullName":"Button component renders Button with prop extraClass","location":null,"status":"passed","title":"renders Button with prop extraClass"},{"ancestorTitles":["Button component"],"failureMessages":[],"fullName":"Button component renders Button with prop onClick","location":null,"status":"passed","title":"renders Button with prop onClick"},{"ancestorTitles":["Button component"],"failureMessages":[],"fullName":"Button component renders Button with prop href","location":null,"status":"passed","title":"renders Button with prop href"},{"ancestorTitles":["Button component"],"failureMessages":[],"fullName":"Button component renders Button with prop link","location":null,"status":"passed","title":"renders Button with prop link"},{"ancestorTitles":["Button component"],"failureMessages":[],"fullName":"Button component renders Button classes from className prop","location":null,"status":"passed","title":"renders Button classes from className prop"},{"ancestorTitles":["Button component"],"failureMessages":[],"fullName":"Button component renders Button icon prop","location":null,"status":"passed","title":"renders Button icon prop"},{"ancestorTitles":["Button component"],"failureMessages":[],"fullName":"Button component renders Button classes from rounded prop","location":null,"status":"passed","title":"renders Button classes from rounded prop"},{"ancestorTitles":["Button component"],"failureMessages":[],"fullName":"Button component renders Button classes from fullWidth prop","location":null,"status":"passed","title":"renders Button classes from fullWidth prop"},{"ancestorTitles":["Button component"],"failureMessages":[],"fullName":"Button component renders Button classes from disabled prop","location":null,"status":"passed","title":"renders Button classes from disabled prop"},{"ancestorTitles":["Button component"],"failureMessages":[],"fullName":"Button component renders Button classes from size prop","location":null,"status":"passed","title":"renders Button classes from size prop"}],"endTime":1618355083582,"message":"","name":"/Users/pedroguia/Projects/toolkit/src/elements/button/__tests__/Button.test.js","startTime":1618355082534,"status":"passed","summary":""},{"assertionResults":[{"ancestorTitles":["CookiesMessage component"],"failureMessages":[],"fullName":"CookiesMessage component renders CookiesMessage correctly","location":null,"status":"passed","title":"renders CookiesMessage correctly"}],"endTime":1618355083781,"message":"","name":"/Users/pedroguia/Projects/toolkit/src/components/cookiesMessage/__tests__/CookiesMessage.test.js","startTime":1618355083008,"status":"passed","summary":""},{"assertionResults":[{"ancestorTitles":["CrowdfundingProgressBar"],"failureMessages":[],"fullName":"CrowdfundingProgressBar render without crash","location":null,"status":"passed","title":"render without crash"},{"ancestorTitles":["CrowdfundingProgressBar"],"failureMessages":[],"fullName":"CrowdfundingProgressBar Progress bar with values","location":null,"status":"passed","title":"Progress bar with values"},{"ancestorTitles":["CrowdfundingProgressBar"],"failureMessages":[],"fullName":"CrowdfundingProgressBar Progress bar without values","location":null,"status":"passed","title":"Progress bar without values"},{"ancestorTitles":["CrowdfundingProgressBar"],"failureMessages":[],"fullName":"CrowdfundingProgressBar % Progress bar","location":null,"status":"passed","title":"% Progress bar"}],"endTime":1618355083913,"message":"","name":"/Users/pedroguia/Projects/toolkit/src/components/crowdfundingProgressBar/__tests__/CrowdfundingProgressBar.test.js","startTime":1618355083247,"status":"passed","summary":""},{"assertionResults":[{"ancestorTitles":["ChangeLanguage component"],"failureMessages":[],"fullName":"ChangeLanguage component renders ChangeLanguage correctly","location":null,"status":"passed","title":"renders ChangeLanguage correctly"},{"ancestorTitles":["ChangeLanguage component"],"failureMessages":[],"fullName":"ChangeLanguage component renders ChangeLanguage and check if Icon exists and have all props","location":null,"status":"passed","title":"renders ChangeLanguage and check if Icon exists and have all props"},{"ancestorTitles":["ChangeLanguage component"],"failureMessages":[],"fullName":"ChangeLanguage component renders ChangeLanguage and check how many buttons have","location":null,"status":"passed","title":"renders ChangeLanguage and check how many buttons have"},{"ancestorTitles":["ChangeLanguage component"],"failureMessages":[],"fullName":"ChangeLanguage component renders ChangeLanguage and simulates click events","location":null,"status":"passed","title":"renders ChangeLanguage and simulates click events"}],"endTime":1618355083984,"message":"","name":"/Users/pedroguia/Projects/toolkit/src/components/changeLanguage/__tests__/ChangeLanguage.test.js","startTime":1618355083348,"status":"passed","summary":""},{"assertionResults":[{"ancestorTitles":["ContributesListBox"],"failureMessages":[],"fullName":"ContributesListBox renders the CrowdfundingContributesListBox component","location":null,"status":"passed","title":"renders the CrowdfundingContributesListBox component"},{"ancestorTitles":["ContributesListBox"],"failureMessages":[],"fullName":"ContributesListBox should show loading","location":null,"status":"passed","title":"should show loading"},{"ancestorTitles":["ContributesListBox"],"failureMessages":[],"fullName":"ContributesListBox should render ContributesList","location":null,"status":"passed","title":"should render ContributesList"}],"endTime":1618355083985,"message":"","name":"/Users/pedroguia/Projects/toolkit/src/components/contributesListBox/__tests__/ContributesListBox.test.js","startTime":1618355083155,"status":"passed","summary":""},{"assertionResults":[{"ancestorTitles":["InviteLink component"],"failureMessages":[],"fullName":"InviteLink component renders InviteLink correctly","location":null,"status":"passed","title":"renders InviteLink correctly"}],"endTime":1618355084211,"message":"","name":"/Users/pedroguia/Projects/toolkit/src/components/inviteLink/__tests__/InviteLink.test.js","startTime":1618355083477,"status":"passed","summary":""},{"assertionResults":[{"ancestorTitles":["FaqsTabs component"],"failureMessages":[],"fullName":"FaqsTabs component renders the Tabs component","location":null,"status":"passed","title":"renders the Tabs component"},{"ancestorTitles":["FaqsTabs component"],"failureMessages":[],"fullName":"FaqsTabs component expect length Tabs","location":null,"status":"passed","title":"expect length Tabs"},{"ancestorTitles":["FaqsTabs component"],"failureMessages":[],"fullName":"FaqsTabs component expect Tab Users active","location":null,"status":"passed","title":"expect Tab Users active"},{"ancestorTitles":["FaqsTabs component"],"failureMessages":[],"fullName":"FaqsTabs component expect Tab type is tab.type === type","location":null,"status":"passed","title":"expect Tab type is tab.type === type"}],"endTime":1618355084256,"message":"","name":"/Users/pedroguia/Projects/toolkit/src/components/faqs/__tests__/FaqsTabs.test.js","startTime":1618355083513,"status":"passed","summary":""},{"assertionResults":[{"ancestorTitles":["SocialNetworks component"],"failureMessages":[],"fullName":"SocialNetworks component renders SocialNetworks correctly","location":null,"status":"passed","title":"renders SocialNetworks correctly"},{"ancestorTitles":["SocialNetworks component"],"failureMessages":[],"fullName":"SocialNetworks component renders SocialNetworks and check if Icon exists","location":null,"status":"passed","title":"renders SocialNetworks and check if Icon exists"},{"ancestorTitles":["SocialNetworks component"],"failureMessages":[],"fullName":"SocialNetworks component renders SocialNetworks and check title","location":null,"status":"passed","title":"renders SocialNetworks and check title"},{"ancestorTitles":["SocialNetworks component"],"failureMessages":[],"fullName":"SocialNetworks component renders SocialNetworks and check without title","location":null,"status":"passed","title":"renders SocialNetworks and check without title"}],"endTime":1618355084356,"message":"","name":"/Users/pedroguia/Projects/toolkit/src/components/socialNetworks/__tests__/SocialNetworks.test.js","startTime":1618355083599,"status":"passed","summary":""},{"assertionResults":[{"ancestorTitles":["LightboxGallery component"],"failureMessages":[],"fullName":"LightboxGallery component renders LightboxGallery correctly","location":null,"status":"passed","title":"renders LightboxGallery correctly"},{"ancestorTitles":["LightboxGallery component"],"failureMessages":[],"fullName":"LightboxGallery component renders LightboxGallery with no images","location":null,"status":"passed","title":"renders LightboxGallery with no images"},{"ancestorTitles":["LightboxGallery component"],"failureMessages":[],"fullName":"LightboxGallery component renders LightboxGallery images","location":null,"status":"passed","title":"renders LightboxGallery images"}],"endTime":1618355084504,"message":"","name":"/Users/pedroguia/Projects/toolkit/src/components/lightboxGallery/__tests__/LightboxGallery.test.js","startTime":1618355083799,"status":"passed","summary":""},{"assertionResults":[{"ancestorTitles":["SelectField component"],"failureMessages":[],"fullName":"SelectField component renders SelectField correctly","location":null,"status":"passed","title":"renders SelectField correctly"},{"ancestorTitles":["SelectField component"],"failureMessages":[],"fullName":"SelectField component renders SelectField with all string props","location":null,"status":"passed","title":"renders SelectField with all string props"},{"ancestorTitles":["SelectField component"],"failureMessages":[],"fullName":"SelectField component renders SelectField with selectText","location":null,"status":"passed","title":"renders SelectField with selectText"},{"ancestorTitles":["SelectField component"],"failureMessages":[],"fullName":"SelectField component renders SelectField without selectText","location":null,"status":"passed","title":"renders SelectField without selectText"},{"ancestorTitles":["SelectField component"],"failureMessages":[],"fullName":"SelectField component renders SelectField with disabled options","location":null,"status":"passed","title":"renders SelectField with disabled options"},{"ancestorTitles":["SelectField component"],"failureMessages":[],"fullName":"SelectField component renders SelectField with error class","location":null,"status":"passed","title":"renders SelectField with error class"}],"endTime":1618355084576,"message":"","name":"/Users/pedroguia/Projects/toolkit/src/elements/selectField/__tests__/SelectField.test.js","startTime":1618355084000,"status":"passed","summary":""},{"assertionResults":[{"ancestorTitles":["Loading component"],"failureMessages":[],"fullName":"Loading component renders Loading correctly","location":null,"status":"passed","title":"renders Loading correctly"},{"ancestorTitles":["Loading component"],"failureMessages":[],"fullName":"Loading component renders Loading with prop loadingClass","location":null,"status":"passed","title":"renders Loading with prop loadingClass"},{"ancestorTitles":["Loading component"],"failureMessages":[],"fullName":"Loading component renders Loading with prop message","location":null,"status":"passed","title":"renders Loading with prop message"},{"ancestorTitles":["Loading component"],"failureMessages":[],"fullName":"Loading component renders Loading with prop curtain","location":null,"status":"passed","title":"renders Loading with prop curtain"}],"endTime":1618355084585,"message":"","name":"/Users/pedroguia/Projects/toolkit/src/components/loading/__tests__/Loading.test.js","startTime":1618355084001,"status":"passed","summary":""},{"assertionResults":[{"ancestorTitles":["CheckboxField component"],"failureMessages":[],"fullName":"CheckboxField component renders CheckboxField correctly","location":null,"status":"passed","title":"renders CheckboxField correctly"},{"ancestorTitles":["CheckboxField component"],"failureMessages":[],"fullName":"CheckboxField component renders CheckboxField with input checked","location":null,"status":"passed","title":"renders CheckboxField with input checked"},{"ancestorTitles":["CheckboxField component"],"failureMessages":[],"fullName":"CheckboxField component renders CheckboxField with input not checked","location":null,"status":"passed","title":"renders CheckboxField with input not checked"},{"ancestorTitles":["CheckboxField component"],"failureMessages":[],"fullName":"CheckboxField component renders CheckboxField with string error","location":null,"status":"passed","title":"renders CheckboxField with string error"},{"ancestorTitles":["CheckboxField component"],"failureMessages":[],"fullName":"CheckboxField component renders TextField disabled","location":null,"status":"passed","title":"renders TextField disabled"},{"ancestorTitles":["CheckboxField component"],"failureMessages":[],"fullName":"CheckboxField component renders TextField message","location":null,"status":"passed","title":"renders TextField message"}],"endTime":1618355084643,"message":"","name":"/Users/pedroguia/Projects/toolkit/src/elements/radioField/__tests__/RadioField.test.js","startTime":1618355084061,"status":"passed","summary":""},{"assertionResults":[{"ancestorTitles":["Dropdown component"],"failureMessages":[],"fullName":"Dropdown component renders Dropdown correctly","location":null,"status":"passed","title":"renders Dropdown correctly"},{"ancestorTitles":["Dropdown component"],"failureMessages":[],"fullName":"Dropdown component renders the correct number of options","location":null,"status":"passed","title":"renders the correct number of options"}],"endTime":1618355084761,"message":"","name":"/Users/pedroguia/Projects/toolkit/src/components/htmlEditor/__tests__/Dropdown.test.js","startTime":1618355084271,"status":"passed","summary":""},{"assertionResults":[{"ancestorTitles":["ReadMoreText component"],"failureMessages":[],"fullName":"ReadMoreText component renders ReadMoreText correctly","location":null,"status":"passed","title":"renders ReadMoreText correctly"}],"endTime":1618355084899,"message":"","name":"/Users/pedroguia/Projects/toolkit/src/components/readMoreText/__tests__/ReadMoreText.test.js","startTime":1618355084283,"status":"passed","summary":""},{"assertionResults":[{"ancestorTitles":["CheckboxImage component"],"failureMessages":[],"fullName":"CheckboxImage component renders CheckboxImage correctly","location":null,"status":"passed","title":"renders CheckboxImage correctly"},{"ancestorTitles":["CheckboxImage component"],"failureMessages":[],"fullName":"CheckboxImage component renders CheckboxImage with input checked","location":null,"status":"passed","title":"renders CheckboxImage with input checked"},{"ancestorTitles":["CheckboxImage component"],"failureMessages":[],"fullName":"CheckboxImage component renders CheckboxImage with input not checked","location":null,"status":"passed","title":"renders CheckboxImage with input not checked"},{"ancestorTitles":["CheckboxImage component"],"failureMessages":[],"fullName":"CheckboxImage component renders TextField disabled","location":null,"status":"passed","title":"renders TextField disabled"}],"endTime":1618355085019,"message":"","name":"/Users/pedroguia/Projects/toolkit/src/elements/checkboxImage/__tests__/CheckboxImage.test.js","startTime":1618355084520,"status":"passed","summary":""},{"assertionResults":[{"ancestorTitles":["CommentContent component"],"failureMessages":[],"fullName":"CommentContent component renders CommentContent correctly","location":null,"status":"passed","title":"renders CommentContent correctly"},{"ancestorTitles":["CommentContent component"],"failureMessages":[],"fullName":"CommentContent component renders CommentContent with 2 text lines","location":null,"status":"passed","title":"renders CommentContent with 2 text lines"}],"endTime":1618355085063,"message":"","name":"/Users/pedroguia/Projects/toolkit/src/components/comments/__tests__/CommentContent.test.js","startTime":1618355084601,"status":"passed","summary":""},{"assertionResults":[{"ancestorTitles":["HeartSeparator component"],"failureMessages":[],"fullName":"HeartSeparator component renders HeartSeparator correctly","location":null,"status":"passed","title":"renders HeartSeparator correctly"}],"endTime":1618355085070,"message":"","name":"/Users/pedroguia/Projects/toolkit/src/components/heartSeparator/__tests__/HeartSeparator.test.js","startTime":1618355084374,"status":"passed","summary":""},{"assertionResults":[{"ancestorTitles":["ConvertToMyTimezone component"],"failureMessages":[],"fullName":"ConvertToMyTimezone component renders ConvertToMyTimezone correctly","location":null,"status":"passed","title":"renders ConvertToMyTimezone correctly"}],"endTime":1618355085079,"message":"","name":"/Users/pedroguia/Projects/toolkit/src/components/convertToMyTimezone/__test__/ConvertToMyTimezone.test.js","startTime":1618355084606,"status":"passed","summary":""},{"assertionResults":[{"ancestorTitles":["Icon component"],"failureMessages":[],"fullName":"Icon component renders Icon correctly","location":null,"status":"passed","title":"renders Icon correctly"},{"ancestorTitles":["Icon component"],"failureMessages":[],"fullName":"Icon component renders Icon with prop iconClass","location":null,"status":"passed","title":"renders Icon with prop iconClass"},{"ancestorTitles":["Icon component"],"failureMessages":[],"fullName":"Icon component renders Icon with prop style","location":null,"status":"passed","title":"renders Icon with prop style"}],"endTime":1618355085111,"message":"","name":"/Users/pedroguia/Projects/toolkit/src/components/icon/__tests__/Icon.test.js","startTime":1618355084657,"status":"passed","summary":""},{"assertionResults":[{"ancestorTitles":["BoxInfo component"],"failureMessages":[],"fullName":"BoxInfo component renders BoxInfo correctly","location":null,"status":"passed","title":"renders BoxInfo correctly"}],"endTime":1618355085176,"message":"","name":"/Users/pedroguia/Projects/toolkit/src/components/boxInfo/__tests__/BoxInfo.test.js","startTime":1618355084776,"status":"passed","summary":""}],"wasInterrupted":false}