<?xml version="1.0" encoding="UTF-8"?>
<coverage generated="1659088533531" clover="3.2.0">
  <project timestamp="1659088533531" name="All files">
    <metrics statements="64" coveredstatements="44" conditionals="63" coveredconditionals="31" methods="17" coveredmethods="7" elements="144" coveredelements="82" complexity="0" loc="64" ncloc="64" packages="8" files="17" classes="17"/>
    <package name="__customQueries__">
      <metrics statements="17" coveredstatements="13" conditionals="2" coveredconditionals="2" methods="7" coveredmethods="2"/>
      <file name="queryByClass.js" path="C:\Projects\toolkit\__customQueries__\queryByClass.js">
        <metrics statements="6" coveredstatements="4" conditionals="0" coveredconditionals="0" methods="3" coveredmethods="1"/>
        <line num="3" count="17" type="stmt"/>
        <line num="5" count="1" type="stmt"/>
        <line num="6" count="0" type="stmt"/>
        <line num="7" count="1" type="stmt"/>
        <line num="8" count="0" type="stmt"/>
        <line num="10" count="1" type="stmt"/>
      </file>
      <file name="queryById.js" path="C:\Projects\toolkit\__customQueries__\queryById.js">
        <metrics statements="6" coveredstatements="4" conditionals="0" coveredconditionals="0" methods="3" coveredmethods="0"/>
        <line num="3" count="1" type="stmt"/>
        <line num="5" count="1" type="stmt"/>
        <line num="6" count="0" type="stmt"/>
        <line num="7" count="1" type="stmt"/>
        <line num="8" count="0" type="stmt"/>
        <line num="10" count="1" type="stmt"/>
      </file>
      <file name="test-utils.js" path="C:\Projects\toolkit\__customQueries__\test-utils.js">
        <metrics statements="5" coveredstatements="5" conditionals="2" coveredconditionals="2" methods="1" coveredmethods="1"/>
        <line num="8" count="1" type="stmt"/>
        <line num="10" count="1" type="cond" truecount="2" falsecount="0"/>
        <line num="11" count="1" type="stmt"/>
        <line num="16" count="1" type="stmt"/>
        <line num="17" count="4" type="stmt"/>
      </file>
    </package>
    <package name="src.elements.badge">
      <metrics statements="4" coveredstatements="1" conditionals="20" coveredconditionals="0" methods="1" coveredmethods="0"/>
      <file name="Badge.tsx" path="C:\Projects\toolkit\src\elements\badge\Badge.tsx">
        <metrics statements="4" coveredstatements="1" conditionals="20" coveredconditionals="0" methods="1" coveredmethods="0"/>
        <line num="7" count="1" type="stmt"/>
        <line num="22" count="0" type="stmt"/>
        <line num="23" count="0" type="stmt"/>
        <line num="36" count="0" type="stmt"/>
      </file>
      <file name="index.ts" path="C:\Projects\toolkit\src\elements\badge\index.ts">
        <metrics statements="0" coveredstatements="0" conditionals="0" coveredconditionals="0" methods="0" coveredmethods="0"/>
      </file>
    </package>
    <package name="src.elements.icon">
      <metrics statements="8" coveredstatements="3" conditionals="3" coveredconditionals="0" methods="2" coveredmethods="0"/>
      <file name="Icon.tsx" path="C:\Projects\toolkit\src\elements\icon\Icon.tsx">
        <metrics statements="8" coveredstatements="3" conditionals="3" coveredconditionals="0" methods="2" coveredmethods="0"/>
        <line num="7" count="1" type="stmt"/>
        <line num="9" count="1" type="stmt"/>
        <line num="16" count="1" type="stmt"/>
        <line num="25" count="0" type="stmt"/>
        <line num="27" count="0" type="stmt"/>
        <line num="28" count="0" type="stmt"/>
        <line num="30" count="0" type="stmt"/>
        <line num="33" count="0" type="stmt"/>
      </file>
      <file name="index.js" path="C:\Projects\toolkit\src\elements\icon\index.js">
        <metrics statements="0" coveredstatements="0" conditionals="0" coveredconditionals="0" methods="0" coveredmethods="0"/>
      </file>
    </package>
    <package name="src.elements.inputLabel">
      <metrics statements="5" coveredstatements="5" conditionals="10" coveredconditionals="9" methods="1" coveredmethods="1"/>
      <file name="InputLabel.jsx" path="C:\Projects\toolkit\src\elements\inputLabel\InputLabel.jsx">
        <metrics statements="5" coveredstatements="5" conditionals="10" coveredconditionals="9" methods="1" coveredmethods="1"/>
        <line num="8" count="1" type="stmt"/>
        <line num="20" count="1" type="stmt"/>
        <line num="21" count="1" type="stmt"/>
        <line num="23" count="1" type="stmt"/>
        <line num="47" count="1" type="stmt"/>
      </file>
      <file name="index.js" path="C:\Projects\toolkit\src\elements\inputLabel\index.js">
        <metrics statements="0" coveredstatements="0" conditionals="0" coveredconditionals="0" methods="0" coveredmethods="0"/>
      </file>
    </package>
    <package name="src.elements.thumbnail">
      <metrics statements="17" coveredstatements="13" conditionals="15" coveredconditionals="15" methods="3" coveredmethods="2"/>
      <file name="Thumbnail.stories.tsx" path="C:\Projects\toolkit\src\elements\thumbnail\Thumbnail.stories.tsx">
        <metrics statements="8" coveredstatements="8" conditionals="0" coveredconditionals="0" methods="1" coveredmethods="1"/>
        <line num="14" count="1" type="stmt"/>
        <line num="15" count="4" type="stmt"/>
        <line num="20" count="1" type="stmt"/>
        <line num="21" count="1" type="stmt"/>
        <line num="22" count="1" type="stmt"/>
        <line num="24" count="1" type="stmt"/>
        <line num="34" count="1" type="stmt"/>
        <line num="44" count="1" type="stmt"/>
      </file>
      <file name="Thumbnail.tsx" path="C:\Projects\toolkit\src\elements\thumbnail\Thumbnail.tsx">
        <metrics statements="9" coveredstatements="5" conditionals="15" coveredconditionals="15" methods="2" coveredmethods="1"/>
        <line num="9" count="1" type="stmt"/>
        <line num="11" count="1" type="stmt"/>
        <line num="20" count="4" type="cond" truecount="2" falsecount="0"/>
        <line num="22" count="4" type="stmt"/>
        <line num="23" count="0" type="stmt"/>
        <line num="24" count="0" type="stmt"/>
        <line num="25" count="0" type="stmt"/>
        <line num="26" count="0" type="stmt"/>
        <line num="29" count="4" type="stmt"/>
      </file>
    </package>
    <package name="src.elements.tooltip">
      <metrics statements="4" coveredstatements="1" conditionals="7" coveredconditionals="0" methods="1" coveredmethods="0"/>
      <file name="Tooltip.tsx" path="C:\Projects\toolkit\src\elements\tooltip\Tooltip.tsx">
        <metrics statements="4" coveredstatements="1" conditionals="7" coveredconditionals="0" methods="1" coveredmethods="0"/>
        <line num="6" count="1" type="stmt"/>
        <line num="18" count="0" type="stmt"/>
        <line num="24" count="0" type="stmt"/>
        <line num="26" count="0" type="stmt"/>
      </file>
      <file name="index.ts" path="C:\Projects\toolkit\src\elements\tooltip\index.ts">
        <metrics statements="0" coveredstatements="0" conditionals="0" coveredconditionals="0" methods="0" coveredmethods="0"/>
      </file>
    </package>
    <package name="src.utils.getEnvVar">
      <metrics statements="2" coveredstatements="2" conditionals="3" coveredconditionals="3" methods="1" coveredmethods="1"/>
      <file name="getEnvVar.ts" path="C:\Projects\toolkit\src\utils\getEnvVar\getEnvVar.ts">
        <metrics statements="2" coveredstatements="2" conditionals="3" coveredconditionals="3" methods="1" coveredmethods="1"/>
        <line num="7" count="1" type="stmt"/>
        <line num="8" count="1" type="cond" truecount="3" falsecount="0"/>
      </file>
      <file name="index.ts" path="C:\Projects\toolkit\src\utils\getEnvVar\index.ts">
        <metrics statements="0" coveredstatements="0" conditionals="0" coveredconditionals="0" methods="0" coveredmethods="0"/>
      </file>
    </package>
    <package name="src.utils.validateImageSrc">
      <metrics statements="7" coveredstatements="6" conditionals="3" coveredconditionals="2" methods="1" coveredmethods="1"/>
      <file name="index.ts" path="C:\Projects\toolkit\src\utils\validateImageSrc\index.ts">
        <metrics statements="0" coveredstatements="0" conditionals="0" coveredconditionals="0" methods="0" coveredmethods="0"/>
      </file>
      <file name="validateImageSrc.ts" path="C:\Projects\toolkit\src\utils\validateImageSrc\validateImageSrc.ts">
        <metrics statements="7" coveredstatements="6" conditionals="3" coveredconditionals="2" methods="1" coveredmethods="1"/>
        <line num="3" count="1" type="cond" truecount="1" falsecount="0"/>
        <line num="4" count="3" type="stmt"/>
        <line num="5" count="3" type="stmt"/>
        <line num="7" count="3" type="stmt"/>
        <line num="8" count="3" type="cond" truecount="1" falsecount="1"/>
        <line num="9" count="0" type="stmt"/>
        <line num="12" count="3" type="stmt"/>
      </file>
    </package>
  </project>
</coverage>
