{"C:\\Projects\\toolkit\\src\\components\\auctionAddForm\\index.js": {"path":"C:\\Projects\\toolkit\\src\\components\\auctionAddForm\\index.js","statementMap":{"0":{"start":{"line":32,"column":0},"end":{"line":32,"column":25}},"1":{"start":{"line":33,"column":0},"end":{"line":33,"column":25}},"2":{"start":{"line":41,"column":23},"end":{"line":1383,"column":1}},"3":{"start":{"line":77,"column":18},"end":{"line":77,"column":60}},"4":{"start":{"line":78,"column":24},"end":{"line":78,"column":83}},"5":{"start":{"line":78,"column":50},"end":{"line":78,"column":76}},"6":{"start":{"line":79,"column":22},"end":{"line":79,"column":89}},"7":{"start":{"line":79,"column":57},"end":{"line":79,"column":81}},"8":{"start":{"line":80,"column":26},"end":{"line":105,"column":4}},"9":{"start":{"line":106,"column":38},"end":{"line":117,"column":4}},"10":{"start":{"line":118,"column":30},"end":{"line":118,"column":42}},"11":{"start":{"line":119,"column":32},"end":{"line":119,"column":62}},"12":{"start":{"line":120,"column":34},"end":{"line":120,"column":49}},"13":{"start":{"line":121,"column":40},"end":{"line":121,"column":51}},"14":{"start":{"line":122,"column":78},"end":{"line":122,"column":93}},"15":{"start":{"line":123,"column":50},"end":{"line":123,"column":62}},"16":{"start":{"line":124,"column":68},"end":{"line":124,"column":80}},"17":{"start":{"line":125,"column":56},"end":{"line":125,"column":68}},"18":{"start":{"line":126,"column":52},"end":{"line":126,"column":66}},"19":{"start":{"line":127,"column":50},"end":{"line":127,"column":62}},"20":{"start":{"line":128,"column":38},"end":{"line":128,"column":50}},"21":{"start":{"line":129,"column":38},"end":{"line":129,"column":50}},"22":{"start":{"line":130,"column":48},"end":{"line":130,"column":63}},"23":{"start":{"line":131,"column":48},"end":{"line":131,"column":63}},"24":{"start":{"line":132,"column":39},"end":{"line":132,"column":54}},"25":{"start":{"line":133,"column":54},"end":{"line":133,"column":69}},"26":{"start":{"line":134,"column":57},"end":{"line":134,"column":72}},"27":{"start":{"line":135,"column":40},"end":{"line":135,"column":52}},"28":{"start":{"line":136,"column":30},"end":{"line":136,"column":42}},"29":{"start":{"line":138,"column":2},"end":{"line":154,"column":9}},"30":{"start":{"line":139,"column":4},"end":{"line":141,"column":5}},"31":{"start":{"line":140,"column":6},"end":{"line":140,"column":46}},"32":{"start":{"line":142,"column":4},"end":{"line":144,"column":5}},"33":{"start":{"line":143,"column":6},"end":{"line":143,"column":33}},"34":{"start":{"line":145,"column":4},"end":{"line":148,"column":5}},"35":{"start":{"line":146,"column":31},"end":{"line":146,"column":49}},"36":{"start":{"line":147,"column":6},"end":{"line":147,"column":84}},"37":{"start":{"line":150,"column":4},"end":{"line":153,"column":5}},"38":{"start":{"line":151,"column":24},"end":{"line":151,"column":34}},"39":{"start":{"line":152,"column":6},"end":{"line":152,"column":31}},"40":{"start":{"line":157,"column":2},"end":{"line":168,"column":21}},"41":{"start":{"line":158,"column":4},"end":{"line":167,"column":5}},"42":{"start":{"line":159,"column":6},"end":{"line":159,"column":47}},"43":{"start":{"line":160,"column":6},"end":{"line":160,"column":63}},"44":{"start":{"line":161,"column":19},"end":{"line":165,"column":7}},"45":{"start":{"line":166,"column":6},"end":{"line":166,"column":73}},"46":{"start":{"line":166,"column":34},"end":{"line":166,"column":70}},"47":{"start":{"line":171,"column":2},"end":{"line":176,"column":30}},"48":{"start":{"line":172,"column":4},"end":{"line":175,"column":5}},"49":{"start":{"line":173,"column":29},"end":{"line":173,"column":55}},"50":{"start":{"line":174,"column":6},"end":{"line":174,"column":47}},"51":{"start":{"line":179,"column":2},"end":{"line":191,"column":21}},"52":{"start":{"line":180,"column":4},"end":{"line":190,"column":5}},"53":{"start":{"line":181,"column":23},"end":{"line":181,"column":35}},"54":{"start":{"line":182,"column":6},"end":{"line":182,"column":37}},"55":{"start":{"line":183,"column":28},"end":{"line":187,"column":7}},"56":{"start":{"line":189,"column":6},"end":{"line":189,"column":78}},"57":{"start":{"line":189,"column":34},"end":{"line":189,"column":75}},"58":{"start":{"line":194,"column":2},"end":{"line":199,"column":15}},"59":{"start":{"line":195,"column":4},"end":{"line":198,"column":5}},"60":{"start":{"line":196,"column":23},"end":{"line":196,"column":29}},"61":{"start":{"line":197,"column":6},"end":{"line":197,"column":26}},"62":{"start":{"line":202,"column":2},"end":{"line":290,"column":22}},"63":{"start":{"line":203,"column":4},"end":{"line":289,"column":5}},"64":{"start":{"line":204,"column":23},"end":{"line":204,"column":36}},"65":{"start":{"line":206,"column":6},"end":{"line":218,"column":7}},"66":{"start":{"line":207,"column":8},"end":{"line":215,"column":10}},"67":{"start":{"line":217,"column":8},"end":{"line":217,"column":43}},"68":{"start":{"line":220,"column":30},"end":{"line":220,"column":32}},"69":{"start":{"line":221,"column":26},"end":{"line":221,"column":28}},"70":{"start":{"line":223,"column":6},"end":{"line":229,"column":9}},"71":{"start":{"line":224,"column":8},"end":{"line":227,"column":11}},"72":{"start":{"line":228,"column":8},"end":{"line":228,"column":35}},"73":{"start":{"line":231,"column":6},"end":{"line":231,"column":37}},"74":{"start":{"line":233,"column":30},"end":{"line":233,"column":75}},"75":{"start":{"line":235,"column":6},"end":{"line":235,"column":44}},"76":{"start":{"line":236,"column":6},"end":{"line":236,"column":96}},"77":{"start":{"line":238,"column":19},"end":{"line":238,"column":56}},"78":{"start":{"line":239,"column":24},"end":{"line":244,"column":8}},"79":{"start":{"line":240,"column":8},"end":{"line":243,"column":10}},"80":{"start":{"line":246,"column":6},"end":{"line":251,"column":8}},"81":{"start":{"line":253,"column":6},"end":{"line":286,"column":10}},"82":{"start":{"line":253,"column":28},"end":{"line":286,"column":7}},"83":{"start":{"line":288,"column":6},"end":{"line":288,"column":66}},"84":{"start":{"line":293,"column":2},"end":{"line":326,"column":19}},"85":{"start":{"line":294,"column":4},"end":{"line":312,"column":5}},"86":{"start":{"line":295,"column":6},"end":{"line":303,"column":8}},"87":{"start":{"line":304,"column":6},"end":{"line":304,"column":25}},"88":{"start":{"line":306,"column":6},"end":{"line":310,"column":7}},"89":{"start":{"line":307,"column":8},"end":{"line":307,"column":41}},"90":{"start":{"line":309,"column":8},"end":{"line":309,"column":35}},"91":{"start":{"line":311,"column":6},"end":{"line":311,"column":13}},"92":{"start":{"line":313,"column":4},"end":{"line":325,"column":5}},"93":{"start":{"line":314,"column":6},"end":{"line":322,"column":8}},"94":{"start":{"line":324,"column":6},"end":{"line":324,"column":25}},"95":{"start":{"line":329,"column":2},"end":{"line":348,"column":23}},"96":{"start":{"line":330,"column":4},"end":{"line":347,"column":5}},"97":{"start":{"line":331,"column":6},"end":{"line":339,"column":8}},"98":{"start":{"line":340,"column":6},"end":{"line":340,"column":25}},"99":{"start":{"line":342,"column":6},"end":{"line":346,"column":7}},"100":{"start":{"line":343,"column":8},"end":{"line":343,"column":41}},"101":{"start":{"line":345,"column":8},"end":{"line":345,"column":35}},"102":{"start":{"line":351,"column":2},"end":{"line":375,"column":18}},"103":{"start":{"line":352,"column":4},"end":{"line":374,"column":5}},"104":{"start":{"line":353,"column":6},"end":{"line":353,"column":36}},"105":{"start":{"line":354,"column":24},"end":{"line":354,"column":48}},"106":{"start":{"line":355,"column":19},"end":{"line":355,"column":29}},"107":{"start":{"line":356,"column":6},"end":{"line":359,"column":9}},"108":{"start":{"line":361,"column":6},"end":{"line":361,"column":26}},"109":{"start":{"line":362,"column":25},"end":{"line":362,"column":29}},"110":{"start":{"line":363,"column":6},"end":{"line":363,"column":28}},"111":{"start":{"line":364,"column":6},"end":{"line":364,"column":55}},"112":{"start":{"line":364,"column":28},"end":{"line":364,"column":52}},"113":{"start":{"line":365,"column":6},"end":{"line":365,"column":32}},"114":{"start":{"line":366,"column":11},"end":{"line":374,"column":5}},"115":{"start":{"line":367,"column":6},"end":{"line":367,"column":36}},"116":{"start":{"line":368,"column":6},"end":{"line":373,"column":10}},"117":{"start":{"line":368,"column":30},"end":{"line":373,"column":7}},"118":{"start":{"line":377,"column":2},"end":{"line":380,"column":21}},"119":{"start":{"line":378,"column":4},"end":{"line":378,"column":30}},"120":{"start":{"line":379,"column":4},"end":{"line":379,"column":22}},"121":{"start":{"line":382,"column":42},"end":{"line":386,"column":3}},"122":{"start":{"line":383,"column":4},"end":{"line":383,"column":44}},"123":{"start":{"line":384,"column":4},"end":{"line":384,"column":43}},"124":{"start":{"line":385,"column":4},"end":{"line":385,"column":58}},"125":{"start":{"line":388,"column":39},"end":{"line":391,"column":3}},"126":{"start":{"line":389,"column":4},"end":{"line":389,"column":44}},"127":{"start":{"line":390,"column":4},"end":{"line":390,"column":66}},"128":{"start":{"line":393,"column":35},"end":{"line":397,"column":3}},"129":{"start":{"line":395,"column":29},"end":{"line":395,"column":47}},"130":{"start":{"line":396,"column":4},"end":{"line":396,"column":85}},"131":{"start":{"line":399,"column":2},"end":{"line":409,"column":26}},"132":{"start":{"line":400,"column":4},"end":{"line":408,"column":5}},"133":{"start":{"line":401,"column":22},"end":{"line":403,"column":13}},"134":{"start":{"line":402,"column":8},"end":{"line":402,"column":67}},"135":{"start":{"line":405,"column":6},"end":{"line":407,"column":8}},"136":{"start":{"line":406,"column":8},"end":{"line":406,"column":30}},"137":{"start":{"line":411,"column":35},"end":{"line":414,"column":3}},"138":{"start":{"line":412,"column":4},"end":{"line":412,"column":44}},"139":{"start":{"line":413,"column":4},"end":{"line":413,"column":41}},"140":{"start":{"line":416,"column":27},"end":{"line":419,"column":3}},"141":{"start":{"line":417,"column":28},"end":{"line":417,"column":36}},"142":{"start":{"line":418,"column":4},"end":{"line":418,"column":60}},"143":{"start":{"line":418,"column":26},"end":{"line":418,"column":57}},"144":{"start":{"line":421,"column":23},"end":{"line":425,"column":3}},"145":{"start":{"line":422,"column":26},"end":{"line":422,"column":30}},"146":{"start":{"line":423,"column":4},"end":{"line":423,"column":27}},"147":{"start":{"line":424,"column":4},"end":{"line":424,"column":36}},"148":{"start":{"line":427,"column":25},"end":{"line":436,"column":3}},"149":{"start":{"line":428,"column":26},"end":{"line":428,"column":30}},"150":{"start":{"line":429,"column":4},"end":{"line":429,"column":76}},"151":{"start":{"line":429,"column":33},"end":{"line":429,"column":52}},"152":{"start":{"line":429,"column":69},"end":{"line":429,"column":76}},"153":{"start":{"line":431,"column":4},"end":{"line":434,"column":7}},"154":{"start":{"line":435,"column":4},"end":{"line":435,"column":36}},"155":{"start":{"line":438,"column":28},"end":{"line":445,"column":3}},"156":{"start":{"line":439,"column":24},"end":{"line":439,"column":28}},"157":{"start":{"line":440,"column":20},"end":{"line":440,"column":71}},"158":{"start":{"line":441,"column":4},"end":{"line":444,"column":5}},"159":{"start":{"line":442,"column":6},"end":{"line":442,"column":64}},"160":{"start":{"line":442,"column":28},"end":{"line":442,"column":61}},"161":{"start":{"line":443,"column":6},"end":{"line":443,"column":67}},"162":{"start":{"line":443,"column":28},"end":{"line":443,"column":64}},"163":{"start":{"line":447,"column":26},"end":{"line":454,"column":3}},"164":{"start":{"line":448,"column":26},"end":{"line":448,"column":30}},"165":{"start":{"line":449,"column":20},"end":{"line":449,"column":71}},"166":{"start":{"line":450,"column":4},"end":{"line":453,"column":5}},"167":{"start":{"line":451,"column":6},"end":{"line":451,"column":62}},"168":{"start":{"line":451,"column":28},"end":{"line":451,"column":59}},"169":{"start":{"line":452,"column":6},"end":{"line":452,"column":67}},"170":{"start":{"line":452,"column":28},"end":{"line":452,"column":64}},"171":{"start":{"line":456,"column":30},"end":{"line":474,"column":3}},"172":{"start":{"line":457,"column":27},"end":{"line":457,"column":31}},"173":{"start":{"line":458,"column":23},"end":{"line":458,"column":62}},"174":{"start":{"line":458,"column":46},"end":{"line":458,"column":54}},"175":{"start":{"line":459,"column":24},"end":{"line":459,"column":34}},"176":{"start":{"line":460,"column":4},"end":{"line":471,"column":5}},"177":{"start":{"line":461,"column":6},"end":{"line":463,"column":8}},"178":{"start":{"line":464,"column":6},"end":{"line":464,"column":27}},"179":{"start":{"line":466,"column":6},"end":{"line":466,"column":28}},"180":{"start":{"line":467,"column":6},"end":{"line":470,"column":8}},"181":{"start":{"line":468,"column":34},"end":{"line":468,"column":42}},"182":{"start":{"line":473,"column":4},"end":{"line":473,"column":72}},"183":{"start":{"line":473,"column":26},"end":{"line":473,"column":69}},"184":{"start":{"line":476,"column":28},"end":{"line":490,"column":3}},"185":{"start":{"line":477,"column":4},"end":{"line":477,"column":47}},"186":{"start":{"line":478,"column":22},"end":{"line":478,"column":32}},"187":{"start":{"line":479,"column":4},"end":{"line":479,"column":29}},"188":{"start":{"line":480,"column":4},"end":{"line":480,"column":33}},"189":{"start":{"line":481,"column":4},"end":{"line":489,"column":7}},"190":{"start":{"line":482,"column":19},"end":{"line":486,"column":7}},"191":{"start":{"line":488,"column":6},"end":{"line":488,"column":39}},"192":{"start":{"line":492,"column":28},"end":{"line":500,"column":3}},"193":{"start":{"line":493,"column":22},"end":{"line":493,"column":32}},"194":{"start":{"line":494,"column":4},"end":{"line":494,"column":64}},"195":{"start":{"line":496,"column":4},"end":{"line":496,"column":30}},"196":{"start":{"line":498,"column":4},"end":{"line":498,"column":30}},"197":{"start":{"line":499,"column":4},"end":{"line":499,"column":36}},"198":{"start":{"line":502,"column":34},"end":{"line":510,"column":3}},"199":{"start":{"line":503,"column":28},"end":{"line":503,"column":36}},"200":{"start":{"line":504,"column":4},"end":{"line":509,"column":5}},"201":{"start":{"line":505,"column":6},"end":{"line":505,"column":25}},"202":{"start":{"line":506,"column":6},"end":{"line":506,"column":60}},"203":{"start":{"line":506,"column":28},"end":{"line":506,"column":57}},"204":{"start":{"line":508,"column":6},"end":{"line":508,"column":62}},"205":{"start":{"line":508,"column":28},"end":{"line":508,"column":59}},"206":{"start":{"line":512,"column":34},"end":{"line":514,"column":3}},"207":{"start":{"line":513,"column":4},"end":{"line":513,"column":32}},"208":{"start":{"line":516,"column":33},"end":{"line":519,"column":3}},"209":{"start":{"line":517,"column":4},"end":{"line":517,"column":30}},"210":{"start":{"line":518,"column":4},"end":{"line":518,"column":22}},"211":{"start":{"line":521,"column":18},"end":{"line":548,"column":3}},"212":{"start":{"line":522,"column":17},"end":{"line":522,"column":21}},"213":{"start":{"line":523,"column":4},"end":{"line":523,"column":45}},"214":{"start":{"line":524,"column":4},"end":{"line":524,"column":37}},"215":{"start":{"line":525,"column":4},"end":{"line":525,"column":33}},"216":{"start":{"line":526,"column":4},"end":{"line":526,"column":33}},"217":{"start":{"line":527,"column":4},"end":{"line":527,"column":49}},"218":{"start":{"line":528,"column":4},"end":{"line":528,"column":35}},"219":{"start":{"line":530,"column":4},"end":{"line":530,"column":56}},"220":{"start":{"line":530,"column":43},"end":{"line":530,"column":56}},"221":{"start":{"line":532,"column":32},"end":{"line":532,"column":57}},"222":{"start":{"line":533,"column":4},"end":{"line":546,"column":5}},"223":{"start":{"line":534,"column":6},"end":{"line":534,"column":24}},"224":{"start":{"line":535,"column":6},"end":{"line":545,"column":12}},"225":{"start":{"line":536,"column":27},"end":{"line":536,"column":76}},"226":{"start":{"line":538,"column":8},"end":{"line":544,"column":9}},"227":{"start":{"line":539,"column":10},"end":{"line":539,"column":32}},"228":{"start":{"line":541,"column":10},"end":{"line":543,"column":69}},"229":{"start":{"line":547,"column":4},"end":{"line":547,"column":19}},"230":{"start":{"line":550,"column":23},"end":{"line":599,"column":3}},"231":{"start":{"line":551,"column":4},"end":{"line":551,"column":24}},"232":{"start":{"line":551,"column":11},"end":{"line":551,"column":24}},"233":{"start":{"line":552,"column":4},"end":{"line":555,"column":5}},"234":{"start":{"line":553,"column":6},"end":{"line":553,"column":31}},"235":{"start":{"line":554,"column":6},"end":{"line":554,"column":23}},"236":{"start":{"line":557,"column":4},"end":{"line":557,"column":27}},"237":{"start":{"line":557,"column":20},"end":{"line":557,"column":27}},"238":{"start":{"line":559,"column":4},"end":{"line":559,"column":21}},"239":{"start":{"line":560,"column":22},"end":{"line":560,"column":32}},"240":{"start":{"line":561,"column":4},"end":{"line":561,"column":22}},"241":{"start":{"line":563,"column":17},"end":{"line":588,"column":5}},"242":{"start":{"line":581,"column":66},"end":{"line":581,"column":74}},"243":{"start":{"line":590,"column":4},"end":{"line":592,"column":5}},"244":{"start":{"line":591,"column":6},"end":{"line":591,"column":47}},"245":{"start":{"line":594,"column":4},"end":{"line":598,"column":5}},"246":{"start":{"line":595,"column":6},"end":{"line":595,"column":45}},"247":{"start":{"line":597,"column":6},"end":{"line":597,"column":35}},"248":{"start":{"line":601,"column":34},"end":{"line":608,"column":3}},"249":{"start":{"line":602,"column":4},"end":{"line":602,"column":35}},"250":{"start":{"line":603,"column":4},"end":{"line":607,"column":8}},"251":{"start":{"line":603,"column":26},"end":{"line":607,"column":5}},"252":{"start":{"line":610,"column":2},"end":{"line":612,"column":27}},"253":{"start":{"line":611,"column":4},"end":{"line":611,"column":43}},"254":{"start":{"line":611,"column":28},"end":{"line":611,"column":43}},"255":{"start":{"line":614,"column":29},"end":{"line":619,"column":3}},"256":{"start":{"line":615,"column":28},"end":{"line":615,"column":35}},"257":{"start":{"line":616,"column":4},"end":{"line":616,"column":65}},"258":{"start":{"line":617,"column":4},"end":{"line":617,"column":68}},"259":{"start":{"line":618,"column":4},"end":{"line":618,"column":22}},"260":{"start":{"line":621,"column":2},"end":{"line":1382,"column":4}},"261":{"start":{"line":667,"column":37},"end":{"line":667,"column":56}},"262":{"start":{"line":751,"column":39},"end":{"line":751,"column":58}},"263":{"start":{"line":1204,"column":30},"end":{"line":1222,"column":32}},"264":{"start":{"line":1334,"column":39},"end":{"line":1334,"column":56}},"265":{"start":{"line":1345,"column":39},"end":{"line":1345,"column":87}},"266":{"start":{"line":1356,"column":39},"end":{"line":1356,"column":87}},"267":{"start":{"line":1367,"column":39},"end":{"line":1367,"column":87}},"268":{"start":{"line":1385,"column":0},"end":{"line":1493,"column":2}}},"fnMap":{"0":{"name":"(anonymous_0)","decl":{"start":{"line":41,"column":23},"end":{"line":41,"column":24}},"loc":{"start":{"line":76,"column":6},"end":{"line":1383,"column":1}},"line":76},"1":{"name":"(anonymous_1)","decl":{"start":{"line":78,"column":42},"end":{"line":78,"column":43}},"loc":{"start":{"line":78,"column":50},"end":{"line":78,"column":76}},"line":78},"2":{"name":"(anonymous_2)","decl":{"start":{"line":79,"column":49},"end":{"line":79,"column":50}},"loc":{"start":{"line":79,"column":57},"end":{"line":79,"column":81}},"line":79},"3":{"name":"(anonymous_3)","decl":{"start":{"line":138,"column":12},"end":{"line":138,"column":13}},"loc":{"start":{"line":138,"column":18},"end":{"line":154,"column":3}},"line":138},"4":{"name":"(anonymous_4)","decl":{"start":{"line":157,"column":12},"end":{"line":157,"column":13}},"loc":{"start":{"line":157,"column":18},"end":{"line":168,"column":3}},"line":157},"5":{"name":"(anonymous_5)","decl":{"start":{"line":166,"column":20},"end":{"line":166,"column":21}},"loc":{"start":{"line":166,"column":34},"end":{"line":166,"column":70}},"line":166},"6":{"name":"(anonymous_6)","decl":{"start":{"line":171,"column":12},"end":{"line":171,"column":13}},"loc":{"start":{"line":171,"column":18},"end":{"line":176,"column":3}},"line":171},"7":{"name":"(anonymous_7)","decl":{"start":{"line":179,"column":12},"end":{"line":179,"column":13}},"loc":{"start":{"line":179,"column":18},"end":{"line":191,"column":3}},"line":179},"8":{"name":"(anonymous_8)","decl":{"start":{"line":189,"column":20},"end":{"line":189,"column":21}},"loc":{"start":{"line":189,"column":34},"end":{"line":189,"column":75}},"line":189},"9":{"name":"(anonymous_9)","decl":{"start":{"line":194,"column":12},"end":{"line":194,"column":13}},"loc":{"start":{"line":194,"column":18},"end":{"line":199,"column":3}},"line":194},"10":{"name":"(anonymous_10)","decl":{"start":{"line":202,"column":12},"end":{"line":202,"column":13}},"loc":{"start":{"line":202,"column":18},"end":{"line":290,"column":3}},"line":202},"11":{"name":"(anonymous_11)","decl":{"start":{"line":223,"column":22},"end":{"line":223,"column":23}},"loc":{"start":{"line":223,"column":31},"end":{"line":229,"column":7}},"line":223},"12":{"name":"(anonymous_12)","decl":{"start":{"line":239,"column":33},"end":{"line":239,"column":34}},"loc":{"start":{"line":239,"column":47},"end":{"line":244,"column":7}},"line":239},"13":{"name":"(anonymous_13)","decl":{"start":{"line":253,"column":14},"end":{"line":253,"column":15}},"loc":{"start":{"line":253,"column":28},"end":{"line":286,"column":7}},"line":253},"14":{"name":"(anonymous_14)","decl":{"start":{"line":293,"column":12},"end":{"line":293,"column":13}},"loc":{"start":{"line":293,"column":18},"end":{"line":326,"column":3}},"line":293},"15":{"name":"(anonymous_15)","decl":{"start":{"line":329,"column":12},"end":{"line":329,"column":13}},"loc":{"start":{"line":329,"column":18},"end":{"line":348,"column":3}},"line":329},"16":{"name":"(anonymous_16)","decl":{"start":{"line":351,"column":12},"end":{"line":351,"column":13}},"loc":{"start":{"line":351,"column":18},"end":{"line":375,"column":3}},"line":351},"17":{"name":"(anonymous_17)","decl":{"start":{"line":364,"column":14},"end":{"line":364,"column":15}},"loc":{"start":{"line":364,"column":28},"end":{"line":364,"column":52}},"line":364},"18":{"name":"(anonymous_18)","decl":{"start":{"line":368,"column":16},"end":{"line":368,"column":17}},"loc":{"start":{"line":368,"column":30},"end":{"line":373,"column":7}},"line":368},"19":{"name":"(anonymous_19)","decl":{"start":{"line":377,"column":12},"end":{"line":377,"column":13}},"loc":{"start":{"line":377,"column":18},"end":{"line":380,"column":3}},"line":377},"20":{"name":"(anonymous_20)","decl":{"start":{"line":382,"column":42},"end":{"line":382,"column":43}},"loc":{"start":{"line":382,"column":47},"end":{"line":386,"column":3}},"line":382},"21":{"name":"(anonymous_21)","decl":{"start":{"line":388,"column":39},"end":{"line":388,"column":40}},"loc":{"start":{"line":388,"column":47},"end":{"line":391,"column":3}},"line":388},"22":{"name":"(anonymous_22)","decl":{"start":{"line":393,"column":35},"end":{"line":393,"column":36}},"loc":{"start":{"line":393,"column":43},"end":{"line":397,"column":3}},"line":393},"23":{"name":"(anonymous_23)","decl":{"start":{"line":399,"column":12},"end":{"line":399,"column":13}},"loc":{"start":{"line":399,"column":18},"end":{"line":409,"column":3}},"line":399},"24":{"name":"(anonymous_24)","decl":{"start":{"line":401,"column":33},"end":{"line":401,"column":34}},"loc":{"start":{"line":401,"column":39},"end":{"line":403,"column":7}},"line":401},"25":{"name":"(anonymous_25)","decl":{"start":{"line":405,"column":13},"end":{"line":405,"column":14}},"loc":{"start":{"line":405,"column":19},"end":{"line":407,"column":7}},"line":405},"26":{"name":"(anonymous_26)","decl":{"start":{"line":411,"column":35},"end":{"line":411,"column":36}},"loc":{"start":{"line":411,"column":40},"end":{"line":414,"column":3}},"line":411},"27":{"name":"(anonymous_27)","decl":{"start":{"line":416,"column":27},"end":{"line":416,"column":28}},"loc":{"start":{"line":416,"column":32},"end":{"line":419,"column":3}},"line":416},"28":{"name":"(anonymous_28)","decl":{"start":{"line":418,"column":12},"end":{"line":418,"column":13}},"loc":{"start":{"line":418,"column":26},"end":{"line":418,"column":57}},"line":418},"29":{"name":"(anonymous_29)","decl":{"start":{"line":421,"column":23},"end":{"line":421,"column":24}},"loc":{"start":{"line":421,"column":28},"end":{"line":425,"column":3}},"line":421},"30":{"name":"(anonymous_30)","decl":{"start":{"line":427,"column":25},"end":{"line":427,"column":26}},"loc":{"start":{"line":427,"column":32},"end":{"line":436,"column":3}},"line":427},"31":{"name":"(anonymous_31)","decl":{"start":{"line":429,"column":23},"end":{"line":429,"column":24}},"loc":{"start":{"line":429,"column":33},"end":{"line":429,"column":52}},"line":429},"32":{"name":"(anonymous_32)","decl":{"start":{"line":438,"column":28},"end":{"line":438,"column":29}},"loc":{"start":{"line":438,"column":36},"end":{"line":445,"column":3}},"line":438},"33":{"name":"(anonymous_33)","decl":{"start":{"line":442,"column":14},"end":{"line":442,"column":15}},"loc":{"start":{"line":442,"column":28},"end":{"line":442,"column":61}},"line":442},"34":{"name":"(anonymous_34)","decl":{"start":{"line":443,"column":14},"end":{"line":443,"column":15}},"loc":{"start":{"line":443,"column":28},"end":{"line":443,"column":64}},"line":443},"35":{"name":"(anonymous_35)","decl":{"start":{"line":447,"column":26},"end":{"line":447,"column":27}},"loc":{"start":{"line":447,"column":34},"end":{"line":454,"column":3}},"line":447},"36":{"name":"(anonymous_36)","decl":{"start":{"line":451,"column":14},"end":{"line":451,"column":15}},"loc":{"start":{"line":451,"column":28},"end":{"line":451,"column":59}},"line":451},"37":{"name":"(anonymous_37)","decl":{"start":{"line":452,"column":14},"end":{"line":452,"column":15}},"loc":{"start":{"line":452,"column":28},"end":{"line":452,"column":64}},"line":452},"38":{"name":"(anonymous_38)","decl":{"start":{"line":456,"column":30},"end":{"line":456,"column":31}},"loc":{"start":{"line":456,"column":47},"end":{"line":474,"column":3}},"line":456},"39":{"name":"(anonymous_39)","decl":{"start":{"line":458,"column":41},"end":{"line":458,"column":42}},"loc":{"start":{"line":458,"column":46},"end":{"line":458,"column":54}},"line":458},"40":{"name":"(anonymous_40)","decl":{"start":{"line":468,"column":29},"end":{"line":468,"column":30}},"loc":{"start":{"line":468,"column":34},"end":{"line":468,"column":42}},"line":468},"41":{"name":"(anonymous_41)","decl":{"start":{"line":473,"column":12},"end":{"line":473,"column":13}},"loc":{"start":{"line":473,"column":26},"end":{"line":473,"column":69}},"line":473},"42":{"name":"(anonymous_42)","decl":{"start":{"line":476,"column":28},"end":{"line":476,"column":29}},"loc":{"start":{"line":476,"column":37},"end":{"line":490,"column":3}},"line":476},"43":{"name":"(anonymous_43)","decl":{"start":{"line":481,"column":14},"end":{"line":481,"column":15}},"loc":{"start":{"line":481,"column":22},"end":{"line":489,"column":5}},"line":481},"44":{"name":"(anonymous_44)","decl":{"start":{"line":492,"column":28},"end":{"line":492,"column":29}},"loc":{"start":{"line":492,"column":40},"end":{"line":500,"column":3}},"line":492},"45":{"name":"(anonymous_45)","decl":{"start":{"line":502,"column":34},"end":{"line":502,"column":35}},"loc":{"start":{"line":502,"column":39},"end":{"line":510,"column":3}},"line":502},"46":{"name":"(anonymous_46)","decl":{"start":{"line":506,"column":14},"end":{"line":506,"column":15}},"loc":{"start":{"line":506,"column":28},"end":{"line":506,"column":57}},"line":506},"47":{"name":"(anonymous_47)","decl":{"start":{"line":508,"column":14},"end":{"line":508,"column":15}},"loc":{"start":{"line":508,"column":28},"end":{"line":508,"column":59}},"line":508},"48":{"name":"(anonymous_48)","decl":{"start":{"line":512,"column":34},"end":{"line":512,"column":35}},"loc":{"start":{"line":512,"column":42},"end":{"line":514,"column":3}},"line":512},"49":{"name":"(anonymous_49)","decl":{"start":{"line":516,"column":33},"end":{"line":516,"column":34}},"loc":{"start":{"line":516,"column":39},"end":{"line":519,"column":3}},"line":516},"50":{"name":"(anonymous_50)","decl":{"start":{"line":521,"column":18},"end":{"line":521,"column":19}},"loc":{"start":{"line":521,"column":24},"end":{"line":548,"column":3}},"line":521},"51":{"name":"(anonymous_51)","decl":{"start":{"line":535,"column":17},"end":{"line":535,"column":18}},"loc":{"start":{"line":535,"column":23},"end":{"line":545,"column":7}},"line":535},"52":{"name":"(anonymous_52)","decl":{"start":{"line":550,"column":23},"end":{"line":550,"column":24}},"loc":{"start":{"line":550,"column":28},"end":{"line":599,"column":3}},"line":550},"53":{"name":"(anonymous_53)","decl":{"start":{"line":581,"column":59},"end":{"line":581,"column":60}},"loc":{"start":{"line":581,"column":66},"end":{"line":581,"column":74}},"line":581},"54":{"name":"(anonymous_54)","decl":{"start":{"line":601,"column":34},"end":{"line":601,"column":35}},"loc":{"start":{"line":601,"column":39},"end":{"line":608,"column":3}},"line":601},"55":{"name":"(anonymous_55)","decl":{"start":{"line":603,"column":12},"end":{"line":603,"column":13}},"loc":{"start":{"line":603,"column":26},"end":{"line":607,"column":5}},"line":603},"56":{"name":"(anonymous_56)","decl":{"start":{"line":610,"column":12},"end":{"line":610,"column":13}},"loc":{"start":{"line":610,"column":18},"end":{"line":612,"column":3}},"line":610},"57":{"name":"(anonymous_57)","decl":{"start":{"line":614,"column":29},"end":{"line":614,"column":30}},"loc":{"start":{"line":614,"column":45},"end":{"line":619,"column":3}},"line":614},"58":{"name":"(anonymous_58)","decl":{"start":{"line":667,"column":32},"end":{"line":667,"column":33}},"loc":{"start":{"line":667,"column":37},"end":{"line":667,"column":56}},"line":667},"59":{"name":"(anonymous_59)","decl":{"start":{"line":751,"column":34},"end":{"line":751,"column":35}},"loc":{"start":{"line":751,"column":39},"end":{"line":751,"column":58}},"line":751},"60":{"name":"(anonymous_60)","decl":{"start":{"line":895,"column":32},"end":{"line":895,"column":33}},"loc":{"start":{"line":895,"column":38},"end":{"line":895,"column":40}},"line":895},"61":{"name":"(anonymous_61)","decl":{"start":{"line":1203,"column":50},"end":{"line":1203,"column":51}},"loc":{"start":{"line":1204,"column":30},"end":{"line":1222,"column":32}},"line":1204},"62":{"name":"(anonymous_62)","decl":{"start":{"line":1334,"column":33},"end":{"line":1334,"column":34}},"loc":{"start":{"line":1334,"column":39},"end":{"line":1334,"column":56}},"line":1334},"63":{"name":"(anonymous_63)","decl":{"start":{"line":1345,"column":33},"end":{"line":1345,"column":34}},"loc":{"start":{"line":1345,"column":39},"end":{"line":1345,"column":87}},"line":1345},"64":{"name":"(anonymous_64)","decl":{"start":{"line":1356,"column":33},"end":{"line":1356,"column":34}},"loc":{"start":{"line":1356,"column":39},"end":{"line":1356,"column":87}},"line":1356},"65":{"name":"(anonymous_65)","decl":{"start":{"line":1367,"column":33},"end":{"line":1367,"column":34}},"loc":{"start":{"line":1367,"column":39},"end":{"line":1367,"column":87}},"line":1367}},"branchMap":{"0":{"loc":{"start":{"line":77,"column":29},"end":{"line":77,"column":59}},"type":"binary-expr","locations":[{"start":{"line":77,"column":29},"end":{"line":77,"column":51}},{"start":{"line":77,"column":55},"end":{"line":77,"column":59}}],"line":77},"1":{"loc":{"start":{"line":78,"column":24},"end":{"line":78,"column":83}},"type":"binary-expr","locations":[{"start":{"line":78,"column":24},"end":{"line":78,"column":77}},{"start":{"line":78,"column":81},"end":{"line":78,"column":83}}],"line":78},"2":{"loc":{"start":{"line":79,"column":31},"end":{"line":79,"column":88}},"type":"binary-expr","locations":[{"start":{"line":79,"column":31},"end":{"line":79,"column":82}},{"start":{"line":79,"column":86},"end":{"line":79,"column":88}}],"line":79},"3":{"loc":{"start":{"line":81,"column":22},"end":{"line":81,"column":50}},"type":"cond-expr","locations":[{"start":{"line":81,"column":37},"end":{"line":81,"column":45}},{"start":{"line":81,"column":48},"end":{"line":81,"column":50}}],"line":81},"4":{"loc":{"start":{"line":87,"column":9},"end":{"line":87,"column":71}},"type":"cond-expr","locations":[{"start":{"line":87,"column":34},"end":{"line":87,"column":67}},{"start":{"line":87,"column":70},"end":{"line":87,"column":71}}],"line":87},"5":{"loc":{"start":{"line":103,"column":17},"end":{"line":103,"column":60}},"type":"cond-expr","locations":[{"start":{"line":103,"column":37},"end":{"line":103,"column":56}},{"start":{"line":103,"column":59},"end":{"line":103,"column":60}}],"line":103},"6":{"loc":{"start":{"line":119,"column":41},"end":{"line":119,"column":61}},"type":"binary-expr","locations":[{"start":{"line":119,"column":41},"end":{"line":119,"column":52}},{"start":{"line":119,"column":56},"end":{"line":119,"column":61}}],"line":119},"7":{"loc":{"start":{"line":139,"column":4},"end":{"line":141,"column":5}},"type":"if","locations":[{"start":{"line":139,"column":4},"end":{"line":141,"column":5}},{"start":{"line":139,"column":4},"end":{"line":141,"column":5}}],"line":139},"8":{"loc":{"start":{"line":142,"column":4},"end":{"line":144,"column":5}},"type":"if","locations":[{"start":{"line":142,"column":4},"end":{"line":144,"column":5}},{"start":{"line":142,"column":4},"end":{"line":144,"column":5}}],"line":142},"9":{"loc":{"start":{"line":145,"column":4},"end":{"line":148,"column":5}},"type":"if","locations":[{"start":{"line":145,"column":4},"end":{"line":148,"column":5}},{"start":{"line":145,"column":4},"end":{"line":148,"column":5}}],"line":145},"10":{"loc":{"start":{"line":145,"column":8},"end":{"line":145,"column":35}},"type":"binary-expr","locations":[{"start":{"line":145,"column":8},"end":{"line":145,"column":20}},{"start":{"line":145,"column":24},"end":{"line":145,"column":35}}],"line":145},"11":{"loc":{"start":{"line":150,"column":4},"end":{"line":153,"column":5}},"type":"if","locations":[{"start":{"line":150,"column":4},"end":{"line":153,"column":5}},{"start":{"line":150,"column":4},"end":{"line":153,"column":5}}],"line":150},"12":{"loc":{"start":{"line":158,"column":4},"end":{"line":167,"column":5}},"type":"if","locations":[{"start":{"line":158,"column":4},"end":{"line":167,"column":5}},{"start":{"line":158,"column":4},"end":{"line":167,"column":5}}],"line":158},"13":{"loc":{"start":{"line":158,"column":8},"end":{"line":158,"column":49}},"type":"binary-expr","locations":[{"start":{"line":158,"column":8},"end":{"line":158,"column":20}},{"start":{"line":158,"column":24},"end":{"line":158,"column":49}}],"line":158},"14":{"loc":{"start":{"line":172,"column":4},"end":{"line":175,"column":5}},"type":"if","locations":[{"start":{"line":172,"column":4},"end":{"line":175,"column":5}},{"start":{"line":172,"column":4},"end":{"line":175,"column":5}}],"line":172},"15":{"loc":{"start":{"line":172,"column":8},"end":{"line":172,"column":67}},"type":"binary-expr","locations":[{"start":{"line":172,"column":8},"end":{"line":172,"column":29}},{"start":{"line":172,"column":33},"end":{"line":172,"column":67}}],"line":172},"16":{"loc":{"start":{"line":180,"column":4},"end":{"line":190,"column":5}},"type":"if","locations":[{"start":{"line":180,"column":4},"end":{"line":190,"column":5}},{"start":{"line":180,"column":4},"end":{"line":190,"column":5}}],"line":180},"17":{"loc":{"start":{"line":180,"column":8},"end":{"line":180,"column":49}},"type":"binary-expr","locations":[{"start":{"line":180,"column":8},"end":{"line":180,"column":20}},{"start":{"line":180,"column":24},"end":{"line":180,"column":49}}],"line":180},"18":{"loc":{"start":{"line":195,"column":4},"end":{"line":198,"column":5}},"type":"if","locations":[{"start":{"line":195,"column":4},"end":{"line":198,"column":5}},{"start":{"line":195,"column":4},"end":{"line":198,"column":5}}],"line":195},"19":{"loc":{"start":{"line":195,"column":8},"end":{"line":195,"column":37}},"type":"binary-expr","locations":[{"start":{"line":195,"column":8},"end":{"line":195,"column":14}},{"start":{"line":195,"column":18},"end":{"line":195,"column":37}}],"line":195},"20":{"loc":{"start":{"line":203,"column":4},"end":{"line":289,"column":5}},"type":"if","locations":[{"start":{"line":203,"column":4},"end":{"line":289,"column":5}},{"start":{"line":203,"column":4},"end":{"line":289,"column":5}}],"line":203},"21":{"loc":{"start":{"line":203,"column":8},"end":{"line":203,"column":51}},"type":"binary-expr","locations":[{"start":{"line":203,"column":8},"end":{"line":203,"column":21}},{"start":{"line":203,"column":25},"end":{"line":203,"column":51}}],"line":203},"22":{"loc":{"start":{"line":206,"column":6},"end":{"line":218,"column":7}},"type":"if","locations":[{"start":{"line":206,"column":6},"end":{"line":218,"column":7}},{"start":{"line":206,"column":6},"end":{"line":218,"column":7}}],"line":206},"23":{"loc":{"start":{"line":233,"column":30},"end":{"line":233,"column":75}},"type":"cond-expr","locations":[{"start":{"line":233,"column":49},"end":{"line":233,"column":70}},{"start":{"line":233,"column":73},"end":{"line":233,"column":75}}],"line":233},"24":{"loc":{"start":{"line":238,"column":19},"end":{"line":238,"column":56}},"type":"cond-expr","locations":[{"start":{"line":238,"column":31},"end":{"line":238,"column":51}},{"start":{"line":238,"column":54},"end":{"line":238,"column":56}}],"line":238},"25":{"loc":{"start":{"line":247,"column":8},"end":{"line":250,"column":17}},"type":"cond-expr","locations":[{"start":{"line":248,"column":12},"end":{"line":249,"column":70}},{"start":{"line":250,"column":12},"end":{"line":250,"column":17}}],"line":247},"26":{"loc":{"start":{"line":248,"column":12},"end":{"line":249,"column":70}},"type":"binary-expr","locations":[{"start":{"line":248,"column":12},"end":{"line":248,"column":41}},{"start":{"line":249,"column":14},"end":{"line":249,"column":70}}],"line":248},"27":{"loc":{"start":{"line":281,"column":20},"end":{"line":281,"column":60}},"type":"cond-expr","locations":[{"start":{"line":281,"column":38},"end":{"line":281,"column":55}},{"start":{"line":281,"column":58},"end":{"line":281,"column":60}}],"line":281},"28":{"loc":{"start":{"line":288,"column":21},"end":{"line":288,"column":64}},"type":"cond-expr","locations":[{"start":{"line":288,"column":39},"end":{"line":288,"column":48}},{"start":{"line":288,"column":51},"end":{"line":288,"column":64}}],"line":288},"29":{"loc":{"start":{"line":294,"column":4},"end":{"line":312,"column":5}},"type":"if","locations":[{"start":{"line":294,"column":4},"end":{"line":312,"column":5}},{"start":{"line":294,"column":4},"end":{"line":312,"column":5}}],"line":294},"30":{"loc":{"start":{"line":294,"column":8},"end":{"line":294,"column":45}},"type":"binary-expr","locations":[{"start":{"line":294,"column":8},"end":{"line":294,"column":18}},{"start":{"line":294,"column":22},"end":{"line":294,"column":45}}],"line":294},"31":{"loc":{"start":{"line":306,"column":6},"end":{"line":310,"column":7}},"type":"if","locations":[{"start":{"line":306,"column":6},"end":{"line":310,"column":7}},{"start":{"line":306,"column":6},"end":{"line":310,"column":7}}],"line":306},"32":{"loc":{"start":{"line":313,"column":4},"end":{"line":325,"column":5}},"type":"if","locations":[{"start":{"line":313,"column":4},"end":{"line":325,"column":5}},{"start":{"line":313,"column":4},"end":{"line":325,"column":5}}],"line":313},"33":{"loc":{"start":{"line":330,"column":4},"end":{"line":347,"column":5}},"type":"if","locations":[{"start":{"line":330,"column":4},"end":{"line":347,"column":5}},{"start":{"line":330,"column":4},"end":{"line":347,"column":5}}],"line":330},"34":{"loc":{"start":{"line":330,"column":8},"end":{"line":330,"column":53}},"type":"binary-expr","locations":[{"start":{"line":330,"column":8},"end":{"line":330,"column":22}},{"start":{"line":330,"column":26},"end":{"line":330,"column":53}}],"line":330},"35":{"loc":{"start":{"line":342,"column":6},"end":{"line":346,"column":7}},"type":"if","locations":[{"start":{"line":342,"column":6},"end":{"line":346,"column":7}},{"start":{"line":342,"column":6},"end":{"line":346,"column":7}}],"line":342},"36":{"loc":{"start":{"line":352,"column":4},"end":{"line":374,"column":5}},"type":"if","locations":[{"start":{"line":352,"column":4},"end":{"line":374,"column":5}},{"start":{"line":352,"column":4},"end":{"line":374,"column":5}}],"line":352},"37":{"loc":{"start":{"line":352,"column":8},"end":{"line":352,"column":43}},"type":"binary-expr","locations":[{"start":{"line":352,"column":8},"end":{"line":352,"column":17}},{"start":{"line":352,"column":21},"end":{"line":352,"column":43}}],"line":352},"38":{"loc":{"start":{"line":366,"column":11},"end":{"line":374,"column":5}},"type":"if","locations":[{"start":{"line":366,"column":11},"end":{"line":374,"column":5}},{"start":{"line":366,"column":11},"end":{"line":374,"column":5}}],"line":366},"39":{"loc":{"start":{"line":366,"column":15},"end":{"line":366,"column":52}},"type":"binary-expr","locations":[{"start":{"line":366,"column":15},"end":{"line":366,"column":24}},{"start":{"line":366,"column":28},"end":{"line":366,"column":52}}],"line":366},"40":{"loc":{"start":{"line":400,"column":4},"end":{"line":408,"column":5}},"type":"if","locations":[{"start":{"line":400,"column":4},"end":{"line":408,"column":5}},{"start":{"line":400,"column":4},"end":{"line":408,"column":5}}],"line":400},"41":{"loc":{"start":{"line":429,"column":4},"end":{"line":429,"column":76}},"type":"if","locations":[{"start":{"line":429,"column":4},"end":{"line":429,"column":76}},{"start":{"line":429,"column":4},"end":{"line":429,"column":76}}],"line":429},"42":{"loc":{"start":{"line":429,"column":8},"end":{"line":429,"column":67}},"type":"binary-expr","locations":[{"start":{"line":429,"column":8},"end":{"line":429,"column":53}},{"start":{"line":429,"column":57},"end":{"line":429,"column":67}}],"line":429},"43":{"loc":{"start":{"line":441,"column":4},"end":{"line":444,"column":5}},"type":"if","locations":[{"start":{"line":441,"column":4},"end":{"line":444,"column":5}},{"start":{"line":441,"column":4},"end":{"line":444,"column":5}}],"line":441},"44":{"loc":{"start":{"line":441,"column":8},"end":{"line":441,"column":34}},"type":"binary-expr","locations":[{"start":{"line":441,"column":8},"end":{"line":441,"column":16}},{"start":{"line":441,"column":20},"end":{"line":441,"column":34}}],"line":441},"45":{"loc":{"start":{"line":450,"column":4},"end":{"line":453,"column":5}},"type":"if","locations":[{"start":{"line":450,"column":4},"end":{"line":453,"column":5}},{"start":{"line":450,"column":4},"end":{"line":453,"column":5}}],"line":450},"46":{"loc":{"start":{"line":450,"column":8},"end":{"line":450,"column":38}},"type":"binary-expr","locations":[{"start":{"line":450,"column":8},"end":{"line":450,"column":18}},{"start":{"line":450,"column":22},"end":{"line":450,"column":38}}],"line":450},"47":{"loc":{"start":{"line":460,"column":4},"end":{"line":471,"column":5}},"type":"if","locations":[{"start":{"line":460,"column":4},"end":{"line":471,"column":5}},{"start":{"line":460,"column":4},"end":{"line":471,"column":5}}],"line":460},"48":{"loc":{"start":{"line":462,"column":8},"end":{"line":462,"column":87}},"type":"binary-expr","locations":[{"start":{"line":462,"column":8},"end":{"line":462,"column":32}},{"start":{"line":462,"column":36},"end":{"line":462,"column":87}}],"line":462},"49":{"loc":{"start":{"line":504,"column":4},"end":{"line":509,"column":5}},"type":"if","locations":[{"start":{"line":504,"column":4},"end":{"line":509,"column":5}},{"start":{"line":504,"column":4},"end":{"line":509,"column":5}}],"line":504},"50":{"loc":{"start":{"line":530,"column":4},"end":{"line":530,"column":56}},"type":"if","locations":[{"start":{"line":530,"column":4},"end":{"line":530,"column":56}},{"start":{"line":530,"column":4},"end":{"line":530,"column":56}}],"line":530},"51":{"loc":{"start":{"line":530,"column":8},"end":{"line":530,"column":41}},"type":"binary-expr","locations":[{"start":{"line":530,"column":8},"end":{"line":530,"column":18}},{"start":{"line":530,"column":22},"end":{"line":530,"column":41}}],"line":530},"52":{"loc":{"start":{"line":533,"column":4},"end":{"line":546,"column":5}},"type":"if","locations":[{"start":{"line":533,"column":4},"end":{"line":546,"column":5}},{"start":{"line":533,"column":4},"end":{"line":546,"column":5}}],"line":533},"53":{"loc":{"start":{"line":538,"column":8},"end":{"line":544,"column":9}},"type":"if","locations":[{"start":{"line":538,"column":8},"end":{"line":544,"column":9}},{"start":{"line":538,"column":8},"end":{"line":544,"column":9}}],"line":538},"54":{"loc":{"start":{"line":551,"column":4},"end":{"line":551,"column":24}},"type":"if","locations":[{"start":{"line":551,"column":4},"end":{"line":551,"column":24}},{"start":{"line":551,"column":4},"end":{"line":551,"column":24}}],"line":551},"55":{"loc":{"start":{"line":552,"column":4},"end":{"line":555,"column":5}},"type":"if","locations":[{"start":{"line":552,"column":4},"end":{"line":555,"column":5}},{"start":{"line":552,"column":4},"end":{"line":555,"column":5}}],"line":552},"56":{"loc":{"start":{"line":552,"column":8},"end":{"line":552,"column":47}},"type":"binary-expr","locations":[{"start":{"line":552,"column":8},"end":{"line":552,"column":18}},{"start":{"line":552,"column":22},"end":{"line":552,"column":47}}],"line":552},"57":{"loc":{"start":{"line":557,"column":4},"end":{"line":557,"column":27}},"type":"if","locations":[{"start":{"line":557,"column":4},"end":{"line":557,"column":27}},{"start":{"line":557,"column":4},"end":{"line":557,"column":27}}],"line":557},"58":{"loc":{"start":{"line":580,"column":14},"end":{"line":580,"column":25}},"type":"binary-expr","locations":[{"start":{"line":580,"column":14},"end":{"line":580,"column":15}},{"start":{"line":580,"column":19},"end":{"line":580,"column":25}}],"line":580},"59":{"loc":{"start":{"line":581,"column":12},"end":{"line":581,"column":92}},"type":"cond-expr","locations":[{"start":{"line":581,"column":36},"end":{"line":581,"column":85}},{"start":{"line":581,"column":88},"end":{"line":581,"column":92}}],"line":581},"60":{"loc":{"start":{"line":585,"column":15},"end":{"line":585,"column":35}},"type":"binary-expr","locations":[{"start":{"line":585,"column":15},"end":{"line":585,"column":27}},{"start":{"line":585,"column":31},"end":{"line":585,"column":35}}],"line":585},"61":{"loc":{"start":{"line":587,"column":18},"end":{"line":587,"column":65}},"type":"cond-expr","locations":[{"start":{"line":587,"column":43},"end":{"line":587,"column":58}},{"start":{"line":587,"column":61},"end":{"line":587,"column":65}}],"line":587},"62":{"loc":{"start":{"line":590,"column":4},"end":{"line":592,"column":5}},"type":"if","locations":[{"start":{"line":590,"column":4},"end":{"line":592,"column":5}},{"start":{"line":590,"column":4},"end":{"line":592,"column":5}}],"line":590},"63":{"loc":{"start":{"line":594,"column":4},"end":{"line":598,"column":5}},"type":"if","locations":[{"start":{"line":594,"column":4},"end":{"line":598,"column":5}},{"start":{"line":594,"column":4},"end":{"line":598,"column":5}}],"line":594},"64":{"loc":{"start":{"line":611,"column":4},"end":{"line":611,"column":43}},"type":"if","locations":[{"start":{"line":611,"column":4},"end":{"line":611,"column":43}},{"start":{"line":611,"column":4},"end":{"line":611,"column":43}}],"line":611},"65":{"loc":{"start":{"line":623,"column":7},"end":{"line":627,"column":7}},"type":"binary-expr","locations":[{"start":{"line":623,"column":7},"end":{"line":623,"column":14}},{"start":{"line":624,"column":8},"end":{"line":626,"column":14}}],"line":623},"66":{"loc":{"start":{"line":629,"column":9},"end":{"line":633,"column":9}},"type":"binary-expr","locations":[{"start":{"line":629,"column":9},"end":{"line":629,"column":24}},{"start":{"line":630,"column":10},"end":{"line":632,"column":15}}],"line":629},"67":{"loc":{"start":{"line":634,"column":9},"end":{"line":638,"column":9}},"type":"binary-expr","locations":[{"start":{"line":634,"column":9},"end":{"line":634,"column":26}},{"start":{"line":635,"column":10},"end":{"line":637,"column":15}}],"line":634},"68":{"loc":{"start":{"line":639,"column":9},"end":{"line":643,"column":9}},"type":"binary-expr","locations":[{"start":{"line":639,"column":9},"end":{"line":639,"column":27}},{"start":{"line":640,"column":10},"end":{"line":642,"column":15}}],"line":639},"69":{"loc":{"start":{"line":715,"column":19},"end":{"line":744,"column":19}},"type":"binary-expr","locations":[{"start":{"line":715,"column":19},"end":{"line":715,"column":30}},{"start":{"line":716,"column":20},"end":{"line":743,"column":26}}],"line":715},"70":{"loc":{"start":{"line":745,"column":19},"end":{"line":757,"column":19}},"type":"binary-expr","locations":[{"start":{"line":745,"column":19},"end":{"line":745,"column":39}},{"start":{"line":746,"column":20},"end":{"line":756,"column":26}}],"line":745},"71":{"loc":{"start":{"line":821,"column":21},"end":{"line":821,"column":89}},"type":"binary-expr","locations":[{"start":{"line":821,"column":21},"end":{"line":821,"column":34}},{"start":{"line":821,"column":38},"end":{"line":821,"column":89}}],"line":821},"72":{"loc":{"start":{"line":877,"column":33},"end":{"line":877,"column":82}},"type":"cond-expr","locations":[{"start":{"line":877,"column":53},"end":{"line":877,"column":76}},{"start":{"line":877,"column":79},"end":{"line":877,"column":82}}],"line":877},"73":{"loc":{"start":{"line":886,"column":24},"end":{"line":893,"column":29}},"type":"cond-expr","locations":[{"start":{"line":887,"column":28},"end":{"line":887,"column":86}},{"start":{"line":888,"column":28},"end":{"line":893,"column":29}}],"line":886},"74":{"loc":{"start":{"line":897,"column":29},"end":{"line":897,"column":68}},"type":"cond-expr","locations":[{"start":{"line":897,"column":54},"end":{"line":897,"column":62}},{"start":{"line":897,"column":65},"end":{"line":897,"column":68}}],"line":897},"75":{"loc":{"start":{"line":915,"column":33},"end":{"line":915,"column":82}},"type":"cond-expr","locations":[{"start":{"line":915,"column":53},"end":{"line":915,"column":76}},{"start":{"line":915,"column":79},"end":{"line":915,"column":82}}],"line":915},"76":{"loc":{"start":{"line":929,"column":33},"end":{"line":929,"column":82}},"type":"cond-expr","locations":[{"start":{"line":929,"column":53},"end":{"line":929,"column":76}},{"start":{"line":929,"column":79},"end":{"line":929,"column":82}}],"line":929},"77":{"loc":{"start":{"line":995,"column":36},"end":{"line":995,"column":76}},"type":"cond-expr","locations":[{"start":{"line":995,"column":65},"end":{"line":995,"column":69}},{"start":{"line":995,"column":72},"end":{"line":995,"column":76}}],"line":995},"78":{"loc":{"start":{"line":1009,"column":27},"end":{"line":1011,"column":27}},"type":"binary-expr","locations":[{"start":{"line":1009,"column":27},"end":{"line":1009,"column":43}},{"start":{"line":1010,"column":28},"end":{"line":1010,"column":90}}],"line":1009},"79":{"loc":{"start":{"line":1022,"column":36},"end":{"line":1022,"column":76}},"type":"cond-expr","locations":[{"start":{"line":1022,"column":65},"end":{"line":1022,"column":69}},{"start":{"line":1022,"column":72},"end":{"line":1022,"column":76}}],"line":1022},"80":{"loc":{"start":{"line":1036,"column":27},"end":{"line":1038,"column":27}},"type":"binary-expr","locations":[{"start":{"line":1036,"column":27},"end":{"line":1036,"column":43}},{"start":{"line":1037,"column":28},"end":{"line":1037,"column":90}}],"line":1036},"81":{"loc":{"start":{"line":1062,"column":19},"end":{"line":1071,"column":19}},"type":"binary-expr","locations":[{"start":{"line":1062,"column":20},"end":{"line":1062,"column":30}},{"start":{"line":1062,"column":34},"end":{"line":1062,"column":46}},{"start":{"line":1063,"column":20},"end":{"line":1070,"column":26}}],"line":1062},"82":{"loc":{"start":{"line":1072,"column":19},"end":{"line":1088,"column":19}},"type":"binary-expr","locations":[{"start":{"line":1072,"column":19},"end":{"line":1072,"column":29}},{"start":{"line":1073,"column":20},"end":{"line":1087,"column":26}}],"line":1072},"83":{"loc":{"start":{"line":1089,"column":19},"end":{"line":1118,"column":19}},"type":"binary-expr","locations":[{"start":{"line":1089,"column":19},"end":{"line":1089,"column":31}},{"start":{"line":1090,"column":20},"end":{"line":1117,"column":26}}],"line":1089},"84":{"loc":{"start":{"line":1130,"column":19},"end":{"line":1160,"column":19}},"type":"binary-expr","locations":[{"start":{"line":1130,"column":19},"end":{"line":1130,"column":31}},{"start":{"line":1130,"column":35},"end":{"line":1130,"column":46}},{"start":{"line":1131,"column":20},"end":{"line":1159,"column":26}}],"line":1130},"85":{"loc":{"start":{"line":1156,"column":23},"end":{"line":1158,"column":23}},"type":"binary-expr","locations":[{"start":{"line":1156,"column":23},"end":{"line":1156,"column":41}},{"start":{"line":1157,"column":24},"end":{"line":1157,"column":80}}],"line":1156},"86":{"loc":{"start":{"line":1161,"column":19},"end":{"line":1189,"column":19}},"type":"binary-expr","locations":[{"start":{"line":1161,"column":21},"end":{"line":1161,"column":37}},{"start":{"line":1161,"column":41},"end":{"line":1161,"column":70}},{"start":{"line":1162,"column":21},"end":{"line":1162,"column":33}},{"start":{"line":1162,"column":37},"end":{"line":1162,"column":55}},{"start":{"line":1163,"column":20},"end":{"line":1188,"column":26}}],"line":1161},"87":{"loc":{"start":{"line":1165,"column":33},"end":{"line":1165,"column":51}},"type":"binary-expr","locations":[{"start":{"line":1165,"column":33},"end":{"line":1165,"column":45}},{"start":{"line":1165,"column":49},"end":{"line":1165,"column":51}}],"line":1165},"88":{"loc":{"start":{"line":1190,"column":19},"end":{"line":1255,"column":19}},"type":"binary-expr","locations":[{"start":{"line":1190,"column":19},"end":{"line":1190,"column":31}},{"start":{"line":1190,"column":35},"end":{"line":1190,"column":60}},{"start":{"line":1190,"column":64},"end":{"line":1190,"column":75}},{"start":{"line":1191,"column":20},"end":{"line":1254,"column":23}}],"line":1190},"89":{"loc":{"start":{"line":1197,"column":23},"end":{"line":1248,"column":23}},"type":"binary-expr","locations":[{"start":{"line":1197,"column":23},"end":{"line":1197,"column":50}},{"start":{"line":1198,"column":24},"end":{"line":1247,"column":30}}],"line":1197},"90":{"loc":{"start":{"line":1230,"column":31},"end":{"line":1232,"column":31}},"type":"binary-expr","locations":[{"start":{"line":1230,"column":31},"end":{"line":1230,"column":48}},{"start":{"line":1231,"column":32},"end":{"line":1231,"column":95}}],"line":1230},"91":{"loc":{"start":{"line":1249,"column":23},"end":{"line":1253,"column":23}},"type":"binary-expr","locations":[{"start":{"line":1249,"column":23},"end":{"line":1249,"column":52}},{"start":{"line":1250,"column":24},"end":{"line":1252,"column":30}}],"line":1249},"92":{"loc":{"start":{"line":1259,"column":17},"end":{"line":1272,"column":17}},"type":"binary-expr","locations":[{"start":{"line":1259,"column":17},"end":{"line":1259,"column":40}},{"start":{"line":1259,"column":44},"end":{"line":1259,"column":66}},{"start":{"line":1260,"column":18},"end":{"line":1271,"column":24}}],"line":1259},"93":{"loc":{"start":{"line":1276,"column":15},"end":{"line":1300,"column":17}},"type":"binary-expr","locations":[{"start":{"line":1276,"column":15},"end":{"line":1276,"column":25}},{"start":{"line":1277,"column":16},"end":{"line":1277,"column":93}},{"start":{"line":1278,"column":16},"end":{"line":1278,"column":41}},{"start":{"line":1279,"column":18},"end":{"line":1299,"column":24}}],"line":1276},"94":{"loc":{"start":{"line":1277,"column":24},"end":{"line":1277,"column":92}},"type":"binary-expr","locations":[{"start":{"line":1277,"column":24},"end":{"line":1277,"column":57}},{"start":{"line":1277,"column":61},"end":{"line":1277,"column":63}},{"start":{"line":1277,"column":67},"end":{"line":1277,"column":86}},{"start":{"line":1277,"column":90},"end":{"line":1277,"column":92}}],"line":1277},"95":{"loc":{"start":{"line":1285,"column":51},"end":{"line":1285,"column":80}},"type":"binary-expr","locations":[{"start":{"line":1285,"column":51},"end":{"line":1285,"column":72}},{"start":{"line":1285,"column":76},"end":{"line":1285,"column":80}}],"line":1285},"96":{"loc":{"start":{"line":1294,"column":21},"end":{"line":1298,"column":21}},"type":"binary-expr","locations":[{"start":{"line":1294,"column":21},"end":{"line":1294,"column":39}},{"start":{"line":1295,"column":22},"end":{"line":1297,"column":28}}],"line":1294},"97":{"loc":{"start":{"line":1303,"column":19},"end":{"line":1309,"column":19}},"type":"binary-expr","locations":[{"start":{"line":1303,"column":19},"end":{"line":1303,"column":30}},{"start":{"line":1303,"column":34},"end":{"line":1303,"column":59}},{"start":{"line":1304,"column":20},"end":{"line":1308,"column":26}}],"line":1303},"98":{"loc":{"start":{"line":1310,"column":19},"end":{"line":1316,"column":19}},"type":"binary-expr","locations":[{"start":{"line":1310,"column":19},"end":{"line":1310,"column":41}},{"start":{"line":1311,"column":20},"end":{"line":1315,"column":26}}],"line":1310},"99":{"loc":{"start":{"line":1330,"column":21},"end":{"line":1340,"column":21}},"type":"binary-expr","locations":[{"start":{"line":1330,"column":21},"end":{"line":1330,"column":44}},{"start":{"line":1330,"column":48},"end":{"line":1330,"column":70}},{"start":{"line":1331,"column":22},"end":{"line":1339,"column":24}}],"line":1330},"100":{"loc":{"start":{"line":1341,"column":21},"end":{"line":1351,"column":21}},"type":"binary-expr","locations":[{"start":{"line":1341,"column":21},"end":{"line":1341,"column":36}},{"start":{"line":1342,"column":22},"end":{"line":1350,"column":24}}],"line":1341},"101":{"loc":{"start":{"line":1345,"column":52},"end":{"line":1345,"column":86}},"type":"cond-expr","locations":[{"start":{"line":1345,"column":77},"end":{"line":1345,"column":80}},{"start":{"line":1345,"column":83},"end":{"line":1345,"column":86}}],"line":1345},"102":{"loc":{"start":{"line":1352,"column":21},"end":{"line":1362,"column":21}},"type":"binary-expr","locations":[{"start":{"line":1352,"column":21},"end":{"line":1352,"column":38}},{"start":{"line":1353,"column":22},"end":{"line":1361,"column":24}}],"line":1352},"103":{"loc":{"start":{"line":1356,"column":52},"end":{"line":1356,"column":86}},"type":"cond-expr","locations":[{"start":{"line":1356,"column":77},"end":{"line":1356,"column":80}},{"start":{"line":1356,"column":83},"end":{"line":1356,"column":86}}],"line":1356},"104":{"loc":{"start":{"line":1363,"column":21},"end":{"line":1373,"column":21}},"type":"binary-expr","locations":[{"start":{"line":1363,"column":21},"end":{"line":1363,"column":39}},{"start":{"line":1364,"column":22},"end":{"line":1372,"column":24}}],"line":1363},"105":{"loc":{"start":{"line":1367,"column":52},"end":{"line":1367,"column":86}},"type":"cond-expr","locations":[{"start":{"line":1367,"column":77},"end":{"line":1367,"column":80}},{"start":{"line":1367,"column":83},"end":{"line":1367,"column":86}}],"line":1367}},"s":{"0":1,"1":1,"2":1,"3":2,"4":2,"5":2,"6":2,"7":4,"8":2,"9":2,"10":2,"11":2,"12":2,"13":2,"14":2,"15":2,"16":2,"17":2,"18":2,"19":2,"20":2,"21":2,"22":2,"23":2,"24":2,"25":2,"26":2,"27":2,"28":2,"29":2,"30":2,"31":1,"32":2,"33":2,"34":2,"35":2,"36":2,"37":2,"38":0,"39":0,"40":2,"41":2,"42":0,"43":0,"44":0,"45":0,"46":0,"47":2,"48":2,"49":0,"50":0,"51":2,"52":2,"53":0,"54":0,"55":0,"56":0,"57":0,"58":2,"59":2,"60":0,"61":0,"62":2,"63":2,"64":0,"65":0,"66":0,"67":0,"68":0,"69":0,"70":0,"71":0,"72":0,"73":0,"74":0,"75":0,"76":0,"77":0,"78":0,"79":0,"80":0,"81":0,"82":0,"83":0,"84":2,"85":2,"86":0,"87":0,"88":0,"89":0,"90":0,"91":0,"92":2,"93":0,"94":0,"95":2,"96":2,"97":0,"98":0,"99":0,"100":0,"101":0,"102":2,"103":2,"104":0,"105":0,"106":0,"107":0,"108":0,"109":0,"110":0,"111":0,"112":0,"113":0,"114":2,"115":0,"116":0,"117":0,"118":2,"119":2,"120":2,"121":2,"122":0,"123":0,"124":0,"125":2,"126":0,"127":0,"128":2,"129":0,"130":0,"131":2,"132":2,"133":0,"134":0,"135":0,"136":0,"137":2,"138":0,"139":0,"140":2,"141":0,"142":0,"143":0,"144":2,"145":0,"146":0,"147":0,"148":2,"149":0,"150":0,"151":0,"152":0,"153":0,"154":0,"155":2,"156":0,"157":0,"158":0,"159":0,"160":0,"161":0,"162":0,"163":2,"164":0,"165":0,"166":0,"167":0,"168":0,"169":0,"170":0,"171":2,"172":0,"173":0,"174":0,"175":0,"176":0,"177":0,"178":0,"179":0,"180":0,"181":0,"182":0,"183":0,"184":2,"185":0,"186":0,"187":0,"188":0,"189":0,"190":0,"191":0,"192":2,"193":0,"194":0,"195":0,"196":0,"197":0,"198":2,"199":0,"200":0,"201":0,"202":0,"203":0,"204":0,"205":0,"206":2,"207":0,"208":2,"209":0,"210":0,"211":2,"212":0,"213":0,"214":0,"215":0,"216":0,"217":0,"218":0,"219":0,"220":0,"221":0,"222":0,"223":0,"224":0,"225":0,"226":0,"227":0,"228":0,"229":0,"230":2,"231":0,"232":0,"233":0,"234":0,"235":0,"236":0,"237":0,"238":0,"239":0,"240":0,"241":0,"242":0,"243":0,"244":0,"245":0,"246":0,"247":0,"248":2,"249":0,"250":0,"251":0,"252":2,"253":2,"254":0,"255":2,"256":0,"257":0,"258":0,"259":0,"260":2,"261":0,"262":0,"263":0,"264":0,"265":0,"266":0,"267":0,"268":1},"f":{"0":2,"1":2,"2":4,"3":2,"4":2,"5":0,"6":2,"7":2,"8":0,"9":2,"10":2,"11":0,"12":0,"13":0,"14":2,"15":2,"16":2,"17":0,"18":0,"19":2,"20":0,"21":0,"22":0,"23":2,"24":0,"25":0,"26":0,"27":0,"28":0,"29":0,"30":0,"31":0,"32":0,"33":0,"34":0,"35":0,"36":0,"37":0,"38":0,"39":0,"40":0,"41":0,"42":0,"43":0,"44":0,"45":0,"46":0,"47":0,"48":0,"49":0,"50":0,"51":0,"52":0,"53":0,"54":0,"55":0,"56":2,"57":0,"58":0,"59":0,"60":0,"61":0,"62":0,"63":0,"64":0,"65":0},"b":{"0":[2,0],"1":[2,0],"2":[2,0],"3":[0,2],"4":[0,2],"5":[2,0],"6":[2,2],"7":[1,1],"8":[2,0],"9":[2,0],"10":[2,2],"11":[0,2],"12":[0,2],"13":[2,2],"14":[0,2],"15":[2,0],"16":[0,2],"17":[2,2],"18":[0,2],"19":[2,0],"20":[0,2],"21":[2,0],"22":[0,0],"23":[0,0],"24":[0,0],"25":[0,0],"26":[0,0],"27":[0,0],"28":[0,0],"29":[0,2],"30":[2,2],"31":[0,0],"32":[0,2],"33":[0,2],"34":[2,0],"35":[0,0],"36":[0,2],"37":[2,2],"38":[0,2],"39":[2,2],"40":[0,2],"41":[0,0],"42":[0,0],"43":[0,0],"44":[0,0],"45":[0,0],"46":[0,0],"47":[0,0],"48":[0,0],"49":[0,0],"50":[0,0],"51":[0,0],"52":[0,0],"53":[0,0],"54":[0,0],"55":[0,0],"56":[0,0],"57":[0,0],"58":[0,0],"59":[0,0],"60":[0,0],"61":[0,0],"62":[0,0],"63":[0,0],"64":[0,2],"65":[2,0],"66":[2,1],"67":[2,1],"68":[2,0],"69":[2,0],"70":[2,0],"71":[2,0],"72":[2,0],"73":[2,0],"74":[0,2],"75":[2,0],"76":[2,0],"77":[0,2],"78":[2,0],"79":[0,2],"80":[2,0],"81":[2,2,0],"82":[2,0],"83":[2,0],"84":[2,2,2],"85":[2,0],"86":[2,2,2,0,0],"87":[0,0],"88":[2,2,0,0],"89":[0,0],"90":[0,0],"91":[0,0],"92":[2,2,2],"93":[2,0,0,0],"94":[0,0,0,0],"95":[0,0],"96":[0,0],"97":[2,2,0],"98":[2,0],"99":[2,2,2],"100":[2,1],"101":[0,0],"102":[2,1],"103":[0,0],"104":[2,0],"105":[0,0]},"_coverageSchema":"1a1c01bbd47fc00a2c39e90264f33305004495a9","hash":"14bdbf752415883e85df406049aeade9e498557c"}
,"C:\\Projects\\toolkit\\src\\components\\auctionAddForm\\validations.js": {"path":"C:\\Projects\\toolkit\\src\\components\\auctionAddForm\\validations.js","statementMap":{"0":{"start":{"line":5,"column":17},"end":{"line":5,"column":19}},"1":{"start":{"line":7,"column":2},"end":{"line":14,"column":3}},"2":{"start":{"line":8,"column":4},"end":{"line":13,"column":6}},"3":{"start":{"line":16,"column":2},"end":{"line":23,"column":3}},"4":{"start":{"line":17,"column":4},"end":{"line":22,"column":6}},"5":{"start":{"line":25,"column":2},"end":{"line":29,"column":3}},"6":{"start":{"line":26,"column":4},"end":{"line":28,"column":6}},"7":{"start":{"line":31,"column":2},"end":{"line":35,"column":3}},"8":{"start":{"line":32,"column":4},"end":{"line":34,"column":6}},"9":{"start":{"line":37,"column":2},"end":{"line":41,"column":3}},"10":{"start":{"line":38,"column":4},"end":{"line":40,"column":6}},"11":{"start":{"line":43,"column":2},"end":{"line":47,"column":3}},"12":{"start":{"line":44,"column":4},"end":{"line":46,"column":6}},"13":{"start":{"line":49,"column":2},"end":{"line":53,"column":3}},"14":{"start":{"line":50,"column":4},"end":{"line":52,"column":6}},"15":{"start":{"line":55,"column":2},"end":{"line":59,"column":3}},"16":{"start":{"line":56,"column":4},"end":{"line":58,"column":6}},"17":{"start":{"line":61,"column":2},"end":{"line":65,"column":3}},"18":{"start":{"line":62,"column":4},"end":{"line":64,"column":6}},"19":{"start":{"line":67,"column":2},"end":{"line":76,"column":3}},"20":{"start":{"line":68,"column":4},"end":{"line":75,"column":5}},"21":{"start":{"line":69,"column":6},"end":{"line":74,"column":8}},"22":{"start":{"line":78,"column":2},"end":{"line":95,"column":3}},"23":{"start":{"line":79,"column":4},"end":{"line":86,"column":5}},"24":{"start":{"line":80,"column":6},"end":{"line":85,"column":8}},"25":{"start":{"line":87,"column":4},"end":{"line":94,"column":5}},"26":{"start":{"line":88,"column":6},"end":{"line":93,"column":8}},"27":{"start":{"line":97,"column":2},"end":{"line":106,"column":3}},"28":{"start":{"line":98,"column":4},"end":{"line":105,"column":5}},"29":{"start":{"line":99,"column":6},"end":{"line":104,"column":8}},"30":{"start":{"line":108,"column":2},"end":{"line":145,"column":3}},"31":{"start":{"line":109,"column":4},"end":{"line":116,"column":5}},"32":{"start":{"line":110,"column":6},"end":{"line":115,"column":8}},"33":{"start":{"line":117,"column":4},"end":{"line":130,"column":5}},"34":{"start":{"line":118,"column":6},"end":{"line":123,"column":8}},"35":{"start":{"line":124,"column":6},"end":{"line":129,"column":8}},"36":{"start":{"line":131,"column":4},"end":{"line":144,"column":5}},"37":{"start":{"line":132,"column":6},"end":{"line":137,"column":8}},"38":{"start":{"line":138,"column":6},"end":{"line":143,"column":8}},"39":{"start":{"line":147,"column":2},"end":{"line":150,"column":4}}},"fnMap":{"0":{"name":"validateAuctionForm","decl":{"start":{"line":4,"column":24},"end":{"line":4,"column":43}},"loc":{"start":{"line":4,"column":50},"end":{"line":151,"column":1}},"line":4}},"branchMap":{"0":{"loc":{"start":{"line":7,"column":2},"end":{"line":14,"column":3}},"type":"if","locations":[{"start":{"line":7,"column":2},"end":{"line":14,"column":3}},{"start":{"line":7,"column":2},"end":{"line":14,"column":3}}],"line":7},"1":{"loc":{"start":{"line":7,"column":6},"end":{"line":7,"column":49}},"type":"binary-expr","locations":[{"start":{"line":7,"column":6},"end":{"line":7,"column":30}},{"start":{"line":7,"column":34},"end":{"line":7,"column":49}}],"line":7},"2":{"loc":{"start":{"line":16,"column":2},"end":{"line":23,"column":3}},"type":"if","locations":[{"start":{"line":16,"column":2},"end":{"line":23,"column":3}},{"start":{"line":16,"column":2},"end":{"line":23,"column":3}}],"line":16},"3":{"loc":{"start":{"line":25,"column":2},"end":{"line":29,"column":3}},"type":"if","locations":[{"start":{"line":25,"column":2},"end":{"line":29,"column":3}},{"start":{"line":25,"column":2},"end":{"line":29,"column":3}}],"line":25},"4":{"loc":{"start":{"line":31,"column":2},"end":{"line":35,"column":3}},"type":"if","locations":[{"start":{"line":31,"column":2},"end":{"line":35,"column":3}},{"start":{"line":31,"column":2},"end":{"line":35,"column":3}}],"line":31},"5":{"loc":{"start":{"line":37,"column":2},"end":{"line":41,"column":3}},"type":"if","locations":[{"start":{"line":37,"column":2},"end":{"line":41,"column":3}},{"start":{"line":37,"column":2},"end":{"line":41,"column":3}}],"line":37},"6":{"loc":{"start":{"line":43,"column":2},"end":{"line":47,"column":3}},"type":"if","locations":[{"start":{"line":43,"column":2},"end":{"line":47,"column":3}},{"start":{"line":43,"column":2},"end":{"line":47,"column":3}}],"line":43},"7":{"loc":{"start":{"line":49,"column":2},"end":{"line":53,"column":3}},"type":"if","locations":[{"start":{"line":49,"column":2},"end":{"line":53,"column":3}},{"start":{"line":49,"column":2},"end":{"line":53,"column":3}}],"line":49},"8":{"loc":{"start":{"line":55,"column":2},"end":{"line":59,"column":3}},"type":"if","locations":[{"start":{"line":55,"column":2},"end":{"line":59,"column":3}},{"start":{"line":55,"column":2},"end":{"line":59,"column":3}}],"line":55},"9":{"loc":{"start":{"line":61,"column":2},"end":{"line":65,"column":3}},"type":"if","locations":[{"start":{"line":61,"column":2},"end":{"line":65,"column":3}},{"start":{"line":61,"column":2},"end":{"line":65,"column":3}}],"line":61},"10":{"loc":{"start":{"line":67,"column":2},"end":{"line":76,"column":3}},"type":"if","locations":[{"start":{"line":67,"column":2},"end":{"line":76,"column":3}},{"start":{"line":67,"column":2},"end":{"line":76,"column":3}}],"line":67},"11":{"loc":{"start":{"line":68,"column":4},"end":{"line":75,"column":5}},"type":"if","locations":[{"start":{"line":68,"column":4},"end":{"line":75,"column":5}},{"start":{"line":68,"column":4},"end":{"line":75,"column":5}}],"line":68},"12":{"loc":{"start":{"line":78,"column":2},"end":{"line":95,"column":3}},"type":"if","locations":[{"start":{"line":78,"column":2},"end":{"line":95,"column":3}},{"start":{"line":78,"column":2},"end":{"line":95,"column":3}}],"line":78},"13":{"loc":{"start":{"line":79,"column":4},"end":{"line":86,"column":5}},"type":"if","locations":[{"start":{"line":79,"column":4},"end":{"line":86,"column":5}},{"start":{"line":79,"column":4},"end":{"line":86,"column":5}}],"line":79},"14":{"loc":{"start":{"line":87,"column":4},"end":{"line":94,"column":5}},"type":"if","locations":[{"start":{"line":87,"column":4},"end":{"line":94,"column":5}},{"start":{"line":87,"column":4},"end":{"line":94,"column":5}}],"line":87},"15":{"loc":{"start":{"line":87,"column":8},"end":{"line":87,"column":57}},"type":"binary-expr","locations":[{"start":{"line":87,"column":8},"end":{"line":87,"column":25}},{"start":{"line":87,"column":29},"end":{"line":87,"column":57}}],"line":87},"16":{"loc":{"start":{"line":97,"column":2},"end":{"line":106,"column":3}},"type":"if","locations":[{"start":{"line":97,"column":2},"end":{"line":106,"column":3}},{"start":{"line":97,"column":2},"end":{"line":106,"column":3}}],"line":97},"17":{"loc":{"start":{"line":97,"column":6},"end":{"line":97,"column":49}},"type":"binary-expr","locations":[{"start":{"line":97,"column":6},"end":{"line":97,"column":27}},{"start":{"line":97,"column":31},"end":{"line":97,"column":49}}],"line":97},"18":{"loc":{"start":{"line":98,"column":4},"end":{"line":105,"column":5}},"type":"if","locations":[{"start":{"line":98,"column":4},"end":{"line":105,"column":5}},{"start":{"line":98,"column":4},"end":{"line":105,"column":5}}],"line":98},"19":{"loc":{"start":{"line":108,"column":2},"end":{"line":145,"column":3}},"type":"if","locations":[{"start":{"line":108,"column":2},"end":{"line":145,"column":3}},{"start":{"line":108,"column":2},"end":{"line":145,"column":3}}],"line":108},"20":{"loc":{"start":{"line":108,"column":6},"end":{"line":108,"column":48}},"type":"binary-expr","locations":[{"start":{"line":108,"column":6},"end":{"line":108,"column":27}},{"start":{"line":108,"column":31},"end":{"line":108,"column":48}}],"line":108},"21":{"loc":{"start":{"line":109,"column":4},"end":{"line":116,"column":5}},"type":"if","locations":[{"start":{"line":109,"column":4},"end":{"line":116,"column":5}},{"start":{"line":109,"column":4},"end":{"line":116,"column":5}}],"line":109},"22":{"loc":{"start":{"line":117,"column":4},"end":{"line":130,"column":5}},"type":"if","locations":[{"start":{"line":117,"column":4},"end":{"line":130,"column":5}},{"start":{"line":117,"column":4},"end":{"line":130,"column":5}}],"line":117},"23":{"loc":{"start":{"line":117,"column":8},"end":{"line":117,"column":54}},"type":"binary-expr","locations":[{"start":{"line":117,"column":8},"end":{"line":117,"column":22}},{"start":{"line":117,"column":26},"end":{"line":117,"column":54}}],"line":117},"24":{"loc":{"start":{"line":131,"column":4},"end":{"line":144,"column":5}},"type":"if","locations":[{"start":{"line":131,"column":4},"end":{"line":144,"column":5}},{"start":{"line":131,"column":4},"end":{"line":144,"column":5}}],"line":131},"25":{"loc":{"start":{"line":131,"column":8},"end":{"line":131,"column":53}},"type":"binary-expr","locations":[{"start":{"line":131,"column":8},"end":{"line":131,"column":23}},{"start":{"line":131,"column":27},"end":{"line":131,"column":53}}],"line":131}},"s":{"0":0,"1":0,"2":0,"3":0,"4":0,"5":0,"6":0,"7":0,"8":0,"9":0,"10":0,"11":0,"12":0,"13":0,"14":0,"15":0,"16":0,"17":0,"18":0,"19":0,"20":0,"21":0,"22":0,"23":0,"24":0,"25":0,"26":0,"27":0,"28":0,"29":0,"30":0,"31":0,"32":0,"33":0,"34":0,"35":0,"36":0,"37":0,"38":0,"39":0},"f":{"0":0},"b":{"0":[0,0],"1":[0,0],"2":[0,0],"3":[0,0],"4":[0,0],"5":[0,0],"6":[0,0],"7":[0,0],"8":[0,0],"9":[0,0],"10":[0,0],"11":[0,0],"12":[0,0],"13":[0,0],"14":[0,0],"15":[0,0],"16":[0,0],"17":[0,0],"18":[0,0],"19":[0,0],"20":[0,0],"21":[0,0],"22":[0,0],"23":[0,0],"24":[0,0],"25":[0,0]},"_coverageSchema":"1a1c01bbd47fc00a2c39e90264f33305004495a9","hash":"de99160cbb2c030fc84d050d6122c5a70565fe76"}
,"C:\\Projects\\toolkit\\src\\components\\auctionDetail\\AuctionDetailRigth.js": {"path":"C:\\Projects\\toolkit\\src\\components\\auctionDetail\\AuctionDetailRigth.js","statementMap":{"0":{"start":{"line":8,"column":27},"end":{"line":228,"column":1}},"1":{"start":{"line":28,"column":19},"end":{"line":28,"column":80}},"2":{"start":{"line":29,"column":25},"end":{"line":29,"column":85}},"3":{"start":{"line":31,"column":18},"end":{"line":31,"column":20}},"4":{"start":{"line":32,"column":2},"end":{"line":53,"column":3}},"5":{"start":{"line":33,"column":4},"end":{"line":33,"column":57}},"6":{"start":{"line":34,"column":4},"end":{"line":34,"column":65}},"7":{"start":{"line":35,"column":4},"end":{"line":35,"column":52}},"8":{"start":{"line":36,"column":4},"end":{"line":38,"column":8}},"9":{"start":{"line":39,"column":9},"end":{"line":53,"column":3}},"10":{"start":{"line":40,"column":4},"end":{"line":40,"column":41}},"11":{"start":{"line":41,"column":4},"end":{"line":41,"column":54}},"12":{"start":{"line":42,"column":4},"end":{"line":42,"column":36}},"13":{"start":{"line":43,"column":4},"end":{"line":43,"column":76}},"14":{"start":{"line":44,"column":9},"end":{"line":53,"column":3}},"15":{"start":{"line":45,"column":4},"end":{"line":45,"column":44}},"16":{"start":{"line":46,"column":4},"end":{"line":48,"column":61}},"17":{"start":{"line":49,"column":4},"end":{"line":49,"column":38}},"18":{"start":{"line":50,"column":4},"end":{"line":50,"column":100}},"19":{"start":{"line":52,"column":4},"end":{"line":52,"column":21}},"20":{"start":{"line":55,"column":2},"end":{"line":227,"column":4}},"21":{"start":{"line":134,"column":33},"end":{"line":134,"column":62}},"22":{"start":{"line":230,"column":0},"end":{"line":255,"column":2}}},"fnMap":{"0":{"name":"(anonymous_0)","decl":{"start":{"line":8,"column":27},"end":{"line":8,"column":28}},"loc":{"start":{"line":27,"column":6},"end":{"line":228,"column":1}},"line":27},"1":{"name":"(anonymous_1)","decl":{"start":{"line":134,"column":27},"end":{"line":134,"column":28}},"loc":{"start":{"line":134,"column":33},"end":{"line":134,"column":62}},"line":134}},"branchMap":{"0":{"loc":{"start":{"line":28,"column":19},"end":{"line":28,"column":80}},"type":"cond-expr","locations":[{"start":{"line":28,"column":38},"end":{"line":28,"column":60}},{"start":{"line":28,"column":63},"end":{"line":28,"column":80}}],"line":28},"1":{"loc":{"start":{"line":29,"column":25},"end":{"line":29,"column":85}},"type":"cond-expr","locations":[{"start":{"line":29,"column":32},"end":{"line":29,"column":78}},{"start":{"line":29,"column":81},"end":{"line":29,"column":85}}],"line":29},"2":{"loc":{"start":{"line":32,"column":2},"end":{"line":53,"column":3}},"type":"if","locations":[{"start":{"line":32,"column":2},"end":{"line":53,"column":3}},{"start":{"line":32,"column":2},"end":{"line":53,"column":3}}],"line":32},"3":{"loc":{"start":{"line":32,"column":6},"end":{"line":32,"column":56}},"type":"binary-expr","locations":[{"start":{"line":32,"column":6},"end":{"line":32,"column":23}},{"start":{"line":32,"column":27},"end":{"line":32,"column":56}}],"line":32},"4":{"loc":{"start":{"line":39,"column":9},"end":{"line":53,"column":3}},"type":"if","locations":[{"start":{"line":39,"column":9},"end":{"line":53,"column":3}},{"start":{"line":39,"column":9},"end":{"line":53,"column":3}}],"line":39},"5":{"loc":{"start":{"line":44,"column":9},"end":{"line":53,"column":3}},"type":"if","locations":[{"start":{"line":44,"column":9},"end":{"line":53,"column":3}},{"start":{"line":44,"column":9},"end":{"line":53,"column":3}}],"line":44},"6":{"loc":{"start":{"line":46,"column":22},"end":{"line":48,"column":60}},"type":"cond-expr","locations":[{"start":{"line":47,"column":8},"end":{"line":47,"column":67}},{"start":{"line":48,"column":8},"end":{"line":48,"column":60}}],"line":46},"7":{"loc":{"start":{"line":74,"column":17},"end":{"line":78,"column":17}},"type":"cond-expr","locations":[{"start":{"line":75,"column":18},"end":{"line":75,"column":92}},{"start":{"line":77,"column":18},"end":{"line":77,"column":94}}],"line":74},"8":{"loc":{"start":{"line":96,"column":11},"end":{"line":103,"column":11}},"type":"binary-expr","locations":[{"start":{"line":96,"column":11},"end":{"line":96,"column":26}},{"start":{"line":97,"column":12},"end":{"line":102,"column":18}}],"line":96},"9":{"loc":{"start":{"line":104,"column":11},"end":{"line":146,"column":11}},"type":"binary-expr","locations":[{"start":{"line":104,"column":11},"end":{"line":104,"column":19}},{"start":{"line":104,"column":23},"end":{"line":104,"column":37}},{"start":{"line":105,"column":12},"end":{"line":145,"column":18}}],"line":104},"10":{"loc":{"start":{"line":109,"column":37},"end":{"line":109,"column":57}},"type":"binary-expr","locations":[{"start":{"line":109,"column":37},"end":{"line":109,"column":42}},{"start":{"line":109,"column":46},"end":{"line":109,"column":57}}],"line":109},"11":{"loc":{"start":{"line":147,"column":11},"end":{"line":168,"column":11}},"type":"binary-expr","locations":[{"start":{"line":147,"column":11},"end":{"line":147,"column":18}},{"start":{"line":148,"column":12},"end":{"line":167,"column":15}}],"line":147},"12":{"loc":{"start":{"line":169,"column":11},"end":{"line":185,"column":11}},"type":"binary-expr","locations":[{"start":{"line":169,"column":11},"end":{"line":169,"column":24}},{"start":{"line":170,"column":12},"end":{"line":184,"column":15}}],"line":169},"13":{"loc":{"start":{"line":186,"column":11},"end":{"line":223,"column":11}},"type":"binary-expr","locations":[{"start":{"line":186,"column":11},"end":{"line":186,"column":20}},{"start":{"line":187,"column":12},"end":{"line":222,"column":18}}],"line":186},"14":{"loc":{"start":{"line":196,"column":19},"end":{"line":205,"column":19}},"type":"binary-expr","locations":[{"start":{"line":196,"column":19},"end":{"line":196,"column":32}},{"start":{"line":196,"column":36},"end":{"line":196,"column":53}},{"start":{"line":197,"column":20},"end":{"line":204,"column":22}}],"line":196},"15":{"loc":{"start":{"line":206,"column":19},"end":{"line":212,"column":19}},"type":"binary-expr","locations":[{"start":{"line":206,"column":19},"end":{"line":206,"column":32}},{"start":{"line":206,"column":36},"end":{"line":206,"column":54}},{"start":{"line":207,"column":20},"end":{"line":211,"column":22}}],"line":206},"16":{"loc":{"start":{"line":213,"column":19},"end":{"line":219,"column":19}},"type":"binary-expr","locations":[{"start":{"line":213,"column":19},"end":{"line":213,"column":33}},{"start":{"line":213,"column":37},"end":{"line":213,"column":54}},{"start":{"line":214,"column":20},"end":{"line":218,"column":22}}],"line":213}},"s":{"0":2,"1":18,"2":18,"3":18,"4":18,"5":18,"6":18,"7":18,"8":18,"9":0,"10":0,"11":0,"12":0,"13":0,"14":0,"15":0,"16":0,"17":0,"18":0,"19":0,"20":18,"21":4,"22":2},"f":{"0":18,"1":4},"b":{"0":[18,0],"1":[18,0],"2":[18,0],"3":[18,18],"4":[0,0],"5":[0,0],"6":[0,0],
[...]
,"C:\\Projects\\toolkit\\src\\utils\\firstElemOf.js": {"path":"C:\\Projects\\toolkit\\src\\utils\\firstElemOf.js","statementMap":{"0":{"start":{"line":1,"column":20},"end":{"line":1,"column":37}},"1":{"start":{"line":1,"column":29},"end":{"line":1,"column":37}}},"fnMap":{"0":{"name":"(anonymous_0)","decl":{"start":{"line":1,"column":20},"end":{"line":1,"column":21}},"loc":{"start":{"line":1,"column":29},"end":{"line":1,"column":37}},"line":1}},"branchMap":{},"s":{"0":16,"1":0},"f":{"0":0},"b":{},"_coverageSchema":"1a1c01bbd47fc00a2c39e90264f33305004495a9","hash":"a1cf2636b79b536a6de0329da7a91d12cdb20deb"}
,"C:\\Projects\\toolkit\\src\\utils\\getEmployeeName.js": {"path":"C:\\Projects\\toolkit\\src\\utils\\getEmployeeName.js","statementMap":{"0":{"start":{"line":1,"column":24},"end":{"line":11,"column":1}},"1":{"start":{"line":2,"column":2},"end":{"line":9,"column":3}},"2":{"start":{"line":3,"column":23},"end":{"line":3,"column":38}},"3":{"start":{"line":4,"column":4},"end":{"line":7,"column":5}},"4":{"start":{"line":5,"column":24},"end":{"line":5,"column":86}},"5":{"start":{"line":5,"column":52},"end":{"line":5,"column":85}},"6":{"start":{"line":6,"column":6},"end":{"line":6,"column":97}},"7":{"start":{"line":8,"column":4},"end":{"line":8,"column":48}},"8":{"start":{"line":10,"column":2},"end":{"line":10,"column":14}}},"fnMap":{"0":{"name":"(anonymous_0)","decl":{"start":{"line":1,"column":24},"end":{"line":1,"column":25}},"loc":{"start":{"line":1,"column":45},"end":{"line":11,"column":1}},"line":1},"1":{"name":"(anonymous_1)","decl":{"start":{"line":5,"column":40},"end":{"line":5,"column":41}},"loc":{"start":{"line":5,"column":52},"end":{"line":5,"column":85}},"line":5}},"branchMap":{"0":{"loc":{"start":{"line":2,"column":2},"end":{"line":9,"column":3}},"type":"if","locations":[{"start":{"line":2,"column":2},"end":{"line":9,"column":3}},{"start":{"line":2,"column":2},"end":{"line":9,"column":3}}],"line":2},"1":{"loc":{"start":{"line":2,"column":6},"end":{"line":2,"column":29}},"type":"binary-expr","locations":[{"start":{"line":2,"column":6},"end":{"line":2,"column":10}},{"start":{"line":2,"column":14},"end":{"line":2,"column":29}}],"line":2},"2":{"loc":{"start":{"line":4,"column":4},"end":{"line":7,"column":5}},"type":"if","locations":[{"start":{"line":4,"column":4},"end":{"line":7,"column":5}},{"start":{"line":4,"column":4},"end":{"line":7,"column":5}}],"line":4},"3":{"loc":{"start":{"line":4,"column":8},"end":{"line":4,"column":42}},"type":"binary-expr","locations":[{"start":{"line":4,"column":8},"end":{"line":4,"column":17}},{"start":{"line":4,"column":21},"end":{"line":4,"column":42}}],"line":4},"4":{"loc":{"start":{"line":6,"column":13},"end":{"line":6,"column":96}},"type":"cond-expr","locations":[{"start":{"line":6,"column":43},"end":{"line":6,"column":57}},{"start":{"line":6,"column":60},"end":{"line":6,"column":96}}],"line":6},"5":{"loc":{"start":{"line":6,"column":13},"end":{"line":6,"column":40}},"type":"binary-expr","locations":[{"start":{"line":6,"column":13},"end":{"line":6,"column":22}},{"start":{"line":6,"column":26},"end":{"line":6,"column":40}}],"line":6}},"s":{"0":16,"1":29,"2":24,"3":24,"4":23,"5":26,"6":23,"7":1,"8":5},"f":{"0":29,"1":26},"b":{"0":[24,5],"1":[29,29],"2":[23,1],"3":[24,24],"4":[23,0],"5":[23,23]},"_coverageSchema":"1a1c01bbd47fc00a2c39e90264f33305004495a9","hash":"21f44760ed33495514ab11048871ddfd2b72ec64"}
,"C:\\Projects\\toolkit\\src\\utils\\getLocalStorage.js": {"path":"C:\\Projects\\toolkit\\src\\utils\\getLocalStorage.js","statementMap":{"0":{"start":{"line":4,"column":24},"end":{"line":29,"column":1}},"1":{"start":{"line":6,"column":15},"end":{"line":6,"column":40}},"2":{"start":{"line":8,"column":2},"end":{"line":16,"column":3}},"3":{"start":{"line":9,"column":4},"end":{"line":9,"column":23}},"4":{"start":{"line":11,"column":4},"end":{"line":15,"column":5}},"5":{"start":{"line":12,"column":6},"end":{"line":12,"column":60}},"6":{"start":{"line":14,"column":6},"end":{"line":14,"column":43}},"7":{"start":{"line":14,"column":27},"end":{"line":14,"column":43}},"8":{"start":{"line":18,"column":2},"end":{"line":28,"column":3}},"9":{"start":{"line":21,"column":6},"end":{"line":21,"column":30}},"10":{"start":{"line":24,"column":6},"end":{"line":24,"column":18}},"11":{"start":{"line":27,"column":6},"end":{"line":27,"column":26}}},"fnMap":{"0":{"name":"(anonymous_0)","decl":{"start":{"line":4,"column":24},"end":{"line":4,"column":25}},"loc":{"start":{"line":4,"column":52},"end":{"line":29,"column":1}},"line":4}},"branchMap":{"0":{"loc":{"start":{"line":4,"column":30},"end":{"line":4,"column":47}},"type":"default-arg","locations":[{"start":{"line":4,"column":45},"end":{"line":4,"column":47}}],"line":4},"1":{"loc":{"start":{"line":8,"column":2},"end":{"line":16,"column":3}},"type":"if","locations":[{"start":{"line":8,"column":2},"end":{"line":16,"column":3}},{"start":{"line":8,"column":2},"end":{"line":16,"column":3}}],"line":8},"2":{"loc":{"start":{"line":12,"column":13},"end":{"line":12,"column":59}},"type":"cond-expr","locations":[{"start":{"line":12,"column":41},"end":{"line":12,"column":48}},{"start":{"line":12,"column":51},"end":{"line":12,"column":59}}],"line":12},"3":{"loc":{"start":{"line":14,"column":6},"end":{"line":14,"column":43}},"type":"if","locations":[{"start":{"line":14,"column":6},"end":{"line":14,"column":43}},{"start":{"line":14,"column":6},"end":{"line":14,"column":43}}],"line":14},"4":{"loc":{"start":{"line":18,"column":2},"end":{"line":28,"column":3}},"type":"switch","locations":[{"start":{"line":19,"column":4},"end":{"line":19,"column":18}},{"start":{"line":20,"column":4},"end":{"line":21,"column":30}},{"start":{"line":23,"column":4},"end":{"line":24,"column":18}},{"start":{"line":26,"column":4},"end":{"line":27,"column":26}}],"line":18}},"s":{"0":16,"1":5,"2":5,"3":2,"4":3,"5":3,"6":1,"7":1,"8":5,"9":2,"10":1,"11":2},"f":{"0":5},"b":{"0":[4],"1":[2,3],"2":[1,1],"3":[1,0],"4":[1,2,1,2]},"_coverageSchema":"1a1c01bbd47fc00a2c39e90264f33305004495a9","hash":"389a54b88b1eb517e607d3a0583d06500827c54f"}
,"C:\\Projects\\toolkit\\src\\utils\\getLocalStorageAuctionPrivateCode.js": {"path":"C:\\Projects\\toolkit\\src\\utils\\getLocalStorageAuctionPrivateCode.js","statementMap":{"0":{"start":{"line":1,"column":42},"end":{"line":8,"column":1}},"1":{"start":{"line":2,"column":2},"end":{"line":6,"column":3}},"2":{"start":{"line":3,"column":27},"end":{"line":3,"column":63}},"3":{"start":{"line":4,"column":24},"end":{"line":4,"column":76}},"4":{"start":{"line":4,"column":52},"end":{"line":4,"column":75}},"5":{"start":{"line":5,"column":4},"end":{"line":5,"column":49}},"6":{"start":{"line":7,"column":2},"end":{"line":7,"column":14}}},"fnMap":{"0":{"name":"(anonymous_0)","decl":{"start":{"line":1,"column":42},"end":{"line":1,"column":43}},"loc":{"start":{"line":1,"column":55},"end":{"line":8,"column":1}},"line":1},"1":{"name":"(anonymous_1)","decl":{"start":{"line":4,"column":44},"end":{"line":4,"column":45}},"loc":{"start":{"line":4,"column":52},"end":{"line":4,"column":75}},"line":4}},"branchMap":{"0":{"loc":{"start":{"line":2,"column":2},"end":{"line":6,"column":3}},"type":"if","locations":[{"start":{"line":2,"column":2},"end":{"line":6,"column":3}},{"start":{"line":2,"column":2},"end":{"line":6,"column":3}}],"line":2},"1":{"loc":{"start":{"line":5,"column":11},"end":{"line":5,"column":48}},"type":"cond-expr","locations":[{"start":{"line":5,"column":25},"end":{"line":5,"column":41}},{"start":{"line":5,"column":44},"end":{"line":5,"column":48}}],"line":5}},"s":{"0":16,"1":2,"2":2,"3":2,"4":2,"5":2,"6":0},"f":{"0":2,"1":2},"b":{"0":[2,0],"1":[1,1]},"_coverageSchema":"1a1c01bbd47fc00a2c39e90264f33305004495a9","hash":"16ee7e6074e7837a89cdeef0ba4a4e861a195bdb"}
,"C:\\Projects\\toolkit\\src\\utils\\getUrlParam.js": {"path":"C:\\Projects\\toolkit\\src\\utils\\getUrlParam.js","statementMap":{"0":{"start":{"line":1,"column":20},"end":{"line":8,"column":1}},"1":{"start":{"line":2,"column":2},"end":{"line":7,"column":3}},"2":{"start":{"line":3,"column":24},"end":{"line":3,"column":46}},"3":{"start":{"line":4,"column":22},"end":{"line":4,"column":54}},"4":{"start":{"line":6,"column":4},"end":{"line":6,"column":32}}},"fnMap":{"0":{"name":"(anonymous_0)","decl":{"start":{"line":1,"column":20},"end":{"line":1,"column":21}},"loc":{"start":{"line":1,"column":29},"end":{"line":8,"column":1}},"line":1}},"branchMap":{"0":{"loc":{"start":{"line":2,"column":2},"end":{"line":7,"column":3}},"type":"if","locations":[{"start":{"line":2,"column":2},"end":{"line":7,"column":3}},{"start":{"line":2,"column":2},"end":{"line":7,"column":3}}],"line":2}},"s":{"0":16,"1":1,"2":1,"3":1,"4":1},"f":{"0":1},"b":{"0":[1,0]},"_coverageSchema":"1a1c01bbd47fc00a2c39e90264f33305004495a9","hash":"d48a60f42c5ec666a0435203427d7393278196de"}
,"C:\\Projects\\toolkit\\src\\utils\\index.js": {"path":"C:\\Projects\\toolkit\\src\\utils\\index.js","statementMap":{},"fnMap":{},"branchMap":{},"s":{},"f":{},"b":{},"_coverageSchema":"1a1c01bbd47fc00a2c39e90264f33305004495a9","hash":"8dcc058e63c559f391d581025035eaeac51a6129"}
,"C:\\Projects\\toolkit\\src\\utils\\isArray.js": {"path":"C:\\Projects\\toolkit\\src\\utils\\isArray.js","statementMap":{"0":{"start":{"line":1,"column":16},"end":{"line":1,"column":37}},"1":{"start":{"line":1,"column":21},"end":{"line":1,"column":37}}},"fnMap":{"0":{"name":"(anonymous_0)","decl":{"start":{"line":1,"column":16},"end":{"line":1,"column":17}},"loc":{"start":{"line":1,"column":21},"end":{"line":1,"column":37}},"line":1}},"branchMap":{},"s":{"0":16,"1":5},"f":{"0":5},"b":{},"_coverageSchema":"1a1c01bbd47fc00a2c39e90264f33305004495a9","hash":"bc808b33ab032f09ddc8b93034b9e159a74d7076"}
,"C:\\Projects\\toolkit\\src\\utils\\isCompanyAdmin.js": {"path":"C:\\Projects\\toolkit\\src\\utils\\isCompanyAdmin.js","statementMap":{"0":{"start":{"line":1,"column":23},"end":{"line":6,"column":1}},"1":{"start":{"line":2,"column":18},"end":{"line":4,"column":3}},"2":{"start":{"line":3,"column":9},"end":{"line":3,"column":81}},"3":{"start":{"line":5,"column":2},"end":{"line":5,"column":22}}},"fnMap":{"0":{"name":"(anonymous_0)","decl":{"start":{"line":1,"column":23},"end":{"line":1,"column":24}},"loc":{"start":{"line":1,"column":44},"end":{"line":6,"column":1}},"line":1},"1":{"name":"(anonymous_1)","decl":{"start":{"line":3,"column":4},"end":{"line":3,"column":5}},"loc":{"start":{"line":3,"column":9},"end":{"line":3,"column":81}},"line":3}},"branchMap":{"0":{"loc":{"start":{"line":3,"column":9},"end":{"line":3,"column":81}},"type":"binary-expr","locations":[{"start":{"line":3,"column":9},"end":{"line":3,"column":35}},{"start":{"line":3,"column":40},"end":{"line":3,"column":58}},{"start":{"line":3,"column":62},"end":{"line":3,"column":80}}],"line":3}},"s":{"0":16,"1":6,"2":9,"3":6},"f":{"0":6,"1":9},"b":{"0":[9,3,2]},"_coverageSchema":"1a1c01bbd47fc00a2c39e90264f33305004495a9","hash":"e1d90f7794c3cbdf976cc82461ccfe730837990e"}
,"C:\\Projects\\toolkit\\src\\utils\\isDefined.js": {"path":"C:\\Projects\\toolkit\\src\\utils\\isDefined.js","statementMap":{"0":{"start":{"line":1,"column":18},"end":{"line":1,"column":52}},"1":{"start":{"line":1,"column":23},"end":{"line":1,"column":52}}},"fnMap":{"0":{"name":"(anonymous_0)","decl":{"start":{"line":1,"column":18},"end":{"line":1,"column":19}},"loc":{"start":{"line":1,"column":23},"end":{"line":1,"column":52}},"line":1}},"branchMap":{"0":{"loc":{"start":{"line":1,"column":23},"end":{"line":1,"column":52}},"type":"binary-expr","locations":[{"start":{"line":1,"column":23},"end":{"line":1,"column":38}},{"start":{"line":1,"column":42},"end":{"line":1,"column":52}}],"line":1}},"s":{"0":16,"1":43},"f":{"0":43},"b":{"0":[43,42]},"_coverageSchema":"1a1c01bbd47fc00a2c39e90264f33305004495a9","hash":"22b4dbb7b8293e3a4f2d55f7866e192335ef8b49"}
,"C:\\Projects\\toolkit\\src\\utils\\isEmpty.js": {"path":"C:\\Projects\\toolkit\\src\\utils\\isEmpty.js","statementMap":{"0":{"start":{"line":1,"column":16},"end":{"line":1,"column":52}},"1":{"start":{"line":1,"column":23},"end":{"line":1,"column":52}}},"fnMap":{"0":{"name":"(anonymous_0)","decl":{"start":{"line":1,"column":16},"end":{"line":1,"column":17}},"loc":{"start":{"line":1,"column":23},"end":{"line":1,"column":52}},"line":1}},"branchMap":{},"s":{"0":20,"1":74},"f":{"0":74},"b":{},"_coverageSchema":"1a1c01bbd47fc00a2c39e90264f33305004495a9","hash":"9dd197db271032d0c7e91e59dc55ac65bd957a09"}
,"C:\\Projects\\toolkit\\src\\utils\\isObject.js": {"path":"C:\\Projects\\toolkit\\src\\utils\\isObject.js","statementMap":{"0":{"start":{"line":3,"column":17},"end":{"line":3,"column":80}},"1":{"start":{"line":3,"column":22},"end":{"line":3,"column":80}}},"fnMap":{"0":{"name":"(anonymous_0)","decl":{"start":{"line":3,"column":17},"end":{"line":3,"column":18}},"loc":{"start":{"line":3,"column":22},"end":{"line":3,"column":80}},"line":3}},"branchMap":{"0":{"loc":{"start":{"line":3,"column":22},"end":{"line":3,"column":80}},"type":"binary-expr","locations":[{"start":{"line":3,"column":22},"end":{"line":3,"column":34}},{"start":{"line":3,"column":38},"end":{"line":3,"column":59}},{"start":{"line":3,"column":63},"end":{"line":3,"column":80}}],"line":3}},"s":{"0":16,"1":3},"f":{"0":3},"b":{"0":[3,2,2]},"_coverageSchema":"1a1c01bbd47fc00a2c39e90264f33305004495a9","hash":"b79910cda562f7a2b8dae4c4117da71c4df96042"}
,"C:\\Projects\\toolkit\\src\\utils\\isValidURL.js": {"path":"C:\\Projects\\toolkit\\src\\utils\\isValidURL.js","statementMap":{"0":{"start":{"line":1,"column":19},"end":{"line":12,"column":1}},"1":{"start":{"line":2,"column":18},"end":{"line":10,"column":3}},"2":{"start":{"line":11,"column":2},"end":{"line":11,"column":29}}},"fnMap":{"0":{"name":"(anonymous_0)","decl":{"start":{"line":1,"column":19},"end":{"line":1,"column":20}},"loc":{"start":{"line":1,"column":26},"end":{"line":12,"column":1}},"line":1}},"branchMap":{},"s":{"0":16,"1":3,"2":3},"f":{"0":3},"b":{},"_coverageSchema":"1a1c01bbd47fc00a2c39e90264f33305004495a9","hash":"6311d695508c89120bcb0bfa0c3275af8e83c214"}
,"C:\\Projects\\toolkit\\src\\utils\\lastElemOf.js": {"path":"C:\\Projects\\toolkit\\src\\utils\\lastElemOf.js","statementMap":{"0":{"start":{"line":1,"column":19},"end":{"line":1,"column":51}},"1":{"start":{"line":1,"column":28},"end":{"line":1,"column":51}}},"fnMap":{"0":{"name":"(anonymous_0)","decl":{"start":{"line":1,"column":19},"end":{"line":1,"column":20}},"loc":{"start":{"line":1,"column":28},"end":{"line":1,"column":51}},"line":1}},"branchMap":{},"s":{"0":16,"1":0},"f":{"0":0},"b":{},"_coverageSchema":"1a1c01bbd47fc00a2c39e90264f33305004495a9","hash":"c3070affcf94b12c8c7f965adf62bf9c0462ed49"}
,"C:\\Projects\\toolkit\\src\\utils\\removeAllButLast.js": {"path":"C:\\Projects\\toolkit\\src\\utils\\removeAllButLast.js","statementMap":{"0":{"start":{"line":1,"column":19},"end":{"line":3,"column":1}},"1":{"start":{"line":2,"column":2},"end":{"line":2,"column":14}},"2":{"start":{"line":5,"column":25},"end":{"line":13,"column":1}},"3":{"start":{"line":6,"column":16},"end":{"line":6,"column":35}},"4":{"start":{"line":8,"column":2},"end":{"line":10,"column":3}},"5":{"start":{"line":9,"column":4},"end":{"line":9,"column":18}},"6":{"start":{"line":12,"column":2},"end":{"line":12,"column":87}}},"fnMap":{"0":{"name":"(anonymous_0)","decl":{"start":{"line":1,"column":19},"end":{"line":1,"column":20}},"loc":{"start":{"line":1,"column":25},"end":{"line":3,"column":1}},"line":1},"1":{"name":"(anonymous_1)","decl":{"start":{"line":5,"column":25},"end":{"line":5,"column":26}},"loc":{"start":{"line":5,"column":44},"end":{"line":13,"column":1}},"line":5}},"branchMap":{"0":{"loc":{"start":{"line":8,"column":2},"end":{"line":10,"column":3}},"type":"if","locations":[{"start":{"line":8,"column":2},"end":{"line":10,"column":3}},{"start":{"line":8,"column":2},"end":{"line":10,"column":3}}],"line":8},"1":{"loc":{"start":{"line":12,"column":9},"end":{"line":12,"column":86}},"type":"cond-expr","locations":[{"start":{"line":12,"column":28},"end":{"line":12,"column":81}},{"start":{"line":12,"column":84},"end":{"line":12,"column":86}}],"line":12}},"s":{"0":17,"1":0,"2":17,"3":1,"4":1,"5":0,"6":1},"f":{"0":0,"1":1},"b":{"0":[0,1],"1":[1,0]},"_coverageSchema":"1a1c01bbd47fc00a2c39e90264f33305004495a9","hash":"bb46b98b2d861e592af37e29895fc0954d7b4b21"}
,"C:\\Projects\\toolkit\\src\\utils\\removeAllUrlParams.js": {"path":"C:\\Projects\\toolkit\\src\\utils\\removeAllUrlParams.js","statementMap":{"0":{"start":{"line":1,"column":27},"end":{"line":1,"column":68}},"1":{"start":{"line":1,"column":34},"end":{"line":1,"column":68}}},"fnMap":{"0":{"name":"(anonymous_0)","decl":{"start":{"line":1,"column":27},"end":{"line":1,"column":28}},"loc":{"start":{"line":1,"column":34},"end":{"line":1,"column":68}},"line":1}},"branchMap":{},"s":{"0":16,"1":1},"f":{"0":1},"b":{},"_coverageSchema":"1a1c01bbd47fc00a2c39e90264f33305004495a9","hash":"250f9577ae565f9979c26bcbd9ed7ad2881bce99"}
,"C:\\Projects\\toolkit\\src\\utils\\removeUrlParam.js": {"path":"C:\\Projects\\toolkit\\src\\utils\\removeUrlParam.js","statementMap":{"0":{"start":{"line":1,"column":23},"end":{"line":5,"column":1}},"1":{"start":{"line":2,"column":14},"end":{"line":2,"column":43}},"2":{"start":{"line":3,"column":2},"end":{"line":3,"column":33}},"3":{"start":{"line":4,"column":2},"end":{"line":4,"column":61}}},"fnMap":{"0":{"name":"(anonymous_0)","decl":{"start":{"line":1,"column":23},"end":{"line":1,"column":24}},"loc":{"start":{"line":1,"column":32},"end":{"line":5,"column":1}},"line":1}},"branchMap":{},"s":{"0":16,"1":1,"2":1,"3":1},"f":{"0":1},"b":{},"_coverageSchema":"1a1c01bbd47fc00a2c39e90264f33305004495a9","hash":"42fd1864f2de774ad2a77c91aa34485538afe2cc"}
,"C:\\Projects\\toolkit\\src\\utils\\slugify.js": {"path":"C:\\Projects\\toolkit\\src\\utils\\slugify.js","statementMap":{"0":{"start":{"line":3,"column":16},"end":{"line":8,"column":4}},"1":{"start":{"line":4,"column":2},"end":{"line":8,"column":4}}},"fnMap":{"0":{"name":"(anonymous_0)","decl":{"start":{"line":3,"column":16},"end":{"line":3,"column":17}},"loc":{"start":{"line":4,"column":2},"end":{"line":8,"column":4}},"line":4}},"branchMap":{},"s":{"0":17,"1":101},"f":{"0":101},"b":{},"_coverageSchema":"1a1c01bbd47fc00a2c39e90264f33305004495a9","hash":"526fc73d778bbb59ad86b72d211b64102131e82d"}
,"C:\\Projects\\toolkit\\src\\utils\\sortBy.js": {"path":"C:\\Projects\\toolkit\\src\\utils\\sortBy.js","statementMap":{"0":{"start":{"line":1,"column":15},"end":{"line":4,"column":4}},"1":{"start":{"line":2,"column":2},"end":{"line":4,"column":4}},"2":{"start":{"line":3,"column":4},"end":{"line":3,"column":37}}},"fnMap":{"0":{"name":"(anonymous_0)","decl":{"start":{"line":1,"column":15},"end":{"line":1,"column":16}},"loc":{"start":{"line":2,"column":2},"end":{"line":4,"column":4}},"line":2},"1":{"name":"(anonymous_1)","decl":{"start":{"line":2,"column":13},"end":{"line":2,"column":14}},"loc":{"start":{"line":2,"column":23},"end":{"line":4,"column":3}},"line":2}},"branchMap":{},"s":{"0":17,"1":2,"2":2},"f":{"0":2,"1":2},"b":{},"_coverageSchema":"1a1c01bbd47fc00a2c39e90264f33305004495a9","hash":"3a8063b7a0bdb7c665a374ea4ad906f7d0996873"}
}
