TN:
SF:src\components\auctionAddForm\index.js
FN:41,(anonymous_0)
FN:78,(anonymous_1)
FN:79,(anonymous_2)
FN:138,(anonymous_3)
FN:157,(anonymous_4)
FN:166,(anonymous_5)
FN:171,(anonymous_6)
FN:179,(anonymous_7)
FN:189,(anonymous_8)
FN:194,(anonymous_9)
FN:202,(anonymous_10)
FN:223,(anonymous_11)
FN:239,(anonymous_12)
FN:253,(anonymous_13)
FN:293,(anonymous_14)
FN:329,(anonymous_15)
FN:351,(anonymous_16)
FN:364,(anonymous_17)
FN:368,(anonymous_18)
FN:377,(anonymous_19)
FN:382,(anonymous_20)
FN:388,(anonymous_21)
FN:393,(anonymous_22)
FN:399,(anonymous_23)
FN:401,(anonymous_24)
FN:405,(anonymous_25)
FN:411,(anonymous_26)
FN:416,(anonymous_27)
FN:418,(anonymous_28)
FN:421,(anonymous_29)
FN:427,(anonymous_30)
FN:429,(anonymous_31)
FN:438,(anonymous_32)
FN:442,(anonymous_33)
FN:443,(anonymous_34)
FN:447,(anonymous_35)
FN:451,(anonymous_36)
FN:452,(anonymous_37)
FN:456,(anonymous_38)
FN:458,(anonymous_39)
FN:468,(anonymous_40)
FN:473,(anonymous_41)
FN:476,(anonymous_42)
FN:481,(anonymous_43)
FN:492,(anonymous_44)
FN:502,(anonymous_45)
FN:506,(anonymous_46)
FN:508,(anonymous_47)
FN:512,(anonymous_48)
FN:516,(anonymous_49)
FN:521,(anonymous_50)
FN:535,(anonymous_51)
FN:550,(anonymous_52)
FN:581,(anonymous_53)
FN:601,(anonymous_54)
FN:603,(anonymous_55)
FN:610,(anonymous_56)
FN:614,(anonymous_57)
FN:667,(anonymous_58)
FN:751,(anonymous_59)
FN:895,(anonymous_60)
FN:1203,(anonymous_61)
FN:1334,(anonymous_62)
FN:1345,(anonymous_63)
FN:1356,(anonymous_64)
FN:1367,(anonymous_65)
FNF:66
FNH:15
FNDA:2,(anonymous_0)
FNDA:2,(anonymous_1)
FNDA:4,(anonymous_2)
FNDA:2,(anonymous_3)
FNDA:2,(anonymous_4)
FNDA:0,(anonymous_5)
FNDA:2,(anonymous_6)
FNDA:2,(anonymous_7)
FNDA:0,(anonymous_8)
FNDA:2,(anonymous_9)
FNDA:2,(anonymous_10)
FNDA:0,(anonymous_11)
FNDA:0,(anonymous_12)
FNDA:0,(anonymous_13)
FNDA:2,(anonymous_14)
FNDA:2,(anonymous_15)
FNDA:2,(anonymous_16)
FNDA:0,(anonymous_17)
FNDA:0,(anonymous_18)
FNDA:2,(anonymous_19)
FNDA:0,(anonymous_20)
FNDA:0,(anonymous_21)
FNDA:0,(anonymous_22)
FNDA:2,(anonymous_23)
FNDA:0,(anonymous_24)
FNDA:0,(anonymous_25)
FNDA:0,(anonymous_26)
FNDA:0,(anonymous_27)
FNDA:0,(anonymous_28)
FNDA:0,(anonymous_29)
FNDA:0,(anonymous_30)
FNDA:0,(anonymous_31)
FNDA:0,(anonymous_32)
FNDA:0,(anonymous_33)
FNDA:0,(anonymous_34)
FNDA:0,(anonymous_35)
FNDA:0,(anonymous_36)
FNDA:0,(anonymous_37)
FNDA:0,(anonymous_38)
FNDA:0,(anonymous_39)
FNDA:0,(anonymous_40)
FNDA:0,(anonymous_41)
FNDA:0,(anonymous_42)
FNDA:0,(anonymous_43)
FNDA:0,(anonymous_44)
FNDA:0,(anonymous_45)
FNDA:0,(anonymous_46)
FNDA:0,(anonymous_47)
FNDA:0,(anonymous_48)
FNDA:0,(anonymous_49)
FNDA:0,(anonymous_50)
FNDA:0,(anonymous_51)
FNDA:0,(anonymous_52)
FNDA:0,(anonymous_53)
FNDA:0,(anonymous_54)
FNDA:0,(anonymous_55)
FNDA:2,(anonymous_56)
FNDA:0,(anonymous_57)
FNDA:0,(anonymous_58)
FNDA:0,(anonymous_59)
FNDA:0,(anonymous_60)
FNDA:0,(anonymous_61)
FNDA:0,(anonymous_62)
FNDA:0,(anonymous_63)
FNDA:0,(anonymous_64)
FNDA:0,(anonymous_65)
DA:32,1
DA:33,1
DA:41,1
DA:77,2
DA:78,2
DA:79,4
DA:80,2
DA:106,2
DA:118,2
DA:119,2
DA:120,2
DA:121,2
DA:122,2
DA:123,2
DA:124,2
DA:125,2
DA:126,2
DA:127,2
DA:128,2
DA:129,2
DA:130,2
DA:131,2
DA:132,2
DA:133,2
DA:134,2
DA:135,2
DA:136,2
DA:138,2
DA:139,2
DA:140,1
DA:142,2
DA:143,2
DA:145,2
DA:146,2
DA:147,2
DA:150,2
DA:151,0
DA:152,0
DA:157,2
DA:158,2
DA:159,0
DA:160,0
DA:161,0
DA:166,0
DA:171,2
DA:172,2
DA:173,0
DA:174,0
DA:179,2
DA:180,2
DA:181,0
DA:182,0
DA:183,0
DA:189,0
DA:194,2
DA:195,2
DA:196,0
DA:197,0
DA:202,2
DA:203,2
DA:204,0
DA:206,0
DA:207,0
DA:217,0
DA:220,0
DA:221,0
DA:223,0
DA:224,0
DA:228,0
DA:231,0
DA:233,0
DA:235,0
DA:236,0
DA:238,0
DA:239,0
DA:240,0
DA:246,0
DA:253,0
DA:288,0
DA:293,2
DA:294,2
DA:295,0
DA:304,0
DA:306,0
DA:307,0
DA:309,0
DA:311,0
DA:313,2
DA:314,0
DA:324,0
DA:329,2
DA:330,2
DA:331,0
DA:340,0
DA:342,0
DA:343,0
DA:345,0
DA:351,2
DA:352,2
DA:353,0
DA:354,0
DA:355,0
DA:356,0
DA:361,0
DA:362,0
DA:363,0
DA:364,0
DA:365,0
DA:366,2
DA:367,0
DA:368,0
DA:377,2
DA:378,2
DA:379,2
DA:382,2
DA:383,0
DA:384,0
DA:385,0
DA:388,2
DA:389,0
DA:390,0
DA:393,2
DA:395,0
DA:396,0
DA:399,2
DA:400,2
DA:401,0
DA:402,0
DA:405,0
DA:406,0
DA:411,2
DA:412,0
DA:413,0
DA:416,2
DA:417,0
DA:418,0
DA:421,2
DA:422,0
DA:423,0
DA:424,0
DA:427,2
DA:428,0
DA:429,0
DA:431,0
DA:435,0
DA:438,2
DA:439,0
DA:440,0
DA:441,0
DA:442,0
DA:443,0
DA:447,2
DA:448,0
DA:449,0
DA:450,0
DA:451,0
DA:452,0
DA:456,2
DA:457,0
DA:458,0
DA:459,0
DA:460,0
DA:461,0
DA:464,0
DA:466,0
DA:467,0
DA:468,0
DA:473,0
DA:476,2
DA:477,0
DA:478,0
DA:479,0
DA:480,0
DA:481,0
DA:482,0
DA:488,0
DA:492,2
DA:493,0
DA:494,0
DA:496,0
DA:498,0
DA:499,0
DA:502,2
DA:503,0
DA:504,0
DA:505,0
DA:506,0
DA:508,0
DA:512,2
DA:513,0
DA:516,2
DA:517,0
DA:518,0
DA:521,2
DA:522,0
DA:523,0
DA:524,0
DA:525,0
DA:526,0
DA:527,0
DA:528,0
DA:530,0
DA:532,0
DA:533,0
DA:534,0
DA:535,0
DA:536,0
DA:538,0
DA:539,0
DA:541,0
DA:547,0
DA:550,2
DA:551,0
DA:552,0
DA:553,0
DA:554,0
DA:557,0
DA:559,0
DA:560,0
DA:561,0
DA:563,0
DA:581,0
DA:590,0
DA:591,0
DA:594,0
DA:595,0
DA:597,0
DA:601,2
DA:602,0
DA:603,0
DA:610,2
DA:611,2
DA:614,2
DA:615,0
DA:616,0
DA:617,0
DA:618,0
DA:621,2
DA:667,0
DA:751,0
DA:1204,0
DA:1334,0
DA:1345,0
DA:1356,0
DA:1367,0
DA:1385,1
LF:246
LH:82
BRDA:77,0,0,2
BRDA:77,0,1,0
BRDA:78,1,0,2
BRDA:78,1,1,0
BRDA:79,2,0,2
BRDA:79,2,1,0
BRDA:81,3,0,0
BRDA:81,3,1,2
BRDA:87,4,0,0
BRDA:87,4,1,2
BRDA:103,5,0,2
BRDA:103,5,1,0
BRDA:119,6,0,2
BRDA:119,6,1,2
BRDA:139,7,0,1
BRDA:139,7,1,1
BRDA:142,8,0,2
BRDA:142,8,1,0
BRDA:145,9,0,2
BRDA:145,9,1,0
BRDA:145,10,0,2
BRDA:145,10,1,2
BRDA:150,11,0,0
BRDA:150,11,1,2
BRDA:158,12,0,0
BRDA:158,12,1,2
BRDA:158,13,0,2
BRDA:158,13,1,2
BRDA:172,14,0,0
BRDA:172,14,1,2
BRDA:172,15,0,2
BRDA:172,15,1,0
BRDA:180,16,0,0
BRDA:180,16,1,2
BRDA:180,17,0,2
BRDA:180,17,1,2
BRDA:195,18,0,0
BRDA:195,18,1,2
BRDA:195,19,0,2
BRDA:195,19,1,0
BRDA:203,20,0,0
BRDA:203,20,1,2
BRDA:203,21,0,2
BRDA:203,21,1,0
BRDA:206,22,0,0
BRDA:206,22,1,0
BRDA:233,23,0,0
BRDA:233,23,1,0
BRDA:238,24,0,0
BRDA:238,24,1,0
BRDA:247,25,0,0
BRDA:247,25,1,0
BRDA:248,26,0,0
BRDA:248,26,1,0
BRDA:281,27,0,0
BRDA:281,27,1,0
BRDA:288,28,0,0
BRDA:288,28,1,0
BRDA:294,29,0,0
BRDA:294,29,1,2
BRDA:294,30,0,2
BRDA:294,30,1,2
BRDA:306,31,0,0
BRDA:306,31,1,0
BRDA:313,32,0,0
BRDA:313,32,1,2
BRDA:330,33,0,0
BRDA:330,33,1,2
BRDA:330,34,0,2
BRDA:330,34,1,0
BRDA:342,35,0,0
BRDA:342,35,1,0
BRDA:352,36,0,0
BRDA:352,36,1,2
BRDA:352,37,0,2
BRDA:352,37,1,2
BRDA:366,38,0,0
BRDA:366,38,1,2
BRDA:366,39,0,2
BRDA:366,39,1,2
BRDA:400,40,0,0
BRDA:400,40,1,2
BRDA:429,41,0,0
BRDA:429,41,1,0
BRDA:429,42,0,0
BRDA:429,42,1,0
BRDA:441,43,0,0
BRDA:441,43,1,0
BRDA:441,44,0,0
BRDA:441,44,1,0
BRDA:450,45,0,0
BRDA:450,45,1,0
BRDA:450,46,0,0
BRDA:450,46,1,0
BRDA:460,47,0,0
BRDA:460,47,1,0
BRDA:462,48,0,0
BRDA:462,48,1,0
BRDA:504,49,0,0
BRDA:504,49,1,0
BRDA:530,50,0,0
BRDA:530,50,1,0
BRDA:530,51,0,0
BRDA:530,51,1,0
BRDA:533,52,0,0
BRDA:533,52,1,0
BRDA:538,53,0,0
BRDA:538,53,1,0
BRDA:551,54,0,0
BRDA:551,54,1,0
BRDA:552,55,0,0
BRDA:552,55,1,0
BRDA:552,56,0,0
BRDA:552,56,1,0
BRDA:557,57,0,0
BRDA:557,57,1,0
BRDA:580,58,0,0
BRDA:580,58,1,0
BRDA:581,59,0,0
BRDA:581,59,1,0
BRDA:585,60,0,0
BRDA:585,60,1,0
BRDA:587,61,0,0
BRDA:587,61,1,0
BRDA:590,62,0,0
BRDA:590,62,1,0
BRDA:594,63,0,0
BRDA:594,63,1,0
BRDA:611,64,0,0
BRDA:611,64,1,2
BRDA:623,65,0,2
BRDA:623,65,1,0
BRDA:629,66,0,2
BRDA:629,66,1,1
BRDA:634,67,0,2
BRDA:634,67,1,1
BRDA:639,68,0,2
BRDA:639,68,1,0
BRDA:715,69,0,2
BRDA:715,69,1,0
BRDA:745,70,0,2
BRDA:745,70,1,0
BRDA:821,71,0,2
BRDA:821,71,1,0
BRDA:877,72,0,2
BRDA:877,72,1,0
BRDA:886,73,0,2
BRDA:886,73,1,0
BRDA:897,74,0,0
BRDA:897,74,1,2
BRDA:915,75,0,2
BRDA:915,75,1,0
BRDA:929,76,0,2
BRDA:929,76,1,0
BRDA:995,77,0,0
BRDA:995,77,1,2
BRDA:1009,78,0,2
BRDA:1009,78,1,0
BRDA:1022,79,0,0
BRDA:1022,79,1,2
BRDA:1036,80,0,2
BRDA:1036,80,1,0
BRDA:1062,81,0,2
BRDA:1062,81,1,2
BRDA:1062,81,2,0
BRDA:1072,82,0,2
BRDA:1072,82,1,0
BRDA:1089,83,0,2
BRDA:1089,83,1,0
BRDA:1130,84,0,2
BRDA:1130,84,1,2
BRDA:1130,84,2,2
BRDA:1156,85,0,2
BRDA:1156,85,1,0
BRDA:1161,86,0,2
BRDA:1161,86,1,2
BRDA:1161,86,2,2
BRDA:1161,86,3,0
BRDA:1161,86,4,0
BRDA:1165,87,0,0
BRDA:1165,87,1,0
BRDA:1190,88,0,2
BRDA:1190,88,1,2
BRDA:1190,88,2,0
BRDA:1190,88,3,0
BRDA:1197,89,0,0
BRDA:1197,89,1,0
BRDA:1230,90,0,0
BRDA:1230,90,1,0
BRDA:1249,91,0,0
BRDA:1249,91,1,0
BRDA:1259,92,0,2
BRDA:1259,92,1,2
BRDA:1259,92,2,2
BRDA:1276,93,0,2
BRDA:1276,93,1,0
BRDA:1276,93,2,0
BRDA:1276,93,3,0
BRDA:1277,94,0,0
BRDA:1277,94,1,0
BRDA:1277,94,2,0
BRDA:1277,94,3,0
BRDA:1285,95,0,0
BRDA:1285,95,1,0
BRDA:1294,96,0,0
BRDA:1294,96,1,0
BRDA:1303,97,0,2
BRDA:1303,97,1,2
BRDA:1303,97,2,0
BRDA:1310,98,0,2
BRDA:1310,98,1,0
BRDA:1330,99,0,2
BRDA:1330,99,1,2
BRDA:1330,99,2,2
BRDA:1341,100,0,2
BRDA:1341,100,1,1
BRDA:1345,101,0,0
BRDA:1345,101,1,0
BRDA:1352,102,0,2
BRDA:1352,102,1,1
BRDA:1356,103,0,0
BRDA:1356,103,1,0
BRDA:1363,104,0,2
BRDA:1363,104,1,0
BRDA:1367,105,0,0
BRDA:1367,105,1,0
BRF:226
BRH:87
end_of_record
TN:
SF:src\components\auctionAddForm\validations.js
FN:4,validateAuctionForm
FNF:1
FNH:0
FNDA:0,validateAuctionForm
DA:5,0
DA:7,0
DA:8,0
DA:16,0
DA:17,0
DA:25,0
DA:26,0
DA:31,0
DA:32,0
DA:37,0
DA:38,0
DA:43,0
DA:44,0
DA:49,0
DA:50,0
DA:55,0
DA:56,0
DA:61,0
DA:62,0
DA:67,0
DA:68,0
DA:69,0
DA:78,0
DA:79,0
DA:80,0
DA:87,0
DA:88,0
DA:97,0
DA:98,0
DA:99,0
DA:108,0
DA:109,0
DA:110,0
DA:117,0
DA:118,0
DA:124,0
DA:131,0
DA:132,0
DA:138,0
DA:147,0
LF:40
LH:0
BRDA:7,0,0,0
BRDA:7,0,1,0
BRDA:7,1,0,0
BRDA:7,1,1,0
BRDA:16,2,0,0
BRDA:16,2,1,0
BRDA:25,3,0,0
BRDA:25,3,1,0
BRDA:31,4,0,0
BRDA:31,4,1,0
BRDA:37,5,0,0
BRDA:37,5,1,0
BRDA:43,6,0,0
BRDA:43,6,1,0
BRDA:49,7,0,0
BRDA:49,7,1,0
BRDA:55,8,0,0
BRDA:55,8,1,0
BRDA:61,9,0,0
BRDA:61,9,1,0
BRDA:67,10,0,0
BRDA:67,10,1,0
BRDA:68,11,0,0
BRDA:68,11,1,0
BRDA:78,12,0,0
BRDA:78,12,1,0
BRDA:79,13,0,0
BRDA:79,13,1,0
BRDA:87,14,0,0
BRDA:87,14,1,0
BRDA:87,15,0,0
BRDA:87,15,1,0
BRDA:97,16,0,0
BRDA:97,16,1,0
BRDA:97,17,0,0
BRDA:97,17,1,0
BRDA:98,18,0,0
BRDA:98,18,1,0
BRDA:108,19,0,0
BRDA:108,19,1,0
BRDA:108,20,0,0
BRDA:108,20,1,0
BRDA:109,21,0,0
BRDA:109,21,1,0
BRDA:117,22,0,0
BRDA:117,22,1,0
BRDA:117,23,0,0
BRDA:117,23,1,0
BRDA:131,24,0,0
BRDA:131,24,1,0
BRDA:131,25,0,0
BRDA:131,25,1,0
BRF:52
BRH:0
end_of_record
TN:
SF:src\components\auctionDetail\AuctionDetailRigth.js
FN:8,(anonymous_0)
FN:134,(anonymous_1)
FNF:2
FNH:2
FNDA:18,(anonymous_0)
FNDA:4,(anonymous_1)
DA:8,2
DA:28,18
DA:29,18
DA:31,18
DA:32,18
DA:33,18
DA:34,18
DA:35,18
DA:36,18
DA:39,0
DA:40,0
DA:41,0
DA:42,0
DA:43,0
DA:44,0
DA:45,0
DA:46,0
DA:49,0
DA:50,0
DA:52,0
DA:55,18
DA:134,4
DA:230,2
LF:23
LH:12
BRDA:28,0,0,18
BRDA:28,0,1,0
BRDA:29,1,0,18
BRDA:29,1,1,0
BRDA:32,2,0,18
BRDA:32,2,1,0
BRDA:32,3,0,18
BRDA:32,3,1,18
BRDA:39,4,0,0
BRDA:39,4,1,0
BRDA:44,5,0,0
BRDA:44,5,1,0
BRDA:46,6,0,0
BRDA:46,6,1,0
BRDA:74,7,0,18
BRDA:74,7,1,0
BRDA:96,8,0,18
BRDA:96,8,1,0
BRDA:104,9,0,18
BRDA:104,9,1,15
BRDA:104,9,2,15
BRDA:109,10,0,15
BRDA:109,10,1,5
BRDA:147,11,0,18
BRDA:147,11,1,3
BRDA:169,12,0,18
BRDA:169,12,1,0
BRDA:186,13,0,18
BRDA:186,13,1,18
BRDA:196,14,0,18
BRDA:196,14,1,17
BRDA:196,14,2,17
BRDA:206,15,0,18
BRDA:206,15,1,17
BRDA:206,15,2,0
BRDA:213,16,0,18
BRDA:213,16,1,1
BRDA:213,16,2,1
BRF:38
BRH:25
end_of_record
TN:
SF:src\components\auctionDetail\AuctionLastBid.js
FN:7,(anonymous_0)
FN:89,(anonymous_1)
FNF:2
FNH:2
FNDA:13,(anonymous_0)
FNDA:1,(anonymous_1)
DA:7,2
DA:20,13
DA:22,13
DA:89,1
DA:101,2
LF:5
LH:5
BRDA:20,0,0,13
BRDA:20,0,1,0
BRDA:24,1,0,13
BRDA:24,1,1,11
BRDA:24,1,2,11
BRDA:36,2,0,11
BRDA:36,2,1,0
BRDA:65,3,0,11
BRDA:65,3,1,2
BRF:9
BRH:7
end_of_record
TN:
SF:src\components\auctionDetail\AuctionSupport.js
FN:5,(anonymous_0)
FNF:1
FNH:1
FNDA:1,(anonymous_0)
DA:5,1
DA:6,1
DA:8,1
DA:43,1
LF:4
LH:4
BRDA:6,0,0,1
BRDA:6,0,1,0
BRDA:11,1,0,1
BRDA:11,1,1,1
BRF:4
BRH:3
end_of_record
TN:
SF:src\components\auctionDetail\index.js
FN:30,(anonymous_0)
FN:153,(anonymous_1)
FN:169,(anonymous_2)
FN:174,(anonymous_3)
FN:178,(anonymous_4)
FN:193,(anonymous_5)
FN:215,(anonymous_6)
FN:217,(anonymous_7)
FN:218,(anonymous_8)
FN:224,(anonymous_9)
FN:229,(anonymous_10)
FN:235,(anonymous_11)
FN:253,(anonymous_12)
FN:309,(anonymous_13)
FN:358,(anonymous_14)
FN:366,(anonymous_15)
FN:376,(anonymous_16)
FN:390,(anonymous_17)
FN:396,(anonymous_18)
FN:404,(anonymous_19)
FN:414,(anonymous_20)
FN:426,(anonymous_21)
FN:439,(anonymous_22)
FN:450,(anonymous_23)
FN:469,(anonymous_24)
FN:480,(anonymous_25)
FN:493,(anonymous_26)
FN:499,(anonymous_27)
FN:511,(anonymous_28)
FN:524,(anonymous_29)
FN:541,(anonymous_30)
FN:548,(anonymous_31)
FN:556,(anonymous_32)
FN:563,(anonymous_33)
FN:612,(anonymous_34)
FN:618,(anonymous_35)
FN:623,(anonymous_36)
FN:625,(anonymous_37)
FN:667,(anonymous_38)
FN:671,(anonymous_39)
FN:676,(anonymous_40)
FN:691,(anonymous_41)
FN:709,(anonymous_42)
FN:728,(anonymous_43)
FN:738,(anonymous_44)
FN:752,(anonymous_45)
FN:756,(anonymous_46)
FN:763,(anonymous_47)
FN:774,(anonymous_48)
FN:786,(anonymous_49)
FN:791,(anonymous_50)
FN:796,(anonymous_51)
FN:800,(anonymous_52)
FN:804,(anonymous_53)
FN:808,(anonymous_54)
FN:1096,(anonymous_55)
FN:1109,(anonymous_56)
FN:1176,(anonymous_57)
FN:1186,(anonymous_58)
FN:1194,(anonymous_59)
FN:1274,(anonymous_60)
FN:1286,(anonymous_61)
FN:1307,(anonymous_62)
FN:1324,(anonymous_63)
FN:1347,(anonymous_64)
FN:1355,(anonymous_65)
FN:1374,(anonymous_66)
FN:1383,(anonymous_67)
FN:1392,(anonymous_68)
FN:1397,(anonymous_69)
FN:1414,(anonymous_70)
FN:1419,(anonymous_71)
FN:1433,(anonymous_72)
FNF:73
FNH:27
FNDA:24,(anonymous_0)
FNDA:0,(anonymous_1)
FNDA:11,(anonymous_2)
FNDA:11,(anonymous_3)
FNDA:11,(anonymous_4)
FNDA:0,(anonymous_5)
FNDA:11,(anonymous_6)
FNDA:20,(anonymous_7)
FNDA:20,(anonymous_8)
FNDA:11,(anonymous_9)
FNDA:0,(anonymous_10)
FNDA:11,(anonymous_11)
FNDA:0,(anonymous_12)
FNDA:0,(anonymous_13)
FNDA:11,(anonymous_14)
FNDA:0,(anonymous_15)
FNDA:11,(anonymous_16)
FNDA:11,(anonymous_17)
FNDA:0,(anonymous_18)
FNDA:11,(anonymous_19)
FNDA:11,(anonymous_20)
FNDA:11,(anonymous_21)
FNDA:11,(anonymous_22)
FNDA:0,(anonymous_23)
FNDA:11,(anonymous_24)
FNDA:11,(anonymous_25)
FNDA:11,(anonymous_26)
FNDA:33,(anonymous_27)
FNDA:33,(anonymous_28)
FNDA:0,(anonymous_29)
FNDA:1,(anonymous_30)
FNDA:0,(anonymous_31)
FNDA:0,(anonymous_32)
FNDA:1,(anonymous_33)
FNDA:0,(anonymous_34)
FNDA:0,(anonymous_35)
FNDA:0,(anonymous_36)
FNDA:0,(anonymous_37)
FNDA:1,(anonymous_38)
FNDA:0,(anonymous_39)
FNDA:0,(anonymous_40)
FNDA:11,(anonymous_41)
FNDA:0,(anonymous_42)
FNDA:0,(anonymous_43)
FNDA:0,(anonymous_44)
FNDA:0,(anonymous_45)
FNDA:0,(anonymous_46)
FNDA:0,(anonymous_47)
FNDA:0,(anonymous_48)
FNDA:0,(anonymous_49)
FNDA:0,(anonymous_50)
FNDA:0,(anonymous_51)
FNDA:0,(anonymous_52)
FNDA:1,(anonymous_53)
FNDA:22,(anonymous_54)
FNDA:0,(anonymous_55)
FNDA:0,(anonymous_56)
FNDA:0,(anonymous_57)
FNDA:0,(anonymous_58)
FNDA:0,(anonymous_59)
FNDA:0,(anonymous_60)
FNDA:0,(anonymous_61)
FNDA:0,(anonymous_62)
FNDA:0,(anonymous_63)
FNDA:0,(anonymous_64)
FNDA:0,(anonymous_65)
FNDA:0,(anonymous_66)
FNDA:0,(anonymous_67)
FNDA:0,(anonymous_68)
FNDA:0,(anonymous_69)
FNDA:0,(anonymous_70)
FNDA:0,(anonymous_71)
FNDA:0,(anonymous_72)
DA:30,1
DA:76,24
DA:77,24
DA:78,24
DA:82,24
DA:84,24
DA:85,24
DA:86,24
DA:87,24
DA:88,24
DA:91,24
DA:92,24
DA:93,24
DA:94,24
DA:97,24
DA:98,24
DA:99,24
DA:100,24
DA:103,24
DA:104,24
DA:105,24
DA:106,24
DA:107,24
DA:110,24
DA:111,24
DA:112,24
DA:113,24
DA:114,24
DA:117,24
DA:118,24
DA:119,24
DA:121,24
DA:122,24
DA:123,24
DA:125,24
DA:126,24
DA:127,24
DA:128,24
DA:129,24
DA:130,24
DA:131,24
DA:134,24
DA:136,24
DA:140,24
DA:141,24
DA:142,24
DA:143,24
DA:145,24
DA:147,24
DA:149,24
DA:151,24
DA:153,24
DA:154,0
DA:155,0
DA:156,0
DA:157,0
DA:158,0
DA:159,0
DA:160,0
DA:161,0
DA:162,0
DA:163,0
DA:164,0
DA:165,0
DA:166,0
DA:169,24
DA:170,11
DA:172,11
DA:173,11
DA:174,11
DA:178,24
DA:179,11
DA:180,11
DA:181,10
DA:182,10
DA:183,10
DA:184,10
DA:185,10
DA:186,10
DA:187,10
DA:188,10
DA:189,10
DA:190,0
DA:193,0
DA:194,0
DA:195,0
DA:198,1
DA:199,1
DA:200,1
DA:201,1
DA:202,0
DA:210,0
DA:211,0
DA:215,24
DA:216,11
DA:217,20
DA:218,20
DA:219,10
DA:220,10
DA:224,24
DA:225,11
DA:226,0
DA:227,0
DA:229,0
DA:230,0
DA:235,24
DA:236,11
DA:237,0
DA:238,0
DA:239,0
DA:240,0
DA:241,0
DA:243,0
DA:244,0
DA:246,0
DA:251,0
DA:253,0
DA:255,0
DA:256,0
DA:265,0
DA:266,0
DA:271,0
DA:274,0
DA:275,0
DA:276,0
DA:277,0
DA:279,0
DA:287,11
DA:288,0
DA:290,0
DA:298,0
DA:300,0
DA:309,0
DA:310,0
DA:312,0
DA:313,0
DA:315,0
DA:323,0
DA:325,0
DA:333,0
DA:335,0
DA:343,0
DA:345,0
DA:354,0
DA:358,24
DA:359,11
DA:360,0
DA:361,0
DA:362,0
DA:363,0
DA:364,0
DA:366,0
DA:367,0
DA:368,0
DA:369,0
DA:370,0
DA:371,0
DA:376,24
DA:377,11
DA:378,11
DA:379,11
DA:390,24
DA:391,11
DA:392,0
DA:393,0
DA:395,0
DA:396,0
DA:397,0
DA:398,0
DA:399,0
DA:404,24
DA:405,11
DA:406,0
DA:407,0
DA:408,0
DA:409,0
DA:410,0
DA:414,24
DA:415,11
DA:416,11
DA:417,11
DA:418,11
DA:419,0
DA:420,11
DA:421,11
DA:422,11
DA:426,24
DA:427,11
DA:428,11
DA:439,24
DA:440,11
DA:441,0
DA:442,0
DA:443,0
DA:444,0
DA:446,0
DA:448,0
DA:449,0
DA:450,0
DA:451,0
DA:452,0
DA:463,0
DA:464,0
DA:469,24
DA:470,11
DA:471,0
DA:472,0
DA:473,0
DA:474,0
DA:475,0
DA:476,0
DA:480,24
DA:481,11
DA:482,11
DA:483,11
DA:484,11
DA:485,11
DA:487,11
DA:488,0
DA:493,24
DA:494,11
DA:497,24
DA:499,13
DA:501,33
DA:502,33
DA:503,0
DA:504,0
DA:506,0
DA:508,33
DA:511,13
DA:514,33
DA:515,33
DA:516,0
DA:517,0
DA:519,0
DA:521,33
DA:524,13
DA:525,0
DA:527,0
DA:528,0
DA:529,0
DA:530,0
DA:531,0
DA:532,0
DA:533,0
DA:534,0
DA:535,0
DA:536,0
DA:537,0
DA:541,13
DA:542,1
DA:543,1
DA:545,0
DA:548,13
DA:549,0
DA:551,0
DA:552,0
DA:553,0
DA:556,13
DA:557,0
DA:558,0
DA:559,0
DA:560,0
DA:563,13
DA:564,1
DA:565,1
DA:569,0
DA:570,0
DA:574,0
DA:586,0
DA:590,0
DA:591,0
DA:596,0
DA:608,0
DA:611,0
DA:612,0
DA:613,0
DA:614,0
DA:615,0
DA:618,13
DA:619,0
DA:620,0
DA:623,13
DA:624,0
DA:625,0
DA:627,0
DA:629,0
DA:630,0
DA:631,0
DA:633,0
DA:634,0
DA:635,0
DA:637,0
DA:639,0
DA:646,0
DA:648,0
DA:654,0
DA:656,0
DA:657,0
DA:658,0
DA:660,0
DA:663,0
DA:664,0
DA:667,13
DA:668,1
DA:671,13
DA:672,0
DA:673,0
DA:676,0
DA:677,0
DA:678,0
DA:680,0
DA:686,0
DA:687,0
DA:691,13
DA:692,11
DA:696,11
DA:701,11
DA:706,11
DA:709,13
DA:714,0
DA:715,0
DA:716,0
DA:718,0
DA:724,0
DA:725,0
DA:728,13
DA:729,0
DA:731,0
DA:732,0
DA:733,0
DA:734,0
DA:738,13
DA:739,0
DA:741,0
DA:742,0
DA:743,0
DA:748,0
DA:752,13
DA:753,0
DA:756,13
DA:757,0
DA:763,13
DA:764,0
DA:765,0
DA:766,0
DA:767,0
DA:768,0
DA:769,0
DA:770,0
DA:771,0
DA:772,0
DA:773,0
DA:774,0
DA:775,0
DA:776,0
DA:777,0
DA:778,0
DA:786,13
DA:787,0
DA:788,0
DA:791,13
DA:792,0
DA:793,0
DA:796,13
DA:797,0
DA:800,13
DA:801,0
DA:804,13
DA:805,1
DA:808,13
DA:809,22
DA:810,22
DA:811,22
DA:814,13
DA:815,13
DA:816,11
DA:817,11
DA:818,11
DA:819,11
DA:822,2
DA:823,0
DA:824,0
DA:827,0
DA:828,0
DA:832,2
DA:835,13
DA:836,13
DA:838,13
DA:839,0
DA:840,13
DA:841,0
DA:843,13
DA:846,13
DA:1096,0
DA:1109,0
DA:1176,0
DA:1186,0
DA:1194,0
DA:1274,0
DA:1286,0
DA:1307,0
DA:1324,0
DA:1347,0
DA:1356,0
DA:1374,0
DA:1383,0
DA:1392,0
DA:1397,0
DA:1414,0
DA:1419,0
DA:1433,0
DA:1445,1
LF:413
LH:177
BRDA:142,0,0,24
BRDA:142,0,1,0
BRDA:151,1,0,24
BRDA:151,1,1,0
BRDA:172,2,0,11
BRDA:172,2,1,0
BRDA:174,3,0,11
BRDA:174,3,1,0
BRDA:179,4,0,0
BRDA:179,4,1,11
BRDA:180,5,0,10
BRDA:180,5,1,1
BRDA:189,6,0,0
BRDA:189,6,1,10
BRDA:190,7,0,0
BRDA:190,7,1,0
BRDA:194,8,0,0
BRDA:194,8,1,0
BRDA:198,9,0,1
BRDA:198,9,1,0
BRDA:201,10,0,0
BRDA:201,10,1,1
BRDA:216,11,0,10
BRDA:216,11,1,1
BRDA:219,12,0,0
BRDA:219,12,1,10
BRDA:225,13,0,0
BRDA:225,13,1,11
BRDA:236,14,0,0
BRDA:236,14,1,11
BRDA:243,15,0,0
BRDA:243,15,1,0
BRDA:255,16,0,0
BRDA:255,16,1,0
BRDA:265,17,0,0
BRDA:265,17,1,0
BRDA:287,18,0,0
BRDA:287,18,1,11
BRDA:288,19,0,0
BRDA:288,19,1,0
BRDA:288,19,2,0
BRDA:288,19,3,0
BRDA:288,19,4,0
BRDA:288,19,5,0
BRDA:359,20,0,0
BRDA:359,20,1,11
BRDA:359,21,0,11
BRDA:359,21,1,0
BRDA:361,22,0,0
BRDA:361,22,1,0
BRDA:367,23,0,0
BRDA:367,23,1,0
BRDA:377,24,0,11
BRDA:377,24,1,0
BRDA:391,25,0,0
BRDA:391,25,1,11
BRDA:395,26,0,0
BRDA:395,26,1,0
BRDA:405,27,0,0
BRDA:405,27,1,11
BRDA:415,28,0,11
BRDA:415,28,1,0
BRDA:416,29,0,11
BRDA:416,29,1,0
BRDA:416,30,0,11
BRDA:416,30,1,11
BRDA:418,31,0,0
BRDA:418,31,1,11
BRDA:418,32,0,11
BRDA:418,32,1,11
BRDA:420,33,0,11
BRDA:420,33,1,0
BRDA:420,34,0,11
BRDA:420,34,1,11
BRDA:427,35,0,11
BRDA:427,35,1,0
BRDA:440,36,0,0
BRDA:440,36,1,11
BRDA:443,37,0,0
BRDA:443,37,1,0
BRDA:451,38,0,0
BRDA:451,38,1,0
BRDA:455,39,0,0
BRDA:455,39,1,0
BRDA:470,40,0,0
BRDA:470,40,1,11
BRDA:470,41,0,11
BRDA:470,41,1,0
BRDA:476,42,0,0
BRDA:476,42,1,0
BRDA:476,43,0,0
BRDA:476,43,1,0
BRDA:481,44,0,11
BRDA:481,44,1,0
BRDA:487,45,0,0
BRDA:487,45,1,11
BRDA:487,46,0,11
BRDA:487,46,1,11
BRDA:494,47,0,11
BRDA:494,47,1,0
BRDA:497,48,0,11
BRDA:497,48,1,13
BRDA:501,49,0,33
BRDA:501,49,1,0
BRDA:501,50,0,33
BRDA:501,50,1,0
BRDA:503,51,0,0
BRDA:503,51,1,0
BRDA:514,52,0,33
BRDA:514,52,1,0
BRDA:514,53,0,33
BRDA:514,53,1,0
BRDA:516,54,0,0
BRDA:516,54,1,0
BRDA:527,55,0,0
BRDA:527,55,1,0
BRDA:529,56,0,0
BRDA:529,56,1,0
BRDA:531,57,0,0
BRDA:531,57,1,0
BRDA:531,58,0,0
BRDA:531,58,1,0
BRDA:532,59,0,0
BRDA:532,59,1,0
BRDA:534,60,0,0
BRDA:534,60,1,0
BRDA:534,61,0,0
BRDA:534,61,1,0
BRDA:535,62,0,0
BRDA:535,62,1,0
BRDA:537,63,0,0
BRDA:537,63,1,0
BRDA:537,64,0,0
BRDA:537,64,1,0
BRDA:542,65,0,1
BRDA:542,65,1,0
BRDA:551,66,0,0
BRDA:551,66,1,0
BRDA:552,67,0,0
BRDA:552,67,1,0
BRDA:553,68,0,0
BRDA:553,68,1,0
BRDA:564,69,0,1
BRDA:564,69,1,0
BRDA:569,70,0,0
BRDA:569,70,1,0
BRDA:570,71,0,0
BRDA:570,71,1,0
BRDA:571,72,0,0
BRDA:571,72,1,0
BRDA:590,73,0,0
BRDA:590,73,1,0
BRDA:591,74,0,0
BRDA:591,74,1,0
BRDA:592,75,0,0
BRDA:592,75,1,0
BRDA:592,75,2,0
BRDA:611,76,0,0
BRDA:611,76,1,0
BRDA:629,77,0,0
BRDA:629,77,1,0
BRDA:630,78,0,0
BRDA:630,78,1,0
BRDA:631,79,0,0
BRDA:631,79,1,0
BRDA:633,80,0,0
BRDA:633,80,1,0
BRDA:633,81,0,0
BRDA:633,81,1,0
BRDA:637,82,0,0
BRDA:637,82,1,0
BRDA:637,83,0,0
BRDA:637,83,1,0
BRDA:639,84,0,0
BRDA:639,84,1,0
BRDA:640,85,0,0
BRDA:640,85,1,0
BRDA:640,85,2,0
BRDA:640,85,3,0
BRDA:640,85,4,0
BRDA:640,85,5,0
BRDA:640,85,6,0
BRDA:650,86,0,0
BRDA:650,86,1,0
BRDA:654,87,0,0
BRDA:654,87,1,0
BRDA:656,88,0,0
BRDA:656,88,1,0
BRDA:656,89,0,0
BRDA:656,89,1,0
BRDA:672,90,0,0
BRDA:672,90,1,0
BRDA:673,91,0,0
BRDA:673,91,1,0
BRDA:677,92,0,0
BRDA:677,92,1,0
BRDA:714,93,0,0
BRDA:714,93,1,0
BRDA:715,94,0,0
BRDA:715,94,1,0
BRDA:716,95,0,0
BRDA:716,95,1,0
BRDA:731,96,0,0
BRDA:731,96,1,0
BRDA:731,97,0,0
BRDA:731,97,1,0
BRDA:741,98,0,0
BRDA:741,98,1,0
BRDA:768,99,0,0
BRDA:768,99,1,0
BRDA:773,100,0,0
BRDA:773,100,1,0
BRDA:775,101,0,0
BRDA:775,101,1,0
BRDA:776,102,0,0
BRDA:776,102,1,0
BRDA:809,103,0,0
BRDA:809,103,1,22
BRDA:810,104,0,22
BRDA:810,104,1,0
BRDA:815,105,0,11
BRDA:815,105,1,2
BRDA:815,106,0,13
BRDA:815,106,1,11
BRDA:815,106,2,11
BRDA:822,107,0,0
BRDA:822,107,1,2
BRDA:824,108,0,0
BRDA:824,108,1,0
BRDA:835,109,0,13
BRDA:835,109,1,0
BRDA:838,110,0,0
BRDA:838,110,1,13
BRDA:840,111,0,0
BRDA:840,111,1,13
BRDA:848,112,0,13
BRDA:848,112,1,0
BRDA:858,113,0,13
BRDA:858,113,1,13
BRDA:858,113,2,2
BRDA:912,114,0,13
BRDA:912,114,1,13
BRDA:912,114,2,11
BRDA:916,115,0,11
BRDA:916,115,1,11
BRDA:949,116,0,11
BRDA:949,116,1,0
BRDA:949,116,2,11
BRDA:958,117,0,11
BRDA:958,117,1,0
BRDA:994,118,0,11
BRDA:994,118,1,11
BRDA:994,118,2,11
BRDA:1001,119,0,11
BRDA:1001,119,1,11
BRDA:1001,119,2,0
BRDA:1118,120,0,11
BRDA:1118,120,1,0
BRDA:1140,121,0,11
BRDA:1140,121,1,11
BRDA:1145,122,0,11
BRDA:1145,122,1,0
BRDA:1154,123,0,11
BRDA:1154,123,1,9
BRDA:1171,124,0,13
BRDA:1171,124,1,11
BRDA:1171,124,2,11
BRDA:1243,125,0,11
BRDA:1243,125,1,11
BRDA:1256,126,0,11
BRDA:1256,126,1,11
BRDA:1263,127,0,11
BRDA:1263,127,1,0
BRDA:1289,128,0,11
BRDA:1289,128,1,0
BRDA:1289,128,2,0
BRDA:1299,129,0,11
BRDA:1299,129,1,0
BRDA:1311,130,0,11
BRDA:1311,130,1,0
BRDA:1311,130,2,0
BRDA:1311,130,3,0
BRDA:1327,131,0,11
BRDA:1327,131,1,0
BRDA:1327,131,2,0
BRDA:1406,132,0,13
BRDA:1406,132,1,0
BRF:287
BRH:95
end_of_record
TN:
SF:src\components\auctionDetail\auctionsList\index.js
FN:7,(anonymous_0)
FN:20,(anonymous_1)
FNF:2
FNH:2
FNDA:13,(anonymous_0)
FNDA:21,(anonymous_1)
DA:7,2
DA:8,13
DA:21,21
DA:54,2
LF:4
LH:4
BRDA:8,0,0,13
BRDA:8,0,1,12
BRF:2
BRH:2
end_of_record
TN:
SF:src\components\auctionThumb\index.js
FN:10,(anonymous_0)
FN:184,(anonymous_1)
FNF:2
FNH:1
FNDA:25,(anonymous_0)
FNDA:0,(anonymous_1)
DA:10,3
DA:11,25
DA:12,25
DA:14,25
DA:15,25
DA:16,25
DA:17,25
DA:18,0
DA:19,0
DA:20,0
DA:24,0
DA:27,25
DA:28,25
DA:29,0
DA:30,25
DA:31,3
DA:33,22
DA:36,25
DA:143,3
DA:183,3
LF:20
LH:15
BRDA:15,0,0,25
BRDA:15,0,1,0
BRDA:15,1,0,25
BRDA:15,1,1,25
BRDA:18,2,0,0
BRDA:18,2,1,0
BRDA:20,3,0,0
BRDA:20,3,1,0
BRDA:28,4,0,0
BRDA:28,4,1,25
BRDA:28,5,0,25
BRDA:28,5,1,25
BRDA:30,6,0,3
BRDA:30,6,1,22
BRDA:43,7,0,7
BRDA:43,7,1,18
BRDA:43,8,0,25
BRDA:43,8,1,7
BRDA:60,9,0,25
BRDA:60,9,1,25
BRDA:68,10,0,25
BRDA:68,10,1,7
BRDA:70,11,0,7
BRDA:70,11,1,2
BRDA:78,12,0,2
BRDA:78,12,1,0
BRDA:84,13,0,2
BRDA:84,13,1,2
BRDA:98,14,0,0
BRDA:98,14,1,2
BRDA:104,15,0,7
BRDA:104,15,1,5
BRDA:112,16,0,5
BRDA:112,16,1,0
BRDA:115,17,0,0
BRDA:115,17,1,0
BRDA:120,18,0,5
BRDA:120,18,1,5
BRDA:129,19,0,25
BRDA:129,19,1,0
BRF:40
BRH:28
end_of_record
TN:
SF:src\components\bankAccounts\index.js
FN:13,(anonymous_0)
FN:31,(anonymous_1)
FN:37,(anonymous_2)
FN:44,(anonymous_3)
FN:50,(anonymous_4)
FN:53,(anonymous_5)
FN:90,(anonymous_6)
FN:93,(anonymous_7)
FN:96,(anonymous_8)
FN:99,(anonymous_9)
FN:102,(anonymous_10)
FN:105,(anonymous_11)
FN:113,(anonymous_12)
FN:115,(anonymous_13)
FN:116,(anonymous_14)
FN:120,(anonymous_15)
FN:131,(anonymous_16)
FN:135,(anonymous_17)
FN:151,(anonymous_18)
FN:161,(anonymous_19)
FN:168,(anonymous_20)
FN:170,(anonymous_21)
FN:188,(anonymous_22)
FN:222,(anonymous_23)
FN:231,(anonymous_24)
FN:266,(anonymous_25)
FN:270,(anonymous_26)
FN:286,(anonymous_27)
FN:324,(anonymous_28)
FN:336,(anonymous_29)
FN:345,(anonymous_30)
FN:357,(anonymous_31)
FN:369,(anonymous_32)
FN:379,(anonymous_33)
FN:395,(anonymous_34)
FN:430,(anonymous_35)
FN:439,(anonymous_36)
FN:448,(anonymous_37)
FN:458,(anonymous_38)
FN:474,(anonymous_39)
FN:512,(anonymous_40)
FN:524,(anonymous_41)
FN:536,(anonymous_42)
FN:547,(anonymous_43)
FN:563,(anonymous_44)
FN:597,(anonymous_45)
FN:606,(anonymous_46)
FN:731,(anonymous_47)
FNF:48
FNH:7
FNDA:5,(anonymous_0)
FNDA:5,(anonymous_1)
FNDA:0,(anonymous_2)
FNDA:0,(anonymous_3)
FNDA:0,(anonymous_4)
FNDA:0,(anonymous_5)
FNDA:0,(anonymous_6)
FNDA:0,(anonymous_7)
FNDA:0,(anonymous_8)
FNDA:0,(anonymous_9)
FNDA:0,(anonymous_10)
FNDA:0,(anonymous_11)
FNDA:0,(anonymous_12)
FNDA:0,(anonymous_13)
FNDA:0,(anonymous_14)
FNDA:0,(anonymous_15)
FNDA:0,(anonymous_16)
FNDA:0,(anonymous_17)
FNDA:0,(anonymous_18)
FNDA:5,(anonymous_19)
FNDA:5,(anonymous_20)
FNDA:8,(anonymous_21)
FNDA:0,(anonymous_22)
FNDA:0,(anonymous_23)
FNDA:0,(anonymous_24)
FNDA:5,(anonymous_25)
FNDA:0,(anonymous_26)
FNDA:0,(anonymous_27)
FNDA:0,(anonymous_28)
FNDA:0,(anonymous_29)
FNDA:0,(anonymous_30)
FNDA:0,(anonymous_31)
FNDA:0,(anonymous_32)
FNDA:0,(anonymous_33)
FNDA:0,(anonymous_34)
FNDA:0,(anonymous_35)
FNDA:0,(anonymous_36)
FNDA:0,(anonymous_37)
FNDA:8,(anonymous_38)
FNDA:0,(anonymous_39)
FNDA:0,(anonymous_40)
FNDA:0,(anonymous_41)
FNDA:0,(anonymous_42)
FNDA:0,(anonymous_43)
FNDA:0,(anonymous_44)
FNDA:0,(anonymous_45)
FNDA:0,(anonymous_46)
FNDA:0,(anonymous_47)
DA:13,2
DA:28,5
DA:29,5
DA:31,5
DA:32,5
DA:33,0
DA:37,5
DA:38,0
DA:39,0
DA:40,0
DA:41,0
DA:44,5
DA:45,0
DA:46,0
DA:50,0
DA:53,5
DA:54,0
DA:55,0
DA:56,0
DA:58,0
DA:65,0
DA:68,0
DA:73,0
DA:76,0
DA:81,0
DA:84,0
DA:89,0
DA:90,0
DA:93,5
DA:94,0
DA:95,0
DA:96,0
DA:99,5
DA:100,0
DA:101,0
DA:102,0
DA:105,5
DA:106,0
DA:107,0
DA:109,0
DA:110,0
DA:113,0
DA:114,0
DA:115,0
DA:116,0
DA:117,0
DA:119,0
DA:120,0
DA:127,0
DA:130,0
DA:131,0
DA:134,0
DA:135,0
DA:142,0
DA:147,0
DA:148,0
DA:151,5
DA:152,0
DA:153,0
DA:154,0
DA:157,0
DA:161,5
DA:162,5
DA:163,0
DA:164,0
DA:168,5
DA:169,5
DA:170,4
DA:171,8
DA:188,0
DA:222,0
DA:231,0
DA:243,1
DA:266,5
DA:267,5
DA:268,4
DA:270,0
DA:271,0
DA:286,0
DA:324,0
DA:336,0
DA:345,0
DA:357,0
DA:369,0
DA:379,0
DA:380,0
DA:395,0
DA:430,0
DA:439,0
DA:448,0
DA:458,4
DA:459,8
DA:474,0
DA:512,0
DA:524,0
DA:536,0
DA:547,0
DA:548,0
DA:563,0
DA:597,0
DA:606,0
DA:616,1
DA:636,5
DA:711,2
DA:729,2
LF:105
LH:28
BRDA:29,0,0,5
BRDA:29,0,1,1
BRDA:32,1,0,0
BRDA:32,1,1,5
BRDA:32,2,0,5
BRDA:32,2,1,0
BRDA:45,3,0,0
BRDA:45,3,1,0
BRDA:54,4,0,0
BRDA:54,4,1,0
BRDA:56,5,0,0
BRDA:56,5,1,0
BRDA:56,5,2,0
BRDA:56,5,3,0
BRDA:109,6,0,0
BRDA:109,6,1,0
BRDA:119,7,0,0
BRDA:119,7,1,0
BRDA:119,8,0,0
BRDA:119,8,1,0
BRDA:130,9,0,0
BRDA:130,9,1,0
BRDA:130,10,0,0
BRDA:130,10,1,0
BRDA:134,11,0,0
BRDA:134,11,1,0
BRDA:152,12,0,0
BRDA:152,12,1,0
BRDA:162,13,0,0
BRDA:162,13,1,5
BRDA:169,14,0,4
BRDA:169,14,1,1
BRDA:169,15,0,5
BRDA:169,15,1,4
BRDA:169,16,0,4
BRDA:169,16,1,0
BRDA:174,17,0,0
BRDA:174,17,1,8
BRDA:186,18,0,8
BRDA:186,18,1,4
BRDA:267,19,0,4
BRDA:267,19,1,1
BRDA:267,20,0,5
BRDA:267,20,1,4
BRDA:267,21,0,4
BRDA:267,21,1,0
BRDA:268,22,0,0
BRDA:268,22,1,0
BRDA:268,22,2,4
BRDA:268,22,3,0
BRDA:274,23,0,0
BRDA:274,23,1,0
BRDA:284,24,0,0
BRDA:284,24,1,0
BRDA:383,25,0,0
BRDA:383,25,1,0
BRDA:393,26,0,0
BRDA:393,26,1,0
BRDA:462,27,0,0
BRDA:462,27,1,8
BRDA:472,28,0,8
BRDA:472,28,1,4
BRDA:551,29,0,0
BRDA:551,29,1,0
BRDA:561,30,0,0
BRDA:561,30,1,0
BRDA:645,31,0,5
BRDA:645,31,1,4
BRDA:645,32,0,5
BRDA:645,32,1,1
BRDA:663,33,0,5
BRDA:663,33,1,5
BRDA:663,33,2,5
BRDA:674,34,0,5
BRDA:674,34,1,4
BRDA:674,35,0,5
BRDA:674,35,1,1
BRDA:693,36,0,5
BRDA:693,36,1,5
BRF:79
BRH:35
end_of_record
TN:
SF:src\components\boxInfo\index.js
FN:4,(anonymous_0)
FNF:1
FNH:1
FNDA:1,(anonymous_0)
DA:4,1
DA:5,1
DA:22,1
DA:36,1
LF:4
LH:4
BRDA:7,0,0,1
BRDA:7,0,1,0
BRDA:10,1,0,0
BRDA:10,1,1,0
BRF:4
BRH:1
end_of_record
TN:
SF:src\components\changeCurrency\index.js
FN:4,(anonymous_0)
FN:5,(anonymous_1)
FNF:2
FNH:2
FNDA:4,(anonymous_0)
FNDA:8,(anonymous_1)
DA:4,2
DA:5,4
DA:6,8
DA:11,4
DA:25,2
LF:5
LH:5
BRF:0
BRH:0
end_of_record
TN:
SF:src\components\changeLanguage\index.js
FN:4,(anonymous_0)
FN:5,(anonymous_1)
FN:9,(anonymous_2)
FNF:3
FNH:3
FNDA:6,(anonymous_0)
FNDA:14,(anonymous_1)
FNDA:1,(anonymous_2)
DA:4,2
DA:5,6
DA:6,14
DA:9,1
DA:17,6
DA:27,2
LF:6
LH:6
BRDA:10,0,0,6
BRDA:10,0,1,8
BRF:2
BRH:2
end_of_record
TN:
SF:src\components\changeProfileUserImage\index.js
FN:7,(anonymous_0)
FN:8,(anonymous_1)
FNF:2
FNH:1
FNDA:5,(anonymous_0)
FNDA:0,(anonymous_1)
DA:7,1
DA:8,5
DA:9,0
DA:11,0
DA:13,0
DA:19,5
DA:72,1
DA:81,1
LF:8
LH:5
BRDA:9,0,0,0
BRDA:9,0,1,0
BRDA:11,1,0,0
BRDA:11,1,1,0
BRDA:22,2,0,5
BRDA:22,2,1,0
BRDA:40,3,0,5
BRDA:40,3,1,0
BRF:8
BRH:2
end_of_record
TN:
SF:src\components\checkout\invoicing\InvoicingData.js
FN:10,(anonymous_0)
FNF:1
FNH:1
FNDA:1,(anonymous_0)
DA:10,2
DA:11,1
DA:13,1
DA:96,2
LF:4
LH:4
BRDA:84,0,0,1
BRDA:84,0,1,0
BRF:2
BRH:1
end_of_record
TN:
SF:src\components\checkout\products\CrowdfundingItem.js
FN:9,(anonymous_0)
FN:11,(anonymous_1)
FN:78,(anonymous_2)
FN:93,(anonymous_3)
FN:113,(anonymous_4)
FN:127,(anonymous_5)
FNF:6
FNH:2
FNDA:2,(anonymous_0)
FNDA:6,(anonymous_1)
FNDA:0,(anonymous_2)
FNDA:0,(anonymous_3)
FNDA:0,(anonymous_4)
FNDA:0,(anonymous_5)
DA:9,2
DA:10,2
DA:11,2
DA:13,6
DA:14,0
DA:15,6
DA:16,6
DA:18,0
DA:20,6
DA:23,2
DA:78,0
DA:93,0
DA:113,0
DA:127,0
DA:137,2
LF:15
LH:9
BRDA:13,0,0,0
BRDA:13,0,1,6
BRDA:13,1,0,6
BRDA:13,1,1,6
BRDA:15,2,0,6
BRDA:15,2,1,0
BRDA:32,3,0,2
BRDA:32,3,1,2
BRDA:42,4,0,2
BRDA:42,4,1,2
BRDA:52,5,0,2
BRDA:52,5,1,0
BRDA:66,6,0,2
BRDA:66,6,1,1
BRF:14
BRH:11
end_of_record
TN:
SF:src\components\checkout\step1\index.js
FN:6,(anonymous_0)
FN:21,(anonymous_1)
FN:23,(anonymous_2)
FN:66,(anonymous_3)
FNF:4
FNH:3
FNDA:2,(anonymous_0)
FNDA:2,(anonymous_1)
FNDA:1,(anonymous_2)
FNDA:0,(anonymous_3)
DA:6,1
DA:16,2
DA:17,2
DA:19,2
DA:21,2
DA:22,2
DA:23,1
DA:24,1
DA:25,1
DA:45,1
DA:57,2
DA:66,0
DA:94,1
LF:13
LH:12
BRDA:19,0,0,0
BRDA:19,0,1,2
BRDA:19,1,0,2
BRDA:19,1,1,0
BRDA:22,2,0,1
BRDA:22,2,1,1
BRDA:24,3,0,1
BRDA:24,3,1,0
BRDA:27,4,0,1
BRDA:27,4,1,1
BRDA:60,5,0,2
BRDA:60,5,1,1
BRDA:76,6,0,2
BRDA:76,6,1,1
BRF:14
BRH:11
end_of_record
TN:
SF:src\components\checkout\step2\index.js
FN:10,(anonymous_0)
FN:41,(anonymous_1)
FN:51,(anonymous_2)
FNF:3
FNH:1
FNDA:2,(anonymous_0)
FNDA:0,(anonymous_1)
FNDA:0,(anonymous_2)
DA:10,1
DA:11,2
DA:41,0
DA:51,0
DA:65,1
LF:5
LH:3
BRDA:12,0,0,2
BRDA:12,0,1,1
BRF:2
BRH:2
end_of_record
TN:
SF:src\components\commentPost\index.js
FN:8,(anonymous_0)
FN:21,(anonymous_1)
FNF:2
FNH:1
FNDA:1,(anonymous_0)
FNDA:0,(anonymous_1)
DA:8,2
DA:17,1
DA:22,0
DA:23,0
DA:54,2
LF:5
LH:3
BRDA:46,0,0,1
BRDA:46,0,1,0
BRF:2
BRH:1
end_of_record
TN:
SF:src\components\comments\CommentContent.js
FN:3,(anonymous_0)
FN:5,(anonymous_1)
FNF:2
FNH:2
FNDA:2,(anonymous_0)
FNDA:4,(anonymous_1)
DA:3,3
DA:4,2
DA:6,4
DA:14,3
LF:4
LH:4
BRF:0
BRH:0
end_of_record
TN:
SF:src\components\comments\CommentHeader.js
FN:7,(anonymous_0)
FNF:1
FNH:1
FNDA:4,(anonymous_0)
DA:7,3
DA:8,4
DA:33,3
LF:3
LH:3
BRDA:11,0,0,4
BRDA:11,0,1,4
BRDA:11,0,2,3
BRDA:27,1,0,4
BRDA:27,1,1,0
BRF:5
BRH:4
end_of_record
TN:
SF:src\components\comments\index.js
FN:12,(anonymous_0)
FN:36,(anonymous_1)
FN:42,(anonymous_2)
FN:52,(anonymous_3)
FN:59,(anonymous_4)
FN:65,(anonymous_5)
FN:73,(anonymous_6)
FN:75,(anonymous_7)
FN:99,(anonymous_8)
FN:112,(anonymous_9)
FN:114,(anonymous_10)
FN:140,(anonymous_11)
FN:149,(anonymous_12)
FN:167,(anonymous_13)
FN:179,(anonymous_14)
FN:192,(anonymous_15)
FNF:16
FNH:5
FNDA:35,(anonymous_0)
FNDA:10,(anonymous_1)
FNDA:20,(anonymous_2)
FNDA:0,(anonymous_3)
FNDA:0,(anonymous_4)
FNDA:0,(anonymous_5)
FNDA:0,(anonymous_6)
FNDA:0,(anonymous_7)
FNDA:0,(anonymous_8)
FNDA:35,(anonymous_9)
FNDA:8,(anonymous_10)
FNDA:0,(anonymous_11)
FNDA:0,(anonymous_12)
FNDA:0,(anonymous_13)
FNDA:0,(anonymous_14)
FNDA:0,(anonymous_15)
DA:12,2
DA:30,35
DA:31,35
DA:32,35
DA:36,35
DA:37,10
DA:38,10
DA:42,35
DA:43,20
DA:44,0
DA:45,20
DA:46,10
DA:47,10
DA:48,10
DA:52,35
DA:53,0
DA:54,0
DA:55,0
DA:57,0
DA:58,0
DA:59,0
DA:60,0
DA:65,35
DA:66,0
DA:67,0
DA:68,0
DA:69,0
DA:73,35
DA:74,0
DA:75,0
DA:78,0
DA:79,0
DA:80,0
DA:81,0
DA:83,0
DA:84,0
DA:86,0
DA:87,0
DA:88,0
DA:90,0
DA:91,0
DA:94,0
DA:100,0
DA:112,35
DA:113,35
DA:114,4
DA:117,8
DA:118,0
DA:119,0
DA:120,0
DA:122,0
DA:123,0
DA:125,8
DA:126,4
DA:127,4
DA:129,4
DA:130,4
DA:135,8
DA:140,0
DA:149,0
DA:167,0
DA:179,0
DA:192,0
DA:211,31
DA:218,35
DA:248,2
LF:66
LH:29
BRDA:37,0,0,10
BRDA:37,0,1,0
BRDA:43,1,0,0
BRDA:43,1,1,20
BRDA:43,2,0,20
BRDA:43,2,1,0
BRDA:45,3,0,10
BRDA:45,3,1,10
BRDA:45,4,0,20
BRDA:45,4,1,20
BRDA:47,5,0,10
BRDA:47,5,1,0
BRDA:47,6,0,10
BRDA:47,6,1,0
BRDA:53,7,0,0
BRDA:53,7,1,0
BRDA:54,8,0,0
BRDA:54,8,1,0
BRDA:57,9,0,0
BRDA:57,9,1,0
BRDA:66,10,0,0
BRDA:66,10,1,0
BRDA:66,11,0,0
BRDA:66,11,1,0
BRDA:66,11,2,0
BRDA:68,12,0,0
BRDA:68,12,1,0
BRDA:74,13,0,0
BRDA:74,13,1,0
BRDA:78,14,0,0
BRDA:78,14,1,0
BRDA:78,15,0,0
BRDA:78,15,1,0
BRDA:79,16,0,0
BRDA:79,16,1,0
BRDA:86,17,0,0
BRDA:86,17,1,0
BRDA:91,18,0,0
BRDA:91,18,1,0
BRDA:100,19,0,0
BRDA:100,19,1,0
BRDA:113,20,0,4
BRDA:113,20,1,31
BRDA:117,21,0,0
BRDA:117,21,1,8
BRDA:117,22,0,8
BRDA:117,22,1,4
BRDA:118,23,0,0
BRDA:118,23,1,0
BRDA:125,24,0,4
BRDA:125,24,1,4
BRDA:130,25,0,4
BRDA:130,25,1,0
BRDA:154,26,0,8
BRDA:154,26,1,0
BRDA:162,27,0,0
BRDA:162,27,1,0
BRDA:184,28,0,8
BRDA:184,28,1,0
BRDA:187,29,0,0
BRDA:187,29,1,0
BRDA:194,30,0,0
BRDA:194,30,1,0
BRDA:197,31,0,0
BRDA:197,31,1,0
BRDA:221,32,0,35
BRDA:221,32,1,4
BRDA:229,33,0,4
BRDA:229,33,1,0
BRDA:235,34,0,4
BRDA:235,34,1,4
BRF:71
BRH:24
end_of_record
TN:
SF:src\components\comments\createComment\index.js
FN:6,(anonymous_0)
FN:17,(anonymous_1)
FN:50,(anonymous_2)
FN:59,(anonymous_3)
FNF:4
FNH:1
FNDA:11,(anonymous_0)
FNDA:0,(anonymous_1)
FNDA:0,(anonymous_2)
FNDA:0,(anonymous_3)
DA:6,1
DA:15,11
DA:17,11
DA:18,0
DA:19,0
DA:20,0
DA:21,0
DA:25,11
DA:50,0
DA:59,0
DA:69,1
LF:11
LH:5
BRDA:18,0,0,0
BRDA:18,0,1,0
BRDA:18,1,0,0
BRDA:18,1,1,0
BRDA:18,1,2,0
BRDA:20,2,0,0
BRDA:20,2,1,0
BRDA:20,3,0,0
BRDA:20,3,1,0
BRDA:20,3,2,0
BRDA:39,4,0,0
BRDA:39,4,1,11
BRDA:45,5,0,0
BRDA:45,5,1,11
BRF:14
BRH:2
end_of_record
TN:
SF:src\components\contributesListBox\ContributeRow.js
FN:5,(anonymous_0)
FNF:1
FNH:1
FNDA:3,(anonymous_0)
DA:5,4
DA:6,3
DA:8,3
DA:9,3
DA:10,3
DA:12,3
DA:22,3
DA:55,4
LF:8
LH:8
BRDA:6,0,0,1
BRDA:6,0,1,2
BRDA:8,1,0,0
BRDA:8,1,1,3
BRDA:8,2,0,3
BRDA:8,2,1,0
BRDA:9,3,0,1
BRDA:9,3,1,2
BRDA:10,4,0,0
BRDA:10,4,1,3
BRDA:14,5,0,1
BRDA:14,5,1,2
BRDA:15,6,0,1
BRDA:15,6,1,2
BRDA:17,7,0,3
BRDA:17,7,1,0
BRDA:18,8,0,3
BRDA:18,8,1,0
BRDA:23,9,0,0
BRDA:23,9,1,3
BRDA:25,10,0,3
BRDA:25,10,1,2
BRDA:28,11,0,3
BRDA:28,11,1,1
BRDA:33,12,0,3
BRDA:33,12,1,0
BRDA:38,13,0,3
BRDA:38,13,1,1
BRDA:39,14,0,3
BRDA:39,14,1,2
BRDA:45,15,0,3
BRDA:45,15,1,0
BRF:32
BRH:24
end_of_record
TN:
SF:src\components\contributesListBox\ContributesList.js
FN:5,(anonymous_0)
FN:14,(anonymous_1)
FN:16,(anonymous_2)
FNF:3
FNH:3
FNDA:3,(anonymous_0)
FNDA:3,(anonymous_1)
FNDA:2,(anonymous_2)
DA:5,3
DA:14,3
DA:15,3
DA:16,1
DA:17,2
DA:22,2
DA:32,3
DA:53,3
LF:8
LH:8
BRDA:15,0,0,1
BRDA:15,0,1,2
BRDA:15,1,0,3
BRDA:15,1,1,2
BRDA:24,2,0,2
BRDA:24,2,1,2
BRDA:27,3,0,2
BRDA:27,3,1,0
BRDA:35,4,0,3
BRDA:35,4,1,2
BRDA:35,4,2,1
BRDA:38,5,0,1
BRDA:38,5,1,1
BRDA:41,6,0,1
BRDA:41,6,1,0
BRF:15
BRH:13
end_of_record
TN:
SF:src\components\contributesListBox\index.js
FN:6,(anonymous_0)
FNF:1
FNH:1
FNDA:14,(anonymous_0)
DA:6,2
DA:17,14
DA:50,2
DA:64,2
LF:4
LH:4
BRDA:21,0,0,14
BRDA:21,0,1,3
BRDA:27,1,0,14
BRDA:27,1,1,11
BRDA:29,2,0,14
BRDA:29,2,1,12
BRDA:34,3,0,14
BRDA:34,3,1,2
BRF:8
BRH:8
end_of_record
TN:
SF:src\components\convertToMyTimezone\index.js
FN:5,(anonymous_0)
FNF:1
FNH:1
FNDA:12,(anonymous_0)
DA:5,2
DA:6,12
DA:11,2
DA:18,2
LF:4
LH:4
BRDA:20,0,0,2
BRDA:20,0,1,0
BRF:2
BRH:1
end_of_record
TN:
SF:src\components\cookiesMessage\index.js
FN:5,(anonymous_0)
FNF:1
FNH:1
FNDA:1,(anonymous_0)
DA:5,1
DA:6,1
DA:20,1
LF:3
LH:3
BRF:0
BRH:0
end_of_record
TN:
SF:src\components\countdown\index.jsx
FN:69,(anonymous_0)
FN:74,(anonymous_1)
FN:81,(anonymous_2)
FN:85,(anonymous_3)
FN:87,(anonymous_4)
FN:95,(anonymous_5)
FN:175,(anonymous_6)
FN:179,(anonymous_7)
FN:194,(anonymous_8)
FN:242,(anonymous_9)
FNF:10
FNH:9
FNDA:34,(anonymous_0)
FNDA:1,(anonymous_1)
FNDA:27,(anonymous_2)
FNDA:78,(anonymous_3)
FNDA:123,(anonymous_4)
FNDA:39,(anonymous_5)
FNDA:27,(anonymous_6)
FNDA:122,(anonymous_7)
FNDA:79,(anonymous_8)
FNDA:0,(anonymous_9)
DA:7,4
DA:14,4
DA:33,4
DA:35,4
DA:59,34
DA:71,34
DA:72,34
DA:74,34
DA:75,1
DA:76,1
DA:77,0
DA:82,27
DA:85,78
DA:87,34
DA:88,123
DA:89,123
DA:90,67
DA:92,123
DA:95,34
DA:96,39
DA:97,39
DA:98,39
DA:99,39
DA:103,39
DA:104,39
DA:107,39
DA:108,4
DA:109,4
DA:110,35
DA:111,25
DA:113,25
DA:119,25
DA:121,10
DA:123,10
DA:131,10
DA:134,39
DA:135,39
DA:136,39
DA:139,39
DA:141,29
DA:151,29
DA:153,4
DA:154,4
DA:156,29
DA:158,29
DA:159,29
DA:161,29
DA:163,29
DA:164,29
DA:166,29
DA:167,2
DA:168,2
DA:171,29
DA:172,29
DA:176,27
DA:180,122
DA:181,122
DA:182,122
DA:184,122
DA:195,79
DA:196,79
DA:197,79
DA:199,79
DA:201,45
DA:202,45
DA:204,45
DA:205,45
DA:206,45
DA:208,45
DA:230,4
DA:239,4
LF:71
LH:70
BRDA:72,0,0,26
BRDA:72,0,1,8
BRDA:76,1,0,1
BRDA:76,1,1,0
BRDA:107,2,0,4
BRDA:107,2,1,35
BRDA:110,3,0,25
BRDA:110,3,1,10
BRDA:111,4,0,0
BRDA:111,4,1,25
BRDA:121,5,0,0
BRDA:121,5,1,10
BRDA:139,6,0,10
BRDA:139,6,1,29
BRDA:151,7,0,4
BRDA:151,7,1,25
BRDA:156,8,0,29
BRDA:156,8,1,0
BRDA:161,9,0,29
BRDA:161,9,1,0
BRDA:166,10,0,2
BRDA:166,10,1,27
BRDA:199,11,0,34
BRDA:199,11,1,45
BRDA:201,12,0,45
BRDA:201,12,1,29
BRDA:201,12,2,1
BRDA:202,13,0,1
BRDA:202,13,1,44
BRDA:205,14,0,45
BRDA:205,14,1,18
BRDA:205,14,2,18
BRDA:206,15,0,45
BRDA:206,15,1,18
BRDA:206,15,2,18
BRDA:217,16,0,45
BRDA:217,16,1,35
BRDA:219,17,0,35
BRDA:219,17,1,35
BRDA:222,18,0,35
BRDA:222,18,1,17
BRF:41
BRH:36
end_of_record
TN:
SF:src\components\creditCardList\index.js
FN:12,(anonymous_0)
FN:30,(anonymous_1)
FN:34,(anonymous_2)
FN:41,(anonymous_3)
FN:64,(anonymous_4)
FN:74,(anonymous_5)
FN:87,(anonymous_6)
FN:94,(anonymous_7)
FN:115,(anonymous_8)
FN:139,(anonymous_9)
FN:166,(anonymous_10)
FNF:11
FNH:1
FNDA:2,(anonymous_0)
FNDA:0,(anonymous_1)
FNDA:0,(anonymous_2)
FNDA:0,(anonymous_3)
FNDA:0,(anonymous_4)
FNDA:0,(anonymous_5)
FNDA:0,(anonymous_6)
FNDA:0,(anonymous_7)
FNDA:0,(anonymous_8)
FNDA:0,(anonymous_9)
FNDA:0,(anonymous_10)
DA:12,2
DA:23,2
DA:24,2
DA:25,2
DA:26,2
DA:27,2
DA:28,2
DA:30,2
DA:31,0
DA:34,2
DA:35,0
DA:36,0
DA:37,0
DA:41,2
DA:42,0
DA:44,0
DA:45,0
DA:46,0
DA:47,0
DA:49,0
DA:60,0
DA:64,2
DA:65,0
DA:66,0
DA:67,0
DA:68,0
DA:70,0
DA:74,2
DA:76,0
DA:77,0
DA:78,0
DA:79,0
DA:80,0
DA:81,0
DA:82,0
DA:83,0
DA:87,2
DA:88,0
DA:89,0
DA:92,2
DA:94,2
DA:95,0
DA:96,0
DA:97,0
DA:99,0
DA:100,0
DA:102,0
DA:105,2
DA:116,0
DA:139,0
DA:166,0
DA:196,2
LF:52
LH:17
BRDA:35,0,0,0
BRDA:35,0,1,0
BRDA:42,1,0,0
BRDA:42,1,1,0
BRDA:44,2,0,0
BRDA:44,2,1,0
BRDA:66,3,0,0
BRDA:66,3,1,0
BRDA:79,4,0,0
BRDA:79,4,1,0
BRDA:81,5,0,0
BRDA:81,5,1,0
BRDA:99,6,0,0
BRDA:99,6,1,0
BRDA:110,7,0,2
BRDA:110,7,1,2
BRDA:111,8,0,2
BRDA:111,8,1,0
BRDA:114,9,0,0
BRDA:114,9,1,0
BRDA:119,10,0,0
BRDA:119,10,1,0
BRDA:151,11,0,0
BRDA:151,11,1,0
BRDA:151,11,2,0
BRDA:160,12,0,0
BRDA:160,12,1,0
BRDA:175,13,0,2
BRDA:175,13,1,0
BRF:29
BRH:4
end_of_record
TN:
SF:src\components\crowdfundingContributeBtn\index.js
FN:16,(anonymous_0)
FN:32,(anonymous_1)
FN:64,(anonymous_2)
FN:68,(anonymous_3)
FN:74,(anonymous_4)
FN:82,(anonymous_5)
FN:174,(anonymous_6)
FN:178,(anonymous_7)
FN:211,(anonymous_8)
FN:222,(anonymous_9)
FNF:10
FNH:3
FNDA:11,(anonymous_0)
FNDA:11,(anonymous_1)
FNDA:0,(anonymous_2)
FNDA:0,(anonymous_3)
FNDA:0,(anonymous_4)
FNDA:0,(anonymous_5)
FNDA:0,(anonymous_6)
FNDA:22,(anonymous_7)
FNDA:0,(anonymous_8)
FNDA:0,(anonymous_9)
DA:12,2
DA:17,11
DA:19,11
DA:26,11
DA:27,11
DA:28,11
DA:29,11
DA:32,11
DA:33,11
DA:35,11
DA:38,11
DA:41,11
DA:46,11
DA:49,11
DA:50,1
DA:53,10
DA:54,1
DA:58,9
DA:64,11
DA:65,0
DA:68,11
DA:69,0
DA:74,11
DA:75,0
DA:76,0
DA:78,0
DA:82,11
DA:83,0
DA:84,0
DA:86,0
DA:87,0
DA:92,0
DA:97,0
DA:98,0
DA:103,0
DA:109,0
DA:110,0
DA:127,0
DA:128,0
DA:129,0
DA:142,0
DA:144,0
DA:159,0
DA:162,0
DA:164,0
DA:165,0
DA:170,0
DA:174,11
DA:175,0
DA:179,22
DA:180,22
DA:182,22
DA:212,0
DA:216,0
DA:223,0
DA:258,2
LF:56
LH:27
BRDA:49,0,0,1
BRDA:49,0,1,10
BRDA:53,1,0,1
BRDA:53,1,1,9
BRDA:75,2,0,0
BRDA:75,2,1,0
BRDA:86,3,0,0
BRDA:86,3,1,0
BRDA:97,4,0,0
BRDA:97,4,1,0
BRDA:109,5,0,0
BRDA:109,5,1,0
BRDA:127,6,0,0
BRDA:127,6,1,0
BRDA:128,7,0,0
BRDA:128,7,1,0
BRDA:206,8,0,22
BRDA:206,8,1,0
BRDA:206,8,2,22
BRDA:232,9,0,22
BRDA:232,9,1,0
BRDA:232,10,0,22
BRDA:232,10,1,0
BRDA:241,11,0,22
BRDA:241,11,1,0
BRDA:241,11,2,22
BRDA:247,12,0,22
BRDA:247,12,1,1
BRF:28
BRH:12
end_of_record
TN:
SF:src\components\crowdfundingDescription\index.js
FN:8,(anonymous_0)
FN:21,(anonymous_1)
FN:28,(anonymous_2)
FN:35,(anonymous_3)
FN:42,(anonymous_4)
FN:54,(anonymous_5)
FN:78,(anonymous_6)
FN:108,(anonymous_7)
FN:160,(anonymous_8)
FNF:9
FNH:6
FNDA:4,(anonymous_0)
FNDA:0,(anonymous_1)
FNDA:0,(anonymous_2)
FNDA:4,(anonymous_3)
FNDA:4,(anonymous_4)
FNDA:0,(anonymous_5)
FNDA:6,(anonymous_6)
FNDA:4,(anonymous_7)
FNDA:8,(anonymous_8)
DA:9,4
DA:10,4
DA:17,4
DA:18,4
DA:21,4
DA:22,0
DA:28,4
DA:29,0
DA:36,4
DA:37,4
DA:39,4
DA:40,4
DA:42,4
DA:44,4
DA:45,0
DA:46,4
DA:47,0
DA:49,4
DA:51,4
DA:54,4
DA:57,0
DA:58,0
DA:60,0
DA:62,0
DA:65,4
DA:79,6
DA:109,4
DA:161,8
DA:189,1
LF:29
LH:21
BRDA:39,0,0,4
BRDA:39,0,1,0
BRDA:40,1,0,4
BRDA:40,1,1,0
BRDA:44,2,0,0
BRDA:44,2,1,4
BRDA:44,3,0,4
BRDA:44,3,1,4
BRDA:46,4,0,0
BRDA:46,4,1,4
BRDA:57,5,0,0
BRDA:57,5,1,0
BRDA:57,6,0,0
BRDA:57,6,1,0
BRDA:67,7,0,4
BRDA:67,7,1,4
BRDA:67,7,2,4
BRDA:69,8,0,4
BRDA:69,8,1,3
BRDA:105,9,0,0
BRDA:105,9,1,4
BRDA:115,10,0,4
BRDA:115,10,1,4
BRDA:122,11,0,4
BRDA:122,11,1,0
BRDA:122,11,2,0
BRDA:130,12,0,0
BRDA:130,12,1,0
BRDA:135,13,0,4
BRDA:135,13,1,0
BRDA:135,13,2,0
BRDA:143,14,0,0
BRDA:143,14,1,0
BRDA:151,15,0,4
BRDA:151,15,1,4
BRDA:151,15,2,4
BRDA:159,16,0,0
BRDA:159,16,1,4
BRDA:167,17,0,4
BRDA:167,17,1,4
BRF:40
BRH:22
end_of_record
TN:
SF:src\components\crowdfundingHeader\index.js
FN:8,(anonymous_0)
FNF:1
FNH:1
FNDA:5,(anonymous_0)
DA:8,1
DA:17,5
DA:81,1
DA:109,1
LF:4
LH:4
BRDA:18,0,0,5
BRDA:18,0,1,5
BRDA:60,1,0,5
BRDA:60,1,1,5
BRF:4
BRH:4
end_of_record
TN:
SF:src\components\crowdfundingPaymentMethod\index.js
FN:5,(anonymous_0)
FNF:1
FNH:1
FNDA:8,(anonymous_0)
DA:5,2
DA:6,8
DA:56,2
LF:3
LH:3
BRDA:16,0,0,8
BRDA:16,0,1,6
BRDA:23,1,0,8
BRDA:23,1,1,5
BRDA:30,2,0,8
BRDA:30,2,1,5
BRDA:37,3,0,8
BRDA:37,3,1,0
BRDA:44,4,0,8
BRDA:44,4,1,0
BRF:10
BRH:8
end_of_record
TN:
SF:src\components\crowdfundingPrivateThumb\index.js
FN:9,(anonymous_0)
FN:22,(anonymous_1)
FN:81,(anonymous_2)
FN:89,(anonymous_3)
FNF:4
FNH:4
FNDA:6,(anonymous_0)
FNDA:6,(anonymous_1)
FNDA:24,(anonymous_2)
FNDA:24,(anonymous_3)
DA:10,6
DA:11,6
DA:19,6
DA:23,6
DA:30,6
DA:31,6
DA:32,6
DA:38,6
DA:41,6
DA:44,6
DA:47,6
DA:48,0
DA:53,6
DA:54,1
DA:61,5
DA:62,3
DA:70,2
DA:82,24
DA:83,24
DA:85,24
DA:86,12
DA:89,12
DA:91,24
DA:92,0
DA:93,24
DA:94,24
DA:96,0
DA:98,24
DA:101,12
DA:161,1
LF:30
LH:27
BRDA:25,0,0,0
BRDA:25,0,1,6
BRDA:26,1,0,0
BRDA:26,1,1,6
BRDA:31,2,0,6
BRDA:31,2,1,0
BRDA:47,3,0,0
BRDA:47,3,1,6
BRDA:53,4,0,1
BRDA:53,4,1,5
BRDA:61,5,0,3
BRDA:61,5,1,2
BRDA:85,6,0,12
BRDA:85,6,1,12
BRDA:91,7,0,0
BRDA:91,7,1,24
BRDA:91,8,0,24
BRDA:91,8,1,24
BRDA:93,9,0,24
BRDA:93,9,1,0
BRDA:108,10,0,12
BRDA:108,10,1,0
BRDA:123,11,0,12
BRDA:123,11,1,12
BRF:24
BRH:17
end_of_record
TN:
SF:src\components\crowdfundingProgressBar\index.js
FN:4,(anonymous_0)
FNF:1
FNH:1
FNDA:9,(anonymous_0)
DA:4,2
DA:5,9
DA:12,2
LF:3
LH:3
BRF:0
BRH:0
end_of_record
TN:
SF:src\components\crowdfundingThumb\index.js
FN:9,(anonymous_0)
FN:22,(anonymous_1)
FN:75,(anonymous_2)
FN:83,(anonymous_3)
FNF:4
FNH:4
FNDA:6,(anonymous_0)
FNDA:6,(anonymous_1)
FNDA:24,(anonymous_2)
FNDA:24,(anonymous_3)
DA:10,6
DA:11,6
DA:19,6
DA:23,6
DA:30,6
DA:31,6
DA:32,6
DA:39,6
DA:42,6
DA:45,6
DA:47,6
DA:48,0
DA:53,6
DA:54,1
DA:59,5
DA:60,3
DA:66,2
DA:76,24
DA:77,24
DA:79,24
DA:80,12
DA:83,12
DA:85,24
DA:86,0
DA:87,24
DA:88,24
DA:90,0
DA:92,24
DA:95,12
DA:155,1
LF:30
LH:27
BRDA:25,0,0,0
BRDA:25,0,1,6
BRDA:26,1,0,0
BRDA:26,1,1,6
BRDA:31,2,0,6
BRDA:31,2,1,0
BRDA:47,3,0,0
BRDA:47,3,1,6
BRDA:53,4,0,1
BRDA:53,4,1,5
BRDA:59,5,0,3
BRDA:59,5,1,2
BRDA:79,6,0,12
BRDA:79,6,1,12
BRDA:85,7,0,0
BRDA:85,7,1,24
BRDA:85,8,0,24
BRDA:85,8,1,24
BRDA:87,9,0,24
BRDA:87,9,1,0
BRDA:102,10,0,12
BRDA:102,10,1,0
BRDA:117,11,0,12
BRDA:117,11,1,12
BRF:24
BRH:17
end_of_record
TN:
SF:src\components\descriptionDetail\index.js
FN:5,(anonymous_0)
FN:17,(anonymous_1)
FN:36,(anonymous_2)
FNF:3
FNH:2
FNDA:37,(anonymous_0)
FNDA:0,(anonymous_1)
FNDA:36,(anonymous_2)
DA:5,2
DA:12,37
DA:15,37
DA:17,37
DA:18,0
DA:19,0
DA:22,37
DA:37,36
DA:54,2
LF:9
LH:7
BRDA:13,0,0,37
BRDA:13,0,1,36
BRDA:32,1,0,0
BRDA:32,1,1,37
BRDA:35,2,0,37
BRDA:35,2,1,36
BRDA:43,3,0,37
BRDA:43,3,1,1
BRF:8
BRH:7
end_of_record
TN:
SF:src\components\documents\index.js
FN:12,(anonymous_0)
FN:33,(anonymous_1)
FN:41,(anonymous_2)
FN:47,(anonymous_3)
FN:89,(anonymous_4)
FNF:5
FNH:4
FNDA:1,(anonymous_0)
FNDA:1,(anonymous_1)
FNDA:1,(anonymous_2)
FNDA:1,(anonymous_3)
FNDA:0,(anonymous_4)
DA:12,1
DA:33,1
DA:34,1
DA:35,1
DA:36,1
DA:38,1
DA:41,1
DA:42,1
DA:43,0
DA:46,1
DA:47,1
DA:48,1
DA:49,1
DA:51,1
DA:53,0
DA:54,0
DA:57,0
DA:58,0
DA:61,0
DA:62,0
DA:65,1
DA:68,1
DA:89,0
DA:98,0
DA:101,1
DA:171,1
LF:26
LH:17
BRDA:42,0,0,0
BRDA:42,0,1,1
BRDA:46,1,0,1
BRDA:46,1,1,0
BRDA:48,2,0,0
BRDA:48,2,1,1
BRDA:49,3,0,0
BRDA:49,3,1,1
BRDA:51,4,0,0
BRDA:51,4,1,0
BRDA:51,4,2,0
BRDA:51,4,3,1
BRDA:70,5,0,1
BRDA:70,5,1,0
BRDA:71,6,0,1
BRDA:71,6,1,1
BRDA:85,7,0,1
BRDA:85,7,1,0
BRDA:85,7,2,0
BRDA:102,8,0,1
BRDA:102,8,1,1
BRDA:103,9,0,1
BRDA:103,9,1,1
BRDA:113,10,0,0
BRDA:113,10,1,1
BRDA:136,11,0,1
BRDA:136,11,1,0
BRF:27
BRH:15
end_of_record
TN:
SF:src\components\errorBoundary\index.js
FN:17,(anonymous_0)
FN:28,(anonymous_1)
FN:37,(anonymous_2)
FN:42,(anonymous_3)
FN:46,(anonymous_4)
FNF:5
FNH:1
FNDA:0,(anonymous_0)
FNDA:0,(anonymous_1)
FNDA:0,(anonymous_2)
FNDA:0,(anonymous_3)
FNDA:1,(anonymous_4)
DA:8,2
DA:10,1
DA:18,0
DA:19,0
DA:20,0
DA:23,0
DA:24,0
DA:25,0
DA:28,0
DA:29,0
DA:30,0
DA:31,0
DA:34,0
DA:37,1
DA:38,0
DA:39,0
DA:42,1
DA:43,0
DA:47,1
DA:48,1
DA:50,1
DA:51,1
DA:75,0
DA:79,2
DA:86,2
LF:25
LH:10
BRDA:12,0,0,1
BRDA:12,0,1,0
BRDA:12,1,0,1
BRDA:12,1,1,1
BRDA:18,2,0,0
BRDA:18,2,1,0
BRDA:18,3,0,0
BRDA:18,3,1,0
BRDA:23,4,0,0
BRDA:23,4,1,0
BRDA:50,5,0,1
BRDA:50,5,1,0
BRF:12
BRH:4
end_of_record
TN:
SF:src\components\faqs\FaqsItem.js
FN:4,(anonymous_0)
FN:6,(anonymous_1)
FN:11,(anonymous_2)
FN:18,(anonymous_3)
FNF:4
FNH:4
FNDA:6,(anonymous_0)
FNDA:2,(anonymous_1)
FNDA:6,(anonymous_2)
FNDA:2,(anonymous_3)
DA:4,2
DA:5,6
DA:6,6
DA:7,2
DA:8,2
DA:11,6
DA:13,6
DA:18,2
DA:39,2
LF:9
LH:9
BRDA:17,0,0,4
BRDA:17,0,1,2
BRDA:29,1,0,4
BRDA:29,1,1,2
BRF:4
BRH:4
end_of_record
TN:
SF:src\components\faqs\FaqsTabs.js
FN:4,(anonymous_0)
FN:7,(anonymous_1)
FN:13,(anonymous_2)
FNF:3
FNH:2
FNDA:4,(anonymous_0)
FNDA:12,(anonymous_1)
FNDA:0,(anonymous_2)
DA:4,2
DA:5,4
DA:8,12
DA:13,0
DA:22,2
LF:5
LH:4
BRDA:12,0,0,4
BRDA:12,0,1,8
BRF:2
BRH:2
end_of_record
TN:
SF:src\components\faqs\index.js
FN:8,(anonymous_0)
FN:11,(anonymous_1)
FN:21,(anonymous_2)
FNF:3
FNH:3
FNDA:4,(anonymous_0)
FNDA:6,(anonymous_1)
FNDA:2,(anonymous_2)
DA:8,1
DA:9,4
DA:10,4
DA:11,6
DA:13,4
DA:22,2
DA:23,2
DA:24,0
DA:25,0
DA:27,2
DA:28,2
DA:29,0
DA:30,0
DA:31,2
DA:61,1
DA:80,1
LF:16
LH:12
BRDA:11,0,0,4
BRDA:11,0,1,0
BRDA:17,1,0,4
BRDA:17,1,1,1
BRDA:19,2,0,4
BRDA:19,2,1,3
BRDA:19,2,2,2
BRDA:23,3,0,2
BRDA:23,3,1,0
BRDA:24,4,0,0
BRDA:24,4,1,0
BRDA:25,5,0,0
BRDA:25,5,1,0
BRDA:28,6,0,2
BRDA:28,6,1,0
BRDA:29,7,0,0
BRDA:29,7,1,0
BRDA:30,8,0,0
BRDA:30,8,1,0
BRDA:48,9,0,4
BRDA:48,9,1,1
BRDA:48,9,2,1
BRF:22
BRH:11
end_of_record
TN:
SF:src\components\featuresMenu\index.js
FN:6,(anonymous_0)
FN:9,(anonymous_1)
FN:17,(anonymous_2)
FN:20,(anonymous_3)
FN:23,(anonymous_4)
FN:125,(anonymous_5)
FN:362,(anonymous_6)
FN:374,(anonymous_7)
FN:386,(anonymous_8)
FN:553,(anonymous_9)
FN:612,(anonymous_10)
FNF:11
FNH:4
FNDA:2,(anonymous_0)
FNDA:0,(anonymous_1)
FNDA:0,(anonymous_2)
FNDA:2,(anonymous_3)
FNDA:4,(anonymous_4)
FNDA:0,(anonymous_5)
FNDA:0,(anonymous_6)
FNDA:0,(anonymous_7)
FNDA:0,(anonymous_8)
FNDA:0,(anonymous_9)
FNDA:4,(anonymous_10)
DA:6,1
DA:7,2
DA:8,2
DA:9,2
DA:10,0
DA:11,0
DA:14,2
DA:16,2
DA:17,0
DA:20,2
DA:21,2
DA:23,2
DA:24,4
DA:26,2
DA:28,2
DA:36,2
DA:39,0
DA:47,0
DA:50,0
DA:58,0
DA:61,0
DA:70,2
DA:73,2
DA:75,2
DA:83,2
DA:86,0
DA:96,0
DA:99,0
DA:107,0
DA:110,0
DA:119,2
DA:123,0
DA:125,0
DA:126,0
DA:134,0
DA:137,0
DA:145,0
DA:148,0
DA:156,0
DA:159,0
DA:168,0
DA:171,0
DA:173,0
DA:181,0
DA:184,0
DA:192,0
DA:195,0
DA:203,0
DA:206,0
DA:215,0
DA:218,0
DA:220,0
DA:228,0
DA:231,0
DA:239,0
DA:242,0
DA:250,0
DA:253,0
DA:262,0
DA:265,0
DA:267,0
DA:275,0
DA:278,0
DA:286,0
DA:289,0
DA:297,0
DA:300,0
DA:309,0
DA:312,0
DA:314,0
DA:322,0
DA:325,0
DA:333,0
DA:336,0
DA:344,0
DA:347,0
DA:356,0
DA:360,0
DA:362,0
DA:363,0
DA:371,0
DA:374,0
DA:375,0
DA:383,0
DA:386,0
DA:387,0
DA:395,0
DA:398,0
DA:407,0
DA:410,0
DA:412,0
DA:420,0
DA:423,0
DA:431,0
DA:434,0
DA:442,0
DA:445,0
DA:454,0
DA:457,0
DA:459,0
DA:467,0
DA:470,0
DA:478,0
DA:481,0
DA:489,0
DA:492,0
DA:501,0
DA:504,0
DA:506,0
DA:514,0
DA:517,0
DA:525,0
DA:528,0
DA:536,0
DA:539,0
DA:548,0
DA:551,0
DA:553,0
DA:554,0
DA:563,0
DA:572,0
DA:575,0
DA:583,0
DA:586,0
DA:594,0
DA:597,0
DA:606,0
DA:612,2
DA:613,4
DA:614,4
DA:615,4
DA:646,2
DA:655,1
LF:133
LH:24
BRDA:10,0,0,0
BRDA:10,0,1,0
BRDA:11,1,0,0
BRDA:11,1,1,0
BRDA:16,2,0,0
BRDA:16,2,1,2
BRDA:17,3,0,0
BRDA:17,3,1,0
BRDA:24,4,0,2
BRDA:24,4,1,2
BRDA:24,4,2,0
BRDA:24,4,3,0
BRDA:24,4,4,0
BRDA:24,4,5,0
BRDA:24,4,6,0
BRDA:24,4,7,0
BRDA:24,4,8,0
BRDA:24,4,9,0
BRDA:24,4,10,0
BRDA:24,4,11,0
BRDA:24,4,12,0
BRDA:24,4,13,0
BRDA:24,4,14,0
BRDA:26,5,0,2
BRDA:26,5,1,0
BRDA:26,5,2,0
BRDA:26,5,3,0
BRDA:73,6,0,2
BRDA:73,6,1,0
BRDA:73,6,2,0
BRDA:73,6,3,0
BRDA:89,7,0,0
BRDA:89,7,1,0
BRDA:123,8,0,0
BRDA:123,8,1,0
BRDA:123,8,2,0
BRDA:123,8,3,0
BRDA:125,9,0,0
BRDA:125,9,1,0
BRDA:171,10,0,0
BRDA:171,10,1,0
BRDA:171,10,2,0
BRDA:171,10,3,0
BRDA:218,11,0,0
BRDA:218,11,1,0
BRDA:218,11,2,0
BRDA:218,11,3,0
BRDA:265,12,0,0
BRDA:265,12,1,0
BRDA:265,12,2,0
BRDA:265,12,3,0
BRDA:295,13,0,0
BRDA:295,13,1,0
BRDA:312,14,0,0
BRDA:312,14,1,0
BRDA:312,14,2,0
BRDA:312,14,3,0
BRDA:360,15,0,0
BRDA:360,15,1,0
BRDA:360,15,2,0
BRDA:360,15,3,0
BRDA:362,16,0,0
BRDA:362,16,1,0
BRDA:374,17,0,0
BRDA:374,17,1,0
BRDA:386,18,0,0
BRDA:386,18,1,0
BRDA:410,19,0,0
BRDA:410,19,1,0
BRDA:410,19,2,0
BRDA:410,19,3,0
BRDA:457,20,0,0
BRDA:457,20,1,0
BRDA:457,20,2,0
BRDA:457,20,3,0
BRDA:504,21,0,0
BRDA:504,21,1,0
BRDA:504,21,2,0
BRDA:504,21,3,0
BRDA:534,22,0,0
BRDA:534,22,1,0
BRDA:551,23,0,0
BRDA:551,23,1,0
BRDA:551,23,2,0
BRDA:551,23,3,0
BRDA:553,24,0,0
BRDA:553,24,1,0
BRDA:592,25,0,0
BRDA:592,25,1,0
BRDA:613,26,0,4
BRDA:613,26,1,0
BRDA:614,27,0,4
BRDA:614,27,1,0
BRDA:619,28,0,0
BRDA:619,28,1,4
BRDA:619,29,0,4
BRDA:619,29,1,4
BRDA:619,29,2,2
BRDA:626,30,0,0
BRDA:626,30,1,4
BRDA:626,31,0,4
BRDA:626,31,1,0
BRF:102
BRH:13
end_of_record
TN:
SF:src\components\footer\index.js
FN:8,(anonymous_0)
FN:28,(anonymous_1)
FN:29,(anonymous_2)
FN:37,(anonymous_3)
FN:38,(anonymous_4)
FNF:5
FNH:5
FNDA:8,(anonymous_0)
FNDA:1,(anonymous_1)
FNDA:2,(anonymous_2)
FNDA:4,(anonymous_3)
FNDA:10,(anonymous_4)
DA:8,1
DA:26,8
DA:28,8
DA:29,1
DA:30,2
DA:37,8
DA:38,4
DA:39,10
DA:40,9
DA:55,8
DA:121,1
LF:11
LH:11
BRDA:39,0,0,9
BRDA:39,0,1,1
BRDA:42,1,0,9
BRDA:42,1,1,0
BRDA:49,2,0,9
BRDA:49,2,1,1
BRDA:60,3,0,8
BRDA:60,3,1,2
BRDA:63,4,0,8
BRDA:63,4,1,1
BRDA:71,5,0,8
BRDA:71,5,1,1
BRDA:82,6,0,8
BRDA:82,6,1,0
BRDA:90,7,0,8
BRDA:90,7,1,1
BRDA:105,8,0,8
BRDA:105,8,1,1
BRF:18
BRH:16
end_of_record
TN:
SF:src\components\formQuestionsGenerator\FormQuestionValueRow.js
FN:3,(anonymous_0)
FN:5,(anonymous_1)
FNF:2
FNH:0
FNDA:0,(anonymous_0)
FNDA:0,(anonymous_1)
DA:3,2
DA:4,0
DA:5,0
DA:6,0
DA:24,0
DA:33,2
LF:6
LH:2
BRF:0
BRH:0
end_of_record
TN:
SF:src\components\formQuestionsGenerator\index.js
FN:8,(anonymous_0)
FN:18,(anonymous_1)
FNF:2
FNH:2
FNDA:1,(anonymous_0)
FNDA:1,(anonymous_1)
DA:8,2
DA:18,1
DA:19,1
DA:22,1
DA:63,1
DA:66,2
LF:6
LH:6
BRDA:19,0,0,0
BRDA:19,0,1,1
BRDA:24,1,0,1
BRDA:24,1,1,1
BRDA:26,2,0,1
BRDA:26,2,1,0
BRDA:36,3,0,1
BRDA:36,3,1,0
BRDA:38,4,0,0
BRDA:38,4,1,0
BRDA:46,5,0,1
BRDA:46,5,1,0
BRDA:48,6,0,0
BRDA:48,6,1,0
BRDA:56,7,0,1
BRDA:56,7,1,0
BRF:16
BRH:7
end_of_record
TN:
SF:src\components\giftCardThumb\index.js
FN:4,(anonymous_0)
FNF:1
FNH:1
FNDA:1,(anonymous_0)
DA:4,1
DA:16,1
DA:52,1
LF:3
LH:3
BRDA:20,0,0,1
BRDA:20,0,1,1
BRDA:21,1,0,1
BRDA:21,1,1,0
BRDA:35,2,0,1
BRDA:35,2,1,1
BRDA:36,3,0,1
BRDA:36,3,1,0
BRF:8
BRH:6
end_of_record
TN:
SF:src\components\giftcards\index.js
FN:9,(anonymous_0)
FN:34,(anonymous_1)
FNF:2
FNH:1
FNDA:1,(anonymous_0)
FNDA:0,(anonymous_1)
DA:9,1
DA:34,1
DA:35,0
DA:36,0
DA:44,0
DA:51,1
DA:125,1
LF:7
LH:4
BRDA:35,0,0,0
BRDA:35,0,1,0
BRDA:53,1,0,1
BRDA:53,1,1,1
BRDA:80,2,0,1
BRDA:80,2,1,0
BRF:6
BRH:3
end_of_record
TN:
SF:src\components\googleMapsView\index.js
FN:4,(anonymous_0)
FNF:1
FNH:0
FNDA:0,(anonymous_0)
DA:4,1
DA:13,0
DA:29,1
DA:39,1
LF:4
LH:3
BRDA:19,0,0,0
BRDA:19,0,1,0
BRF:2
BRH:0
end_of_record
TN:
SF:src\components\heartSeparator\index.js
FN:4,(anonymous_0)
FNF:1
FNH:1
FNDA:1,(anonymous_0)
DA:4,1
DA:5,1
LF:2
LH:2
BRF:0
BRH:0
end_of_record
TN:
SF:src\components\htmlEditor\Dropdown.js
FN:7,(anonymous_0)
FN:10,(anonymous_1)
FN:11,(anonymous_2)
FN:31,(anonymous_3)
FN:48,(anonymous_4)
FN:53,(anonymous_5)
FNF:6
FNH:3
FNDA:10,(anonymous_0)
FNDA:0,(anonymous_1)
FNDA:0,(anonymous_2)
FNDA:30,(anonymous_3)
FNDA:24,(anonymous_4)
FNDA:0,(anonymous_5)
DA:7,2
DA:8,10
DA:10,10
DA:11,10
DA:13,10
DA:32,30
DA:40,2
DA:48,2
DA:49,24
DA:51,24
DA:53,0
DA:61,2
LF:12
LH:11
BRDA:28,0,0,0
BRDA:28,0,1,10
BRDA:30,1,0,10
BRDA:30,1,1,0
BRDA:54,2,0,8
BRDA:54,2,1,16
BRF:6
BRH:4
end_of_record
TN:
SF:src\components\htmlEditor\index.js
FN:13,(anonymous_0)
FN:47,(anonymous_1)
FN:69,(anonymous_2)
FN:74,(anonymous_3)
FN:78,(anonymous_4)
FN:83,(anonymous_5)
FN:84,(anonymous_6)
FN:87,(anonymous_7)
FN:92,(anonymous_8)
FN:99,(anonymous_9)
FN:104,(anonymous_10)
FN:109,(anonymous_11)
FN:110,(anonymous_12)
FNF:13
FNH:3
FNDA:0,(anonymous_0)
FNDA:8,(anonymous_1)
FNDA:4,(anonymous_2)
FNDA:0,(anonymous_3)
FNDA:1,(anonymous_4)
FNDA:0,(anonymous_5)
FNDA:0,(anonymous_6)
FNDA:0,(anonymous_7)
FNDA:0,(anonymous_8)
FNDA:0,(anonymous_9)
FNDA:0,(anonymous_10)
FNDA:0,(anonymous_11)
FNDA:0,(anonymous_12)
DA:13,1
DA:14,0
DA:16,0
DA:17,0
DA:18,0
DA:19,0
DA:20,0
DA:25,0
DA:26,0
DA:27,0
DA:28,0
DA:30,0
DA:33,1
DA:34,1
DA:35,1
DA:37,1
DA:47,1
DA:62,8
DA:63,8
DA:69,8
DA:70,4
DA:72,4
DA:73,1
DA:74,3
DA:76,4
DA:77,1
DA:78,3
DA:80,4
DA:83,8
DA:84,0
DA:85,0
DA:86,0
DA:87,0
DA:88,0
DA:89,0
DA:90,0
DA:92,0
DA:93,0
DA:94,0
DA:95,0
DA:99,8
DA:100,0
DA:101,0
DA:104,8
DA:105,0
DA:106,0
DA:109,8
DA:110,0
DA:113,8
DA:123,8
DA:124,8
DA:126,8
DA:127,8
DA:128,8
DA:139,8
DA:182,1
DA:200,1
LF:57
LH:30
BRDA:16,0,0,0
BRDA:16,0,1,0
BRDA:26,1,0,0
BRDA:26,1,1,0
BRDA:26,2,0,0
BRDA:26,2,1,0
BRDA:64,3,0,0
BRDA:64,3,1,8
BRDA:72,4,0,1
BRDA:72,4,1,3
BRDA:73,5,0,1
BRDA:73,5,1,0
BRDA:76,6,0,1
BRDA:76,6,1,3
BRDA:77,7,0,1
BRDA:77,7,1,0
BRDA:100,8,0,0
BRDA:100,8,1,0
BRDA:105,9,0,0
BRDA:105,9,1,0
BRDA:123,10,0,8
BRDA:123,10,1,0
BRDA:124,11,0,8
BRDA:124,11,1,0
BRDA:127,12,0,8
BRDA:127,12,1,0
BRDA:173,13,0,8
BRDA:173,13,1,2
BRF:28
BRH:12
end_of_record
TN:
SF:src\components\icon\index.js
FN:3,(anonymous_0)
FNF:1
FNH:1
FNDA:3,(anonymous_0)
DA:3,7
DA:5,7
LF:2
LH:2
BRF:0
BRH:0
end_of_record
TN:
SF:src\components\institutionListSelect\index.js
FN:11,(anonymous_0)
FN:31,(anonymous_1)
FN:34,(anonymous_2)
FNF:3
FNH:2
FNDA:1,(anonymous_0)
FNDA:1,(anonymous_1)
FNDA:0,(anonymous_2)
DA:11,2
DA:31,1
DA:32,1
DA:33,1
DA:34,0
DA:35,0
DA:39,0
DA:88,1
DA:98,1
DA:148,2
LF:10
LH:7
BRDA:32,0,0,1
BRDA:32,0,1,0
BRDA:33,1,0,0
BRDA:33,1,1,1
BRDA:43,2,0,0
BRDA:43,2,1,0
BRDA:65,3,0,0
BRDA:65,3,1,0
BRDA:66,4,0,0
BRDA:66,4,1,0
BRDA:66,4,2,0
BRDA:69,5,0,0
BRDA:69,5,1,0
BRDA:69,5,2,0
BRDA:72,6,0,0
BRDA:72,6,1,0
BRDA:72,6,2,0
BRDA:119,7,0,1
BRDA:119,7,1,0
BRDA:124,8,0,1
BRDA:124,8,1,1
BRDA:127,9,0,1
BRDA:127,9,1,1
BRDA:128,10,0,1
BRDA:128,10,1,0
BRF:25
BRH:8
end_of_record
TN:
SF:src\components\inviteLink\index.js
FN:6,(anonymous_0)
FN:24,(anonymous_1)
FNF:2
FNH:1
FNDA:1,(anonymous_0)
FNDA:0,(anonymous_1)
DA:6,1
DA:14,1
DA:24,0
DA:39,1
LF:4
LH:3
BRDA:30,0,0,1
BRDA:30,0,1,0
BRF:2
BRH:1
end_of_record
TN:
SF:src\components\lightboxGallery\index.js
FN:6,(anonymous_0)
FN:17,(anonymous_1)
FN:18,(anonymous_2)
FN:24,(anonymous_3)
FN:32,(anonymous_4)
FN:39,(anonymous_5)
FN:54,(anonymous_6)
FN:55,(anonymous_7)
FNF:8
FNH:5
FNDA:3,(anonymous_0)
FNDA:1,(anonymous_1)
FNDA:1,(anonymous_2)
FNDA:4,(anonymous_3)
FNDA:3,(anonymous_4)
FNDA:0,(anonymous_5)
FNDA:0,(anonymous_6)
FNDA:0,(anonymous_7)
DA:7,3
DA:9,3
DA:14,3
DA:17,3
DA:18,1
DA:25,4
DA:26,4
DA:28,4
DA:29,1
DA:32,3
DA:36,3
DA:39,0
DA:55,0
DA:78,4
DA:84,4
LF:15
LH:13
BRDA:28,0,0,1
BRDA:28,0,1,3
BRDA:33,1,0,3
BRDA:33,1,1,0
BRDA:38,2,0,3
BRDA:38,2,1,3
BRDA:40,3,0,3
BRDA:40,3,1,3
BRDA:47,4,0,3
BRDA:47,4,1,0
BRDA:52,5,0,3
BRDA:52,5,1,0
BRDA:56,6,0,0
BRDA:56,6,1,0
BRDA:59,7,0,0
BRDA:59,7,1,0
BRDA:65,8,0,1
BRDA:65,8,1,2
BRF:18
BRH:11
end_of_record
TN:
SF:src\components\loading\index.js
FN:5,(anonymous_0)
FNF:1
FNH:1
FNDA:26,(anonymous_0)
DA:5,18
DA:6,26
DA:20,18
DA:26,18
LF:4
LH:4
BRDA:7,0,0,0
BRDA:7,0,1,26
BRF:2
BRH:1
end_of_record
TN:
SF:src\components\noMatch\index.js
FN:4,(anonymous_0)
FNF:1
FNH:1
FNDA:1,(anonymous_0)
DA:4,2
DA:5,1
DA:26,2
LF:3
LH:3
BRDA:14,0,0,1
BRDA:14,0,1,0
BRDA:18,1,0,1
BRDA:18,1,1,0
BRDA:19,2,0,1
BRDA:19,2,1,0
BRF:6
BRH:3
end_of_record
TN:
SF:src\components\noticationsBell\index.js
FN:8,(anonymous_0)
FN:23,(anonymous_1)
FN:31,(anonymous_2)
FNF:3
FNH:2
FNDA:1,(anonymous_0)
FNDA:1,(anonymous_1)
FNDA:0,(anonymous_2)
DA:8,1
DA:20,1
DA:21,1
DA:22,1
DA:23,1
DA:24,1
DA:25,1
DA:31,0
DA:70,1
DA:129,1
LF:10
LH:9
BRDA:22,0,0,1
BRDA:22,0,1,0
BRDA:24,1,0,1
BRDA:24,1,1,0
BRDA:29,2,0,0
BRDA:29,2,1,1
BRDA:36,3,0,0
BRDA:36,3,1,1
BRDA:45,4,0,0
BRDA:45,4,1,1
BRDA:60,5,0,1
BRDA:60,5,1,0
BRDA:74,6,0,1
BRDA:74,6,1,0
BRDA:76,7,0,0
BRDA:76,7,1,0
BRDA:99,8,0,1
BRDA:99,8,1,0
BRF:18
BRH:8
end_of_record
TN:
SF:src\components\noticationsPage\index.js
FN:7,(anonymous_0)
FN:20,(anonymous_1)
FN:28,(anonymous_2)
FNF:3
FNH:2
FNDA:3,(anonymous_0)
FNDA:4,(anonymous_1)
FNDA:0,(anonymous_2)
DA:7,1
DA:17,3
DA:18,3
DA:19,3
DA:20,3
DA:21,4
DA:22,4
DA:28,0
DA:67,3
DA:108,1
LF:10
LH:9
BRDA:19,0,0,3
BRDA:19,0,1,0
BRDA:21,1,0,4
BRDA:21,1,1,0
BRDA:26,2,0,0
BRDA:26,2,1,4
BRDA:33,3,0,1
BRDA:33,3,1,3
BRDA:42,4,0,0
BRDA:42,4,1,4
BRDA:57,5,0,4
BRDA:57,5,1,1
BRDA:79,6,0,3
BRDA:79,6,1,0
BRF:14
BRH:9
end_of_record
TN:
SF:src\components\post\index.js
FN:13,(anonymous_0)
FN:33,(anonymous_1)
FN:42,(anonymous_2)
FN:53,(anonymous_3)
FN:57,(anonymous_4)
FN:65,(anonymous_5)
FN:74,(anonymous_6)
FN:82,(anonymous_7)
FN:86,(anonymous_8)
FN:108,(anonymous_9)
FN:152,(anonymous_10)
FN:169,(anonymous_11)
FN:216,(anonymous_12)
FN:247,(anonymous_13)
FN:275,(anonymous_14)
FN:310,(anonymous_15)
FN:322,(anonymous_16)
FNF:17
FNH:3
FNDA:1,(anonymous_0)
FNDA:0,(anonymous_1)
FNDA:0,(anonymous_2)
FNDA:0,(anonymous_3)
FNDA:0,(anonymous_4)
FNDA:0,(anonymous_5)
FNDA:0,(anonymous_6)
FNDA:0,(anonymous_7)
FNDA:0,(anonymous_8)
FNDA:0,(anonymous_9)
FNDA:0,(anonymous_10)
FNDA:1,(anonymous_11)
FNDA:0,(anonymous_12)
FNDA:1,(anonymous_13)
FNDA:0,(anonymous_14)
FNDA:0,(anonymous_15)
FNDA:0,(anonymous_16)
DA:14,1
DA:16,1
DA:26,1
DA:27,1
DA:28,1
DA:29,1
DA:30,1
DA:34,0
DA:36,0
DA:37,0
DA:38,0
DA:41,0
DA:42,0
DA:43,0
DA:44,0
DA:45,0
DA:46,0
DA:54,0
DA:58,0
DA:59,0
DA:66,0
DA:67,0
DA:75,0
DA:76,0
DA:77,0
DA:83,0
DA:84,0
DA:85,0
DA:86,0
DA:87,0
DA:108,0
DA:153,0
DA:183,1
DA:192,1
DA:194,1
DA:216,0
DA:248,1
DA:275,0
DA:310,0
DA:323,0
DA:324,0
DA:325,0
DA:383,1
LF:43
LH:12
BRDA:23,0,0,0
BRDA:23,0,1,1
BRDA:36,1,0,0
BRDA:36,1,1,0
BRDA:37,2,0,0
BRDA:37,2,1,0
BRDA:41,3,0,0
BRDA:41,3,1,0
BRDA:43,4,0,0
BRDA:43,4,1,0
BRDA:43,5,0,0
BRDA:43,5,1,0
BRDA:61,6,0,0
BRDA:61,6,1,0
BRDA:69,7,0,0
BRDA:69,7,1,0
BRDA:70,8,0,0
BRDA:70,8,1,0
BRDA:85,9,0,0
BRDA:85,9,1,0
BRDA:96,10,0,0
BRDA:96,10,1,0
BRDA:143,11,0,0
BRDA:143,11,1,0
BRDA:204,12,0,1
BRDA:204,12,1,1
BRDA:259,13,0,1
BRDA:259,13,1,1
BRDA:268,14,0,1
BRDA:268,14,1,0
BRDA:270,15,0,0
BRDA:270,15,1,0
BRDA:272,16,0,0
BRDA:272,16,1,0
BRF:34
BRH:6
end_of_record
TN:
SF:src\components\projectAddForm\index.js
FN:16,(anonymous_0)
FN:35,(anonymous_1)
FN:36,(anonymous_2)
FN:43,(anonymous_3)
FN:61,(anonymous_4)
FN:71,(anonymous_5)
FN:130,(anonymous_6)
FN:170,(anonymous_7)
FN:208,(anonymous_8)
FN:212,(anonymous_9)
FN:246,(anonymous_10)
FN:250,(anonymous_11)
FNF:12
FNH:4
FNDA:3,(anonymous_0)
FNDA:0,(anonymous_1)
FNDA:0,(anonymous_2)
FNDA:0,(anonymous_3)
FNDA:0,(anonymous_4)
FNDA:6,(anonymous_5)
FNDA:0,(anonymous_6)
FNDA:0,(anonymous_7)
FNDA:9,(anonymous_8)
FNDA:0,(anonymous_9)
FNDA:9,(anonymous_10)
FNDA:0,(anonymous_11)
DA:16,1
DA:35,3
DA:36,0
DA:37,0
DA:43,0
DA:61,0
DA:69,3
DA:72,6
DA:74,0
DA:81,0
DA:84,0
DA:97,0
DA:111,0
DA:124,0
DA:131,0
DA:159,0
DA:171,0
DA:200,3
DA:209,9
DA:212,0
DA:238,3
DA:247,9
DA:250,0
DA:284,0
DA:291,1
DA:311,1
LF:26
LH:10
BRDA:38,0,0,0
BRDA:38,0,1,0
BRDA:39,1,0,0
BRDA:39,1,1,0
BRDA:55,2,0,0
BRDA:55,2,1,0
BRDA:55,3,0,0
BRDA:55,3,1,0
BRDA:57,4,0,0
BRDA:57,4,1,0
BRDA:57,4,2,0
BRDA:72,5,0,0
BRDA:72,5,1,0
BRDA:72,5,2,0
BRDA:72,5,3,0
BRDA:72,5,4,0
BRDA:72,5,5,0
BRDA:72,5,6,0
BRDA:72,5,7,3
BRDA:72,5,8,3
BRDA:72,5,9,0
BRDA:141,6,0,0
BRDA:141,6,1,0
BRDA:168,7,0,0
BRDA:168,7,1,0
BRDA:174,8,0,0
BRDA:174,8,1,0
BRDA:182,9,0,0
BRDA:182,9,1,0
BRDA:219,10,0,3
BRDA:219,10,1,0
BRDA:265,11,0,3
BRDA:265,11,1,0
BRF:33
BRH:4
end_of_record
TN:
SF:src\components\projectDetail\index.js
FN:7,(anonymous_0)
FNF:1
FNH:1
FNDA:1,(anonymous_0)
DA:7,1
DA:8,1
DA:10,1
DA:32,1
LF:4
LH:4
BRDA:8,0,0,0
BRDA:8,0,1,1
BRDA:8,1,0,1
BRDA:8,1,1,1
BRF:4
BRH:3
end_of_record
TN:
SF:src\components\projectDetailInfo\index.js
FN:11,(anonymous_0)
FN:28,(anonymous_1)
FN:44,(anonymous_2)
FN:106,(anonymous_3)
FN:122,(anonymous_4)
FN:154,(anonymous_5)
FN:164,(anonymous_6)
FN:186,(anonymous_7)
FN:193,(anonymous_8)
FN:207,(anonymous_9)
FNF:10
FNH:6
FNDA:4,(anonymous_0)
FNDA:9,(anonymous_1)
FNDA:9,(anonymous_2)
FNDA:4,(anonymous_3)
FNDA:1,(anonymous_4)
FNDA:0,(anonymous_5)
FNDA:14,(anonymous_6)
FNDA:0,(anonymous_7)
FNDA:0,(anonymous_8)
FNDA:0,(anonymous_9)
DA:11,2
DA:23,4
DA:25,4
DA:27,4
DA:28,9
DA:30,4
DA:45,9
DA:91,2
DA:106,2
DA:118,4
DA:120,4
DA:122,4
DA:123,1
DA:126,4
DA:127,4
DA:128,2
DA:129,4
DA:130,4
DA:132,4
DA:155,0
DA:165,14
DA:187,0
DA:193,0
DA:207,0
DA:222,2
LF:25
LH:21
BRDA:23,0,0,0
BRDA:23,0,1,4
BRDA:23,1,0,4
BRDA:23,1,1,4
BRDA:25,2,0,4
BRDA:32,3,0,4
BRDA:32,3,1,2
BRDA:42,4,0,4
BRDA:42,4,1,4
BRDA:53,5,0,2
BRDA:53,5,1,7
BRDA:63,6,0,4
BRDA:63,6,1,2
BRDA:83,7,0,2
BRDA:83,7,1,1
BRDA:120,8,0,0
BRDA:120,8,1,4
BRDA:120,9,0,4
BRDA:120,9,1,4
BRDA:127,10,0,2
BRDA:127,10,1,2
BRDA:127,11,0,4
BRDA:127,11,1,2
BRDA:129,12,0,1
BRDA:129,12,1,3
BRDA:130,13,0,0
BRDA:130,13,1,4
BRDA:130,14,0,4
BRDA:130,14,1,1
BRDA:135,15,0,4
BRDA:135,15,1,2
BRDA:138,16,0,2
BRDA:138,16,1,1
BRDA:141,17,0,4
BRDA:141,17,1,0
BRDA:144,18,0,0
BRDA:144,18,1,0
BRDA:147,19,0,4
BRDA:147,19,1,0
BRDA:151,20,0,0
BRDA:151,20,1,0
BRDA:160,21,0,4
BRDA:160,21,1,2
BRDA:160,21,2,2
BRDA:175,22,0,4
BRDA:175,22,1,2
BRDA:175,22,2,2
BRDA:175,22,3,0
BRDA:175,22,4,0
BRDA:175,22,5,0
BRDA:175,22,6,0
BRDA:184,23,0,0
BRDA:184,23,1,0
BRDA:191,24,0,4
BRDA:191,24,1,2
BRDA:191,24,2,2
BRDA:199,25,0,4
BRDA:199,25,1,1
BRDA:213,26,0,4
BRDA:213,26,1,1
BRDA:213,26,2,0
BRF:61
BRH:45
end_of_record
TN:
SF:src\components\projectDetailThumb\index.js
FN:15,(anonymous_0)
FN:29,(anonymous_1)
FN:74,(anonymous_2)
FN:134,(anonymous_3)
FNF:4
FNH:2
FNDA:5,(anonymous_0)
FNDA:0,(anonymous_1)
FNDA:10,(anonymous_2)
FNDA:0,(anonymous_3)
DA:15,2
DA:26,5
DA:27,5
DA:29,5
DA:30,0
DA:31,0
DA:34,5
DA:75,10
DA:134,0
DA:146,2
DA:168,2
LF:11
LH:8
BRDA:43,0,0,5
BRDA:43,0,1,1
BRDA:51,1,0,1
BRDA:51,1,1,0
BRDA:83,2,0,5
BRDA:83,2,1,0
BRDA:87,3,0,0
BRDA:87,3,1,0
BRDA:88,4,0,0
BRDA:88,4,1,0
BRDA:94,5,0,0
BRDA:94,5,1,0
BRDA:95,6,0,0
BRDA:95,6,1,0
BRDA:101,7,0,0
BRDA:101,7,1,0
BRDA:102,8,0,0
BRDA:102,8,1,0
BRDA:109,9,0,5
BRDA:109,9,1,5
BRDA:130,10,0,5
BRDA:130,10,1,5
BRF:22
BRH:8
end_of_record
TN:
SF:src\components\projectFilters\index.js
FN:10,(anonymous_0)
FN:54,(anonymous_1)
FN:73,(anonymous_2)
FN:78,(anonymous_3)
FNF:4
FNH:1
FNDA:1,(anonymous_0)
FNDA:0,(anonymous_1)
FNDA:0,(anonymous_2)
FNDA:0,(anonymous_3)
DA:10,1
DA:32,1
DA:33,1
DA:54,0
DA:74,0
DA:78,0
DA:117,1
DA:140,1
LF:8
LH:5
BRDA:65,0,0,1
BRDA:65,0,1,0
BRF:2
BRH:1
end_of_record
TN:
SF:src\components\projectThumb\index.js
FN:14,(anonymous_0)
FN:40,(anonymous_1)
FN:50,(anonymous_2)
FN:59,(anonymous_3)
FN:64,(anonymous_4)
FN:119,(anonymous_5)
FN:172,(anonymous_6)
FNF:7
FNH:2
FNDA:14,(anonymous_0)
FNDA:0,(anonymous_1)
FNDA:0,(anonymous_2)
FNDA:0,(anonymous_3)
FNDA:0,(anonymous_4)
FNDA:33,(anonymous_5)
FNDA:0,(anonymous_6)
DA:14,3
DA:31,14
DA:32,14
DA:34,14
DA:40,14
DA:41,0
DA:42,0
DA:43,0
DA:44,0
DA:46,0
DA:50,14
DA:51,0
DA:59,14
DA:60,0
DA:61,0
DA:64,14
DA:66,14
DA:120,33
DA:121,30
DA:130,3
DA:131,1
DA:172,0
DA:183,3
DA:218,3
LF:24
LH:15
BRDA:31,0,0,11
BRDA:31,0,1,3
BRDA:32,1,0,3
BRDA:32,1,1,11
BRDA:34,2,0,0
BRDA:34,2,1,14
BRDA:37,3,0,0
BRDA:37,3,1,14
BRDA:41,4,0,0
BRDA:41,4,1,0
BRDA:43,5,0,0
BRDA:43,5,1,0
BRDA:52,6,0,0
BRDA:52,6,1,0
BRDA:52,7,0,0
BRDA:52,7,1,0
BRDA:55,8,0,0
BRDA:55,8,1,0
BRDA:60,9,0,0
BRDA:60,9,1,0
BRDA:64,10,0,14
BRDA:64,10,1,14
BRDA:69,11,0,14
BRDA:69,11,1,3
BRDA:71,12,0,3
BRDA:71,12,1,1
BRDA:71,12,2,1
BRDA:72,13,0,1
BRDA:72,13,1,0
BRDA:120,14,0,30
BRDA:120,14,1,3
BRDA:130,15,0,1
BRDA:130,15,1,2
BRDA:141,16,0,14
BRDA:141,16,1,14
BRDA:145,17,0,1
BRDA:145,17,1,13
BRDA:146,18,0,1
BRDA:146,18,1,0
BRDA:152,19,0,1
BRDA:152,19,1,13
BRDA:153,20,0,1
BRDA:153,20,1,0
BRDA:159,21,0,1
BRDA:159,21,1,13
BRDA:160,22,0,1
BRDA:160,22,1,0
BRDA:166,23,0,14
BRDA:166,23,1,0
BRDA:168,24,0,14
BRDA:168,24,1,0
BRDA:171,25,0,0
BRDA:171,25,1,0
BRDA:174,26,0,0
BRDA:174,26,1,0
BRF:55
BRH:31
end_of_record
TN:
SF:src\components\readMoreText\index.js
FN:4,(anonymous_0)
FN:30,(anonymous_1)
FN:52,(anonymous_2)
FNF:3
FNH:1
FNDA:1,(anonymous_0)
FNDA:0,(anonymous_1)
FNDA:0,(anonymous_2)
DA:4,1
DA:5,1
DA:6,1
DA:7,1
DA:8,1
DA:9,1
DA:10,1
DA:12,1
DA:31,0
DA:32,0
DA:53,0
DA:54,0
DA:68,1
DA:76,1
LF:14
LH:10
BRDA:14,0,0,1
BRDA:14,0,1,0
BRDA:16,1,0,0
BRDA:16,1,1,0
BRDA:39,2,0,0
BRDA:39,2,1,0
BRDA:63,3,0,1
BRDA:63,3,1,1
BRF:8
BRH:3
end_of_record
TN:
SF:src\components\requestDetail\requestDetailInfo\index.js
FN:5,(anonymous_0)
FN:19,(anonymous_1)
FN:35,(anonymous_2)
FN:50,(anonymous_3)
FN:100,(anonymous_4)
FN:131,(anonymous_5)
FN:153,(anonymous_6)
FNF:7
FNH:5
FNDA:1,(anonymous_0)
FNDA:3,(anonymous_1)
FNDA:1,(anonymous_2)
FNDA:1,(anonymous_3)
FNDA:1,(anonymous_4)
FNDA:0,(anonymous_5)
FNDA:0,(anonymous_6)
DA:5,1
DA:6,1
DA:20,3
DA:36,1
DA:51,1
DA:101,1
DA:132,0
DA:154,0
DA:197,1
LF:9
LH:7
BRDA:17,0,0,1
BRDA:17,0,1,1
BRDA:33,1,0,1
BRDA:33,1,1,1
BRDA:43,2,0,1
BRDA:43,2,1,1
BRDA:48,3,0,1
BRDA:48,3,1,1
BRDA:66,4,0,1
BRDA:66,4,1,1
BRDA:86,5,0,1
BRDA:86,5,1,1
BRDA:98,6,0,1
BRDA:98,6,1,1
BRDA:111,7,0,1
BRDA:111,7,1,0
BRDA:129,8,0,0
BRDA:129,8,1,0
BRDA:143,9,0,1
BRDA:143,9,1,0
BRDA:151,10,0,0
BRDA:151,10,1,0
BRDA:165,11,0,1
BRDA:165,11,1,1
BRDA:166,12,0,1
BRDA:166,12,1,1
BRDA:175,13,0,1
BRDA:175,13,1,1
BRDA:176,14,0,1
BRDA:176,14,1,1
BRDA:184,15,0,1
BRDA:184,15,1,1
BRF:32
BRH:26
end_of_record
TN:
SF:src\components\requestDetail\requestDetailThumb\index.js
FN:11,(anonymous_0)
FN:29,(anonymous_1)
FN:37,(anonymous_2)
FN:109,(anonymous_3)
FN:116,(anonymous_4)
FN:126,(anonymous_5)
FN:138,(anonymous_6)
FN:206,(anonymous_7)
FN:232,(anonymous_8)
FN:242,(anonymous_9)
FN:253,(anonymous_10)
FNF:11
FNH:2
FNDA:1,(anonymous_0)
FNDA:0,(anonymous_1)
FNDA:0,(anonymous_2)
FNDA:3,(anonymous_3)
FNDA:0,(anonymous_4)
FNDA:0,(anonymous_5)
FNDA:0,(anonymous_6)
FNDA:0,(anonymous_7)
FNDA:0,(anonymous_8)
FNDA:0,(anonymous_9)
FNDA:0,(anonymous_10)
DA:11,1
DA:19,1
DA:20,1
DA:21,1
DA:22,1
DA:23,1
DA:26,1
DA:27,1
DA:29,1
DA:30,0
DA:31,0
DA:33,0
DA:37,1
DA:38,0
DA:42,1
DA:44,1
DA:45,1
DA:46,1
DA:47,1
DA:48,1
DA:50,0
DA:51,0
DA:52,0
DA:53,0
DA:57,0
DA:59,0
DA:60,0
DA:61,0
DA:62,0
DA:66,0
DA:67,0
DA:72,0
DA:73,0
DA:74,0
DA:75,0
DA:78,0
DA:79,0
DA:80,0
DA:81,0
DA:83,0
DA:85,0
DA:86,0
DA:87,0
DA:88,0
DA:89,0
DA:91,0
DA:92,0
DA:95,1
DA:109,3
DA:116,0
DA:126,0
DA:138,0
DA:206,0
DA:232,0
DA:242,0
DA:253,0
DA:266,1
DA:300,1
LF:58
LH:20
BRDA:23,0,0,1
BRDA:23,0,1,0
BRDA:30,1,0,0
BRDA:30,1,1,0
BRDA:42,2,0,1
BRDA:42,2,1,0
BRDA:42,2,2,0
BRDA:42,2,3,0
BRDA:42,2,4,0
BRDA:59,3,0,0
BRDA:59,3,1,0
BRDA:60,4,0,0
BRDA:60,4,1,0
BRDA:112,5,0,1
BRDA:112,5,1,1
BRDA:117,6,0,1
BRDA:117,6,1,0
BRDA:122,7,0,1
BRDA:122,7,1,1
BRDA:122,7,2,1
BRDA:134,8,0,1
BRDA:134,8,1,1
BRDA:134,8,2,0
BRDA:134,8,3,0
BRDA:147,9,0,1
BRDA:147,9,1,1
BRDA:159,10,0,1
BRDA:159,10,1,0
BRDA:184,11,0,1
BRDA:184,11,1,0
BRF:30
BRH:14
end_of_record
TN:
SF:src\components\reviews\index.js
FN:13,(anonymous_0)
FN:34,(anonymous_1)
FN:35,(anonymous_2)
FN:54,(anonymous_3)
FN:55,(anonymous_4)
FN:64,(anonymous_5)
FN:162,(anonymous_6)
FNF:7
FNH:6
FNDA:4,(anonymous_0)
FNDA:3,(anonymous_1)
FNDA:3,(anonymous_2)
FNDA:4,(anonymous_3)
FNDA:4,(anonymous_4)
FNDA:6,(anonymous_5)
FNDA:0,(anonymous_6)
DA:13,1
DA:31,4
DA:32,4
DA:34,4
DA:35,3
DA:36,3
DA:54,4
DA:55,4
DA:56,4
DA:65,6
DA:95,4
DA:162,0
DA:200,1
DA:219,1
LF:14
LH:13
BRDA:58,0,0,4
BRDA:58,0,1,1
BRDA:63,1,0,4
BRDA:63,1,1,3
BRDA:70,2,0,0
BRDA:70,2,1,6
BRDA:82,3,0,6
BRDA:82,3,1,0
BRDA:85,4,0,6
BRDA:85,4,1,3
BRDA:98,5,0,4
BRDA:98,5,1,3
BRDA:111,6,0,4
BRDA:111,6,1,0
BRDA:118,7,0,4
BRDA:118,7,1,3
BRDA:124,8,0,3
BRDA:124,8,1,0
BRDA:128,9,0,4
BRDA:128,9,1,3
BRDA:131,10,0,3
BRDA:131,10,1,3
BRDA:141,11,0,4
BRDA:141,11,1,1
BRDA:166,12,0,1
BRDA:166,12,1,0
BRDA:176,13,0,1
BRDA:176,13,1,1
BRDA:182,14,0,1
BRDA:182,14,1,0
BRF:30
BRH:24
end_of_record
TN:
SF:src\components\shareNetwork\index.js
FN:23,(anonymous_0)
FNF:1
FNH:1
FNDA:12,(anonymous_0)
DA:23,2
DA:24,12
DA:89,2
LF:3
LH:3
BRDA:60,0,0,12
BRDA:60,0,1,1
BRF:2
BRH:2
end_of_record
TN:
SF:src\components\sliderImagesLanding\index.js
FN:8,(anonymous_0)
FN:31,(anonymous_1)
FNF:2
FNH:2
FNDA:3,(anonymous_0)
FNDA:18,(anonymous_1)
DA:8,1
DA:9,3
DA:20,3
DA:32,18
DA:51,1
DA:59,1
LF:6
LH:6
BRF:0
BRH:0
end_of_record
TN:
SF:src\components\sliderImagesLightbox\index.js
FN:10,(anonymous_0)
FN:15,(anonymous_1)
FN:21,(anonymous_2)
FN:34,(anonymous_3)
FN:63,(anonymous_4)
FN:64,(anonymous_5)
FN:67,(anonymous_6)
FN:73,(anonymous_7)
FN:77,(anonymous_8)
FN:81,(anonymous_9)
FN:133,(anonymous_10)
FN:151,(anonymous_11)
FN:156,(anonymous_12)
FNF:13
FNH:9
FNDA:11,(anonymous_0)
FNDA:11,(anonymous_1)
FNDA:15,(anonymous_2)
FNDA:15,(anonymous_3)
FNDA:0,(anonymous_4)
FNDA:0,(anonymous_5)
FNDA:0,(anonymous_6)
FNDA:15,(anonymous_7)
FNDA:31,(anonymous_8)
FNDA:40,(anonymous_9)
FNDA:0,(anonymous_10)
FNDA:31,(anonymous_11)
FNDA:33,(anonymous_12)
DA:10,2
DA:11,11
DA:12,11
DA:15,2
DA:16,11
DA:17,11
DA:22,15
DA:24,15
DA:29,15
DA:30,15
DA:31,15
DA:35,15
DA:36,15
DA:37,15
DA:38,13
DA:51,13
DA:53,13
DA:57,2
DA:63,15
DA:64,0
DA:68,0
DA:74,15
DA:77,15
DA:78,31
DA:79,31
DA:81,31
DA:82,40
DA:83,14
DA:84,14
DA:86,14
DA:87,0
DA:88,0
DA:89,0
DA:91,0
DA:101,14
DA:103,14
DA:105,14
DA:106,14
DA:108,0
DA:111,14
DA:121,0
DA:130,26
DA:133,0
DA:152,31
DA:153,31
DA:154,31
DA:155,31
DA:157,33
DA:180,31
DA:181,31
DA:183,31
DA:184,50
DA:191,31
DA:208,2
DA:217,2
DA:221,2
LF:56
LH:47
BRDA:37,0,0,13
BRDA:37,0,1,2
BRDA:82,1,0,14
BRDA:82,1,1,26
BRDA:86,2,0,0
BRDA:86,2,1,14
BRDA:101,3,0,14
BRDA:101,3,1,0
BRDA:105,4,0,14
BRDA:105,4,1,0
BRDA:139,5,0,22
BRDA:139,5,1,4
BRDA:162,6,0,33
BRDA:162,6,1,0
BRDA:185,7,0,42
BRDA:185,7,1,8
BRDA:195,8,0,0
BRDA:195,8,1,31
BRF:18
BRH:13
end_of_record
TN:
SF:src\components\socialNetworks\index.js
FN:4,(anonymous_0)
FN:5,(anonymous_1)
FNF:2
FNH:2
FNDA:6,(anonymous_0)
FNDA:24,(anonymous_1)
DA:4,2
DA:5,6
DA:6,24
DA:11,6
DA:19,2
LF:5
LH:5
BRDA:13,0,0,3
BRDA:13,0,1,3
BRF:2
BRH:2
end_of_record
TN:
SF:src\components\statisticsBox\index.js
FN:7,(anonymous_0)
FN:8,(anonymous_1)
FN:9,(anonymous_2)
FN:28,(anonymous_3)
FN:29,(anonymous_4)
FNF:5
FNH:5
FNDA:5,(anonymous_0)
FNDA:5,(anonymous_1)
FNDA:15,(anonymous_2)
FNDA:2,(anonymous_3)
FNDA:6,(anonymous_4)
DA:7,1
DA:8,5
DA:9,5
DA:10,15
DA:11,15
DA:26,0
DA:28,5
DA:29,2
DA:30,6
DA:46,5
DA:61,1
LF:11
LH:10
BRDA:10,0,0,15
BRDA:10,0,1,0
BRDA:13,1,0,0
BRDA:13,1,1,15
BRDA:13,2,0,0
BRDA:13,2,1,15
BRDA:33,3,0,6
BRDA:33,3,1,4
BRDA:51,4,0,5
BRDA:51,4,1,2
BRF:10
BRH:7
end_of_record
TN:
SF:src\components\stripe\StripeCheckoutFormSca.js
FN:15,(anonymous_0)
FN:32,(anonymous_1)
FN:41,(anonymous_2)
FN:67,(anonymous_3)
FNF:4
FNH:0
FNDA:0,(anonymous_0)
FNDA:0,(anonymous_1)
FNDA:0,(anonymous_2)
FNDA:0,(anonymous_3)
DA:15,4
DA:32,4
DA:41,0
DA:43,0
DA:67,0
DA:75,4
LF:6
LH:3
BRDA:41,0,0,0
BRDA:41,0,1,0
BRDA:46,1,0,0
BRDA:46,1,1,0
BRDA:52,2,0,0
BRDA:52,2,1,0
BRDA:58,3,0,0
BRDA:58,3,1,0
BRF:8
BRH:0
end_of_record
TN:
SF:src\components\stripe\index.js
FN:13,(anonymous_0)
FN:24,(anonymous_1)
FN:71,(anonymous_2)
FN:99,(anonymous_3)
FN:110,(anonymous_4)
FN:122,(anonymous_5)
FN:153,(anonymous_6)
FN:156,(anonymous_7)
FN:186,(anonymous_8)
FN:196,(anonymous_9)
FN:199,(anonymous_10)
FN:229,(anonymous_11)
FN:239,(anonymous_12)
FN:243,(anonymous_13)
FNF:14
FNH:9
FNDA:8,(anonymous_0)
FNDA:0,(anonymous_1)
FNDA:1,(anonymous_2)
FNDA:1,(anonymous_3)
FNDA:1,(anonymous_4)
FNDA:0,(anonymous_5)
FNDA:0,(anonymous_6)
FNDA:0,(anonymous_7)
FNDA:0,(anonymous_8)
FNDA:2,(anonymous_9)
FNDA:2,(anonymous_10)
FNDA:2,(anonymous_11)
FNDA:4,(anonymous_12)
FNDA:14,(anonymous_13)
DA:8,7
DA:14,8
DA:15,8
DA:17,8
DA:18,1
DA:19,1
DA:21,1
DA:23,1
DA:24,0
DA:25,0
DA:27,0
DA:28,0
DA:29,0
DA:30,0
DA:33,0
DA:34,0
DA:35,0
DA:46,0
DA:47,0
DA:50,0
DA:52,0
DA:53,0
DA:54,0
DA:55,0
DA:56,0
DA:65,1
DA:68,1
DA:69,1
DA:71,1
DA:72,1
DA:73,0
DA:75,1
DA:78,1
DA:79,1
DA:81,1
DA:82,1
DA:83,1
DA:84,1
DA:85,1
DA:94,0
DA:99,7
DA:100,1
DA:101,1
DA:102,1
DA:103,1
DA:104,1
DA:106,0
DA:110,7
DA:111,1
DA:112,1
DA:114,1
DA:121,1
DA:122,0
DA:123,0
DA:134,0
DA:135,0
DA:136,0
DA:139,0
DA:140,0
DA:141,0
DA:142,0
DA:143,0
DA:149,1
DA:153,7
DA:154,0
DA:156,0
DA:158,0
DA:162,0
DA:163,0
DA:164,0
DA:165,0
DA:166,0
DA:168,0
DA:186,0
DA:187,0
DA:188,0
DA:191,0
DA:196,7
DA:197,2
DA:199,2
DA:201,2
DA:205,2
DA:206,2
DA:207,2
DA:208,2
DA:209,0
DA:211,2
DA:229,2
DA:230,2
DA:231,2
DA:234,2
DA:239,7
DA:240,4
DA:244,14
DA:245,14
DA:246,14
DA:248,14
DA:267,1
LF:98
LH:54
BRDA:17,0,0,1
BRDA:17,0,1,7
BRDA:18,1,0,1
BRDA:18,1,1,0
BRDA:19,2,0,1
BRDA:19,2,1,0
BRDA:23,3,0,0
BRDA:23,3,1,1
BRDA:27,4,0,0
BRDA:27,4,1,0
BRDA:33,5,0,0
BRDA:33,5,1,0
BRDA:33,6,0,0
BRDA:33,6,1,0
BRDA:65,7,0,1
BRDA:65,7,1,0
BRDA:72,8,0,0
BRDA:72,8,1,1
BRDA:102,9,0,1
BRDA:102,9,1,0
BRDA:121,10,0,0
BRDA:121,10,1,1
BRDA:121,11,0,1
BRDA:121,11,1,1
BRDA:134,12,0,0
BRDA:134,12,1,0
BRDA:140,13,0,0
BRDA:140,13,1,0
BRDA:158,14,0,0
BRDA:158,14,1,0
BRDA:162,15,0,0
BRDA:162,15,1,0
BRDA:165,16,0,0
BRDA:165,16,1,0
BRDA:187,17,0,0
BRDA:187,17,1,0
BRDA:201,18,0,2
BRDA:201,18,1,0
BRDA:205,19,0,2
BRDA:205,19,1,0
BRDA:208,20,0,0
BRDA:208,20,1,2
BRDA:230,21,0,2
BRDA:230,21,1,0
BRDA:245,22,0,0
BRDA:245,22,1,14
BRF:46
BRH:16
end_of_record
TN:
SF:src\components\survey\index.js
FN:5,(anonymous_0)
FNF:1
FNH:1
FNDA:1,(anonymous_0)
DA:5,1
DA:22,1
DA:65,1
LF:3
LH:3
BRDA:23,0,0,1
BRDA:23,0,1,1
BRDA:55,1,0,1
BRDA:55,1,1,0
BRF:4
BRH:3
end_of_record
TN:
SF:src\components\ticketsComments\index.js
FN:10,(anonymous_0)
FN:18,(anonymous_1)
FN:19,(anonymous_2)
FN:33,(anonymous_3)
FN:37,(anonymous_4)
FN:38,(anonymous_5)
FN:87,(anonymous_6)
FN:91,(anonymous_7)
FN:116,(anonymous_8)
FNF:9
FNH:0
FNDA:0,(anonymous_0)
FNDA:0,(anonymous_1)
FNDA:0,(anonymous_2)
FNDA:0,(anonymous_3)
FNDA:0,(anonymous_4)
FNDA:0,(anonymous_5)
FNDA:0,(anonymous_6)
FNDA:0,(anonymous_7)
FNDA:0,(anonymous_8)
DA:10,1
DA:18,0
DA:19,0
DA:20,0
DA:33,0
DA:35,0
DA:37,0
DA:38,0
DA:39,0
DA:40,0
DA:43,0
DA:44,0
DA:45,0
DA:48,0
DA:88,0
DA:91,0
DA:108,0
DA:116,0
DA:126,1
LF:19
LH:2
BRDA:39,0,0,0
BRDA:39,0,1,0
BRDA:40,1,0,0
BRDA:40,1,1,0
BRDA:44,2,0,0
BRDA:44,2,1,0
BRDA:45,3,0,0
BRDA:45,3,1,0
BRDA:57,4,0,0
BRDA:57,4,1,0
BRDA:59,5,0,0
BRDA:59,5,1,0
BRDA:61,6,0,0
BRDA:61,6,1,0
BRDA:62,7,0,0
BRDA:62,7,1,0
BRDA:62,7,2,0
BRDA:96,8,0,0
BRDA:96,8,1,0
BRDA:112,9,0,0
BRDA:112,9,1,0
BRF:21
BRH:0
end_of_record
TN:
SF:src\components\ticketsForm\index.js
FN:22,(anonymous_0)
FN:76,(anonymous_1)
FN:78,(anonymous_2)
FN:100,(anonymous_3)
FN:108,(anonymous_4)
FN:118,(anonymous_5)
FN:129,(anonymous_6)
FNF:7
FNH:4
FNDA:7,(anonymous_0)
FNDA:1,(anonymous_1)
FNDA:1,(anonymous_2)
FNDA:0,(anonymous_3)
FNDA:7,(anonymous_4)
FNDA:0,(anonymous_5)
FNDA:0,(anonymous_6)
DA:16,1
DA:22,1
DA:76,7
DA:77,1
DA:78,1
DA:79,1
DA:100,0
DA:108,7
DA:109,7
DA:110,0
DA:117,7
DA:118,0
DA:119,0
DA:120,0
DA:129,0
DA:143,7
DA:147,7
DA:565,1
LF:18
LH:12
BRDA:77,0,0,1
BRDA:77,0,1,0
BRDA:80,1,0,1
BRDA:80,1,1,0
BRDA:109,2,0,0
BRDA:109,2,1,7
BRDA:117,3,0,0
BRDA:117,3,1,7
BRDA:119,4,0,0
BRDA:119,4,1,0
BRDA:132,5,0,0
BRDA:132,5,1,0
BRDA:150,6,0,7
BRDA:150,6,1,0
BRDA:154,7,0,7
BRDA:154,7,1,4
BRDA:171,8,0,4
BRDA:171,8,1,2
BRDA:185,9,0,4
BRDA:185,9,1,2
BRDA:185,9,2,1
BRDA:206,10,0,1
BRDA:206,10,1,0
BRDA:219,11,0,4
BRDA:219,11,1,2
BRDA:219,11,2,1
BRDA:240,12,0,1
BRDA:240,12,1,0
BRDA:253,13,0,4
BRDA:253,13,1,2
BRDA:253,13,2,0
BRDA:274,14,0,0
BRDA:274,14,1,0
BRDA:287,15,0,4
BRDA:287,15,1,1
BRDA:287,15,2,1
BRDA:309,16,0,1
BRDA:309,16,1,0
BRDA:342,17,0,7
BRDA:342,17,1,7
BRDA:393,18,0,7
BRDA:393,18,1,1
BRDA:407,19,0,7
BRDA:407,19,1,1
BRDA:452,20,0,0
BRDA:452,20,1,0
BRF:46
BRH:29
end_of_record
TN:
SF:src\components\validateTelephone\index.js
FN:8,(anonymous_0)
FN:26,(anonymous_1)
FN:38,(anonymous_2)
FN:62,(anonymous_3)
FN:66,(anonymous_4)
FN:71,(anonymous_5)
FN:76,(anonymous_6)
FN:80,(anonymous_7)
FN:86,(anonymous_8)
FNF:9
FNH:4
FNDA:4,(anonymous_0)
FNDA:2,(anonymous_1)
FNDA:2,(anonymous_2)
FNDA:2,(anonymous_3)
FNDA:0,(anonymous_4)
FNDA:0,(anonymous_5)
FNDA:0,(anonymous_6)
FNDA:0,(anonymous_7)
FNDA:0,(anonymous_8)
DA:8,2
DA:17,4
DA:18,4
DA:19,4
DA:20,4
DA:21,4
DA:22,4
DA:23,4
DA:24,4
DA:26,4
DA:27,2
DA:28,2
DA:29,2
DA:30,2
DA:31,0
DA:32,0
DA:33,0
DA:34,0
DA:38,4
DA:39,2
DA:40,0
DA:41,0
DA:43,0
DA:44,0
DA:55,0
DA:56,2
DA:57,0
DA:58,0
DA:62,4
DA:63,2
DA:66,4
DA:67,0
DA:68,0
DA:71,4
DA:72,0
DA:73,0
DA:76,4
DA:77,0
DA:80,4
DA:81,0
DA:82,0
DA:83,0
DA:86,4
DA:87,0
DA:88,0
DA:91,4
DA:92,4
DA:93,0
DA:95,4
DA:202,2
LF:50
LH:28
BRDA:27,0,0,2
BRDA:27,0,1,0
BRDA:27,1,0,2
BRDA:27,1,1,2
BRDA:31,2,0,0
BRDA:31,2,1,0
BRDA:31,3,0,0
BRDA:31,3,1,0
BRDA:39,4,0,0
BRDA:39,4,1,2
BRDA:39,5,0,2
BRDA:39,5,1,2
BRDA:56,6,0,0
BRDA:56,6,1,2
BRDA:56,7,0,2
BRDA:56,7,1,2
BRDA:92,8,0,4
BRDA:92,8,1,0
BRDA:93,9,0,0
BRDA:93,9,1,0
BRDA:114,10,0,4
BRDA:114,10,1,0
BRDA:124,11,0,4
BRDA:124,11,1,0
BRDA:126,12,0,4
BRDA:126,12,1,4
BRDA:153,13,0,4
BRDA:153,13,1,2
BRDA:178,14,0,2
BRDA:178,14,1,0
BRF:30
BRH:17
end_of_record
TN:
SF:src\constants\env.js
FNF:0
FNH:0
DA:1,18
DA:2,18
LF:2
LH:2
BRF:0
BRH:0
end_of_record
TN:
SF:src\elements\button\index.js
FN:4,(anonymous_0)
FN:41,(anonymous_1)
FNF:2
FNH:2
FNDA:124,(anonymous_0)
FNDA:124,(anonymous_1)
DA:4,31
DA:23,124
DA:24,91
DA:25,33
DA:26,0
DA:27,33
DA:28,7
DA:31,124
DA:41,124
DA:42,124
DA:44,91
DA:59,0
DA:73,7
DA:81,26
DA:97,124
DA:100,31
DA:118,31
LF:17
LH:15
BRDA:23,0,0,91
BRDA:23,0,1,33
BRDA:25,1,0,0
BRDA:25,1,1,33
BRDA:27,2,0,7
BRDA:27,2,1,26
BRDA:35,3,0,124
BRDA:35,3,1,0
BRDA:36,4,0,1
BRDA:36,4,1,123
BRDA:37,5,0,12
BRDA:37,5,1,112
BRDA:42,6,0,91
BRDA:42,6,1,0
BRDA:42,6,2,7
BRDA:42,6,3,26
BRDA:86,7,0,26
BRDA:86,7,1,24
BRF:18
BRH:15
end_of_record
TN:
SF:src\elements\buttonGroup\index.js
FN:4,(anonymous_0)
FN:6,(anonymous_1)
FNF:2
FNH:2
FNDA:4,(anonymous_0)
FNDA:8,(anonymous_1)
DA:4,1
DA:5,4
DA:7,8
DA:22,1
DA:35,1
LF:5
LH:5
BRDA:10,0,0,4
BRDA:10,0,1,4
BRF:2
BRH:2
end_of_record
TN:
SF:src\elements\checkboxField\index.js
FN:3,(anonymous_0)
FNF:1
FNH:1
FNDA:40,(anonymous_0)
DA:3,6
DA:14,40
DA:35,6
LF:3
LH:3
BRDA:20,0,0,40
BRDA:20,0,1,40
BRDA:31,1,0,40
BRDA:31,1,1,1
BRF:4
BRH:4
end_of_record
TN:
SF:src\elements\checkboxImage\index.js
FN:3,(anonymous_0)
FN:12,(anonymous_1)
FNF:2
FNH:1
FNDA:4,(anonymous_0)
FNDA:0,(anonymous_1)
DA:3,2
DA:4,4
DA:12,0
DA:24,2
LF:4
LH:3
BRF:0
BRH:0
end_of_record
TN:
SF:src\elements\confirmModal\index.js
FN:6,(anonymous_0)
FN:23,(anonymous_1)
FN:30,(anonymous_2)
FN:41,(anonymous_3)
FNF:4
FNH:2
FNDA:15,(anonymous_0)
FNDA:6,(anonymous_1)
FNDA:0,(anonymous_2)
FNDA:0,(anonymous_3)
DA:6,3
DA:7,15
DA:9,15
DA:13,14
DA:17,14
DA:21,14
DA:23,14
DA:25,6
DA:26,3
DA:30,14
DA:31,0
DA:32,0
DA:34,0
DA:36,0
DA:37,0
DA:41,14
DA:42,0
DA:43,0
DA:44,0
DA:47,14
DA:51,14
DA:88,14
DA:89,13
DA:90,13
DA:100,1
DA:111,14
DA:114,3
DA:132,3
LF:28
LH:20
BRDA:10,0,0,0
BRDA:10,0,1,14
BRDA:14,1,0,14
BRDA:14,1,1,14
BRDA:18,2,0,0
BRDA:18,2,1,14
BRDA:25,3,0,3
BRDA:25,3,1,3
BRDA:31,4,0,0
BRDA:31,4,1,0
BRDA:36,5,0,0
BRDA:36,5,1,0
BRDA:47,6,0,14
BRDA:47,6,1,0
BRDA:88,7,0,13
BRDA:88,7,1,1
BRF:16
BRH:9
end_of_record
TN:
SF:src\elements\customModal\index.js
FN:4,(anonymous_0)
FNF:1
FNH:1
FNDA:30,(anonymous_0)
DA:4,6
DA:26,30
DA:28,30
DA:32,30
DA:36,30
DA:40,30
DA:84,6
DA:107,6
LF:8
LH:8
BRDA:29,0,0,0
BRDA:29,0,1,30
BRDA:33,1,0,30
BRDA:33,1,1,8
BRDA:37,2,0,0
BRDA:37,2,1,30
BRDA:75,3,0,30
BRDA:75,3,1,23
BRF:8
BRH:6
end_of_record
TN:
SF:src\elements\datePicker\index.js
FN:14,(anonymous_0)
FNF:1
FNH:1
FNDA:5,(anonymous_0)
DA:10,1
DA:11,1
DA:12,1
DA:14,1
DA:29,5
DA:52,1
DA:68,1
LF:7
LH:7
BRDA:34,0,0,5
BRDA:34,0,1,1
BRDA:48,1,0,5
BRDA:48,1,1,1
BRF:4
BRH:4
end_of_record
TN:
SF:src\elements\dropZoneBox\index.js
FN:13,(anonymous_0)
FN:48,(anonymous_1)
FN:55,(anonymous_2)
FN:55,(anonymous_3)
FN:57,(anonymous_4)
FN:59,(anonymous_5)
FN:61,(anonymous_6)
FN:76,(anonymous_7)
FN:122,(anonymous_8)
FN:136,(anonymous_9)
FN:148,(anonymous_10)
FN:149,(anonymous_11)
FN:154,(anonymous_12)
FN:162,(anonymous_13)
FN:170,(anonymous_14)
FN:171,(anonymous_15)
FN:174,(anonymous_16)
FN:177,(anonymous_17)
FN:181,(anonymous_18)
FN:185,(anonymous_19)
FN:191,(anonymous_20)
FN:203,(anonymous_21)
FN:253,(anonymous_22)
FN:263,(anonymous_23)
FN:274,(anonymous_24)
FN:293,(anonymous_25)
FN:295,(anonymous_26)
FN:307,(anonymous_27)
FN:334,(anonymous_28)
FNF:29
FNH:3
FNDA:10,(anonymous_0)
FNDA:6,(anonymous_1)
FNDA:0,(anonymous_2)
FNDA:0,(anonymous_3)
FNDA:2,(anonymous_4)
FNDA:0,(anonymous_5)
FNDA:0,(anonymous_6)
FNDA:0,(anonymous_7)
FNDA:0,(anonymous_8)
FNDA:0,(anonymous_9)
FNDA:0,(anonymous_10)
FNDA:0,(anonymous_11)
FNDA:0,(anonymous_12)
FNDA:0,(anonymous_13)
FNDA:0,(anonymous_14)
FNDA:0,(anonymous_15)
FNDA:0,(anonymous_16)
FNDA:0,(anonymous_17)
FNDA:0,(anonymous_18)
FNDA:0,(anonymous_19)
FNDA:0,(anonymous_20)
FNDA:0,(anonymous_21)
FNDA:0,(anonymous_22)
FNDA:0,(anonymous_23)
FNDA:0,(anonymous_24)
FNDA:0,(anonymous_25)
FNDA:0,(anonymous_26)
FNDA:0,(anonymous_27)
FNDA:0,(anonymous_28)
DA:11,4
DA:13,4
DA:40,10
DA:41,10
DA:42,10
DA:43,10
DA:45,10
DA:46,10
DA:48,10
DA:49,6
DA:50,6
DA:51,6
DA:55,10
DA:57,10
DA:59,10
DA:60,0
DA:62,0
DA:76,0
DA:85,10
DA:122,10
DA:123,0
DA:124,0
DA:127,10
DA:137,0
DA:138,0
DA:139,0
DA:141,0
DA:142,0
DA:143,0
DA:145,0
DA:146,0
DA:150,0
DA:151,0
DA:152,0
DA:154,0
DA:155,0
DA:158,0
DA:159,0
DA:161,0
DA:163,0
DA:171,0
DA:172,0
DA:174,0
DA:175,0
DA:176,0
DA:177,0
DA:178,0
DA:180,0
DA:181,0
DA:182,0
DA:183,0
DA:185,0
DA:188,0
DA:189,0
DA:191,0
DA:195,0
DA:196,0
DA:199,0
DA:203,10
DA:204,0
DA:205,0
DA:208,10
DA:254,0
DA:275,0
DA:294,0
DA:296,0
DA:297,0
DA:298,0
DA:299,0
DA:300,0
DA:302,0
DA:303,0
DA:307,0
DA:311,0
DA:335,0
DA:353,4
DA:390,4
LF:77
LH:22
BRDA:41,0,0,10
BRDA:41,0,1,10
BRDA:45,1,0,0
BRDA:45,1,1,10
BRDA:45,2,0,10
BRDA:45,2,1,10
BRDA:46,3,0,0
BRDA:46,3,1,10
BRDA:46,4,0,10
BRDA:46,4,1,10
BRDA:49,5,0,6
BRDA:49,5,1,0
BRDA:63,6,0,0
BRDA:63,6,1,0
BRDA:139,7,0,0
BRDA:139,7,1,0
BRDA:150,8,0,0
BRDA:150,8,1,0
BRDA:150,9,0,0
BRDA:150,9,1,0
BRDA:180,10,0,0
BRDA:180,10,1,0
BRDA:182,11,0,0
BRDA:182,11,1,0
BRDA:188,12,0,0
BRDA:188,12,1,0
BRDA:196,13,0,0
BRDA:196,13,1,0
BRDA:210,14,0,10
BRDA:210,14,1,2
BRDA:210,14,2,0
BRDA:210,14,3,0
BRDA:213,15,0,10
BRDA:213,15,1,2
BRDA:214,16,0,10
BRDA:214,16,1,2
BRDA:218,17,0,2
BRDA:218,17,1,0
BRDA:219,18,0,2
BRDA:219,18,1,2
BRDA:245,19,0,2
BRDA:245,19,1,0
BRDA:262,20,0,10
BRDA:262,20,1,8
BRDA:266,21,0,8
BRDA:266,21,1,0
BRDA:284,22,0,10
BRDA:284,22,1,2
BRDA:284,22,2,0
BRDA:284,22,3,0
BRDA:288,23,0,10
BRDA:288,23,1,0
BRDA:298,24,0,0
BRDA:298,24,1,0
BRDA:298,25,0,0
BRDA:298,25,1,0
BRDA:324,26,0,0
BRDA:324,26,1,0
BRF:58
BRH:25
end_of_record
TN:
SF:src\elements\fileInput\index.js
FN:5,(anonymous_0)
FN:8,(anonymous_1)
FN:43,(anonymous_2)
FNF:3
FNH:2
FNDA:7,(anonymous_0)
FNDA:2,(anonymous_1)
FNDA:0,(anonymous_2)
DA:5,1
DA:6,7
DA:8,7
DA:9,2
DA:11,2
DA:14,7
DA:54,1
LF:7
LH:7
BRDA:11,0,0,2
BRDA:11,0,1,0
BRDA:15,1,0,3
BRDA:15,1,1,4
BRDA:16,2,0,3
BRDA:16,2,1,4
BRF:6
BRH:5
end_of_record
TN:
SF:src\elements\inputLabel\index.jsx
FN:4,(anonymous_0)
FNF:1
FNH:1
FNDA:66,(anonymous_0)
DA:4,32
DA:5,66
DA:15,32
LF:3
LH:3
BRDA:7,0,0,66
BRDA:7,0,1,9
BRF:2
BRH:2
end_of_record
TN:
SF:src\elements\radioField\index.js
FN:3,(anonymous_0)
FNF:1
FNH:1
FNDA:10,(anonymous_0)
DA:3,5
DA:4,10
DA:25,5
LF:3
LH:3
BRDA:9,0,0,10
BRDA:9,0,1,10
BRDA:19,1,0,10
BRDA:19,1,1,1
BRDA:20,2,0,10
BRDA:20,2,1,1
BRF:6
BRH:6
end_of_record
TN:
SF:src\elements\selectField\index.js
FN:5,(anonymous_0)
FN:23,(anonymous_1)
FN:25,(anonymous_2)
FNF:3
FNH:3
FNDA:8,(anonymous_0)
FNDA:8,(anonymous_1)
FNDA:23,(anonymous_2)
DA:5,8
DA:23,8
DA:24,8
DA:25,7
DA:26,23
DA:38,8
DA:62,8
DA:81,8
LF:8
LH:8
BRDA:24,0,0,7
BRDA:24,0,1,1
BRDA:29,1,0,23
BRDA:29,1,1,18
BRDA:32,2,0,23
BRDA:32,2,1,18
BRDA:40,3,0,8
BRDA:40,3,1,7
BRDA:41,4,0,8
BRDA:41,4,1,0
BRDA:45,5,0,5
BRDA:45,5,1,3
BRDA:51,6,0,8
BRDA:51,6,1,3
BRDA:54,7,0,8
BRDA:54,7,1,0
BRDA:55,8,0,8
BRDA:55,8,1,5
BRF:18
BRH:16
end_of_record
TN:
SF:src\elements\selectPerPage\index.js
FN:5,(anonymous_0)
FN:6,(anonymous_1)
FN:16,(anonymous_2)
FNF:3
FNH:3
FNDA:2,(anonymous_0)
FNDA:2,(anonymous_1)
FNDA:6,(anonymous_2)
DA:5,1
DA:6,2
DA:7,2
DA:17,6
DA:27,1
DA:33,1
LF:6
LH:6
BRF:0
BRH:0
end_of_record
TN:
SF:src\elements\textField\index.js
FN:5,(anonymous_0)
FNF:1
FNH:1
FNDA:90,(anonymous_0)
DA:5,18
DA:29,90
DA:62,18
DA:87,18
LF:4
LH:4
BRDA:30,0,0,90
BRDA:30,0,1,80
BRDA:32,1,0,90
BRDA:32,1,1,46
BRDA:33,2,0,46
BRDA:33,2,1,6
BRDA:35,3,0,90
BRDA:35,3,1,0
BRDA:36,4,0,90
BRDA:36,4,1,89
BRDA:47,5,0,89
BRDA:47,5,1,24
BRDA:51,6,0,9
BRDA:51,6,1,80
BRDA:55,7,0,90
BRDA:55,7,1,1
BRDA:56,8,0,90
BRDA:56,8,1,0
BRDA:57,9,0,90
BRDA:57,9,1,10
BRDA:58,10,0,90
BRDA:58,10,1,1
BRF:22
BRH:20
end_of_record
TN:
SF:src\elements\textFieldCurrency\index.js
FN:17,(anonymous_0)
FN:30,(anonymous_1)
FN:38,(anonymous_2)
FN:52,(anonymous_3)
FN:66,(anonymous_4)
FN:78,(anonymous_5)
FNF:6
FNH:1
FNDA:0,(anonymous_0)
FNDA:0,(anonymous_1)
FNDA:0,(anonymous_2)
FNDA:0,(anonymous_3)
FNDA:0,(anonymous_4)
FNDA:2,(anonymous_5)
DA:8,2
DA:17,2
DA:18,0
DA:19,0
DA:20,0
DA:22,0
DA:30,2
DA:31,0
DA:32,0
DA:33,0
DA:35,0
DA:38,2
DA:39,0
DA:40,0
DA:41,0
DA:42,0
DA:44,0
DA:45,0
DA:46,0
DA:48,0
DA:49,0
DA:52,2
DA:53,0
DA:54,0
DA:56,0
DA:61,0
DA:67,0
DA:73,0
DA:79,2
DA:80,2
DA:82,2
DA:96,2
DA:100,1
DA:114,1
LF:34
LH:11
BRDA:23,0,0,0
BRDA:23,0,1,0
BRDA:44,1,0,0
BRDA:44,1,1,0
BRDA:63,2,0,0
BRDA:63,2,1,0
BRDA:89,3,0,2
BRDA:89,3,1,0
BRF:8
BRH:1
end_of_record
TN:
SF:src\elements\textFieldGroup\index.js
FN:5,(anonymous_0)
FNF:1
FNH:1
FNDA:14,(anonymous_0)
DA:5,2
DA:21,14
DA:53,2
DA:70,2
LF:4
LH:4
BRDA:21,0,0,14
BRDA:21,0,1,12
BRDA:22,1,0,14
BRDA:22,1,1,9
BRDA:23,2,0,14
BRDA:23,2,1,0
BRDA:27,3,0,14
BRDA:27,3,1,6
BRDA:32,4,0,2
BRDA:32,4,1,12
BRDA:35,5,0,14
BRDA:35,5,1,9
BRDA:37,6,0,1
BRDA:37,6,1,8
BRDA:38,7,0,3
BRDA:38,7,1,6
BRDA:45,8,0,14
BRDA:45,8,1,2
BRDA:46,9,0,14
BRDA:46,9,1,2
BRDA:47,10,0,14
BRDA:47,10,1,2
BRF:22
BRH:21
end_of_record
TN:
SF:src\elements\textFieldNumber\index.js
FN:7,(anonymous_0)
FNF:1
FNH:1
FNDA:2,(anonymous_0)
DA:7,1
DA:32,2
DA:60,1
DA:86,1
LF:4
LH:4
BRDA:54,0,0,1
BRDA:54,0,1,1
BRF:2
BRH:2
end_of_record
TN:
SF:src\elements\textareaField\index.js
FN:6,(anonymous_0)
FN:27,(anonymous_1)
FNF:2
FNH:2
FNDA:14,(anonymous_0)
FNDA:4,(anonymous_1)
DA:6,16
DA:25,14
DA:26,7
DA:27,7
DA:28,4
DA:29,4
DA:31,4
DA:32,4
DA:33,4
DA:38,14
DA:67,16
DA:87,16
LF:12
LH:12
BRDA:25,0,0,7
BRDA:25,0,1,7
BRDA:26,1,0,7
BRDA:26,1,1,0
BRDA:28,2,0,4
BRDA:28,2,1,4
BRDA:42,3,0,14
BRDA:42,3,1,12
BRDA:47,4,0,14
BRDA:47,4,1,8
BRDA:48,5,0,14
BRDA:48,5,1,6
BRDA:50,6,0,14
BRDA:50,6,1,14
BRDA:56,7,0,14
BRDA:56,7,1,13
BRDA:58,8,0,2
BRDA:58,8,1,12
BRDA:60,9,0,14
BRDA:60,9,1,0
BRDA:61,10,0,14
BRDA:61,10,1,2
BRDA:62,11,0,14
BRDA:62,11,1,2
BRF:24
BRH:22
end_of_record
TN:
SF:src\utils\addUrlParam.js
FN:1,(anonymous_0)
FNF:1
FNH:1
FNDA:5,(anonymous_0)
DA:1,16
DA:2,5
DA:3,5
DA:4,5
LF:4
LH:4
BRF:0
BRH:0
end_of_record
TN:
SF:src\utils\blinkElement.js
FN:3,(anonymous_0)
FN:7,(anonymous_1)
FNF:2
FNH:1
FNDA:1,(anonymous_0)
FNDA:0,(anonymous_1)
DA:3,16
DA:4,1
DA:5,1
DA:6,1
DA:7,1
DA:8,0
LF:6
LH:5
BRDA:5,0,0,0
BRDA:5,0,1,1
BRF:2
BRH:1
end_of_record
TN:
SF:src\utils\clone.js
FN:1,(anonymous_0)
FNF:1
FNH:0
FNDA:0,(anonymous_0)
DA:1,16
LF:1
LH:1
BRF:0
BRH:0
end_of_record
TN:
SF:src\utils\convertToMyCurrency.js
FN:3,(anonymous_0)
FNF:1
FNH:1
FNDA:10,(anonymous_0)
DA:3,16
DA:4,10
DA:5,10
DA:6,10
DA:8,10
DA:9,2
DA:12,10
LF:7
LH:7
BRDA:5,0,0,10
BRDA:5,0,1,0
BRDA:6,1,0,2
BRDA:6,1,1,8
BRDA:6,2,0,10
BRDA:6,2,1,2
BRDA:8,3,0,2
BRDA:8,3,1,8
BRF:8
BRH:7
end_of_record
TN:
SF:src\utils\debounce.js
FN:1,(anonymous_0)
FN:3,(anonymous_1)
FN:6,(anonymous_2)
FNF:3
FNH:0
FNDA:0,(anonymous_0)
FNDA:0,(anonymous_1)
FNDA:0,(anonymous_2)
DA:1,16
DA:3,0
DA:4,0
DA:5,0
DA:6,0
LF:5
LH:1
BRF:0
BRH:0
end_of_record
TN:
SF:src\utils\downloadExcel.js
FN:3,(anonymous_0)
FN:4,(anonymous_1)
FN:6,(anonymous_2)
FNF:3
FNH:3
FNDA:1,(anonymous_0)
FNDA:1,(anonymous_1)
FNDA:13,(anonymous_2)
DA:3,16
DA:4,1
DA:5,1
DA:6,1
DA:7,13
DA:8,2
DA:12,11
DA:13,0
DA:15,11
DA:18,1
DA:21,1
DA:22,0
DA:23,0
DA:24,0
DA:25,0
DA:27,1
LF:16
LH:11
BRDA:3,0,0,0
BRDA:7,1,0,2
BRDA:7,1,1,11
BRDA:9,2,0,2
BRDA:9,2,1,0
BRDA:12,3,0,0
BRDA:12,3,1,11
BRDA:21,4,0,0
BRDA:21,4,1,1
BRF:9
BRH:5
end_of_record
TN:
SF:src\utils\filterUnique.js
FN:1,(anonymous_0)
FN:2,(anonymous_1)
FN:2,(anonymous_2)
FNF:3
FNH:3
FNDA:4,(anonymous_0)
FNDA:6,(anonymous_1)
FNDA:8,(anonymous_2)
DA:1,16
DA:2,8
LF:2
LH:2
BRF:0
BRH:0
end_of_record
TN:
SF:src\utils\firstElemOf.js
FN:1,(anonymous_0)
FNF:1
FNH:0
FNDA:0,(anonymous_0)
DA:1,16
LF:1
LH:1
BRF:0
BRH:0
end_of_record
TN:
SF:src\utils\getEmployeeName.js
FN:1,(anonymous_0)
FN:5,(anonymous_1)
FNF:2
FNH:2
FNDA:29,(anonymous_0)
FNDA:26,(anonymous_1)
DA:1,16
DA:2,29
DA:3,24
DA:4,24
DA:5,26
DA:6,23
DA:8,1
DA:10,5
LF:8
LH:8
BRDA:2,0,0,24
BRDA:2,0,1,5
BRDA:2,1,0,29
BRDA:2,1,1,29
BRDA:4,2,0,23
BRDA:4,2,1,1
BRDA:4,3,0,24
BRDA:4,3,1,24
BRDA:6,4,0,23
BRDA:6,4,1,0
BRDA:6,5,0,23
BRDA:6,5,1,23
BRF:12
BRH:11
end_of_record
TN:
SF:src\utils\getLocalStorage.js
FN:4,(anonymous_0)
FNF:1
FNH:1
FNDA:5,(anonymous_0)
DA:4,16
DA:6,5
DA:8,5
DA:9,2
DA:11,3
DA:12,3
DA:14,1
DA:18,5
DA:21,2
DA:24,1
DA:27,2
LF:11
LH:11
BRDA:4,0,0,4
BRDA:8,1,0,2
BRDA:8,1,1,3
BRDA:12,2,0,1
BRDA:12,2,1,1
BRDA:14,3,0,1
BRDA:14,3,1,0
BRDA:18,4,0,1
BRDA:18,4,1,2
BRDA:18,4,2,1
BRDA:18,4,3,2
BRF:11
BRH:10
end_of_record
TN:
SF:src\utils\getLocalStorageAuctionPrivateCode.js
FN:1,(anonymous_0)
FN:4,(anonymous_1)
FNF:2
FNH:2
FNDA:2,(anonymous_0)
FNDA:2,(anonymous_1)
DA:1,16
DA:2,2
DA:3,2
DA:4,2
DA:5,2
DA:7,0
LF:6
LH:5
BRDA:2,0,0,2
BRDA:2,0,1,0
BRDA:5,1,0,1
BRDA:5,1,1,1
BRF:4
BRH:3
end_of_record
TN:
SF:src\utils\getUrlParam.js
FN:1,(anonymous_0)
FNF:1
FNH:1
FNDA:1,(anonymous_0)
DA:1,16
DA:2,1
DA:3,1
DA:4,1
DA:6,1
LF:5
LH:5
BRDA:2,0,0,1
BRDA:2,0,1,0
BRF:2
BRH:1
end_of_record
TN:
SF:src\utils\index.js
FNF:0
FNH:0
LF:0
LH:0
BRF:0
BRH:0
end_of_record
TN:
SF:src\utils\isArray.js
FN:1,(anonymous_0)
FNF:1
FNH:1
FNDA:5,(anonymous_0)
DA:1,16
LF:1
LH:1
BRF:0
BRH:0
end_of_record
TN:
SF:src\utils\isCompanyAdmin.js
FN:1,(anonymous_0)
FN:3,(anonymous_1)
FNF:2
FNH:2
FNDA:6,(anonymous_0)
FNDA:9,(anonymous_1)
DA:1,16
DA:2,6
DA:3,9
DA:5,6
LF:4
LH:4
BRDA:3,0,0,9
BRDA:3,0,1,3
BRDA:3,0,2,2
BRF:3
BRH:3
end_of_record
TN:
SF:src\utils\isDefined.js
FN:1,(anonymous_0)
FNF:1
FNH:1
FNDA:43,(anonymous_0)
DA:1,43
LF:1
LH:1
BRDA:1,0,0,43
BRDA:1,0,1,42
BRF:2
BRH:2
end_of_record
TN:
SF:src\utils\isEmpty.js
FN:1,(anonymous_0)
FNF:1
FNH:1
FNDA:74,(anonymous_0)
DA:1,74
LF:1
LH:1
BRF:0
BRH:0
end_of_record
TN:
SF:src\utils\isObject.js
FN:3,(anonymous_0)
FNF:1
FNH:1
FNDA:3,(anonymous_0)
DA:3,16
LF:1
LH:1
BRDA:3,0,0,3
BRDA:3,0,1,2
BRDA:3,0,2,2
BRF:3
BRH:3
end_of_record
TN:
SF:src\utils\isValidURL.js
FN:1,(anonymous_0)
FNF:1
FNH:1
FNDA:3,(anonymous_0)
DA:1,16
DA:2,3
DA:11,3
LF:3
LH:3
BRF:0
BRH:0
end_of_record
TN:
SF:src\utils\lastElemOf.js
FN:1,(anonymous_0)
FNF:1
FNH:0
FNDA:0,(anonymous_0)
DA:1,16
LF:1
LH:1
BRF:0
BRH:0
end_of_record
TN:
SF:src\utils\removeAllButLast.js
FN:1,(anonymous_0)
FN:5,(anonymous_1)
FNF:2
FNH:1
FNDA:0,(anonymous_0)
FNDA:1,(anonymous_1)
DA:1,17
DA:2,0
DA:5,17
DA:6,1
DA:8,1
DA:9,0
DA:12,1
LF:7
LH:5
BRDA:8,0,0,0
BRDA:8,0,1,1
BRDA:12,1,0,1
BRDA:12,1,1,0
BRF:4
BRH:2
end_of_record
TN:
SF:src\utils\removeAllUrlParams.js
FN:1,(anonymous_0)
FNF:1
FNH:1
FNDA:1,(anonymous_0)
DA:1,16
LF:1
LH:1
BRF:0
BRH:0
end_of_record
TN:
SF:src\utils\removeUrlParam.js
FN:1,(anonymous_0)
FNF:1
FNH:1
FNDA:1,(anonymous_0)
DA:1,16
DA:2,1
DA:3,1
DA:4,1
LF:4
LH:4
BRF:0
BRH:0
end_of_record
TN:
SF:src\utils\slugify.js
FN:3,(anonymous_0)
FNF:1
FNH:1
FNDA:101,(anonymous_0)
DA:3,17
DA:4,101
LF:2
LH:2
BRF:0
BRH:0
end_of_record
TN:
SF:src\utils\sortBy.js
FN:1,(anonymous_0)
FN:2,(anonymous_1)
FNF:2
FNH:2
FNDA:2,(anonymous_0)
FNDA:2,(anonymous_1)
DA:1,17
DA:2,2
DA:3,2
LF:3
LH:3
BRF:0
BRH:0
end_of_record
